{"target": 0.8426640930384055, "params": {"com_0_tau1": 0.6891557315232433, "com_0_tau2": 0.2116514128608632, "com_10_tau1": -0.1361078516200065, "com_10_tau2": 0.621968869393532, "com_11_tau1": 0.006436055488091559, "com_11_tau2": 0.5827387796247258, "com_12_tau1": 0.4092470660060681, "com_12_tau2": 0.34052193438861733, "com_13_tau1": 0.5063335661564239, "com_13_tau2": 0.619712611322011, "com_14_tau1": 0.7054026164392692, "com_14_tau2": 0.04708177777423965, "com_15_tau1": -0.08697341308764422, "com_15_tau2": 1.2424979323530425, "com_16_tau1": 0.26668265602966035, "com_16_tau2": 0.30187597783462544, "com_17_tau1": 0.20082206509289963, "com_17_tau2": 0.6914102976075865, "com_18_tau1": 0.012297228602590637, "com_18_tau2": 0.6511634319269932, "com_19_tau1": 1.0074540033785855, "com_19_tau2": 0.7362607641524533, "com_1_tau1": 0.26497893559918007, "com_1_tau2": 0.9275821460254481, "com_20_tau1": 1.0552616616225823, "com_20_tau2": 0.677172857863594, "com_21_tau1": 0.0879361888131881, "com_21_tau2": 0.18897699027877612, "com_22_tau1": 1.0651771307133495, "com_22_tau2": 0.9215569454606791, "com_2_tau1": -0.20424055837223698, "com_2_tau2": 0.5226186503940033, "com_3_tau1": 0.17688203705439576, "com_3_tau2": 0.47921315546340637, "com_4_tau1": 0.30648500986004745, "com_4_tau2": 0.8239416400741293, "com_5_tau1": 1.1528017045900296, "com_5_tau2": 0.16167428782886473, "com_6_tau1": 0.9814087779735243, "com_6_tau2": -0.11480598662778242, "com_7_tau1": 1.108660680924268, "com_7_tau2": 0.13951886526259016, "com_8_tau1": -0.05990940101575781, "com_8_tau2": 0.35302899405337385, "com_9_tau1": 0.45499820105313504, "com_9_tau2": -0.04788927310687037}, "datetime": {"datetime": "2024-08-22 05:54:47", "elapsed": 14091.730969, "delta": 138.662206}}
{"target": 0.908689953192898, "params": {"com_0_tau1": 0.9331050265056511, "com_0_tau2": 0.2857101313809627, "com_10_tau1": 0.092118376342138, "com_10_tau2": 0.3621119651664103, "com_11_tau1": 0.0906755058291747, "com_11_tau2": 0.38088730558759193, "com_12_tau1": 0.14436908979208884, "com_12_tau2": 0.13669578801295254, "com_13_tau1": 0.30871231495253826, "com_13_tau2": 0.8492256378135159, "com_14_tau1": 0.5869599503546111, "com_14_tau2": 0.1330520422682403, "com_15_tau1": 0.11196790046037619, "com_15_tau2": 0.9983377121526933, "com_16_tau1": 0.5245372485883797, "com_16_tau2": 0.2580349169556116, "com_17_tau1": 0.3092429773434502, "com_17_tau2": 0.48339642837510133, "com_18_tau1": 0.21518649724415154, "com_18_tau2": 0.879898304495493, "com_19_tau1": 1.0005755157378249, "com_19_tau2": 0.9749288074381981, "com_1_tau1": 0.0733575506874671, "com_1_tau2": 0.8387149524538483, "com_20_tau1": 0.8648156725673535, "com_20_tau2": 0.9420113474873237, "com_21_tau1": 0.3068250568418938, "com_21_tau2": 0.4380808512508216, "com_22_tau1": 0.7910063270306595, "com_22_tau2": 0.8784843529295707, "com_2_tau1": 0.021348604045533123, "com_2_tau2": 0.4112819608175078, "com_3_tau1": 0.41233404922428724, "com_3_tau2": 0.7342432386578193, "com_4_tau1": 0.5046736723237071, "com_4_tau2": 0.8054734966953855, "com_5_tau1": 0.9251075487830037, "com_5_tau2": 0.3881931606572611, "com_6_tau1": 0.7474677120218144, "com_6_tau2": 0.17145172872056205, "com_7_tau1": 0.8861728292833163, "com_7_tau2": 0.3971728336831388, "com_8_tau1": 0.216127487040529, "com_8_tau2": 0.1018868947100697, "com_9_tau1": 0.48417004290146914, "com_9_tau2": -0.016602153995393977}, "datetime": {"datetime": "2024-08-22 05:56:41", "elapsed": 14205.417531, "delta": 113.686562}}
{"target": 0.9126027478764608, "params": {"com_0_tau1": 0.7958339662471781, "com_0_tau2": 0.35044921819801206, "com_10_tau1": 0.16879330211254312, "com_10_tau2": 0.5926164623763848, "com_11_tau1": 0.09017412985610597, "com_11_tau2": 0.5127826506742189, "com_12_tau1": 0.4092470660060681, "com_12_tau2": 0.19087170194945868, "com_13_tau1": 0.4238109540186538, "com_13_tau2": 0.6292117364345164, "com_14_tau1": 0.4076485101414312, "com_14_tau2": 0.29784911766254557, "com_15_tau1": 0.03782619234522929, "com_15_tau2": 1.2438753126742117, "com_16_tau1": 0.6452035257821224, "com_16_tau2": 0.4646915535184007, "com_17_tau1": 0.3201157241018247, "com_17_tau2": 0.46867799815953815, "com_18_tau1": 0.06331743092503897, "com_18_tau2": 0.6511634319269932, "com_19_tau1": 0.9862099476874798, "com_19_tau2": 0.9600899941372143, "com_1_tau1": 0.007416922009750555, "com_1_tau2": 0.8495324155295761, "com_20_tau1": 0.956513237890774, "com_20_tau2": 0.9187674869652659, "com_21_tau1": 0.0879361888131881, "com_21_tau2": 0.25161736326719264, "com_22_tau1": 1.0502209256989081, "com_22_tau2": 0.8365997516756755, "com_2_tau1": -0.20424055837223698, "com_2_tau2": 0.21064587478945576, "com_3_tau1": 0.2737408780943564, "com_3_tau2": 0.6591833066869042, "com_4_tau1": 0.30648500986004745, "com_4_tau2": 0.8581681039630337, "com_5_tau1": 0.9646764912894867, "com_5_tau2": 0.2356133266654284, "com_6_tau1": 0.9589372712211888, "com_6_tau2": 0.21684192952894446, "com_7_tau1": 1.108660680924268, "com_7_tau2": 0.13951886526259016, "com_8_tau1": -0.05990940101575781, "com_8_tau2": 0.30474102924402435, "com_9_tau1": 0.37055715661693284, "com_9_tau2": 0.15262699688493084}, "datetime": {"datetime": "2024-08-22 05:58:25", "elapsed": 14309.830293, "delta": 104.412762}}
{"target": 0.8989407199792284, "params": {"com_0_tau1": 0.805890139770133, "com_0_tau2": 0.16950459307132368, "com_10_tau1": 0.042212911580201684, "com_10_tau2": 0.5868726868122183, "com_11_tau1": 0.1139559865919006, "com_11_tau2": 0.2865333450996185, "com_12_tau1": 0.30603512760301543, "com_12_tau2": 0.08810399060095497, "com_13_tau1": 0.3776421619467983, "com_13_tau2": 0.7024150522083733, "com_14_tau1": 0.6616335557322801, "com_14_tau2": 0.011629457774373242, "com_15_tau1": 0.012663553540336936, "com_15_tau2": 1.1402951650883733, "com_16_tau1": 0.6506971332956747, "com_16_tau2": 0.3975190747893103, "com_17_tau1": 0.4660546059353962, "com_17_tau2": 0.449104255058393, "com_18_tau1": 0.30915626503744636, "com_18_tau2": 0.8740465945981013, "com_19_tau1": 0.8500426469271419, "com_19_tau2": 0.9823067125277486, "com_1_tau1": 0.19463666587239126, "com_1_tau2": 0.797792902265559, "com_20_tau1": 1.0276624750392784, "com_20_tau2": 0.9464845192129598, "com_21_tau1": 0.5345131239944994, "com_21_tau2": 0.4434400917977118, "com_22_tau1": 0.7037548080869509, "com_22_tau2": 0.7768077251383576, "com_2_tau1": -0.13049691181612516, "com_2_tau2": 0.2280185081831217, "com_3_tau1": 0.4029263998059709, "com_3_tau2": 0.7119307051802535, "com_4_tau1": 0.6836666866469567, "com_4_tau2": 0.5923039574348494, "com_5_tau1": 0.8617911104196314, "com_5_tau2": 0.5871023590632156, "com_6_tau1": 0.6826570198681384, "com_6_tau2": 0.30406263720263577, "com_7_tau1": 0.8446363987396281, "com_7_tau2": 0.4503211230333996, "com_8_tau1": 0.3800737445741581, "com_8_tau2": -0.13536070747637052, "com_9_tau1": 0.3904595545640933, "com_9_tau2": -0.09082190280567456}, "datetime": {"datetime": "2024-08-22 06:00:10", "elapsed": 14414.555534, "delta": 104.725241}}
{"target": 0.9098846227543965, "params": {"com_0_tau1": 1.188415895337721, "com_0_tau2": 0.4418139060872424, "com_10_tau1": -0.07913431174297075, "com_10_tau2": 0.28201265389641966, "com_11_tau1": 0.1580037309298405, "com_11_tau2": 0.46898976938664605, "com_12_tau1": 0.019742635865226343, "com_12_tau2": 0.09562551369365574, "com_13_tau1": 0.40217393365201676, "com_13_tau2": 1.0387167142379636, "com_14_tau1": 0.7842823646616914, "com_14_tau2": 0.04987862953760641, "com_15_tau1": 0.10575346964795246, "com_15_tau2": 0.8797904660877764, "com_16_tau1": 0.5839434354049495, "com_16_tau2": 0.030397470904188095, "com_17_tau1": 0.05022624711898499, "com_17_tau2": 0.5122977476353581, "com_18_tau1": 0.42759442730926767, "com_18_tau2": 0.907346325895584, "com_19_tau1": 0.8741732205879089, "com_19_tau2": 1.041217994071479, "com_1_tau1": 0.01337703763678022, "com_1_tau2": 0.9897426956125632, "com_20_tau1": 0.8769234329120966, "com_20_tau2": 1.10784238542294, "com_21_tau1": 0.5322125221731685, "com_21_tau2": 0.5352337494604269, "com_22_tau1": 0.9045014524373998, "com_22_tau2": 0.7272625143342382, "com_2_tau1": -0.1935309510913954, "com_2_tau2": 0.4463403675587662, "com_3_tau1": 0.27953662155594816, "com_3_tau2": 0.615731363243422, "com_4_tau1": 0.7626491023321522, "com_4_tau2": 1.022297135659246, "com_5_tau1": 1.036879410566988, "com_5_tau2": 0.2647158831185058, "com_6_tau1": 0.5462959537855991, "com_6_tau2": 0.045302952414062625, "com_7_tau1": 0.7681907637615569, "com_7_tau2": 0.45400061409049897, "com_8_tau1": 0.2508337790287567, "com_8_tau2": 0.09683365899684626, "com_9_tau1": 0.5319911735585883, "com_9_tau2": 0.03612719104473133}, "datetime": {"datetime": "2024-08-22 06:02:07", "elapsed": 14531.674209, "delta": 117.118675}}
{"target": 0.8495211073088632, "params": {"com_0_tau1": 0.7752242915958298, "com_0_tau2": 0.3786142691551271, "com_10_tau1": 0.16455785987621518, "com_10_tau2": 0.48335830236688804, "com_11_tau1": -0.19094671345004727, "com_11_tau2": 0.3522217586513595, "com_12_tau1": 0.15448941552151735, "com_12_tau2": 0.038662623321657485, "com_13_tau1": 0.2206379862119512, "com_13_tau2": 0.9284320189780695, "com_14_tau1": 0.3361770054092051, "com_14_tau2": 0.2123723360646101, "com_15_tau1": 0.18155224910487816, "com_15_tau2": 1.0994597757890563, "com_16_tau1": 0.5666977592706178, "com_16_tau2": 0.24803876534232938, "com_17_tau1": 0.09694491469300992, "com_17_tau2": 0.28832357436703926, "com_18_tau1": 0.3603583727276518, "com_18_tau2": 0.9736724297442854, "com_19_tau1": 0.8164385281847795, "com_19_tau2": 1.2226548675402586, "com_1_tau1": -0.06585249769514473, "com_1_tau2": 0.9512100091481093, "com_20_tau1": 0.6462101016785848, "com_20_tau2": 1.0658998198687655, "com_21_tau1": 0.527456683126499, "com_21_tau2": 0.20220950955238726, "com_22_tau1": 1.026947563213373, "com_22_tau2": 0.965614381832779, "com_2_tau1": -0.1515367736899117, "com_2_tau2": 0.5130934901513926, "com_3_tau1": 0.38746799968270806, "com_3_tau2": 0.8483274112096806, "com_4_tau1": 0.7170042463878055, "com_4_tau2": 0.6079206334786691, "com_5_tau1": 1.0135385384011708, "com_5_tau2": 0.31876253753117884, "com_6_tau1": 0.4990729050130966, "com_6_tau2": 0.37094274971191954, "com_7_tau1": 0.9935877861641875, "com_7_tau2": 0.47949846531489954, "com_8_tau1": 0.20032895695681846, "com_8_tau2": -0.005073790137299916, "com_9_tau1": 0.683047165150298, "com_9_tau2": 0.24734079187185642}, "datetime": {"datetime": "2024-08-22 06:04:08", "elapsed": 14652.773222, "delta": 121.099013}}
{"target": 0.9004285409241586, "params": {"com_0_tau1": 0.7912283271759002, "com_0_tau2": 0.3339779911994671, "com_10_tau1": 0.10342102978888473, "com_10_tau2": 0.5850971312046406, "com_11_tau1": 0.13941529654244844, "com_11_tau2": 0.5037024035885506, "com_12_tau1": 0.4092470660060681, "com_12_tau2": 0.17064780996198842, "com_13_tau1": 0.46211369268480923, "com_13_tau2": 0.6714739004406044, "com_14_tau1": 0.5153297697966789, "com_14_tau2": 0.18959870483879818, "com_15_tau1": 0.018014286998043704, "com_15_tau2": 1.245894689963078, "com_16_tau1": 0.6721308599432263, "com_16_tau2": 0.3998229494687717, "com_17_tau1": 0.39501198051625125, "com_17_tau2": 0.5243596659770692, "com_18_tau1": 0.12617224788389164, "com_18_tau2": 0.7064180411829144, "com_19_tau1": 0.9528293991461874, "com_19_tau2": 0.9099283017352442, "com_1_tau1": 0.1630487260804271, "com_1_tau2": 0.8268310899125744, "com_20_tau1": 1.0424836192129536, "com_20_tau2": 0.9471896723074248, "com_21_tau1": 0.14307843991829844, "com_21_tau2": 0.32242415752221437, "com_22_tau1": 0.8595712865733564, "com_22_tau2": 0.773999986971077, "com_2_tau1": -0.20424055837223698, "com_2_tau2": 0.1898614671807471, "com_3_tau1": 0.36633067481755494, "com_3_tau2": 0.6562964316131369, "com_4_tau1": 0.30648500986004745, "com_4_tau2": 0.8318522266292999, "com_5_tau1": 0.9778561401148677, "com_5_tau2": 0.3519353025868304, "com_6_tau1": 0.872212410103846, "com_6_tau2": 0.230452322916075, "com_7_tau1": 1.108660680924268, "com_7_tau2": 0.21076152436944684, "com_8_tau1": 0.07794496916909945, "com_8_tau2": 0.15866599598816467, "com_9_tau1": 0.3276476174899546, "com_9_tau2": 0.024862862937667388}, "datetime": {"datetime": "2024-08-22 06:05:57", "elapsed": 14761.846767, "delta": 109.073545}}
{"target": 0.8664440166242084, "params": {"com_0_tau1": 0.7749594722520656, "com_0_tau2": 0.2961031436399976, "com_10_tau1": 0.10258020735689102, "com_10_tau2": 0.621968869393532, "com_11_tau1": 0.1022487100495729, "com_11_tau2": 0.3947763521536435, "com_12_tau1": 0.4092470660060681, "com_12_tau2": 0.28290685891667794, "com_13_tau1": 0.5457177443261508, "com_13_tau2": 0.619712611322011, "com_14_tau1": 0.40731006641359063, "com_14_tau2": 0.2884845006113122, "com_15_tau1": -0.08430430977833268, "com_15_tau2": 1.246279951213216, "com_16_tau1": 0.6172478985978572, "com_16_tau2": 0.5278183962064061, "com_17_tau1": 0.29095876653347735, "com_17_tau2": 0.5104676604240276, "com_18_tau1": 0.05895784100589539, "com_18_tau2": 0.6511634319269932, "com_19_tau1": 0.9475896842638476, "com_19_tau2": 0.9080755074832615, "com_1_tau1": -0.1376431208079031, "com_1_tau2": 0.8311746804608907, "com_20_tau1": 1.109714637017336, "com_20_tau2": 0.7757554197682107, "com_21_tau1": 0.0879361888131881, "com_21_tau2": 0.21707851090000171, "com_22_tau1": 1.0651771307133495, "com_22_tau2": 0.8078007456805923, "com_2_tau1": -0.20424055837223698, "com_2_tau2": 0.15656035165537163, "com_3_tau1": 0.17688203705439576, "com_3_tau2": 0.488434645756011, "com_4_tau1": 0.30648500986004745, "com_4_tau2": 0.9253368888208355, "com_5_tau1": 0.9043843941816949, "com_5_tau2": 0.2375890490945086, "com_6_tau1": 0.9814087779735243, "com_6_tau2": 0.10579929486442376, "com_7_tau1": 1.108660680924268, "com_7_tau2": 0.13951886526259016, "com_8_tau1": -0.05990940101575781, "com_8_tau2": 0.35302899405337385, "com_9_tau1": 0.25190943499462537, "com_9_tau2": 0.22331206451217725}, "datetime": {"datetime": "2024-08-22 06:07:54", "elapsed": 14879.013895, "delta": 117.167128}}
{"target": 0.9152531870468026, "params": {"com_0_tau1": 1.0097213972137409, "com_0_tau2": 0.28888090371681313, "com_10_tau1": 0.05604093678711505, "com_10_tau2": 0.35570391026849535, "com_11_tau1": 0.08076197564238143, "com_11_tau2": 0.3830675359730849, "com_12_tau1": 0.13473815623667637, "com_12_tau2": 0.1590069566328734, "com_13_tau1": 0.3403566232409147, "com_13_tau2": 0.9102478326898951, "com_14_tau1": 0.6460563674478511, "com_14_tau2": 0.11935960035990596, "com_15_tau1": 0.053393212033663054, "com_15_tau2": 0.9872823387812245, "com_16_tau1": 0.5452823389429612, "com_16_tau2": 0.21511250007460345, "com_17_tau1": 0.23668658540418153, "com_17_tau2": 0.5258723887449294, "com_18_tau1": 0.3108825427913603, "com_18_tau2": 0.915139549950718, "com_19_tau1": 0.9628109235030872, "com_19_tau2": 0.9923731543576393, "com_1_tau1": 0.029608494035440518, "com_1_tau2": 0.86011295007002, "com_20_tau1": 0.9009506355546706, "com_20_tau2": 0.9853087157796153, "com_21_tau1": 0.38467830805663655, "com_21_tau2": 0.4614097662914119, "com_22_tau1": 0.8409731838301805, "com_22_tau2": 0.8479305199631803, "com_2_tau1": -0.012405017269696667, "com_2_tau2": 0.4285046666305753, "com_3_tau1": 0.3952654786913274, "com_3_tau2": 0.6931535577240363, "com_4_tau1": 0.6212827189251497, "com_4_tau2": 0.8429941445606467, "com_5_tau1": 0.9414422874071482, "com_5_tau2": 0.371554421702155, "com_6_tau1": 0.6849388060555575, "com_6_tau2": 0.10472096870112342, "com_7_tau1": 0.8298799351508024, "com_7_tau2": 0.39140527641895384, "com_8_tau1": 0.21753878629897094, "com_8_tau2": 0.09723646144525025, "com_9_tau1": 0.5065952342061611, "com_9_tau2": 0.006207910590858756}, "datetime": {"datetime": "2024-08-22 06:09:41", "elapsed": 14985.783553, "delta": 106.769658}}
{"target": 0.8993359556120107, "params": {"com_0_tau1": 0.805837423886308, "com_0_tau2": 0.39721241391180845, "com_10_tau1": 0.12189209473892842, "com_10_tau2": 0.5485542661047871, "com_11_tau1": 0.04864422977531412, "com_11_tau2": 0.5827387796247258, "com_12_tau1": 0.4092470660060681, "com_12_tau2": 0.1907163533661847, "com_13_tau1": 0.35407586399926605, "com_13_tau2": 0.6456021038542408, "com_14_tau1": 0.4639255168169259, "com_14_tau2": 0.2514510803045473, "com_15_tau1": 0.11410311399559532, "com_15_tau2": 1.2469387479509524, "com_16_tau1": 0.5475930145854833, "com_16_tau2": 0.4123061712848878, "com_17_tau1": 0.30438822176411234, "com_17_tau2": 0.4826197004807079, "com_18_tau1": 0.06732081252197183, "com_18_tau2": 0.6511634319269932, "com_19_tau1": 1.0520974661605094, "com_19_tau2": 0.9223614394949311, "com_1_tau1": 0.18193505385592262, "com_1_tau2": 0.9091661349298028, "com_20_tau1": 0.8355635085364947, "com_20_tau2": 0.9796679576354245, "com_21_tau1": 0.0879361888131881, "com_21_tau2": 0.3076081464317516, "com_22_tau1": 1.0651771307133495, "com_22_tau2": 0.8938601571910698, "com_2_tau1": -0.20424055837223698, "com_2_tau2": 0.3247906029768901, "com_3_tau1": 0.31155455196427645, "com_3_tau2": 0.7567143425437783, "com_4_tau1": 0.30648500986004745, "com_4_tau2": 0.8445112788888447, "com_5_tau1": 1.071027519328644, "com_5_tau2": 0.20807090659688673, "com_6_tau1": 0.9639708750399628, "com_6_tau2": 0.23458655482117424, "com_7_tau1": 1.108660680924268, "com_7_tau2": 0.13951886526259016, "com_8_tau1": -0.05990940101575781, "com_8_tau2": 0.3165823192110091, "com_9_tau1": 0.5010008247910425, "com_9_tau2": 0.05658749607650285}, "datetime": {"datetime": "2024-08-22 06:11:33", "elapsed": 15097.414362, "delta": 111.630809}}
{"target": 0.8940886265894131, "params": {"com_0_tau1": 1.1629345356150047, "com_0_tau2": 0.44361720836129553, "com_10_tau1": -0.09061222698322537, "com_10_tau2": 0.3313429415899192, "com_11_tau1": 0.24518090117468253, "com_11_tau2": 0.5655358204698746, "com_12_tau1": 0.06541004785224803, "com_12_tau2": 0.11608761320969124, "com_13_tau1": 0.44768484091279787, "com_13_tau2": 0.9649703115822486, "com_14_tau1": 0.7865586458995891, "com_14_tau2": 0.017882959193448733, "com_15_tau1": 0.018770605992654496, "com_15_tau2": 0.9873675500515552, "com_16_tau1": 0.647210503800273, "com_16_tau2": 0.04286833814673262, "com_17_tau1": 0.2496671545137975, "com_17_tau2": 0.5716014766776814, "com_18_tau1": 0.33282104320743333, "com_18_tau2": 0.9267964081907281, "com_19_tau1": 0.9944291828926597, "com_19_tau2": 0.9709802405398328, "com_1_tau1": 0.17628897855685569, "com_1_tau2": 0.9457201278158153, "com_20_tau1": 0.9714043738675594, "com_20_tau2": 1.173251838219347, "com_21_tau1": 0.4268883136975518, "com_21_tau2": 0.5662581539849926, "com_22_tau1": 0.8224399651897853, "com_22_tau2": 0.7460236594702448, "com_2_tau1": -0.20424055837223698, "com_2_tau2": 0.46134939971799976, "com_3_tau1": 0.3492975475193725, "com_3_tau2": 0.6364762335837442, "com_4_tau1": 0.6890394318214467, "com_4_tau2": 0.9144446214560286, "com_5_tau1": 1.0489055744889424, "com_5_tau2": 0.2926786054464026, "com_6_tau1": 0.6146109780341344, "com_6_tau2": 0.09959371820004781, "com_7_tau1": 0.8421705314525605, "com_7_tau2": 0.4507841349941372, "com_8_tau1": 0.34508890535941095, "com_8_tau2": -0.011246852272944271, "com_9_tau1": 0.466299508208144, "com_9_tau2": -0.047060765085032485}, "datetime": {"datetime": "2024-08-22 06:13:23", "elapsed": 15207.988613, "delta": 110.574251}}
{"target": 0.8706722578697046, "params": {"com_0_tau1": 1.1278653031994892, "com_0_tau2": 0.3094423483626265, "com_10_tau1": -0.10602777780960615, "com_10_tau2": 0.16523584555825555, "com_11_tau1": 0.1440777114942997, "com_11_tau2": 0.5292605298705233, "com_12_tau1": 0.2970984969063249, "com_12_tau2": -0.06643754797254792, "com_13_tau1": 0.2859487771515214, "com_13_tau2": 0.9984099742727676, "com_14_tau1": 0.4506146416695908, "com_14_tau2": 0.11911758073258916, "com_15_tau1": 0.1859804126899689, "com_15_tau2": 0.8247527960221859, "com_16_tau1": 0.6342907057175178, "com_16_tau2": 0.2963056175222048, "com_17_tau1": 0.09046161185276219, "com_17_tau2": 0.2506897663740718, "com_18_tau1": 0.26693754316325635, "com_18_tau2": 0.848499418813897, "com_19_tau1": 1.0862984194706051, "com_19_tau2": 0.8733079911656034, "com_1_tau1": 0.007493002121577774, "com_1_tau2": 1.0359040664236714, "com_20_tau1": 0.9794627004761228, "com_20_tau2": 0.7639856395347141, "com_21_tau1": 0.2070188651342773, "com_21_tau2": 0.370263083109368, "com_22_tau1": 1.0040071112892242, "com_22_tau2": 1.0412413122914526, "com_2_tau1": -0.08542206299725263, "com_2_tau2": 0.3638555482539664, "com_3_tau1": 0.2878201346523764, "com_3_tau2": 0.7925226245333516, "com_4_tau1": 0.4820170185889978, "com_4_tau2": 0.7226986670654001, "com_5_tau1": 0.7754014411800499, "com_5_tau2": 0.28552553709788675, "com_6_tau1": 0.5001565987944078, "com_6_tau2": -0.07830897981757817, "com_7_tau1": 1.0831279353354724, "com_7_tau2": 0.5440571507357317, "com_8_tau1": 0.10543118228828396, "com_8_tau2": 0.3380232241326174, "com_9_tau1": 0.6205818661225089, "com_9_tau2": 0.14811203169390402}, "datetime": {"datetime": "2024-08-22 06:15:17", "elapsed": 15321.558728, "delta": 113.570115}}
