{"target": 0.9268105310051141, "params": {"com_0_tau1": 0.5137076302041351, "com_0_tau2": 0.886946223749306, "com_10_tau1": 0.5880714614994665, "com_10_tau2": 0.35541951140620265, "com_11_tau1": 0.16623347722258636, "com_11_tau2": 0.3854801703131626, "com_12_tau1": 0.6356945002994296, "com_12_tau2": 0.17758831735573644, "com_13_tau1": 0.1632621058509664, "com_13_tau2": 0.20945119945544788, "com_14_tau1": 0.638183010328413, "com_14_tau2": 0.6139777123398493, "com_15_tau1": 0.22999031976386478, "com_15_tau2": 0.9454862117118151, "com_16_tau1": 0.6228508537032937, "com_16_tau2": 0.6981105871147036, "com_17_tau1": 0.9085585232223609, "com_17_tau2": 0.7734152090747511, "com_1_tau1": 0.13020786624632621, "com_1_tau2": 0.6539208648446004, "com_2_tau1": 0.1767433698014246, "com_2_tau2": 0.6777154797651651, "com_3_tau1": 0.0897618450033047, "com_3_tau2": 1.0095773836367383, "com_4_tau1": 0.053383265784354844, "com_4_tau2": 0.14223791998188534, "com_5_tau1": 0.1401751768414586, "com_5_tau2": 0.5998426368253916, "com_6_tau1": 0.7357801218383156, "com_6_tau2": 0.7569622474111224, "com_7_tau1": 0.6357898251380095, "com_7_tau2": 0.912627531052407, "com_8_tau1": 0.3278638709573773, "com_8_tau2": 0.8991386656094055, "com_9_tau1": 0.4757903061360565, "com_9_tau2": 0.5690736703733158}, "datetime": {"datetime": "2024-12-09 15:52:28", "elapsed": 19272.381825, "delta": 128.39659}}
{"target": 0.885743039729815, "params": {"com_0_tau1": 0.5941567609104559, "com_0_tau2": 1.0228989850115204, "com_10_tau1": 0.793835544688465, "com_10_tau2": 0.5098668231349244, "com_11_tau1": 0.05302652186079093, "com_11_tau2": 0.32086216669505613, "com_12_tau1": 0.7711209938020088, "com_12_tau2": 0.05563327100630544, "com_13_tau1": 0.38044975792882163, "com_13_tau2": 0.19496979958026295, "com_14_tau1": 0.3244673952363147, "com_14_tau2": 0.830221666548843, "com_15_tau1": 0.2661587028133323, "com_15_tau2": 0.7902931498696588, "com_16_tau1": 0.7647753602533163, "com_16_tau2": 0.618949741444053, "com_17_tau1": 0.8181602759985902, "com_17_tau2": 0.876684863268382, "com_1_tau1": -0.15941290928895308, "com_1_tau2": 0.8401794587093582, "com_2_tau1": 0.026817562573206277, "com_2_tau2": 0.40513153954350445, "com_3_tau1": 0.2651698270221819, "com_3_tau2": 1.0558990058417776, "com_4_tau1": -0.012537728640375778, "com_4_tau2": 0.28777845869387353, "com_5_tau1": 0.08267840592764303, "com_5_tau2": 0.42136145324779345, "com_6_tau1": 0.8549857507391221, "com_6_tau2": 0.5770918950796822, "com_7_tau1": 0.6819763126272527, "com_7_tau2": 0.8783078248901055, "com_8_tau1": 0.1842218368039822, "com_8_tau2": 1.159179492603356, "com_9_tau1": 0.25328894713652816, "com_9_tau2": 0.5677077652405846}, "datetime": {"datetime": "2024-12-09 15:54:42", "elapsed": 19405.788017, "delta": 133.406192}}
{"target": 0.9169571160298692, "params": {"com_0_tau1": 0.7933667101520883, "com_0_tau2": 0.9884573276424194, "com_10_tau1": 0.46885152733478475, "com_10_tau2": 0.13045493031393957, "com_11_tau1": 0.048235478539543575, "com_11_tau2": 0.7434204974573377, "com_12_tau1": 0.6745886315946751, "com_12_tau2": 0.03656887280612453, "com_13_tau1": 0.3600820743675972, "com_13_tau2": 0.10955230472424071, "com_14_tau1": 0.6063937155910712, "com_14_tau2": 0.6960356507636389, "com_15_tau1": 0.23203102152935406, "com_15_tau2": 0.6632194694714146, "com_16_tau1": 0.39048208041710747, "com_16_tau2": 0.9659099393132045, "com_17_tau1": 0.7293570633190576, "com_17_tau2": 0.7881359516249482, "com_1_tau1": 0.2732618108005443, "com_1_tau2": 0.9642732022167882, "com_2_tau1": 0.2548395901103398, "com_2_tau2": 0.4625369073329439, "com_3_tau1": 0.02839352778818277, "com_3_tau2": 0.9816956043268728, "com_4_tau1": -0.05932031455032, "com_4_tau2": 0.1075697763327017, "com_5_tau1": 0.04877369986165925, "com_5_tau2": 0.7460372165802829, "com_6_tau1": 0.6534105284912719, "com_6_tau2": 0.8323295005406668, "com_7_tau1": 0.7417549793280059, "com_7_tau2": 0.6868048049174708, "com_8_tau1": 0.5867277961407439, "com_8_tau2": 0.7580435943923396, "com_9_tau1": 0.21464832548759827, "com_9_tau2": 0.3170722994553415}, "datetime": {"datetime": "2024-12-09 15:56:46", "elapsed": 19530.042241, "delta": 124.254224}}
{"target": 0.9035543170537177, "params": {"com_0_tau1": 0.7795969838137473, "com_0_tau2": 0.89989147561389, "com_10_tau1": 0.3998344225283742, "com_10_tau2": 0.28636276143996386, "com_11_tau1": 0.26420539141736843, "com_11_tau2": 0.6671860152530318, "com_12_tau1": 0.5584844833751097, "com_12_tau2": 0.07178705077426517, "com_13_tau1": 0.20921221290202424, "com_13_tau2": 0.3638651338910776, "com_14_tau1": 0.7002215630068154, "com_14_tau2": 0.5519375576977847, "com_15_tau1": 0.6025433860240361, "com_15_tau2": 0.6241356707108644, "com_16_tau1": 0.5001652554912632, "com_16_tau2": 0.5134819113111635, "com_17_tau1": 0.8983291442202385, "com_17_tau2": 0.8489380081747331, "com_1_tau1": 0.15182990986153871, "com_1_tau2": 0.7506199704958728, "com_2_tau1": 0.14835953745546943, "com_2_tau2": 0.8449254959240454, "com_3_tau1": -0.08815349645779824, "com_3_tau2": 1.0881559700044354, "com_4_tau1": 0.1721534661678023, "com_4_tau2": 0.30697908007192104, "com_5_tau1": -0.02681630911464772, "com_5_tau2": 0.3247290155790089, "com_6_tau1": 0.8479894000037904, "com_6_tau2": 0.6163151804306561, "com_7_tau1": 0.6728519908079913, "com_7_tau2": 0.8129838774513991, "com_8_tau1": 0.39271418839168293, "com_8_tau2": 1.0189232516364723, "com_9_tau1": 0.521323169403588, "com_9_tau2": 0.6909393772085337}, "datetime": {"datetime": "2024-12-09 15:58:53", "elapsed": 19657.47706, "delta": 127.434819}}
{"target": 0.9221476920559187, "params": {"com_0_tau1": 0.5505083224311543, "com_0_tau2": 0.8326308724187388, "com_10_tau1": 0.622847151153252, "com_10_tau2": 0.35605835681578163, "com_11_tau1": 0.2443387399163258, "com_11_tau2": 0.6879947114319711, "com_12_tau1": 0.5926849939995981, "com_12_tau2": 0.13544582167775107, "com_13_tau1": 0.15968929362206186, "com_13_tau2": 0.21741346253450897, "com_14_tau1": 0.5958143529231124, "com_14_tau2": 0.6606513869162606, "com_15_tau1": 0.1173751492189995, "com_15_tau2": 0.8528612255921794, "com_16_tau1": 0.5275840654855752, "com_16_tau2": 0.8568009243599727, "com_17_tau1": 0.6703689705732441, "com_17_tau2": 0.7112943356134936, "com_1_tau1": 0.19410065354501924, "com_1_tau2": 0.6325511885552185, "com_2_tau1": 0.25141931662330386, "com_2_tau2": 0.5417020455171194, "com_3_tau1": 0.18166819111873667, "com_3_tau2": 1.0043578248924883, "com_4_tau1": -0.04508236523732231, "com_4_tau2": 0.07225129075504017, "com_5_tau1": 0.08272344940595878, "com_5_tau2": 0.6669681997047685, "com_6_tau1": 0.6153522959687562, "com_6_tau2": 0.8665635121366466, "com_7_tau1": 0.5676685724127093, "com_7_tau2": 0.8348044744802753, "com_8_tau1": 0.519177858019008, "com_8_tau2": 1.0503473809681152, "com_9_tau1": 0.4020156747486615, "com_9_tau2": 0.4949993134343503}, "datetime": {"datetime": "2024-12-09 16:01:01", "elapsed": 19785.172675, "delta": 127.695615}}
{"target": 0.9266423850994661, "params": {"com_0_tau1": 0.6362894099459027, "com_0_tau2": 1.0516380360735886, "com_10_tau1": 0.8011730617383473, "com_10_tau2": 0.45628932436343206, "com_11_tau1": 0.33259831540764373, "com_11_tau2": 0.3746969522500684, "com_12_tau1": 0.6558389035630515, "com_12_tau2": 0.13568383551694788, "com_13_tau1": 0.09305955804063434, "com_13_tau2": 0.2647772490745391, "com_14_tau1": 0.7533760311593061, "com_14_tau2": 0.4641687999565482, "com_15_tau1": 0.28330479815533177, "com_15_tau2": 0.8172934845655706, "com_16_tau1": 0.4825261137448736, "com_16_tau2": 0.6221991975785783, "com_17_tau1": 0.904725603773496, "com_17_tau2": 0.7465051059392059, "com_1_tau1": 0.12120875045133675, "com_1_tau2": 0.678041189009084, "com_2_tau1": 0.10276171364289051, "com_2_tau2": 0.8187438295681136, "com_3_tau1": 0.1053167176284838, "com_3_tau2": 0.9634964912625053, "com_4_tau1": 0.18556503169582567, "com_4_tau2": 0.18456994188082937, "com_5_tau1": 0.20796394864303383, "com_5_tau2": 0.5760204018211061, "com_6_tau1": 0.7805133133487832, "com_6_tau2": 0.8542641027713574, "com_7_tau1": 0.6530547297635368, "com_7_tau2": 0.938664652852803, "com_8_tau1": 0.2676361275362298, "com_8_tau2": 0.8670906822735794, "com_9_tau1": 0.605095629561737, "com_9_tau2": 0.548390122039377}, "datetime": {"datetime": "2024-12-09 16:03:05", "elapsed": 19909.250457, "delta": 124.077782}}
{"target": 0.9194382571345183, "params": {"com_0_tau1": 0.40455591497364707, "com_0_tau2": 0.8575641694488263, "com_10_tau1": 0.7302709066906965, "com_10_tau2": 0.45714638817733877, "com_11_tau1": 0.3425773320946536, "com_11_tau2": 0.5985586691298864, "com_12_tau1": 0.4467233683432221, "com_12_tau2": 0.18347161817380278, "com_13_tau1": -0.06967952114791487, "com_13_tau2": 0.3432397439584235, "com_14_tau1": 0.538841261664767, "com_14_tau2": 0.6473145457220955, "com_15_tau1": 0.1173751492189995, "com_15_tau2": 0.8550674872145495, "com_16_tau1": 0.611023411236574, "com_16_tau2": 0.71653070070893, "com_17_tau1": 0.6601735280858329, "com_17_tau2": 0.7714425871478282, "com_1_tau1": 0.1724092016122615, "com_1_tau2": 0.5297015786355053, "com_2_tau1": 0.21453197149202693, "com_2_tau2": 0.5447257168981982, "com_3_tau1": 0.16427327175236242, "com_3_tau2": 0.9710551565520787, "com_4_tau1": 0.16930671633658587, "com_4_tau2": -0.05216932462136048, "com_5_tau1": 0.14648116829654947, "com_5_tau2": 0.5265593738439875, "com_6_tau1": 0.7828038614017281, "com_6_tau2": 0.8665635121366466, "com_7_tau1": 0.5530069681458055, "com_7_tau2": 0.8392435563856366, "com_8_tau1": 0.4435343733221842, "com_8_tau2": 1.0774170165833776, "com_9_tau1": 0.48408463436776417, "com_9_tau2": 0.6790322098503858}, "datetime": {"datetime": "2024-12-09 16:05:10", "elapsed": 20034.231284, "delta": 124.980827}}
{"target": 0.9093636610977591, "params": {"com_0_tau1": 0.653521043360735, "com_0_tau2": 0.6874275526144533, "com_10_tau1": 0.4072640151438385, "com_10_tau2": 0.31299547019467316, "com_11_tau1": 0.0820486470559944, "com_11_tau2": 0.3403941665593283, "com_12_tau1": 0.35655259596952193, "com_12_tau2": 0.007546179531602193, "com_13_tau1": -0.06454228804281287, "com_13_tau2": 0.3869368498698642, "com_14_tau1": 0.6841257745308212, "com_14_tau2": 0.7754146979750067, "com_15_tau1": 0.5300384743950843, "com_15_tau2": 0.9265085402338846, "com_16_tau1": 0.553135637115436, "com_16_tau2": 0.6728512299111677, "com_17_tau1": 0.6096821213934651, "com_17_tau2": 0.7833584312205565, "com_1_tau1": 0.14379652845906055, "com_1_tau2": 0.9543688862770265, "com_2_tau1": 0.41163082994519323, "com_2_tau2": 0.4294631050070467, "com_3_tau1": 0.16846848615368532, "com_3_tau2": 1.1365928093575062, "com_4_tau1": -0.0630705578366797, "com_4_tau2": 0.16210130877204798, "com_5_tau1": -0.030956045794937714, "com_5_tau2": 0.31083709694251344, "com_6_tau1": 0.7975243380396736, "com_6_tau2": 0.8624535587258328, "com_7_tau1": 0.3863705425286711, "com_7_tau2": 0.7364763827678107, "com_8_tau1": 0.5893188323394243, "com_8_tau2": 0.8988795033258352, "com_9_tau1": 0.46673540952589226, "com_9_tau2": 0.3028271238614534}, "datetime": {"datetime": "2024-12-09 16:07:16", "elapsed": 20159.769924, "delta": 125.53864}}
{"target": 0.9140380202933719, "params": {"com_0_tau1": 0.4379414423407623, "com_0_tau2": 0.9307052163200269, "com_10_tau1": 0.5250550827469762, "com_10_tau2": 0.3825284480824962, "com_11_tau1": 0.25399701549121656, "com_11_tau2": 0.7115288375340059, "com_12_tau1": 0.5242790348426938, "com_12_tau2": 0.08392307293707463, "com_13_tau1": 0.19049382342530224, "com_13_tau2": 0.17727453336064913, "com_14_tau1": 0.7196468239233089, "com_14_tau2": 0.501798914120847, "com_15_tau1": 0.43427934490366743, "com_15_tau2": 0.9795427937967731, "com_16_tau1": 0.7268092428271793, "com_16_tau2": 0.7503363398972487, "com_17_tau1": 0.8750820840660614, "com_17_tau2": 0.822508466394779, "com_1_tau1": 0.2064672123701709, "com_1_tau2": 0.47947690445876107, "com_2_tau1": 0.08181376247070038, "com_2_tau2": 0.5683560020167986, "com_3_tau1": 0.10664091903451461, "com_3_tau2": 0.7351790170004832, "com_4_tau1": 0.30942265100455507, "com_4_tau2": 0.3703811108878716, "com_5_tau1": 0.11586623283463277, "com_5_tau2": 0.38586315348838324, "com_6_tau1": 0.5902890385167465, "com_6_tau2": 0.8542886639020004, "com_7_tau1": 0.7474834465455814, "com_7_tau2": 0.7089387248375048, "com_8_tau1": 0.5213052590390748, "com_8_tau2": 1.1912804215997883, "com_9_tau1": 0.22223188388616244, "com_9_tau2": 0.2805317408577803}, "datetime": {"datetime": "2024-12-09 16:09:20", "elapsed": 20284.342358, "delta": 124.572434}}
{"target": 0.9289178505762449, "params": {"com_0_tau1": 0.633811282188822, "com_0_tau2": 0.9658120315462738, "com_10_tau1": 0.5867518087338195, "com_10_tau2": 0.3493563509958573, "com_11_tau1": 0.0491146974837224, "com_11_tau2": 0.4801409444808966, "com_12_tau1": 0.6766521385440376, "com_12_tau2": 0.10524621376440221, "com_13_tau1": 0.1419304648205984, "com_13_tau2": 0.2652503089113664, "com_14_tau1": 0.6538971675873417, "com_14_tau2": 0.5696380488149656, "com_15_tau1": 0.35125906764270054, "com_15_tau2": 0.7689533168921365, "com_16_tau1": 0.5141365374473205, "com_16_tau2": 0.7596353759879898, "com_17_tau1": 0.8642220683457048, "com_17_tau2": 0.7474911168513897, "com_1_tau1": 0.07461299609896394, "com_1_tau2": 0.6036349383795542, "com_2_tau1": 0.20153915481543433, "com_2_tau2": 0.717199984940096, "com_3_tau1": 0.12224606187967701, "com_3_tau2": 1.0127362936974114, "com_4_tau1": 0.11496632654787399, "com_4_tau2": 0.22958417651722962, "com_5_tau1": 0.14782211560690067, "com_5_tau2": 0.5566597961540194, "com_6_tau1": 0.7152581932640365, "com_6_tau2": 0.8481299335494605, "com_7_tau1": 0.590451162362589, "com_7_tau2": 0.8677694671839474, "com_8_tau1": 0.5008915134200811, "com_8_tau2": 0.9402563634045921, "com_9_tau1": 0.447265496668871, "com_9_tau2": 0.44118998260944203}, "datetime": {"datetime": "2024-12-09 16:11:24", "elapsed": 20408.496171, "delta": 124.153813}}
{"target": 0.9173804659661494, "params": {"com_0_tau1": 0.6176213257722188, "com_0_tau2": 0.9606487296086732, "com_10_tau1": 0.7742053918438613, "com_10_tau2": 0.4879552510668516, "com_11_tau1": 0.3425773320946536, "com_11_tau2": 0.4070746890666837, "com_12_tau1": 0.6004284916571759, "com_12_tau2": -0.010485898356582367, "com_13_tau1": 0.14772012229021877, "com_13_tau2": 0.23472701865734757, "com_14_tau1": 0.7039630842300686, "com_14_tau2": 0.6469342282295333, "com_15_tau1": 0.22808781373559883, "com_15_tau2": 0.8422216998776151, "com_16_tau1": 0.6009462387962368, "com_16_tau2": 0.6606083269618006, "com_17_tau1": 0.9161033945735297, "com_17_tau2": 0.7917244644600187, "com_1_tau1": 0.2044783556436957, "com_1_tau2": 0.5517825517782335, "com_2_tau1": 0.08646715336720161, "com_2_tau2": 0.7392458259619082, "com_3_tau1": 0.07057398379265031, "com_3_tau2": 0.7632067006489032, "com_4_tau1": 0.294352786304845, "com_4_tau2": 0.11765673168580769, "com_5_tau1": 0.1548231144638279, "com_5_tau2": 0.6911297325875706, "com_6_tau1": 0.694146814622954, "com_6_tau2": 0.8665635121366466, "com_7_tau1": 0.7229292576802334, "com_7_tau2": 0.7737344166638338, "com_8_tau1": 0.4127742408567906, "com_8_tau2": 0.9463058077873492, "com_9_tau1": 0.4533355944924418, "com_9_tau2": 0.5675590661512511}, "datetime": {"datetime": "2024-12-09 16:13:31", "elapsed": 20534.708876, "delta": 126.212705}}
{"target": 0.9285072689802921, "params": {"com_0_tau1": 0.6351161184812409, "com_0_tau2": 0.9789673370407536, "com_10_tau1": 0.6233816547787936, "com_10_tau2": 0.41956987018608416, "com_11_tau1": 0.13545699749184476, "com_11_tau2": 0.482283591369294, "com_12_tau1": 0.5780721550466819, "com_12_tau2": 0.1358367943403333, "com_13_tau1": 0.1563176291985209, "com_13_tau2": 0.2687333934823927, "com_14_tau1": 0.720224629690916, "com_14_tau2": 0.6168461234765971, "com_15_tau1": 0.31983301907760336, "com_15_tau2": 0.8695745710992006, "com_16_tau1": 0.4608837743342939, "com_16_tau2": 0.7704157000840993, "com_17_tau1": 0.8373077564886403, "com_17_tau2": 0.7230544419738623, "com_1_tau1": 0.1199670263159401, "com_1_tau2": 0.7737963948233421, "com_2_tau1": 0.19327509997684736, "com_2_tau2": 0.6470561209872273, "com_3_tau1": 0.12433306282959598, "com_3_tau2": 1.0040027070397095, "com_4_tau1": 0.01245315644565487, "com_4_tau2": 0.14788850688655378, "com_5_tau1": 0.11962475815770458, "com_5_tau2": 0.45558757882201456, "com_6_tau1": 0.7176490528242512, "com_6_tau2": 0.6874210473876285, "com_7_tau1": 0.5093672972775216, "com_7_tau2": 1.0218601249329933, "com_8_tau1": 0.40654336986872314, "com_8_tau2": 0.8717795125923903, "com_9_tau1": 0.5302713803421023, "com_9_tau2": 0.4471088655632092}, "datetime": {"datetime": "2024-12-09 16:15:38", "elapsed": 20662.454757, "delta": 127.745881}}
{"target": 0.927954119959366, "params": {"com_0_tau1": 0.47199328492319625, "com_0_tau2": 0.8598590368271685, "com_10_tau1": 0.654056513169633, "com_10_tau2": 0.28616526481599563, "com_11_tau1": 0.3425773320946536, "com_11_tau2": 0.7738894586094942, "com_12_tau1": 0.3984722153948984, "com_12_tau2": 0.037104021564897297, "com_13_tau1": 0.0011599865955574913, "com_13_tau2": 0.2322580839266764, "com_14_tau1": 0.6229757418412963, "com_14_tau2": 0.6747018053092665, "com_15_tau1": 0.1173751492189995, "com_15_tau2": 0.8576957176719299, "com_16_tau1": 0.5394050991386393, "com_16_tau2": 0.8852349987050242, "com_17_tau1": 0.6032822083272649, "com_17_tau2": 0.8884450725104523, "com_1_tau1": 0.08764453493204787, "com_1_tau2": 0.6189814309346334, "com_2_tau1": 0.15186031336867034, "com_2_tau2": 0.4555955669381893, "com_3_tau1": 0.24945579660328018, "com_3_tau2": 0.9136822925678966, "com_4_tau1": 0.0883102373851361, "com_4_tau2": -0.05216932462136048, "com_5_tau1": 0.1746245244098106, "com_5_tau2": 0.4188281148694377, "com_6_tau1": 0.6632615170209657, "com_6_tau2": 0.8665635121366466, "com_7_tau1": 0.5155420528185022, "com_7_tau2": 0.6303220061593052, "com_8_tau1": 0.6515204596540979, "com_8_tau2": 1.1051799384357996, "com_9_tau1": 0.4543489360004362, "com_9_tau2": 0.40060198089801186}, "datetime": {"datetime": "2024-12-09 16:17:44", "elapsed": 20788.399714, "delta": 125.944957}}
{"target": 0.891111306046298, "params": {"com_0_tau1": 0.5641128757554081, "com_0_tau2": 0.8340434462675781, "com_10_tau1": 0.6335626863675361, "com_10_tau2": 0.256034636798149, "com_11_tau1": -0.020389987109075858, "com_11_tau2": 0.5937136884259684, "com_12_tau1": 0.6535178332538579, "com_12_tau2": 0.11365797693975338, "com_13_tau1": 0.23121630530751064, "com_13_tau2": 0.16824477547832356, "com_14_tau1": 0.5214860216361006, "com_14_tau2": 0.6027365770461387, "com_15_tau1": 0.22036845658286058, "com_15_tau2": 0.8357544589597712, "com_16_tau1": 0.7441542407225281, "com_16_tau2": 0.7867944361738393, "com_17_tau1": 0.7561072964846107, "com_17_tau2": 0.8105521009675054, "com_1_tau1": 0.21018813144221005, "com_1_tau2": 0.7180339565110612, "com_2_tau1": 0.2131271456867621, "com_2_tau2": 0.4954394924855412, "com_3_tau1": 0.051763464865535624, "com_3_tau2": 0.9448060030652474, "com_4_tau1": -0.05903710106863208, "com_4_tau2": 0.013269631385572023, "com_5_tau1": -0.09755313216921102, "com_5_tau2": 0.5419988353503233, "com_6_tau1": 0.6213073479813851, "com_6_tau2": 0.8304764648555911, "com_7_tau1": 0.6096864322132339, "com_7_tau2": 0.630548622803266, "com_8_tau1": 0.6072189607184133, "com_8_tau2": 0.9986778609164714, "com_9_tau1": 0.42797886196544127, "com_9_tau2": 0.5108026951291611}, "datetime": {"datetime": "2024-12-09 16:19:57", "elapsed": 20920.813809, "delta": 132.414095}}
{"target": 0.8732363621974254, "params": {"com_0_tau1": 0.40473215551783237, "com_0_tau2": 0.6623632525662873, "com_10_tau1": 0.7402031453609075, "com_10_tau2": 0.21811406164840869, "com_11_tau1": -0.0949169794696782, "com_11_tau2": 0.47897452326111506, "com_12_tau1": 0.80999766104803, "com_12_tau2": 0.03406692158251712, "com_13_tau1": 0.30617648565106137, "com_13_tau2": 0.15540506656066155, "com_14_tau1": 0.7186150893496246, "com_14_tau2": 0.5673022558533132, "com_15_tau1": 0.12052271928564351, "com_15_tau2": 0.6246642083808744, "com_16_tau1": 0.33573795083219515, "com_16_tau2": 0.7761468131960602, "com_17_tau1": 0.9912615030808823, "com_17_tau2": 0.5944400309239753, "com_1_tau1": -0.08225218906595116, "com_1_tau2": 0.9480655729678569, "com_2_tau1": 0.4191317737695911, "com_2_tau2": 0.6739436991083215, "com_3_tau1": 0.1803100851236899, "com_3_tau2": 1.1151086893198159, "com_4_tau1": -0.04931335436676626, "com_4_tau2": -0.05156052196827016, "com_5_tau1": 0.06654810732280547, "com_5_tau2": 0.48473749281467293, "com_6_tau1": 0.8199300152962564, "com_6_tau2": 0.638884607522954, "com_7_tau1": 0.30833887127991744, "com_7_tau2": 0.8197961947108838, "com_8_tau1": 0.3666483400091931, "com_8_tau2": 1.1706747090498473, "com_9_tau1": 0.3607595210056821, "com_9_tau2": 0.5122667170019767}, "datetime": {"datetime": "2024-12-09 16:22:18", "elapsed": 21061.591071, "delta": 140.777262}}
