{"target": 0.8211318779942168, "params": {"com_0_tau1": 0.8327620625378516, "com_0_tau2": 0.3863102734933551, "com_10_tau1": 0.08605464663090712, "com_10_tau2": 0.5951198048756738, "com_11_tau1": -0.12956721522291959, "com_11_tau2": 0.4792784851874773, "com_12_tau1": -0.06242492386210413, "com_12_tau2": 0.14356392372838295, "com_13_tau1": 0.4297978594221382, "com_13_tau2": 1.109987533713264, "com_14_tau1": 0.7091148680962992, "com_14_tau2": 0.007280307552483489, "com_15_tau1": 0.23514011849746597, "com_15_tau2": 1.010422505378381, "com_16_tau1": 0.32301832679575665, "com_16_tau2": 0.45712072265393566, "com_17_tau1": 0.33673412439044237, "com_17_tau2": 0.452756213872243, "com_18_tau1": 0.20244529743969897, "com_18_tau2": 0.6955437002378799, "com_19_tau1": 0.9855501992109305, "com_19_tau2": 0.9662446852518158, "com_1_tau1": -0.18208341709812803, "com_1_tau2": 0.9300792195054886, "com_20_tau1": 0.8706814424969282, "com_20_tau2": 0.9150716574467892, "com_21_tau1": 0.5817303536099547, "com_21_tau2": 0.5290157249271346, "com_22_tau1": 0.6236301006445035, "com_22_tau2": 0.661731272610743, "com_2_tau1": 0.17738564372496746, "com_2_tau2": 0.2815731215760357, "com_3_tau1": 0.3875919478418961, "com_3_tau2": 0.8595664715535214, "com_4_tau1": 0.7420354667292407, "com_4_tau2": 1.014137822355287, "com_5_tau1": 0.8277674718866129, "com_5_tau2": 0.4249351630984426, "com_6_tau1": 0.5323990308271467, "com_6_tau2": -0.09665533737607201, "com_7_tau1": 0.7637836581609476, "com_7_tau2": 0.16907903776303712, "com_8_tau1": 0.3332905071719331, "com_8_tau2": 0.025182923007650626, "com_9_tau1": 0.3160231823065542, "com_9_tau2": -0.03430217172000144}, "datetime": {"datetime": "2024-08-22 07:46:28", "elapsed": 20793.066701, "delta": 132.429411}}
{"target": 0.8612246953157048, "params": {"com_0_tau1": 0.787251351243758, "com_0_tau2": 0.4182273648459317, "com_10_tau1": -0.022999050038356506, "com_10_tau2": 0.20094881972237572, "com_11_tau1": 0.036562151455432845, "com_11_tau2": 0.4885087388719403, "com_12_tau1": 0.018600831100868076, "com_12_tau2": 0.3450865715837591, "com_13_tau1": 0.17239448070366076, "com_13_tau2": 0.9935325551563411, "com_14_tau1": 0.50433756593392, "com_14_tau2": -0.0800388912317776, "com_15_tau1": 0.07318512948526829, "com_15_tau2": 1.1868186338303846, "com_16_tau1": 0.6238624963625733, "com_16_tau2": 0.0775969853826709, "com_17_tau1": 0.46005713260049563, "com_17_tau2": 0.646611768590106, "com_18_tau1": 0.31149427998437834, "com_18_tau2": 0.9597017606724592, "com_19_tau1": 1.0425194849994843, "com_19_tau2": 0.8708047869105786, "com_1_tau1": -0.09956124717627896, "com_1_tau2": 0.8862371364986892, "com_20_tau1": 0.7859260928720322, "com_20_tau2": 1.0038731082287666, "com_21_tau1": 0.15126323019677906, "com_21_tau2": 0.5060364845356811, "com_22_tau1": 0.6278147933660008, "com_22_tau2": 0.6722738665865001, "com_2_tau1": 0.011926639535789096, "com_2_tau2": 0.5587284401567779, "com_3_tau1": 0.5106908382440067, "com_3_tau2": 0.526018693149135, "com_4_tau1": 0.6069990023949212, "com_4_tau2": 0.5821772586890712, "com_5_tau1": 0.8049141534489714, "com_5_tau2": 0.367515443305628, "com_6_tau1": 0.4950748400476179, "com_6_tau2": 0.047520856711062764, "com_7_tau1": 0.9820542574292161, "com_7_tau2": 0.25716238328197494, "com_8_tau1": -0.025369929423576243, "com_8_tau2": 0.13806442493739973, "com_9_tau1": 0.32959570256441867, "com_9_tau2": -0.12424602280774683}, "datetime": {"datetime": "2024-08-22 07:48:27", "elapsed": 20911.327141, "delta": 118.26044}}
{"target": 0.8632224527564908, "params": {"com_0_tau1": 0.9820211413758819, "com_0_tau2": 0.1949844006023581, "com_10_tau1": 0.2091179247968899, "com_10_tau2": 0.22995581944125054, "com_11_tau1": 0.1584009481457614, "com_11_tau2": 0.4966957302081066, "com_12_tau1": 0.18133530357967698, "com_12_tau2": 0.32530198036078856, "com_13_tau1": 0.11635774448189423, "com_13_tau2": 0.991377277482405, "com_14_tau1": 0.5577113531496576, "com_14_tau2": 0.2413954514464648, "com_15_tau1": 0.1553382293913751, "com_15_tau2": 1.0922303550369286, "com_16_tau1": 0.43239621879223283, "com_16_tau2": 0.2980082760748014, "com_17_tau1": 0.3034930251274235, "com_17_tau2": 0.5707965022668662, "com_18_tau1": 0.07330988479216549, "com_18_tau2": 1.0101675598617565, "com_19_tau1": 0.8883905692449269, "com_19_tau2": 0.965974723324744, "com_1_tau1": 0.23908258868735127, "com_1_tau2": 0.6867900988069726, "com_20_tau1": 0.8829207186196992, "com_20_tau2": 0.8260882771395477, "com_21_tau1": 0.2754173384158336, "com_21_tau2": 0.4452312011208531, "com_22_tau1": 0.9433783537156358, "com_22_tau2": 0.8768030429203291, "com_2_tau1": 0.19511250223493143, "com_2_tau2": 0.6452928498929745, "com_3_tau1": 0.4723692888005905, "com_3_tau2": 0.5247754695164296, "com_4_tau1": 0.6036662743814065, "com_4_tau2": 0.8878466307908828, "com_5_tau1": 1.1313655225847077, "com_5_tau2": 0.5290140550213839, "com_6_tau1": 0.8426334794906234, "com_6_tau2": -0.06631809043407377, "com_7_tau1": 0.9276416002363359, "com_7_tau2": 0.5959528324466417, "com_8_tau1": 0.381360294878935, "com_8_tau2": -0.02601721344385738, "com_9_tau1": 0.46831838728282166, "com_9_tau2": 0.04300852590511173}, "datetime": {"datetime": "2024-08-22 07:50:22", "elapsed": 21026.159834, "delta": 114.832693}}
{"target": 0.836011098673661, "params": {"com_0_tau1": 0.7365475977215722, "com_0_tau2": 0.10935504782113042, "com_10_tau1": 0.3470640209656944, "com_10_tau2": 0.3463764275323488, "com_11_tau1": 0.19429068761366608, "com_11_tau2": 0.45048286641119945, "com_12_tau1": 0.10083019514780606, "com_12_tau2": 0.13749041067696366, "com_13_tau1": 0.1863837385323095, "com_13_tau2": 0.6315941786036863, "com_14_tau1": 0.6285725125630386, "com_14_tau2": 0.035419324552927345, "com_15_tau1": 0.09310217713095431, "com_15_tau2": 0.8984011362230346, "com_16_tau1": 0.3543642988383131, "com_16_tau2": 0.41382945491063533, "com_17_tau1": 0.19841707494011795, "com_17_tau2": 0.652516637180294, "com_18_tau1": 0.24677566101682985, "com_18_tau2": 0.7956464605865464, "com_19_tau1": 0.814130857749732, "com_19_tau2": 0.7696187354384215, "com_1_tau1": -0.04933417215425512, "com_1_tau2": 0.9123546942659698, "com_20_tau1": 0.8116324333097216, "com_20_tau2": 0.9130469255286926, "com_21_tau1": 0.26085160713671357, "com_21_tau2": 0.3795729408728622, "com_22_tau1": 0.9597704290116973, "com_22_tau2": 0.9097218161917893, "com_2_tau1": 0.07830543967460235, "com_2_tau2": 0.6310655239602503, "com_3_tau1": 0.4900060106346051, "com_3_tau2": 0.810327480264375, "com_4_tau1": 0.4222512556602429, "com_4_tau2": 0.5954370535001257, "com_5_tau1": 1.0901695918803964, "com_5_tau2": 0.4106255077610484, "com_6_tau1": 0.6084312844482455, "com_6_tau2": -0.0438400223664519, "com_7_tau1": 0.8544475585145783, "com_7_tau2": 0.5637952056812321, "com_8_tau1": -0.044577712838762495, "com_8_tau2": 0.04491466554443435, "com_9_tau1": 0.6197667477232424, "com_9_tau2": 0.01273786843762259}, "datetime": {"datetime": "2024-08-22 07:52:28", "elapsed": 21152.461876, "delta": 126.302042}}
{"target": 0.8615983815492957, "params": {"com_0_tau1": 0.9202558710963039, "com_0_tau2": 0.2861816777006958, "com_10_tau1": 0.000845687851462773, "com_10_tau2": 0.12615575488595515, "com_11_tau1": 0.23807708354044232, "com_11_tau2": 0.5523470987764727, "com_12_tau1": -0.04735185996718638, "com_12_tau2": 0.19492881206582308, "com_13_tau1": 0.35028361491388366, "com_13_tau2": 1.1156840047281738, "com_14_tau1": 0.7898964671655408, "com_14_tau2": -0.015501352727781248, "com_15_tau1": 0.06697206906230357, "com_15_tau2": 1.088324164422174, "com_16_tau1": 0.3497909973801858, "com_16_tau2": 0.4690261073394843, "com_17_tau1": 0.39344857409195727, "com_17_tau2": 0.7017195931182385, "com_18_tau1": 0.4791293209929294, "com_18_tau2": 0.9061634086939616, "com_19_tau1": 0.9563003512014399, "com_19_tau2": 1.1293771846566618, "com_1_tau1": -0.18515829082567847, "com_1_tau2": 0.906955456982161, "com_20_tau1": 0.8838591674871142, "com_20_tau2": 0.8980841007706033, "com_21_tau1": 0.46896636610301273, "com_21_tau2": 0.23351370702845148, "com_22_tau1": 0.6364046793679605, "com_22_tau2": 0.7128145946165367, "com_2_tau1": -0.1251250184664366, "com_2_tau2": 0.39472489473186534, "com_3_tau1": 0.22903812312784005, "com_3_tau2": 0.5041082442505905, "com_4_tau1": 0.5954711813879972, "com_4_tau2": 0.7284281115113782, "com_5_tau1": 1.1322426477033116, "com_5_tau2": 0.602957381405316, "com_6_tau1": 0.577040619373045, "com_6_tau2": 0.18838152119142987, "com_7_tau1": 0.8883961425586704, "com_7_tau2": 0.26892154167233, "com_8_tau1": -0.05369376690858885, "com_8_tau2": 0.07823919879031704, "com_9_tau1": 0.2721095706017063, "com_9_tau2": 0.14213833720058033}, "datetime": {"datetime": "2024-08-22 07:54:25", "elapsed": 21269.796868, "delta": 117.334992}}
{"target": 0.9044659363288033, "params": {"com_0_tau1": 0.6891557315232433, "com_0_tau2": 0.221999311904034, "com_10_tau1": 0.18318962398634922, "com_10_tau2": 0.621968869393532, "com_11_tau1": 0.29801890305922285, "com_11_tau2": 0.4330797734863287, "com_12_tau1": 0.4092470660060681, "com_12_tau2": 0.21111727123925095, "com_13_tau1": 0.4086938449670318, "com_13_tau2": 0.619712611322011, "com_14_tau1": 0.3349339776726553, "com_14_tau2": 0.39466012966340536, "com_15_tau1": -0.0047829170310732146, "com_15_tau2": 1.2494946049289193, "com_16_tau1": 0.749691144146664, "com_16_tau2": 0.48515700737098816, "com_17_tau1": 0.3922045819148421, "com_17_tau2": 0.5744457812778989, "com_18_tau1": 0.038534485028690384, "com_18_tau2": 0.7579795707824765, "com_19_tau1": 0.9213444012703857, "com_19_tau2": 0.9536050870556954, "com_1_tau1": 0.1116238103373013, "com_1_tau2": 0.6969737124457519, "com_20_tau1": 0.7627801512126107, "com_20_tau2": 1.177172857863594, "com_21_tau1": 0.0879361888131881, "com_21_tau2": 0.18897699027877612, "com_22_tau1": 1.0320668211730044, "com_22_tau2": 0.8310497286021051, "com_2_tau1": -0.20424055837223698, "com_2_tau2": 0.15656035165537163, "com_3_tau1": 0.41773146734906275, "com_3_tau2": 0.7142103506303736, "com_4_tau1": 0.30648500986004745, "com_4_tau2": 0.9739845507597076, "com_5_tau1": 1.0705475860331197, "com_5_tau2": 0.18379631558582843, "com_6_tau1": 0.9814087779735243, "com_6_tau2": 0.3851940133722176, "com_7_tau1": 1.108660680924268, "com_7_tau2": 0.13951886526259016, "com_8_tau1": -0.05990940101575781, "com_8_tau2": 0.35302899405337385, "com_9_tau1": 0.37829807851487257, "com_9_tau2": -0.06306795552544592}, "datetime": {"datetime": "2024-08-22 07:56:13", "elapsed": 21377.422087, "delta": 107.625219}}
{"target": 0.8999156030223224, "params": {"com_0_tau1": 0.6891557315232433, "com_0_tau2": 0.4275601205465118, "com_10_tau1": 0.3638921483799935, "com_10_tau2": 0.621968869393532, "com_11_tau1": 0.29801890305922285, "com_11_tau2": 0.5827387796247258, "com_12_tau1": 0.4092470660060681, "com_12_tau2": 0.25805354347704296, "com_13_tau1": 0.27966487188945716, "com_13_tau2": 0.6206866255095909, "com_14_tau1": 0.46320306817029816, "com_14_tau2": 0.39466012966340536, "com_15_tau1": -0.16117495143767546, "com_15_tau2": 1.2494946049289193, "com_16_tau1": 0.5402055373869677, "com_16_tau2": 0.43329474711608423, "com_17_tau1": 0.26930350993584923, "com_17_tau2": 0.470704205264024, "com_18_tau1": 0.14141057727880813, "com_18_tau2": 0.6511634319269932, "com_19_tau1": 1.0471244786132452, "com_19_tau2": 0.9333191781593797, "com_1_tau1": 0.17306511843430084, "com_1_tau2": 0.8467424082598939, "com_20_tau1": 0.8750431079120268, "com_20_tau2": 1.177172857863594, "com_21_tau1": 0.0879361888131881, "com_21_tau2": 0.18897699027877612, "com_22_tau1": 1.0651771307133495, "com_22_tau2": 0.6423454784027092, "com_2_tau1": -0.20424055837223698, "com_2_tau2": 0.24545762309686206, "com_3_tau1": 0.44891611621025185, "com_3_tau2": 0.6700867953781067, "com_4_tau1": 0.30648500986004745, "com_4_tau2": 0.8540992345903761, "com_5_tau1": 0.8649222276766371, "com_5_tau2": 0.22217334530442465, "com_6_tau1": 0.9814087779735243, "com_6_tau2": 0.3851940133722176, "com_7_tau1": 1.108660680924268, "com_7_tau2": 0.13951886526259016, "com_8_tau1": -0.05990940101575781, "com_8_tau2": 0.35302899405337385, "com_9_tau1": 0.2718960777471812, "com_9_tau2": 0.11404666461246084}, "datetime": {"datetime": "2024-08-22 07:58:04", "elapsed": 21488.915959, "delta": 111.493872}}
{"target": 0.8616243148312804, "params": {"com_0_tau1": 0.7607465949847945, "com_0_tau2": 0.3736654061646342, "com_10_tau1": 0.2466032844797471, "com_10_tau2": 0.2845612974453387, "com_11_tau1": 0.1451946035308786, "com_11_tau2": 0.48083271466761346, "com_12_tau1": 0.059601114265265265, "com_12_tau2": 0.07903852697991937, "com_13_tau1": 0.26052961103579025, "com_13_tau2": 0.9594140450837845, "com_14_tau1": 0.7268965455371958, "com_14_tau2": 0.34511395372429166, "com_15_tau1": 0.22796391887012413, "com_15_tau2": 0.9383061448744732, "com_16_tau1": 0.5737460496458103, "com_16_tau2": 0.27173656703569177, "com_17_tau1": 0.4061054591345317, "com_17_tau2": 0.5935853468568668, "com_18_tau1": 0.2141648559937634, "com_18_tau2": 0.982421514776266, "com_19_tau1": 0.9826525503722108, "com_19_tau2": 0.922471902452968, "com_1_tau1": -0.21811578851857705, "com_1_tau2": 0.585104564470608, "com_20_tau1": 0.6406901599091497, "com_20_tau2": 1.1312558386263198, "com_21_tau1": 0.47679262363402086, "com_21_tau2": 0.3606720365293274, "com_22_tau1": 0.972780105497008, "com_22_tau2": 0.80580871089589, "com_2_tau1": 0.22463308093045747, "com_2_tau2": 0.21399596946903038, "com_3_tau1": 0.5838664804922751, "com_3_tau2": 0.511083279576109, "com_4_tau1": 0.4849234125236388, "com_4_tau2": 0.8839157992542299, "com_5_tau1": 1.135617618889725, "com_5_tau2": 0.3729743635323951, "com_6_tau1": 0.7591612016128414, "com_6_tau2": 0.010236436313095842, "com_7_tau1": 0.727915364275191, "com_7_tau2": 0.28725569006177865, "com_8_tau1": 0.14985720242196654, "com_8_tau2": -0.11070383393168493, "com_9_tau1": 0.31018793764830394, "com_9_tau2": -0.1928243418091441}, "datetime": {"datetime": "2024-08-22 08:00:01", "elapsed": 21605.847153, "delta": 116.931194}}
