{"target": 0.997509154079887, "params": {"com_0_tau1": 0.43557849948953165, "com_0_tau2": 0.5714134315526886, "com_10_tau1": 0.8946031995303443, "com_10_tau2": 1.1994692000257792, "com_11_tau1": 0.9640598777114784, "com_11_tau2": 0.8223695027668985, "com_12_tau1": 0.39933342913686865, "com_12_tau2": 0.5266599084171458, "com_13_tau1": 0.6506399489771129, "com_13_tau2": 1.25, "com_14_tau1": 1.043365349633358, "com_14_tau2": 1.25, "com_1_tau1": 0.5951112804895661, "com_1_tau2": 0.8145836030423134, "com_2_tau1": 0.6197863723727417, "com_2_tau2": 0.668247993281717, "com_3_tau1": 0.5596943128386995, "com_3_tau2": 1.025580776680699, "com_4_tau1": 0.5490309260221276, "com_4_tau2": 1.07247813120685, "com_5_tau1": 0.48026520184101096, "com_5_tau2": 0.3982171828428237, "com_6_tau1": 0.6879564333166159, "com_6_tau2": 0.48120166676903486, "com_7_tau1": 0.07591337670691561, "com_7_tau2": 0.17748060698459794, "com_8_tau1": 0.8934850417545902, "com_8_tau2": 0.44725462485829054, "com_9_tau1": 0.669775370537621, "com_9_tau2": 0.37799506845984726}, "datetime": {"datetime": "2024-05-09 01:15:59", "elapsed": 25266.202209, "delta": 178.12956}}
{"target": 0.9801117356561374, "params": {"com_0_tau1": 0.5698217058512596, "com_0_tau2": 0.3291243972100672, "com_10_tau1": 0.6446031995303443, "com_10_tau2": 0.75, "com_11_tau1": 1.204899987241817, "com_11_tau2": 0.5656346358645888, "com_12_tau1": 0.372705381757717, "com_12_tau2": 0.7712835286232976, "com_13_tau1": 0.497637318448089, "com_13_tau2": 1.25, "com_14_tau1": 0.75, "com_14_tau2": 1.25, "com_1_tau1": 0.7915172007589185, "com_1_tau2": 0.5596496707467389, "com_2_tau1": 0.5038329360302357, "com_2_tau2": 0.6835697840931364, "com_3_tau1": 0.3096943128386995, "com_3_tau2": 0.9543208151538423, "com_4_tau1": 0.29622330929010987, "com_4_tau2": 1.1547928921107269, "com_5_tau1": 0.6738221689590863, "com_5_tau2": 0.1482171828428237, "com_6_tau1": 0.5424513559441768, "com_6_tau2": 0.5831062532334969, "com_7_tau1": -0.11450944737218881, "com_7_tau2": 0.42748060698459794, "com_8_tau1": 0.914980549202978, "com_8_tau2": 0.22994885611420776, "com_9_tau1": 0.9141816746061027, "com_9_tau2": 0.2875512957185137}, "datetime": {"datetime": "2024-05-09 01:19:19", "elapsed": 25466.26725, "delta": 200.065041}}
{"target": 0.9964652577799159, "params": {"com_0_tau1": 0.6783238842831576, "com_0_tau2": 0.31903579501405044, "com_10_tau1": 1.14128838139362, "com_10_tau2": 1.1352509794782149, "com_11_tau1": 0.7058159762887832, "com_11_tau2": 0.7345297151294402, "com_12_tau1": 0.4292218705408982, "com_12_tau2": 0.5793563844266914, "com_13_tau1": 0.4544771433395633, "com_13_tau2": 1.25, "com_14_tau1": 0.980957413751415, "com_14_tau2": 1.25, "com_1_tau1": 0.7313267822313512, "com_1_tau2": 1.0601430639762963, "com_2_tau1": 0.5487801594345197, "com_2_tau2": 0.41192558469586316, "com_3_tau1": 0.7055512221103217, "com_3_tau2": 1.2337130245116519, "com_4_tau1": 0.5127652587733911, "com_4_tau2": 0.75, "com_5_tau1": 0.28470946571707273, "com_5_tau2": 0.6482171828428237, "com_6_tau1": 0.4313355843886275, "com_6_tau2": 0.7229002574637443, "com_7_tau1": 0.31742260346452333, "com_7_tau2": 0.42748060698459794, "com_8_tau1": 0.9975473901570352, "com_8_tau2": 0.2873724688820132, "com_9_tau1": 0.4147410441992545, "com_9_tau2": 0.17791785978749924}, "datetime": {"datetime": "2024-05-09 01:22:29", "elapsed": 25655.486929, "delta": 189.219679}}
{"target": 0.9949613952980133, "params": {"com_0_tau1": 0.21274707993070818, "com_0_tau2": 0.3689923298789055, "com_10_tau1": 0.6970880185351401, "com_10_tau2": 1.1934349707149714, "com_11_tau1": 0.7066403664310527, "com_11_tau2": 0.9465991462364441, "com_12_tau1": 0.6493334291368686, "com_12_tau2": 0.7498110346367202, "com_13_tau1": 0.6458658412002953, "com_13_tau2": 1.25, "com_14_tau1": 1.071654212185354, "com_14_tau2": 1.25, "com_1_tau1": 0.7067956699857187, "com_1_tau2": 0.5605871178828981, "com_2_tau1": 0.8697863723727417, "com_2_tau2": 0.9125578255544485, "com_3_tau1": 0.44536490504398885, "com_3_tau2": 1.021979114908247, "com_4_tau1": 0.6416905400224865, "com_4_tau2": 0.75, "com_5_tau1": 0.22598639330844694, "com_5_tau2": 0.6482171828428237, "com_6_tau1": 0.5440503065741862, "com_6_tau2": 0.7237303983942733, "com_7_tau1": 0.31827168078876256, "com_7_tau2": 0.42748060698459794, "com_8_tau1": 1.1173817531138452, "com_8_tau2": 0.6186645457263423, "com_9_tau1": 0.4152444768330912, "com_9_tau2": 0.12565310676750358}, "datetime": {"datetime": "2024-05-09 01:25:16", "elapsed": 25822.356444, "delta": 166.869515}}
{"target": 0.9804200836629504, "params": {"com_0_tau1": 0.6797022611723686, "com_0_tau2": 0.8194875459563917, "com_10_tau1": 0.8112294943819407, "com_10_tau2": 1.25, "com_11_tau1": 0.7073823175590953, "com_11_tau2": 1.0674597847951146, "com_12_tau1": 0.6493334291368686, "com_12_tau2": 0.7744666561965023, "com_13_tau1": 0.8998142083378659, "com_13_tau2": 1.25, "com_14_tau1": 0.75, "com_14_tau2": 1.25, "com_1_tau1": 0.3419496586852502, "com_1_tau2": 1.0609867663988397, "com_2_tau1": 0.4060859622118776, "com_2_tau2": 0.9131268423271754, "com_3_tau1": 0.6858047814199401, "com_3_tau2": 1.25, "com_4_tau1": 0.7969841734244867, "com_4_tau2": 1.25, "com_5_tau1": 0.22641427416170334, "com_5_tau2": 0.6482171828428237, "com_6_tau1": 0.9325935456849453, "com_6_tau2": 0.22447752523174952, "com_7_tau1": 0.3190358503805779, "com_7_tau2": -0.07251939301540206, "com_8_tau1": 1.14348504175459, "com_8_tau2": 0.18304818738977074, "com_9_tau1": 0.4998018181496877, "com_9_tau2": 0.12588730293673794}, "datetime": {"datetime": "2024-05-09 01:28:19", "elapsed": 26005.625031, "delta": 183.268587}}
{"target": 0.9961915038401397, "params": {"com_0_tau1": 0.34809457964935886, "com_0_tau2": 0.3196801345160214, "com_10_tau1": 1.0075037487367455, "com_10_tau2": 1.25, "com_11_tau1": 0.7080500735743336, "com_11_tau2": 0.5679507565922931, "com_12_tau1": 0.14933342913686865, "com_12_tau2": 0.5803321024668989, "com_13_tau1": 0.5194361853646373, "com_13_tau2": 1.25, "com_14_tau1": 0.75, "com_14_tau2": 1.25, "com_1_tau1": 0.8422658208656818, "com_1_tau2": 1.061346450063187, "com_2_tau1": 0.8179875715118957, "com_2_tau2": 0.7890697583631809, "com_3_tau1": 0.3096943128386995, "com_3_tau2": 0.75, "com_4_tau1": 0.3742279742573454, "com_4_tau2": 1.0730123573479105, "com_5_tau1": 0.6374049814096908, "com_5_tau2": 0.6482171828428237, "com_6_tau1": 0.43312983444811237, "com_6_tau2": 0.7251499393854781, "com_7_tau1": 0.3197236030132117, "com_7_tau2": 0.04828419223062806, "com_8_tau1": 0.8829051338652913, "com_8_tau2": 0.3335267241025435, "com_9_tau1": 0.41610534663695187, "com_9_tau2": 0.21686704447743288}, "datetime": {"datetime": "2024-05-09 01:31:36", "elapsed": 26202.574315, "delta": 196.949284}}
{"target": 0.9972478166927325, "params": {"com_0_tau1": 0.6808187464526296, "com_0_tau2": 0.3198534642196881, "com_10_tau1": 1.0883876045559728, "com_10_tau2": 1.0724370064830964, "com_11_tau1": 0.7086510539880481, "com_11_tau2": 0.7495981603766702, "com_12_tau1": 0.14933342913686865, "com_12_tau2": 0.7748833741184246, "com_13_tau1": 0.3999710990593228, "com_13_tau2": 1.25, "com_14_tau1": 1.1031505000289765, "com_14_tau2": 1.25, "com_1_tau1": 0.3425503668280703, "com_1_tau2": 0.8303756616301564, "com_2_tau1": 0.8697863723727417, "com_2_tau2": 0.8169308573452019, "com_3_tau1": 0.3096943128386995, "com_3_tau2": 1.25, "com_4_tau1": 0.5430766744047849, "com_4_tau2": 0.8170718759228023, "com_5_tau1": 0.3917040154707398, "com_5_tau2": 0.1482171828428237, "com_6_tau1": 0.7338150223539271, "com_6_tau2": 0.7257551121238337, "com_7_tau1": 0.32034258038258207, "com_7_tau2": 0.12754047990785095, "com_8_tau1": 0.762117948908942, "com_8_tau2": 0.48492840188403075, "com_9_tau1": 0.4164723490270188, "com_9_tau2": 0.1262877783861287}, "datetime": {"datetime": "2024-05-09 01:34:34", "elapsed": 26380.986516, "delta": 178.412201}}
{"target": 0.9971287049840083, "params": {"com_0_tau1": 0.34182883198152125, "com_0_tau2": 0.3200094609529881, "com_10_tau1": 0.7594976395661285, "com_10_tau2": 0.9353386743217876, "com_11_tau1": 0.7091919363603911, "com_11_tau2": 1.0687903183654681, "com_12_tau1": 0.14933342913686865, "com_12_tau2": 0.5865338714881984, "com_13_tau1": 0.40047070810293467, "com_13_tau2": 1.25, "com_14_tau1": 0.75, "com_14_tau2": 1.25, "com_1_tau1": 0.8428064581942198, "com_1_tau2": 0.9246752316853721, "com_2_tau1": 0.8603631275458353, "com_2_tau2": 0.4145146742358562, "com_3_tau1": 0.3096943128386995, "com_3_tau2": 1.193291738164414, "com_4_tau1": 0.2975388433784474, "com_4_tau2": 1.0471071610872822, "com_5_tau1": 0.3170479035972588, "com_5_tau2": 0.42708048167719453, "com_6_tau1": 0.9340468882331281, "com_6_tau2": 0.7262997675883538, "com_7_tau1": 0.3208996600150154, "com_7_tau2": 0.42748060698459794, "com_8_tau1": 0.8055641615961865, "com_8_tau2": 0.3883298623306158, "com_9_tau1": 0.416802651178079, "com_9_tau2": 0.12645850739350056}, "datetime": {"datetime": "2024-05-09 01:37:27", "elapsed": 26554.054023, "delta": 173.067507}}
{"target": 0.9964189095924662, "params": {"com_0_tau1": 0.45709429267874435, "com_0_tau2": 0.4825881067241919, "com_10_tau1": 0.6446031995303443, "com_10_tau2": 1.1765925568838755, "com_11_tau1": 0.7096787304954998, "com_11_tau2": 0.5691482368056112, "com_12_tau1": 0.14933342913686865, "com_12_tau2": 0.7752209156351816, "com_13_tau1": 0.8962773445494604, "com_13_tau2": 1.25, "com_14_tau1": 1.1362730691937168, "com_14_tau2": 1.25, "com_1_tau1": 0.6094660069166422, "com_1_tau2": 1.06222371852053, "com_2_tau1": 0.8697863723727417, "com_2_tau2": 0.4148880061404423, "com_3_tau1": 0.4017116513210071, "com_3_tau2": 0.75, "com_4_tau1": 0.2976880516428154, "com_4_tau2": 0.7632411192358758, "com_5_tau1": 0.2277386081906172, "com_5_tau2": 0.1482171828428237, "com_6_tau1": 0.4400738502775431, "com_6_tau2": 0.22678995750642195, "com_7_tau1": 0.3214010316842054, "com_7_tau2": 0.42748060698459794, "com_8_tau1": 0.7966625313315817, "com_8_tau2": 0.18793378123519472, "com_9_tau1": 0.4170999231140332, "com_9_tau2": 0.1266121635001352}, "datetime": {"datetime": "2024-05-09 01:40:22", "elapsed": 26729.096389, "delta": 175.042366}}
{"target": 0.9953425152376134, "params": {"com_0_tau1": 0.6821086395256302, "com_0_tau2": 0.3202762153669313, "com_10_tau1": 0.8380342181682257, "com_10_tau2": 1.25, "com_11_tau1": 0.7101168452170977, "com_11_tau2": 0.755220401429398, "com_12_tau1": 0.14933342913686865, "com_12_tau2": 0.7131996245330269, "com_13_tau1": 0.4001523573870439, "com_13_tau2": 1.25, "com_14_tau1": 1.25, "com_14_tau2": 1.25, "com_1_tau1": 0.8432443744303356, "com_1_tau2": 0.7679960087674149, "com_2_tau1": 0.6236537562199559, "com_2_tau2": 0.8012351212110063, "com_3_tau1": 0.73201248543106, "com_3_tau2": 0.75, "com_4_tau1": 0.2978223390807466, "com_4_tau2": 1.046629822185242, "com_5_tau1": 0.6077019361339039, "com_5_tau2": 0.3617853174457583, "com_6_tau1": 0.9347897017989908, "com_6_tau2": 0.7272311284326832, "com_7_tau1": 0.32185226618647644, "com_7_tau2": 0.42748060698459794, "com_8_tau1": 1.14348504175459, "com_8_tau2": 0.35451486959390865, "com_9_tau1": 0.417367467856392, "com_9_tau2": 0.1267504539961064}, "datetime": {"datetime": "2024-05-09 01:43:07", "elapsed": 26894.101323, "delta": 165.004934}}
{"target": 0.9786542627288851, "params": {"com_0_tau1": 0.6824556255220202, "com_0_tau2": 0.320389936985507, "com_10_tau1": 1.1446031995303443, "com_10_tau2": 1.25, "com_11_tau1": 0.7105111484665357, "com_11_tau2": 1.0697602773382557, "com_12_tau1": 0.6493334291368686, "com_12_tau2": 0.27549432426375486, "com_13_tau1": 0.40020111654605073, "com_13_tau2": 1.25, "com_14_tau1": 0.773879101212428, "com_14_tau2": 1.25, "com_1_tau1": 0.7148714964133487, "com_1_tau2": 0.562672096579669, "com_2_tau1": 0.5383258330880817, "com_2_tau2": 0.9155264036972844, "com_3_tau1": 0.3096943128386995, "com_3_tau2": 1.25, "com_4_tau1": 0.29794319777488465, "com_4_tau2": 0.75, "com_5_tau1": 0.22821866098419202, "com_5_tau2": 0.6482171828428237, "com_6_tau1": 0.9351063749507533, "com_6_tau2": 0.7276281822663184, "com_7_tau1": 0.32225837723852035, "com_7_tau2": -0.07251939301540206, "com_8_tau1": 0.8572405690203164, "com_8_tau2": 0.6897047415235829, "com_9_tau1": 0.9176082581245149, "com_9_tau2": 0.6268749154424805}, "datetime": {"datetime": "2024-05-09 01:46:24", "elapsed": 27090.534911, "delta": 196.433588}}
{"target": 0.9967159556393828, "params": {"com_0_tau1": 0.18276791291877137, "com_0_tau2": 0.5647193464929904, "com_10_tau1": 0.9619959534117827, "com_10_tau2": 0.831297059977655, "com_11_tau1": 0.7108660213910301, "com_11_tau2": 0.57002119988112, "com_12_tau1": 0.14933342913686865, "com_12_tau2": 0.775610882679094, "com_13_tau1": 0.47625223577690184, "com_13_tau2": 1.25, "com_14_tau1": 0.9128243789792869, "com_14_tau2": 1.25, "com_1_tau1": 0.8435990865815894, "com_1_tau2": 1.0628632472259334, "com_2_tau1": 0.6761239210868991, "com_2_tau2": 0.8678298270730024, "com_3_tau1": 0.5197358359151405, "com_3_tau2": 1.25, "com_4_tau1": 0.6826632286270478, "com_4_tau2": 1.1533199574745665, "com_5_tau1": 0.3482827928591822, "com_5_tau2": 0.1482171828428237, "com_6_tau1": 0.4353913807873395, "com_6_tau2": 0.7279855307165901, "com_7_tau1": 0.3226238771853599, "com_7_tau2": 0.42748060698459794, "com_8_tau1": 1.14348504175459, "com_8_tau2": 0.6206569821048502, "com_9_tau1": 0.41782496936582547, "com_9_tau2": 0.12698693074421719}, "datetime": {"datetime": "2024-05-09 01:49:25", "elapsed": 27271.915292, "delta": 181.380381}}
{"target": 0.9975720251916022, "params": {"com_0_tau1": 0.19480034918630992, "com_0_tau2": 0.32058440095327145, "com_10_tau1": 0.9844858521145569, "com_10_tau2": 1.25, "com_11_tau1": 0.7111854070230749, "com_11_tau2": 1.070256030169698, "com_12_tau1": 0.14933342913686865, "com_12_tau2": 0.7757157852528991, "com_13_tau1": 0.4002844947079526, "com_13_tau2": 1.25, "com_14_tau1": 0.75, "com_14_tau2": 1.25, "com_1_tau1": 0.3437503059723871, "com_1_tau2": 0.8206550373034659, "com_2_tau1": 0.7859723937795062, "com_2_tau2": 0.5296113456002798, "com_3_tau1": 0.7327782927301238, "com_3_tau2": 0.849086336361562, "com_4_tau1": 0.5482449085631862, "com_4_tau2": 1.1025065118309516, "com_5_tau1": 0.555157963981529, "com_5_tau2": 0.1482171828428237, "com_6_tau1": 0.43564788604026716, "com_6_tau2": 0.7283071443218345, "com_7_tau1": 0.3229528271375155, "com_7_tau2": 0.42748060698459794, "com_8_tau1": 1.0554602914781634, "com_8_tau2": 0.2123360927221117, "com_9_tau1": 0.4180200094830051, "com_9_tau2": 0.1270877445157802}, "datetime": {"datetime": "2024-05-09 01:52:33", "elapsed": 27459.589737, "delta": 187.674445}}
{"target": 0.9965904478871287, "params": {"com_0_tau1": 0.43090391317692756, "com_0_tau2": 0.4304654739661427, "com_10_tau1": 0.7840672700726659, "com_10_tau2": 0.75, "com_11_tau1": 0.46118540702307487, "com_11_tau2": 0.75, "com_12_tau1": 0.3873944208410185, "com_12_tau2": 0.9066568264869674, "com_13_tau1": 0.6502844947079526, "com_13_tau2": 1.25, "com_14_tau1": 1.0, "com_14_tau2": 1.25, "com_1_tau1": 0.5937503059723871, "com_1_tau2": 0.9697505223963857, "com_2_tau1": 0.7178671875713143, "com_2_tau2": 0.4319286591061583, "com_3_tau1": 0.4770672162547728, "com_3_tau2": 0.8739823712668044, "com_4_tau1": 0.2974912555438932, "com_4_tau2": 1.138671262853386, "com_5_tau1": 0.6222749798381969, "com_5_tau2": 0.09460668985863435, "com_6_tau1": 0.46033227277271077, "com_6_tau2": 0.9783071443218345, "com_7_tau1": 0.5729528271375155, "com_7_tau2": 0.6290735184027739, "com_8_tau1": 0.75, "com_8_tau2": 0.29133322998280364, "com_9_tau1": 0.1680200094830051, "com_9_tau2": -0.12291225548421979}, "datetime": {"datetime": "2024-05-09 01:55:27", "elapsed": 27633.552297, "delta": 173.96256}}
{"target": 0.9816553131523742, "params": {"com_0_tau1": 0.44480034918630995, "com_0_tau2": 0.08145747865240557, "com_10_tau1": 1.0955043449926145, "com_10_tau2": 0.75, "com_11_tau1": 0.46118540702307487, "com_11_tau2": 0.75, "com_12_tau1": -0.1114116783293965, "com_12_tau2": 0.5257157852528991, "com_13_tau1": 0.17395188654533655, "com_13_tau2": 1.25, "com_14_tau1": 0.9624863269764247, "com_14_tau2": 1.25, "com_1_tau1": 0.5937503059723871, "com_1_tau2": 1.0696741124550768, "com_2_tau1": 1.02903322412673, "com_2_tau2": 0.43949175820199654, "com_3_tau1": 0.47763832390230787, "com_3_tau2": 0.599086336361562, "com_4_tau1": 0.7975666208458225, "com_4_tau2": 1.1510380932840525, "com_5_tau1": 0.30515796398152895, "com_5_tau2": 0.38996582529861934, "com_6_tau1": 0.460440084017617, "com_6_tau2": 0.9783071443218345, "com_7_tau1": 0.0729528271375155, "com_7_tau2": 0.6413729314740441, "com_8_tau1": 1.25, "com_8_tau2": 0.46233609272211174, "com_9_tau1": 0.1680200094830051, "com_9_tau2": -0.1229122554842198}, "datetime": {"datetime": "2024-05-09 01:58:18", "elapsed": 27804.645885, "delta": 171.093588}}
{"target": 0.9979992225482196, "params": {"com_0_tau1": 0.4010729671254707, "com_0_tau2": 0.5680810341068633, "com_10_tau1": 0.7585481946563447, "com_10_tau2": 1.2364758449708928, "com_11_tau1": 0.9611854070230749, "com_11_tau2": 0.75, "com_12_tau1": 0.0873650236460176, "com_12_tau2": 1.025715785252899, "com_13_tau1": 0.6502844947079526, "com_13_tau2": 1.25, "com_14_tau1": 0.768669401979631, "com_14_tau2": 1.25, "com_1_tau1": 0.5937503059723871, "com_1_tau2": 0.8620182065214463, "com_2_tau1": 0.7337279238999742, "com_2_tau2": 0.7796113456002798, "com_3_tau1": 0.6394736601812744, "com_3_tau2": 1.099086336361562, "com_4_tau1": 0.2976344496175589, "com_4_tau2": 0.8282251620127871, "com_5_tau1": 0.30515796398152895, "com_5_tau2": 0.37914380004280734, "com_6_tau1": 0.6245095204047588, "com_6_tau2": 0.9696274452420165, "com_7_tau1": 0.5729528271375155, "com_7_tau2": 0.35882836715061567, "com_8_tau1": 0.8437610970055823, "com_8_tau2": 0.17529807896136945, "com_9_tau1": 0.1680200094830051, "com_9_tau2": 0.3770877445157802}, "datetime": {"datetime": "2024-05-09 02:01:03", "elapsed": 27970.16782, "delta": 165.521935}}
{"target": 0.9942757501292714, "params": {"com_0_tau1": 0.3826969389246886, "com_0_tau2": 0.3143049936382548, "com_10_tau1": 1.0085481946563446, "com_10_tau2": 1.013151169360017, "com_11_tau1": 1.1943272531151328, "com_11_tau2": 0.8187479427930946, "com_12_tau1": 0.2970109137069739, "com_12_tau2": 0.75, "com_13_tau1": 0.5393502918894889, "com_13_tau2": 1.25, "com_14_tau1": 1.018669401979631, "com_14_tau2": 1.25, "com_1_tau1": 0.7953392488109499, "com_1_tau2": 0.6120182065214463, "com_2_tau1": 0.6288026628383205, "com_2_tau2": 0.5207182871179278, "com_3_tau1": 0.3894736601812744, "com_3_tau2": 1.0552775561834766, "com_4_tau1": 0.5365500133035698, "com_4_tau2": 1.064746543855708, "com_5_tau1": 0.544300189442062, "com_5_tau2": 0.24392563492431188, "com_6_tau1": 0.5173693979017149, "com_6_tau2": 0.7146693286751988, "com_7_tau1": 0.8175149985332274, "com_7_tau2": 0.24738364593196557, "com_8_tau1": 0.8323894777119666, "com_8_tau2": 0.42529807896136945, "com_9_tau1": -0.08203649898317994, "com_9_tau2": 0.12313802123383905}, "datetime": {"datetime": "2024-05-09 02:03:49", "elapsed": 28135.533486, "delta": 165.365666}}
{"target": 0.9986094651749646, "params": {"com_0_tau1": 0.6481957656011542, "com_0_tau2": 0.31468259768511575, "com_10_tau1": 0.5976634855101917, "com_10_tau2": 1.25, "com_11_tau1": 0.7065336078372125, "com_11_tau2": 0.9924724117398914, "com_12_tau1": 0.2521695938780389, "com_12_tau2": 0.75, "com_13_tau1": 0.39703751319385594, "com_13_tau2": 1.25, "com_14_tau1": 0.7813106097995995, "com_14_tau2": 1.25, "com_1_tau1": 0.6857079721557988, "com_1_tau2": 1.081374931799332, "com_2_tau1": 0.6323603431389688, "com_2_tau2": 1.021607592966163, "com_3_tau1": 0.5971715569843657, "com_3_tau2": 1.2221357311907588, "com_4_tau1": 0.5476344496175589, "com_4_tau2": 1.066094405671416, "com_5_tau1": 0.5453859668960088, "com_5_tau2": 0.46050484819988347, "com_6_tau1": 0.3782707934540091, "com_6_tau2": 0.7151651403318806, "com_7_tau1": 0.3180587813936562, "com_7_tau2": 0.5456436517527329, "com_8_tau1": 0.5937610970055823, "com_8_tau2": 0.42529807896136945, "com_9_tau1": 0.07686631551996105, "com_9_tau2": 0.12353299356203318}, "datetime": {"datetime": "2024-05-09 02:06:42", "elapsed": 28308.985675, "delta": 173.452189}}
{"target": 0.982724889107277, "params": {"com_0_tau1": 0.3981957656011542, "com_0_tau2": 0.06468259768511575, "com_10_tau1": 0.8471244513907803, "com_10_tau2": 1.1582677989499235, "com_11_tau1": 0.45653360783721253, "com_11_tau2": 0.8310912773388193, "com_12_tau1": 0.002169593878038889, "com_12_tau2": 1.0, "com_13_tau1": 0.34467692967132185, "com_13_tau2": 1.25, "com_14_tau1": 1.0093226736600374, "com_14_tau2": 1.25, "com_1_tau1": 0.6845121373028668, "com_1_tau2": 0.75, "com_2_tau1": 0.4257726414879547, "com_2_tau2": 0.7706065478044748, "com_3_tau1": 0.5215082178514656, "com_3_tau2": 1.25, "com_4_tau1": 0.2948391486334945, "com_4_tau2": 1.1125429081084053, "com_5_tau1": 0.3666327001152043, "com_5_tau2": 0.46624924569016163, "com_6_tau1": 0.4573420952648207, "com_6_tau2": 0.4651651403318806, "com_7_tau1": 0.5680587813936562, "com_7_tau2": 0.2956436517527329, "com_8_tau1": 0.7516583868048946, "com_8_tau2": 0.16498391439119692, "com_9_tau1": 0.32686631551996104, "com_9_tau2": -0.12646700643796682}, "datetime": {"datetime": "2024-05-09 02:09:47", "elapsed": 28493.610609, "delta": 184.624934}}
