{"target": 0.9162316892771053, "params": {"com_0_tau1": 0.6963557845028867, "com_0_tau2": 0.9753155625507344, "com_10_tau1": 0.7928886301870919, "com_10_tau2": 0.29216773801759666, "com_11_tau1": 0.25005168079695766, "com_11_tau2": 0.583931476093885, "com_12_tau1": 0.688759472925747, "com_12_tau2": 0.06242297312749301, "com_13_tau1": 0.15735855958082223, "com_13_tau2": 0.06462619068191605, "com_14_tau1": 0.37231029169713636, "com_14_tau2": 0.493050233658663, "com_15_tau1": 0.1953632521889318, "com_15_tau2": 0.6733646799765879, "com_16_tau1": 0.5387860233630732, "com_16_tau2": 0.5450641599676813, "com_17_tau1": 0.9687296666830936, "com_17_tau2": 0.5817030633982395, "com_1_tau1": 0.00864263006578797, "com_1_tau2": 0.9310789552673158, "com_2_tau1": 0.14325805930025895, "com_2_tau2": 0.6032411404673699, "com_3_tau1": 0.18495838590968594, "com_3_tau2": 1.1436093055914496, "com_4_tau1": 0.2186248853660933, "com_4_tau2": 0.39287354892659254, "com_5_tau1": 0.2801616095609302, "com_5_tau2": 0.5661304341596176, "com_6_tau1": 0.9268750412438074, "com_6_tau2": 0.6215625405722099, "com_7_tau1": 0.6800629611443261, "com_7_tau2": 0.9989896839649506, "com_8_tau1": 0.284077062170018, "com_8_tau2": 0.8889474198661046, "com_9_tau1": 0.5250643857827584, "com_9_tau2": 0.5493731274591753}, "datetime": {"datetime": "2024-12-09 14:47:57", "elapsed": 15400.746197, "delta": 124.963222}}
{"target": 0.8810299452811001, "params": {"com_0_tau1": 0.5986681376963632, "com_0_tau2": 1.0222795049731364, "com_10_tau1": 0.46749987482161176, "com_10_tau2": 0.4186981352878184, "com_11_tau1": 0.2269489541089464, "com_11_tau2": 0.7831833516307221, "com_12_tau1": 0.5601142481046155, "com_12_tau2": 0.04275817585507519, "com_13_tau1": 0.3571520699443506, "com_13_tau2": 0.3518883471603218, "com_14_tau1": 0.6634298047963846, "com_14_tau2": 0.6398886530481069, "com_15_tau1": 0.28504982840045034, "com_15_tau2": 0.7508070869345957, "com_16_tau1": 0.7340749785897154, "com_16_tau2": 0.5186060229450336, "com_17_tau1": 0.9590400577147524, "com_17_tau2": 0.7649611566128834, "com_1_tau1": -0.17830296984939933, "com_1_tau2": 0.8085047385660213, "com_2_tau1": 0.19897722249663757, "com_2_tau2": 0.5938437401654955, "com_3_tau1": -0.08270378775636394, "com_3_tau2": 1.1243883201912934, "com_4_tau1": 0.3075478826792986, "com_4_tau2": 0.20922007225695194, "com_5_tau1": 0.28379614476516896, "com_5_tau2": 0.35189517434652917, "com_6_tau1": 0.6390047046910463, "com_6_tau2": 0.5984729731478926, "com_7_tau1": 0.6863639136967365, "com_7_tau2": 0.9612698765009191, "com_8_tau1": 0.28830009926608574, "com_8_tau2": 1.0849804398741143, "com_9_tau1": 0.1971207218095316, "com_9_tau2": 0.4283358044555247}, "datetime": {"datetime": "2024-12-09 14:50:12", "elapsed": 15536.219927, "delta": 135.47373}}
{"target": 0.9296005914700907, "params": {"com_0_tau1": 0.6546085102022974, "com_0_tau2": 0.952494541518927, "com_10_tau1": 0.7109891076723376, "com_10_tau2": 0.2907657451761238, "com_11_tau1": 0.20899693686626294, "com_11_tau2": 0.5178358475339692, "com_12_tau1": 0.587588791423122, "com_12_tau2": 0.13729658473746092, "com_13_tau1": 0.12284483602400248, "com_13_tau2": 0.19017904157146426, "com_14_tau1": 0.5161109088691307, "com_14_tau2": 0.6021683221539837, "com_15_tau1": 0.2667272156454283, "com_15_tau2": 0.7639211692765414, "com_16_tau1": 0.5031191996924741, "com_16_tau2": 0.6910795995696433, "com_17_tau1": 0.8858204189169679, "com_17_tau2": 0.708131815535091, "com_1_tau1": 0.07469228389281005, "com_1_tau2": 0.6689804701538409, "com_2_tau1": 0.12762042592116762, "com_2_tau2": 0.6461535296823315, "com_3_tau1": 0.14492846280866079, "com_3_tau2": 1.0346244141025907, "com_4_tau1": 0.09797849573933186, "com_4_tau2": 0.1560212299112975, "com_5_tau1": 0.14042394548114825, "com_5_tau2": 0.6117732311646837, "com_6_tau1": 0.7605562218418412, "com_6_tau2": 0.6749047001127123, "com_7_tau1": 0.5682324635681363, "com_7_tau2": 0.8986828934208905, "com_8_tau1": 0.4089439582060693, "com_8_tau2": 0.8796897174844561, "com_9_tau1": 0.5550084692703622, "com_9_tau2": 0.5369131630917312}, "datetime": {"datetime": "2024-12-09 14:52:13", "elapsed": 15657.512355, "delta": 121.292428}}
{"target": 0.9068763287695476, "params": {"com_0_tau1": 0.5199791390705333, "com_0_tau2": 1.0608282208529056, "com_10_tau1": 0.6991692301849821, "com_10_tau2": 0.19812869822736637, "com_11_tau1": 0.27459906990296395, "com_11_tau2": 0.5948497543992779, "com_12_tau1": 0.607108046833533, "com_12_tau2": 0.09027555493650152, "com_13_tau1": 0.035513788848891836, "com_13_tau2": 0.44369781799356156, "com_14_tau1": 0.6974359482255477, "com_14_tau2": 0.8449294357387841, "com_15_tau1": 0.17914585921916987, "com_15_tau2": 0.5896110519717033, "com_16_tau1": 0.5608788158007455, "com_16_tau2": 0.6862458353750653, "com_17_tau1": 0.879252350824228, "com_17_tau2": 0.949945895855709, "com_1_tau1": 0.10474644121576526, "com_1_tau2": 0.6918836409182281, "com_2_tau1": 0.007402171681913761, "com_2_tau2": 0.6259487464901492, "com_3_tau1": 0.0757215037208756, "com_3_tau2": 0.7814120192676803, "com_4_tau1": 0.17553310757991075, "com_4_tau2": 0.18713416739278332, "com_5_tau1": 0.20114731203357777, "com_5_tau2": 0.6025206214294767, "com_6_tau1": 0.7451482409080361, "com_6_tau2": 0.8368504482781829, "com_7_tau1": 0.6522463398767293, "com_7_tau2": 1.036567075623958, "com_8_tau1": 0.45829513499468777, "com_8_tau2": 0.8317566889242829, "com_9_tau1": 0.6199272618801939, "com_9_tau2": 0.7129068745785153}, "datetime": {"datetime": "2024-12-09 14:54:20", "elapsed": 15784.176465, "delta": 126.66411}}
{"target": 0.9263150431468502, "params": {"com_0_tau1": 0.5954277244316473, "com_0_tau2": 0.9291784251789472, "com_10_tau1": 0.6487559236821263, "com_10_tau2": 0.36759083422857763, "com_11_tau1": 0.13824010067342868, "com_11_tau2": 0.48542018787222235, "com_12_tau1": 0.5549419513764107, "com_12_tau2": 0.21132320522520306, "com_13_tau1": 0.1292115992535314, "com_13_tau2": 0.3198004997538219, "com_14_tau1": 0.5776274687905948, "com_14_tau2": 0.6756385724487446, "com_15_tau1": 0.34826759956052084, "com_15_tau2": 0.8183018283137905, "com_16_tau1": 0.5061773242603904, "com_16_tau2": 0.7632508095755954, "com_17_tau1": 0.847347409883569, "com_17_tau2": 0.7818189166436592, "com_1_tau1": 0.037677479812622684, "com_1_tau2": 0.5172373077906111, "com_2_tau1": 0.16016382450959332, "com_2_tau2": 0.7091342978470679, "com_3_tau1": 0.11059394373677273, "com_3_tau2": 1.0147200395881977, "com_4_tau1": 0.029650304949503093, "com_4_tau2": 0.053517603991909427, "com_5_tau1": 0.06976455140220884, "com_5_tau2": 0.64210038105896, "com_6_tau1": 0.6452471907870286, "com_6_tau2": 0.6221089630858019, "com_7_tau1": 0.49434429477956116, "com_7_tau2": 0.8766673512585283, "com_8_tau1": 0.4568036869834023, "com_8_tau2": 0.9023703898429521, "com_9_tau1": 0.525136340988957, "com_9_tau2": 0.5094421837749521}, "datetime": {"datetime": "2024-12-09 14:56:22", "elapsed": 15905.875139, "delta": 121.698674}}
{"target": 0.9266746928025216, "params": {"com_0_tau1": 0.5800245198235607, "com_0_tau2": 0.9785346735148801, "com_10_tau1": 0.7357768356875941, "com_10_tau2": 0.3755410382316336, "com_11_tau1": 0.3425773320946536, "com_11_tau2": 0.5293574598631932, "com_12_tau1": 0.5977346660609312, "com_12_tau2": 0.13354702772255553, "com_13_tau1": 0.03650147640745944, "com_13_tau2": 0.19610532663855282, "com_14_tau1": 0.6277837743572727, "com_14_tau2": 0.5446994633357443, "com_15_tau1": 0.2054030665982271, "com_15_tau2": 0.8774119118402487, "com_16_tau1": 0.4942389651153567, "com_16_tau2": 0.7246801764578553, "com_17_tau1": 0.7853423606488901, "com_17_tau2": 0.7827228102133525, "com_1_tau1": 0.11661439283981666, "com_1_tau2": 0.6341496853350082, "com_2_tau1": 0.05483551822347241, "com_2_tau2": 0.6833657863437359, "com_3_tau1": 0.06794661968643871, "com_3_tau2": 0.861942211999357, "com_4_tau1": 0.13151574970356078, "com_4_tau2": -0.05216932462136048, "com_5_tau1": 0.14574801016889088, "com_5_tau2": 0.6113571612278739, "com_6_tau1": 0.7499074323008716, "com_6_tau2": 0.7848086687300777, "com_7_tau1": 0.5961183078377637, "com_7_tau2": 0.7298110165195265, "com_8_tau1": 0.3599797211034763, "com_8_tau2": 0.858844398972584, "com_9_tau1": 0.5153193779086066, "com_9_tau2": 0.6246701563220599}, "datetime": {"datetime": "2024-12-09 14:58:25", "elapsed": 16029.00537, "delta": 123.130231}}
{"target": 0.8993172631704676, "params": {"com_0_tau1": 0.48036184429450685, "com_0_tau2": 0.976202321438763, "com_10_tau1": 0.481710400403842, "com_10_tau2": 0.33043489870182713, "com_11_tau1": -0.11121323687780066, "com_11_tau2": 0.694307963587327, "com_12_tau1": 0.5648911009700375, "com_12_tau2": -0.06273793713727244, "com_13_tau1": 0.3279285320906692, "com_13_tau2": 0.527506638750127, "com_14_tau1": 0.5072158773740454, "com_14_tau2": 0.5669065463264602, "com_15_tau1": 0.3221832762815334, "com_15_tau2": 0.8408649947344817, "com_16_tau1": 0.3817322741383195, "com_16_tau2": 0.9218218327321193, "com_17_tau1": 0.9582776214245938, "com_17_tau2": 0.9404408681123794, "com_1_tau1": 0.07864184854344969, "com_1_tau2": 0.8546069224717272, "com_2_tau1": 0.44294020722404326, "com_2_tau2": 0.5541536865000807, "com_3_tau1": 0.2676604493268408, "com_3_tau2": 1.1097942428331555, "com_4_tau1": 0.2173673798752011, "com_4_tau2": 0.0641207580498146, "com_5_tau1": -0.08836436622570643, "com_5_tau2": 0.6192067460124772, "com_6_tau1": 0.46465300590685643, "com_6_tau2": 0.4355653311614202, "com_7_tau1": 0.4930252363947809, "com_7_tau2": 0.8682495464969888, "com_8_tau1": 0.5371785256991262, "com_8_tau2": 0.7817636291682114, "com_9_tau1": 0.282640285124448, "com_9_tau2": 0.5359507068606579}, "datetime": {"datetime": "2024-12-09 15:00:34", "elapsed": 16157.852124, "delta": 128.846754}}
{"target": 0.907377145591768, "params": {"com_0_tau1": 0.7237691147547997, "com_0_tau2": 1.1071061112866019, "com_10_tau1": 0.528278054590722, "com_10_tau2": 0.26818279216577323, "com_11_tau1": 0.2221224882025613, "com_11_tau2": 0.29182072289615446, "com_12_tau1": 0.3774470460661966, "com_12_tau2": -0.054364169262539175, "com_13_tau1": 0.11945002657357079, "com_13_tau2": 0.39529142523266053, "com_14_tau1": 0.6778221920203247, "com_14_tau2": 0.6825560793911181, "com_15_tau1": 0.12919022070815045, "com_15_tau2": 0.8693358396526514, "com_16_tau1": 0.6851659919564824, "com_16_tau2": 0.9424646999608146, "com_17_tau1": 0.6625629035480405, "com_17_tau2": 0.9066561342615787, "com_1_tau1": 0.16330416205735482, "com_1_tau2": 0.7407270798868213, "com_2_tau1": 0.37165142485741015, "com_2_tau2": 0.6079030513965362, "com_3_tau1": 0.13523517611963948, "com_3_tau2": 1.0606360954784626, "com_4_tau1": 0.018757189690087883, "com_4_tau2": 0.06545249407952475, "com_5_tau1": -0.045160686667001126, "com_5_tau2": 0.5763163288023534, "com_6_tau1": 0.848821722145993, "com_6_tau2": 0.8664427639341906, "com_7_tau1": 0.7633066883902735, "com_7_tau2": 0.8507693935007725, "com_8_tau1": 0.6419189331117982, "com_8_tau2": 1.022458167799142, "com_9_tau1": 0.5331381525660103, "com_9_tau2": 0.356405959462861}, "datetime": {"datetime": "2024-12-09 15:02:39", "elapsed": 16283.431826, "delta": 125.579702}}
{"target": 0.8672400860746549, "params": {"com_0_tau1": 0.6006447467416856, "com_0_tau2": 0.9050077088013968, "com_10_tau1": 0.5316879653478312, "com_10_tau2": 0.06661406616062426, "com_11_tau1": 0.08723385650648263, "com_11_tau2": 0.33028003204802475, "com_12_tau1": 0.7559427434667652, "com_12_tau2": 0.1327874586029391, "com_13_tau1": 0.36586205816551776, "com_13_tau2": 0.3182261513257332, "com_14_tau1": 0.6895371393439738, "com_14_tau2": 0.7398781620181349, "com_15_tau1": 0.5635566828208263, "com_15_tau2": 0.8757263006449032, "com_16_tau1": 0.7473361367613377, "com_16_tau2": 0.9491148935184954, "com_17_tau1": 0.8061388988771754, "com_17_tau2": 0.6273162343110008, "com_1_tau1": -0.19308681352274132, "com_1_tau2": 0.9012269303971366, "com_2_tau1": 0.32837512358084936, "com_2_tau2": 0.6131910635653031, "com_3_tau1": -0.17667697871894456, "com_3_tau2": 0.7972874409865401, "com_4_tau1": 0.3102515009403182, "com_4_tau2": -0.010877935337498257, "com_5_tau1": -0.04832621856052283, "com_5_tau2": 0.6219169967641188, "com_6_tau1": 0.6412249609253908, "com_6_tau2": 0.8645837858096969, "com_7_tau1": 0.26518693269644356, "com_7_tau2": 1.0254585172470678, "com_8_tau1": 0.35580061069057517, "com_8_tau2": 1.1538959370094486, "com_9_tau1": 0.5986368501526378, "com_9_tau2": 0.6566276128383359}, "datetime": {"datetime": "2024-12-09 15:05:00", "elapsed": 16424.366309, "delta": 140.934483}}
{"target": 0.9237818405598449, "params": {"com_0_tau1": 0.6291052382664682, "com_0_tau2": 0.9352727282096021, "com_10_tau1": 0.6564801085530892, "com_10_tau2": 0.37610373151237647, "com_11_tau1": 0.22481316074206212, "com_11_tau2": 0.5284423992295376, "com_12_tau1": 0.56867777162699, "com_12_tau2": 0.15746917515989467, "com_13_tau1": 0.08246561511146155, "com_13_tau2": 0.29872469260329465, "com_14_tau1": 0.6153025908538942, "com_14_tau2": 0.5944804043249655, "com_15_tau1": 0.22178118212825265, "com_15_tau2": 0.8439151073268831, "com_16_tau1": 0.46065576562938304, "com_16_tau2": 0.7073941791640662, "com_17_tau1": 0.8574491581274445, "com_17_tau2": 0.8513896430006881, "com_1_tau1": 0.17300906511092115, "com_1_tau2": 0.6592734845213222, "com_2_tau1": 0.14328976824088013, "com_2_tau2": 0.6731695845545158, "com_3_tau1": 0.11786708647531068, "com_3_tau2": 1.004415226835075, "com_4_tau1": 0.025184465046132816, "com_4_tau2": 0.17428978894448, "com_5_tau1": 0.09822795973157798, "com_5_tau2": 0.5273219916368682, "com_6_tau1": 0.7368826633265432, "com_6_tau2": 0.653554431433559, "com_7_tau1": 0.6375059238794156, "com_7_tau2": 0.7475723782468393, "com_8_tau1": 0.4745293784671311, "com_8_tau2": 0.8428124487605577, "com_9_tau1": 0.39002953701126153, "com_9_tau2": 0.44978886104183496}, "datetime": {"datetime": "2024-12-09 15:07:05", "elapsed": 16548.571536, "delta": 124.205227}}
{"target": 0.9257576842938469, "params": {"com_0_tau1": 0.5215760396265923, "com_0_tau2": 0.9276119954803173, "com_10_tau1": 0.7012166959087508, "com_10_tau2": 0.33342789680464474, "com_11_tau1": 0.3425773320946536, "com_11_tau2": 0.7240379142265114, "com_12_tau1": 0.47170627793338554, "com_12_tau2": 0.130360858579059, "com_13_tau1": -0.016037981125039773, "com_13_tau2": 0.15297529105021, "com_14_tau1": 0.5711411036452363, "com_14_tau2": 0.6527614761461253, "com_15_tau1": 0.13442337893325618, "com_15_tau2": 0.8039879645531617, "com_16_tau1": 0.5185447272831899, "com_16_tau2": 0.8179419252546396, "com_17_tau1": 0.728176115262496, "com_17_tau2": 0.7773227086129479, "com_1_tau1": 0.05078218505428897, "com_1_tau2": 0.5242737497042258, "com_2_tau1": 0.13930355085327495, "com_2_tau2": 0.4831275986135465, "com_3_tau1": 0.17398310617998095, "com_3_tau2": 1.1199588148521875, "com_4_tau1": 0.1373230932394187, "com_4_tau2": -0.016306958869946958, "com_5_tau1": 0.1265718075360286, "com_5_tau2": 0.6192825536911902, "com_6_tau1": 0.6433012260272204, "com_6_tau2": 0.7527907120032195, "com_7_tau1": 0.6233411509604597, "com_7_tau2": 0.8073695144221607, "com_8_tau1": 0.5064859221940502, "com_8_tau2": 0.9980614523667195, "com_9_tau1": 0.5059429280237736, "com_9_tau2": 0.5927650813252227}, "datetime": {"datetime": "2024-12-09 15:09:08", "elapsed": 16672.535335, "delta": 123.963799}}
{"target": 0.8966658430469071, "params": {"com_0_tau1": 0.5776398267635983, "com_0_tau2": 0.936837502195779, "com_10_tau1": 0.6574210055087351, "com_10_tau2": 0.2712486398669535, "com_11_tau1": 0.19366233861731263, "com_11_tau2": 0.7030626476739154, "com_12_tau1": 0.5773112346982123, "com_12_tau2": 0.12586509928816664, "com_13_tau1": 0.05453982133964557, "com_13_tau2": 0.1986246732187286, "com_14_tau1": 0.5350024629842945, "com_14_tau2": 0.5310891086355346, "com_15_tau1": 0.35868897815237, "com_15_tau2": 0.770003404698215, "com_16_tau1": 0.49307381447571963, "com_16_tau2": 0.7067738837980454, "com_17_tau1": 0.8867056634865781, "com_17_tau2": 0.782171518901029, "com_1_tau1": 0.05557182192244401, "com_1_tau2": 0.5693436950577773, "com_2_tau1": 0.0008017658210752483, "com_2_tau2": 0.6041070333659683, "com_3_tau1": 0.07644576881986889, "com_3_tau2": 0.9455030482835215, "com_4_tau1": 0.10145026414852519, "com_4_tau2": 0.07706398393247219, "com_5_tau1": 0.09275394777928285, "com_5_tau2": 0.5833973923727359, "com_6_tau1": 0.6284623519635377, "com_6_tau2": 0.5696741265424464, "com_7_tau1": 0.5321003036366554, "com_7_tau2": 0.8085809965869662, "com_8_tau1": 0.3273626885273144, "com_8_tau2": 0.8240100895059309, "com_9_tau1": 0.4316779278300393, "com_9_tau2": 0.5778676299876567}, "datetime": {"datetime": "2024-12-09 15:11:24", "elapsed": 16807.569233, "delta": 135.033898}}
{"target": 0.9299726406913961, "params": {"com_0_tau1": 0.6500859264853984, "com_0_tau2": 0.9567295644842859, "com_10_tau1": 0.6964063507659042, "com_10_tau2": 0.4007877458915255, "com_11_tau1": 0.2421522995381975, "com_11_tau2": 0.4389530770962673, "com_12_tau1": 0.5706209202290317, "com_12_tau2": 0.15916608747954292, "com_13_tau1": 0.14289883798377392, "com_13_tau2": 0.2740752381656763, "com_14_tau1": 0.6234885995583517, "com_14_tau2": 0.6675699002388052, "com_15_tau1": 0.17037306003710742, "com_15_tau2": 0.8773877758249086, "com_16_tau1": 0.524393432067025, "com_16_tau2": 0.7268090996020586, "com_17_tau1": 0.783396138292337, "com_17_tau2": 0.7411897485591438, "com_1_tau1": 0.06275364193218601, "com_1_tau2": 0.6820074629554096, "com_2_tau1": 0.26315521914137835, "com_2_tau2": 0.6872709339135337, "com_3_tau1": 0.06969037117654032, "com_3_tau2": 1.0098554204825039, "com_4_tau1": 0.14687705630452244, "com_4_tau2": 0.08372558518860297, "com_5_tau1": 0.11744038743202669, "com_5_tau2": 0.5756303414969275, "com_6_tau1": 0.7471231210082375, "com_6_tau2": 0.8057823784032409, "com_7_tau1": 0.5750126814900017, "com_7_tau2": 0.8731128766209092, "com_8_tau1": 0.4834347692882187, "com_8_tau2": 1.0033939604282314, "com_9_tau1": 0.5114047605184804, "com_9_tau2": 0.529965227410196}, "datetime": {"datetime": "2024-12-09 15:13:24", "elapsed": 16928.475011, "delta": 120.905778}}
{"target": 0.858586338417658, "params": {"com_0_tau1": 0.7172572958883494, "com_0_tau2": 0.9286825721551817, "com_10_tau1": 0.6425214010726716, "com_10_tau2": 0.26741263528100223, "com_11_tau1": -0.024079348603938344, "com_11_tau2": 0.5706481525761833, "com_12_tau1": 0.543236862383897, "com_12_tau2": 0.23006431360530633, "com_13_tau1": 0.0421513762709238, "com_13_tau2": 0.09069718312531294, "com_14_tau1": 0.5547938829815029, "com_14_tau2": 0.8180129306089963, "com_15_tau1": 0.42804166154633766, "com_15_tau2": 0.913075354221459, "com_16_tau1": 0.6553189423684305, "com_16_tau2": 0.5804238373079841, "com_17_tau1": 0.7900298031194782, "com_17_tau2": 0.5211578622814675, "com_1_tau1": -0.09580518185111964, "com_1_tau2": 0.7424852695800923, "com_2_tau1": 0.15907469396676394, "com_2_tau2": 0.41820790591109275, "com_3_tau1": 0.11235976551761084, "com_3_tau2": 1.1733682561101455, "com_4_tau1": 0.2790476500188476, "com_4_tau2": 0.2458678291640775, "com_5_tau1": -0.13960435631480078, "com_5_tau2": 0.53064047882359, "com_6_tau1": 0.4875192234602617, "com_6_tau2": 0.5637005313345997, "com_7_tau1": 0.5417994508015243, "com_7_tau2": 0.7391386493349681, "com_8_tau1": 0.35486052608157553, "com_8_tau2": 1.1831868023250918, "com_9_tau1": 0.626834993149662, "com_9_tau2": 0.4087170635723059}, "datetime": {"datetime": "2024-12-09 15:15:51", "elapsed": 17075.007183, "delta": 146.532172}}
{"target": 0.8587486512998611, "params": {"com_0_tau1": 0.6626745158805576, "com_0_tau2": 0.6627273922584692, "com_10_tau1": 0.8198319555677382, "com_10_tau2": 0.035677389841921314, "com_11_tau1": -0.05922538547287037, "com_11_tau2": 0.7215152851647308, "com_12_tau1": 0.685689789140194, "com_12_tau2": 0.2863380870098242, "com_13_tau1": 0.3110906281128005, "com_13_tau2": 0.24582193036482386, "com_14_tau1": 0.35687823850844197, "com_14_tau2": 0.4542369249840437, "com_15_tau1": 0.5417017139578788, "com_15_tau2": 0.7362850375908263, "com_16_tau1": 0.34992891495170697, "com_16_tau2": 0.7303995271842709, "com_17_tau1": 1.0864068099608677, "com_17_tau2": 0.6930128986771218, "com_1_tau1": -0.1348115705293102, "com_1_tau2": 0.6971684452540337, "com_2_tau1": 0.022942080111051255, "com_2_tau2": 0.6964873519156258, "com_3_tau1": 0.19097596100757758, "com_3_tau2": 0.8965138650920805, "com_4_tau1": -0.11096959289815683, "com_4_tau2": -0.011283317874525078, "com_5_tau1": -0.14055324438619227, "com_5_tau2": 0.4604824321001949, "com_6_tau1": 0.6322597227503944, "com_6_tau2": 0.5593866981501721, "com_7_tau1": 0.7449519203945751, "com_7_tau2": 1.0369902499483747, "com_8_tau1": 0.42232650395047666, "com_8_tau2": 1.0739038548768343, "com_9_tau1": 0.5239068322557278, "com_9_tau2": 0.6869369746804355}, "datetime": {"datetime": "2024-12-09 15:18:20", "elapsed": 17223.709127, "delta": 148.701944}}
