{"target": 0.9965266685972568, "params": {"com_0_tau1": 0.6507895009450568, "com_0_tau2": 0.6538926275642232, "com_10_tau1": 0.4492462607864931, "com_10_tau2": 1.2261451017386222, "com_11_tau1": 0.5604830346733063, "com_11_tau2": 0.9011173986591576, "com_12_tau1": 0.6657314911643739, "com_12_tau2": 0.8239152680727863, "com_13_tau1": -0.06188126505867364, "com_13_tau2": 1.2106817202943916, "com_14_tau1": 0.8086875389648228, "com_14_tau2": 1.0893959701173541, "com_1_tau1": 0.7603595901780552, "com_1_tau2": 0.8933339590272379, "com_2_tau1": 0.38211263499222203, "com_2_tau2": 1.25, "com_3_tau1": 0.8551759522451491, "com_3_tau2": 0.428659068099808, "com_4_tau1": 0.542460430206473, "com_4_tau2": 1.25, "com_5_tau1": 0.5072573358010958, "com_5_tau2": 0.26206195560565515, "com_6_tau1": 0.0993258389909113, "com_6_tau2": 0.7045169820460702, "com_7_tau1": 0.13992616414529424, "com_7_tau2": 0.07387024896203087, "com_8_tau1": 0.23556118756717925, "com_8_tau2": 0.3607526933702282, "com_9_tau1": 0.07813814092169158, "com_9_tau2": 0.19874188804675796}, "datetime": {"datetime": "2024-04-23 09:04:50", "elapsed": 30398.526763, "delta": 183.575665}}
{"target": 0.9965127781978633, "params": {"com_0_tau1": 0.15078950094505683, "com_0_tau2": 0.784494880098079, "com_10_tau1": 0.4492462607864931, "com_10_tau2": 1.2261451017386222, "com_11_tau1": 0.5604830346733063, "com_11_tau2": 0.40111739865915763, "com_12_tau1": 0.6657314911643739, "com_12_tau2": 0.8239152680727863, "com_13_tau1": 0.43811873494132636, "com_13_tau2": 1.2106817202943916, "com_14_tau1": 0.3086875389648228, "com_14_tau2": 1.25, "com_1_tau1": 0.7603595901780552, "com_1_tau2": 0.3933339590272379, "com_2_tau1": 0.38211263499222203, "com_2_tau2": 1.25, "com_3_tau1": 0.3551759522451491, "com_3_tau2": 0.428659068099808, "com_4_tau1": 0.542460430206473, "com_4_tau2": 1.25, "com_5_tau1": 0.5072573358010958, "com_5_tau2": 0.26206195560565515, "com_6_tau1": 0.0993258389909113, "com_6_tau2": 0.8812968819206014, "com_7_tau1": 0.13992616414529424, "com_7_tau2": 0.07387024896203087, "com_8_tau1": 0.23556118756717925, "com_8_tau2": 0.3607526933702282, "com_9_tau1": 0.07813814092169158, "com_9_tau2": 0.698741888046758}, "datetime": {"datetime": "2024-04-23 09:07:55", "elapsed": 30583.190606, "delta": 184.663843}}
{"target": 0.9876685568723941, "params": {"com_0_tau1": 0.6507895009450568, "com_0_tau2": 0.784494880098079, "com_10_tau1": 0.4492462607864931, "com_10_tau2": 1.2261451017386222, "com_11_tau1": 0.5604830346733063, "com_11_tau2": 0.40111739865915763, "com_12_tau1": 0.6657314911643739, "com_12_tau2": 0.8239152680727863, "com_13_tau1": 0.43811873494132636, "com_13_tau2": 1.2106817202943916, "com_14_tau1": 0.3086875389648228, "com_14_tau2": 1.25, "com_1_tau1": 0.2603595901780552, "com_1_tau2": 0.8933339590272379, "com_2_tau1": 0.38211263499222203, "com_2_tau2": 1.25, "com_3_tau1": 0.8551759522451491, "com_3_tau2": 0.928659068099808, "com_4_tau1": 0.542460430206473, "com_4_tau2": 1.25, "com_5_tau1": 0.5072573358010958, "com_5_tau2": 0.26206195560565515, "com_6_tau1": 0.0993258389909113, "com_6_tau2": 0.5437686940910662, "com_7_tau1": 0.20038331519185168, "com_7_tau2": 0.07387024896203087, "com_8_tau1": 0.23556118756717925, "com_8_tau2": -0.1392473066297718, "com_9_tau1": 0.4883305703540934, "com_9_tau2": 0.19874188804675796}, "datetime": {"datetime": "2024-04-23 09:11:02", "elapsed": 30770.587946, "delta": 187.39734}}
{"target": 0.9967409789421227, "params": {"com_0_tau1": 0.2398930512862604, "com_0_tau2": 0.784494880098079, "com_10_tau1": 0.9492462607864931, "com_10_tau2": 1.2261451017386222, "com_11_tau1": 0.5604830346733063, "com_11_tau2": 0.9011173986591576, "com_12_tau1": 0.6657314911643739, "com_12_tau2": 0.8239152680727863, "com_13_tau1": -0.06188126505867364, "com_13_tau2": 0.8859742451400243, "com_14_tau1": 0.3086875389648228, "com_14_tau2": 1.25, "com_1_tau1": 0.7603595901780552, "com_1_tau2": 0.3933339590272379, "com_2_tau1": 0.38211263499222203, "com_2_tau2": 1.25, "com_3_tau1": 0.8551759522451491, "com_3_tau2": 0.428659068099808, "com_4_tau1": 0.542460430206473, "com_4_tau2": 1.25, "com_5_tau1": 0.9399884126917637, "com_5_tau2": 0.26206195560565515, "com_6_tau1": 0.0993258389909113, "com_6_tau2": 0.8812968819206014, "com_7_tau1": 0.13992616414529424, "com_7_tau2": 0.5738702489620309, "com_8_tau1": 0.23556118756717925, "com_8_tau2": 0.3607526933702282, "com_9_tau1": 0.5781381409216916, "com_9_tau2": 0.698741888046758}, "datetime": {"datetime": "2024-04-23 09:14:07", "elapsed": 30955.131234, "delta": 184.543288}}
{"target": 0.9963946564166098, "params": {"com_0_tau1": 0.6507895009450568, "com_0_tau2": 0.784494880098079, "com_10_tau1": 0.9492462607864931, "com_10_tau2": 0.7261451017386223, "com_11_tau1": 0.9765125765426896, "com_11_tau2": 0.8122448771232653, "com_12_tau1": 0.6657314911643739, "com_12_tau2": 0.8239152680727863, "com_13_tau1": 0.43811873494132636, "com_13_tau2": 0.9997501945921528, "com_14_tau1": 0.8086875389648228, "com_14_tau2": 0.8731193696824306, "com_1_tau1": 0.7603595901780552, "com_1_tau2": 0.3933339590272379, "com_2_tau1": 0.38211263499222203, "com_2_tau2": 1.25, "com_3_tau1": 0.8551759522451491, "com_3_tau2": 0.428659068099808, "com_4_tau1": 0.542460430206473, "com_4_tau2": 1.25, "com_5_tau1": 0.7357638794265441, "com_5_tau2": 0.26206195560565515, "com_6_tau1": 0.0993258389909113, "com_6_tau2": 0.8812968819206014, "com_7_tau1": 0.13992616414529424, "com_7_tau2": 0.07387024896203087, "com_8_tau1": 0.23556118756717925, "com_8_tau2": 0.3607526933702282, "com_9_tau1": 0.10095128753799076, "com_9_tau2": 0.698741888046758}, "datetime": {"datetime": "2024-04-23 09:17:09", "elapsed": 31137.99215, "delta": 182.860916}}
{"target": 0.9963913557872169, "params": {"com_0_tau1": 0.38289086563116476, "com_0_tau2": 0.284494880098079, "com_10_tau1": 0.9492462607864931, "com_10_tau2": 0.9600221551726855, "com_11_tau1": 0.5604830346733063, "com_11_tau2": 0.9011173986591576, "com_12_tau1": 0.6657314911643739, "com_12_tau2": 0.8239152680727863, "com_13_tau1": -0.06188126505867364, "com_13_tau2": 1.2106817202943916, "com_14_tau1": 0.43846660468296167, "com_14_tau2": 0.7514331868025194, "com_1_tau1": 0.7603595901780552, "com_1_tau2": 0.3933339590272379, "com_2_tau1": 0.38211263499222203, "com_2_tau2": 1.25, "com_3_tau1": 0.8551759522451491, "com_3_tau2": 0.928659068099808, "com_4_tau1": 0.542460430206473, "com_4_tau2": 1.25, "com_5_tau1": 0.5072573358010958, "com_5_tau2": 0.7620619556056552, "com_6_tau1": 0.5345407030984091, "com_6_tau2": 0.8812968819206014, "com_7_tau1": 0.13992616414529424, "com_7_tau2": 0.07387024896203087, "com_8_tau1": 0.23556118756717925, "com_8_tau2": 0.3607526933702282, "com_9_tau1": 0.5781381409216916, "com_9_tau2": 0.698741888046758}, "datetime": {"datetime": "2024-04-23 09:20:11", "elapsed": 31319.960126, "delta": 181.967976}}
{"target": 0.9963810658388537, "params": {"com_0_tau1": 0.15078950094505683, "com_0_tau2": 0.284494880098079, "com_10_tau1": 0.4492462607864931, "com_10_tau2": 0.7261451017386223, "com_11_tau1": 0.5604830346733063, "com_11_tau2": 0.9011173986591576, "com_12_tau1": 0.6657314911643739, "com_12_tau2": 0.8239152680727863, "com_13_tau1": -0.06188126505867364, "com_13_tau2": 1.2106817202943916, "com_14_tau1": 0.3086875389648228, "com_14_tau2": 1.25, "com_1_tau1": 0.7603595901780552, "com_1_tau2": 0.3933339590272379, "com_2_tau1": 0.38211263499222203, "com_2_tau2": 0.75, "com_3_tau1": 0.8551759522451491, "com_3_tau2": 0.428659068099808, "com_4_tau1": 0.542460430206473, "com_4_tau2": 1.25, "com_5_tau1": 0.5072573358010958, "com_5_tau2": 0.26206195560565515, "com_6_tau1": 0.0993258389909113, "com_6_tau2": 0.8812968819206014, "com_7_tau1": 0.6399261641452942, "com_7_tau2": 0.5738702489620309, "com_8_tau1": 0.23556118756717925, "com_8_tau2": 0.3607526933702282, "com_9_tau1": 0.07813814092169158, "com_9_tau2": 0.19874188804675796}, "datetime": {"datetime": "2024-04-23 09:23:15", "elapsed": 31503.396098, "delta": 183.435972}}
{"target": 0.9698107950388953, "params": {"com_0_tau1": 0.6507895009450568, "com_0_tau2": 0.284494880098079, "com_10_tau1": 0.9492462607864931, "com_10_tau2": 1.2261451017386222, "com_11_tau1": 0.5604830346733063, "com_11_tau2": 0.9011173986591576, "com_12_tau1": 0.6657314911643739, "com_12_tau2": 0.8239152680727863, "com_13_tau1": -0.06188126505867364, "com_13_tau2": 1.2106817202943916, "com_14_tau1": 0.6031563494679414, "com_14_tau2": 1.25, "com_1_tau1": 0.7603595901780552, "com_1_tau2": 0.3933339590272379, "com_2_tau1": -0.11788736500777797, "com_2_tau2": 1.25, "com_3_tau1": 0.3551759522451491, "com_3_tau2": 0.428659068099808, "com_4_tau1": 0.542460430206473, "com_4_tau2": 1.25, "com_5_tau1": 1.0072573358010959, "com_5_tau2": 0.26206195560565515, "com_6_tau1": 0.0993258389909113, "com_6_tau2": 0.8812968819206014, "com_7_tau1": 0.13992616414529424, "com_7_tau2": 0.07387024896203087, "com_8_tau1": 0.23556118756717925, "com_8_tau2": 0.3607526933702282, "com_9_tau1": 0.5781381409216916, "com_9_tau2": 0.19874188804675796}, "datetime": {"datetime": "2024-04-23 09:26:36", "elapsed": 31704.549328, "delta": 201.15323}}
{"target": 0.9967972450230432, "params": {"com_0_tau1": 0.15078950094505683, "com_0_tau2": 0.784494880098079, "com_10_tau1": 0.4492462607864931, "com_10_tau2": 0.7261451017386223, "com_11_tau1": 0.5604830346733063, "com_11_tau2": 0.5858273297677393, "com_12_tau1": 0.6657314911643739, "com_12_tau2": 0.8239152680727863, "com_13_tau1": 0.02979158868950558, "com_13_tau2": 1.0187737209136865, "com_14_tau1": 0.3086875389648228, "com_14_tau2": 1.0071036292934008, "com_1_tau1": 0.7603595901780552, "com_1_tau2": 0.8933339590272379, "com_2_tau1": 0.38211263499222203, "com_2_tau2": 1.25, "com_3_tau1": 0.8551759522451491, "com_3_tau2": 0.6230623014577158, "com_4_tau1": 0.542460430206473, "com_4_tau2": 1.25, "com_5_tau1": 0.5072573358010958, "com_5_tau2": 0.7012387388967516, "com_6_tau1": 0.2699210480934985, "com_6_tau2": 0.8812968819206014, "com_7_tau1": 0.13992616414529424, "com_7_tau2": 0.5738702489620309, "com_8_tau1": 0.23556118756717925, "com_8_tau2": 0.3607526933702282, "com_9_tau1": 0.07815267692574394, "com_9_tau2": 0.698741888046758}, "datetime": {"datetime": "2024-04-23 09:29:38", "elapsed": 31886.192381, "delta": 181.643053}}
{"target": 0.9966454333516395, "params": {"com_0_tau1": 0.6507895009450568, "com_0_tau2": 0.784494880098079, "com_10_tau1": 0.47575694735111235, "com_10_tau2": 0.7261451017386223, "com_11_tau1": 0.5604830346733063, "com_11_tau2": 0.8872281896628953, "com_12_tau1": 0.6657314911643739, "com_12_tau2": 0.8239152680727863, "com_13_tau1": 0.43811873494132636, "com_13_tau2": 0.7820649086080977, "com_14_tau1": 0.3635470876951812, "com_14_tau2": 1.25, "com_1_tau1": 0.7603595901780552, "com_1_tau2": 0.8933339590272379, "com_2_tau1": 0.38211263499222203, "com_2_tau2": 0.75, "com_3_tau1": 0.8551759522451491, "com_3_tau2": 0.428659068099808, "com_4_tau1": 0.542460430206473, "com_4_tau2": 1.25, "com_5_tau1": 0.7222442242362418, "com_5_tau2": 0.26206195560565515, "com_6_tau1": 0.28811526030668444, "com_6_tau2": 0.4084390191145651, "com_7_tau1": 0.13992616414529424, "com_7_tau2": 0.5738702489620309, "com_8_tau1": 0.7355611875671793, "com_8_tau2": 0.3607526933702282, "com_9_tau1": 0.07813814092169158, "com_9_tau2": 0.19874188804675796}, "datetime": {"datetime": "2024-04-23 09:32:40", "elapsed": 32068.777884, "delta": 182.585503}}
{"target": 0.9960006886824802, "params": {"com_0_tau1": 0.15078950094505683, "com_0_tau2": 0.784494880098079, "com_10_tau1": 0.4492462607864931, "com_10_tau2": 0.7261451017386223, "com_11_tau1": 0.5604830346733063, "com_11_tau2": 0.40111739865915763, "com_12_tau1": 0.6657314911643739, "com_12_tau2": 0.8239152680727863, "com_13_tau1": 0.43811873494132636, "com_13_tau2": 1.2106817202943916, "com_14_tau1": 0.3086875389648228, "com_14_tau2": 1.25, "com_1_tau1": 0.7603595901780552, "com_1_tau2": 0.3933339590272379, "com_2_tau1": 0.38211263499222203, "com_2_tau2": 1.25, "com_3_tau1": 0.8551759522451491, "com_3_tau2": 0.428659068099808, "com_4_tau1": 0.042460430206473, "com_4_tau2": 1.25, "com_5_tau1": 1.0072573358010959, "com_5_tau2": 0.26206195560565515, "com_6_tau1": 0.5993258389909113, "com_6_tau2": 0.536041596718656, "com_7_tau1": 0.13992616414529424, "com_7_tau2": 0.5738702489620309, "com_8_tau1": 0.23556118756717925, "com_8_tau2": 0.3607526933702282, "com_9_tau1": 0.07813814092169158, "com_9_tau2": 0.19874188804675796}, "datetime": {"datetime": "2024-04-23 09:35:44", "elapsed": 32252.350417, "delta": 183.572533}}
{"target": 0.9964176833022992, "params": {"com_0_tau1": 0.6507895009450568, "com_0_tau2": 0.784494880098079, "com_10_tau1": 0.4492462607864931, "com_10_tau2": 1.2261451017386222, "com_11_tau1": 0.5604830346733063, "com_11_tau2": 0.40111739865915763, "com_12_tau1": 0.6657314911643739, "com_12_tau2": 0.32391526807278626, "com_13_tau1": -0.06188126505867364, "com_13_tau2": 1.2106817202943916, "com_14_tau1": 0.6319927843202072, "com_14_tau2": 0.9143563679870557, "com_1_tau1": 0.7603595901780552, "com_1_tau2": 0.3933339590272379, "com_2_tau1": 0.38211263499222203, "com_2_tau2": 1.25, "com_3_tau1": 0.8551759522451491, "com_3_tau2": 0.428659068099808, "com_4_tau1": 0.542460430206473, "com_4_tau2": 1.25, "com_5_tau1": 0.5072573358010958, "com_5_tau2": 0.26206195560565515, "com_6_tau1": 0.5801623488510261, "com_6_tau2": 0.3812968819206014, "com_7_tau1": 0.23292969136423788, "com_7_tau2": 0.5738702489620309, "com_8_tau1": 0.23556118756717925, "com_8_tau2": 0.3607526933702282, "com_9_tau1": 0.07813814092169158, "com_9_tau2": 0.698741888046758}, "datetime": {"datetime": "2024-04-23 09:38:49", "elapsed": 32437.232616, "delta": 184.882199}}
{"target": 0.9964299878989076, "params": {"com_0_tau1": 0.15078950094505683, "com_0_tau2": 0.784494880098079, "com_10_tau1": 0.9492462607864931, "com_10_tau2": 1.0854149113470613, "com_11_tau1": 0.5604830346733063, "com_11_tau2": 0.40111739865915763, "com_12_tau1": 0.6657314911643739, "com_12_tau2": 0.8239152680727863, "com_13_tau1": -0.06188126505867364, "com_13_tau2": 1.0805145172847193, "com_14_tau1": 0.3086875389648228, "com_14_tau2": 1.0171927229460138, "com_1_tau1": 0.7603595901780552, "com_1_tau2": 0.3933339590272379, "com_2_tau1": 0.38211263499222203, "com_2_tau2": 0.75, "com_3_tau1": 0.8551759522451491, "com_3_tau2": 0.928659068099808, "com_4_tau1": 0.05678596790214098, "com_4_tau2": 1.25, "com_5_tau1": 0.5072573358010958, "com_5_tau2": 0.7620619556056552, "com_6_tau1": 0.5993258389909113, "com_6_tau2": 0.3812968819206014, "com_7_tau1": 0.13992616414529424, "com_7_tau2": 0.5738702489620309, "com_8_tau1": 0.23556118756717925, "com_8_tau2": 0.3607526933702282, "com_9_tau1": 0.5781381409216916, "com_9_tau2": 0.698741888046758}, "datetime": {"datetime": "2024-04-23 09:41:54", "elapsed": 32622.957603, "delta": 185.724987}}
{"target": 0.9967543087427725, "params": {"com_0_tau1": 0.15078950094505683, "com_0_tau2": 0.784494880098079, "com_10_tau1": 0.4492462607864931, "com_10_tau2": 1.1662543095537539, "com_11_tau1": 0.5604830346733063, "com_11_tau2": 0.9011173986591576, "com_12_tau1": 0.6657314911643739, "com_12_tau2": 0.8239152680727863, "com_13_tau1": 0.43811873494132636, "com_13_tau2": 0.7106817202943916, "com_14_tau1": 0.8086875389648228, "com_14_tau2": 1.25, "com_1_tau1": 0.7603595901780552, "com_1_tau2": 0.3933339590272379, "com_2_tau1": 0.38211263499222203, "com_2_tau2": 1.25, "com_3_tau1": 0.8551759522451491, "com_3_tau2": 0.928659068099808, "com_4_tau1": 0.542460430206473, "com_4_tau2": 1.25, "com_5_tau1": 0.5072573358010958, "com_5_tau2": 0.26206195560565515, "com_6_tau1": 0.0993258389909113, "com_6_tau2": 0.7320432883929939, "com_7_tau1": 0.5665416297881575, "com_7_tau2": 0.5738702489620309, "com_8_tau1": 0.23556118756717925, "com_8_tau2": 0.3607526933702282, "com_9_tau1": 0.07813814092169158, "com_9_tau2": 0.698741888046758}, "datetime": {"datetime": "2024-04-23 09:44:58", "elapsed": 32806.774202, "delta": 183.816599}}
{"target": 0.9966583049240025, "params": {"com_0_tau1": 0.15078950094505683, "com_0_tau2": 0.784494880098079, "com_10_tau1": 0.9492462607864931, "com_10_tau2": 0.7590245631438227, "com_11_tau1": 0.5604830346733063, "com_11_tau2": 0.9011173986591576, "com_12_tau1": 0.6657314911643739, "com_12_tau2": 0.8239152680727863, "com_13_tau1": 0.43811873494132636, "com_13_tau2": 1.2106817202943916, "com_14_tau1": 0.3086875389648228, "com_14_tau2": 0.784270890009958, "com_1_tau1": 0.7603595901780552, "com_1_tau2": 0.3933339590272379, "com_2_tau1": 0.38211263499222203, "com_2_tau2": 1.25, "com_3_tau1": 0.8551759522451491, "com_3_tau2": 0.428659068099808, "com_4_tau1": 0.542460430206473, "com_4_tau2": 1.25, "com_5_tau1": 0.5072573358010958, "com_5_tau2": 0.26206195560565515, "com_6_tau1": 0.5993258389909113, "com_6_tau2": 0.6418212073658209, "com_7_tau1": 0.35478139074968623, "com_7_tau2": 0.5738702489620309, "com_8_tau1": 0.7355611875671793, "com_8_tau2": 0.3607526933702282, "com_9_tau1": 0.5781381409216916, "com_9_tau2": 0.698741888046758}, "datetime": {"datetime": "2024-04-23 09:48:04", "elapsed": 32992.435588, "delta": 185.661386}}
{"target": 0.9964998238520705, "params": {"com_0_tau1": 0.15078950094505683, "com_0_tau2": 0.784494880098079, "com_10_tau1": 0.4492462607864931, "com_10_tau2": 1.2261451017386222, "com_11_tau1": 0.5604830346733063, "com_11_tau2": 0.6006185368561856, "com_12_tau1": 0.1657314911643739, "com_12_tau2": 0.8239152680727863, "com_13_tau1": 0.43811873494132636, "com_13_tau2": 1.0315583203033418, "com_14_tau1": 0.3086875389648228, "com_14_tau2": 0.8881483981024105, "com_1_tau1": 0.7603595901780552, "com_1_tau2": 0.3933339590272379, "com_2_tau1": 0.38211263499222203, "com_2_tau2": 0.75, "com_3_tau1": 0.8551759522451491, "com_3_tau2": 0.428659068099808, "com_4_tau1": 0.542460430206473, "com_4_tau2": 1.25, "com_5_tau1": 0.5072573358010958, "com_5_tau2": 0.26206195560565515, "com_6_tau1": 0.0993258389909113, "com_6_tau2": 0.6973277055857594, "com_7_tau1": 0.13992616414529424, "com_7_tau2": 0.5738702489620309, "com_8_tau1": 0.23556118756717925, "com_8_tau2": 0.3607526933702282, "com_9_tau1": 0.07813814092169158, "com_9_tau2": 0.19874188804675796}, "datetime": {"datetime": "2024-04-23 09:51:06", "elapsed": 33174.925761, "delta": 182.490173}}
{"target": 0.9960407612783994, "params": {"com_0_tau1": 0.6507895009450568, "com_0_tau2": 0.4580657281853966, "com_10_tau1": 0.9492462607864931, "com_10_tau2": 0.9340349818313984, "com_11_tau1": 0.5604830346733063, "com_11_tau2": 0.44630797721171517, "com_12_tau1": 0.6657314911643739, "com_12_tau2": 0.8239152680727863, "com_13_tau1": 0.43811873494132636, "com_13_tau2": 0.8730484108188556, "com_14_tau1": 0.637334434174849, "com_14_tau2": 0.8140004411169948, "com_1_tau1": 0.7603595901780552, "com_1_tau2": 0.8933339590272379, "com_2_tau1": 0.38211263499222203, "com_2_tau2": 1.25, "com_3_tau1": 0.8551759522451491, "com_3_tau2": 0.928659068099808, "com_4_tau1": 0.042460430206473, "com_4_tau2": 1.25, "com_5_tau1": 0.5072573358010958, "com_5_tau2": 0.7620619556056552, "com_6_tau1": 0.5061308739092354, "com_6_tau2": 0.6680104785336863, "com_7_tau1": 0.5226692469100802, "com_7_tau2": 0.10283428165009072, "com_8_tau1": 0.23556118756717925, "com_8_tau2": 0.3607526933702282, "com_9_tau1": 0.13308559223975466, "com_9_tau2": 0.698741888046758}, "datetime": {"datetime": "2024-04-23 09:54:10", "elapsed": 33358.584014, "delta": 183.658253}}
{"target": 0.996086704804244, "params": {"com_0_tau1": 0.15078950094505683, "com_0_tau2": 0.784494880098079, "com_10_tau1": 0.4492462607864931, "com_10_tau2": 0.8976275094686054, "com_11_tau1": 1.0604830346733063, "com_11_tau2": 0.9011173986591576, "com_12_tau1": 0.6657314911643739, "com_12_tau2": 0.8239152680727863, "com_13_tau1": 0.43811873494132636, "com_13_tau2": 1.0221624222478156, "com_14_tau1": 0.3086875389648228, "com_14_tau2": 0.948293180799575, "com_1_tau1": 0.7603595901780552, "com_1_tau2": 0.3933339590272379, "com_2_tau1": 0.38211263499222203, "com_2_tau2": 1.25, "com_3_tau1": 0.8551759522451491, "com_3_tau2": 0.928659068099808, "com_4_tau1": 0.042460430206473, "com_4_tau2": 1.25, "com_5_tau1": 0.5072573358010958, "com_5_tau2": 0.26206195560565515, "com_6_tau1": 0.0993258389909113, "com_6_tau2": 0.8812968819206014, "com_7_tau1": 0.13992616414529424, "com_7_tau2": 0.14835573312832545, "com_8_tau1": 0.23556118756717925, "com_8_tau2": 0.3607526933702282, "com_9_tau1": 0.5781381409216916, "com_9_tau2": 0.698741888046758}, "datetime": {"datetime": "2024-04-23 09:57:12", "elapsed": 33540.935603, "delta": 182.351589}}
{"target": 0.9959450038534952, "params": {"com_0_tau1": 0.6507895009450568, "com_0_tau2": 0.784494880098079, "com_10_tau1": 0.9492462607864931, "com_10_tau2": 0.8344135661588263, "com_11_tau1": 0.5604830346733063, "com_11_tau2": 0.40111739865915763, "com_12_tau1": 0.6657314911643739, "com_12_tau2": 0.8239152680727863, "com_13_tau1": 0.20984503461530105, "com_13_tau2": 0.7106817202943916, "com_14_tau1": 0.3086875389648228, "com_14_tau2": 1.25, "com_1_tau1": 0.7603595901780552, "com_1_tau2": 0.3933339590272379, "com_2_tau1": 0.38211263499222203, "com_2_tau2": 1.25, "com_3_tau1": 0.8551759522451491, "com_3_tau2": 0.428659068099808, "com_4_tau1": 0.042460430206473, "com_4_tau2": 0.9294172132944184, "com_5_tau1": 0.5072573358010958, "com_5_tau2": 0.26206195560565515, "com_6_tau1": 0.0993258389909113, "com_6_tau2": 0.6119922060643488, "com_7_tau1": 0.28160787041430396, "com_7_tau2": 0.5738702489620309, "com_8_tau1": 0.23556118756717925, "com_8_tau2": 0.3607526933702282, "com_9_tau1": 0.07813814092169158, "com_9_tau2": 0.698741888046758}, "datetime": {"datetime": "2024-04-23 10:00:18", "elapsed": 33726.391767, "delta": 185.456164}}
