{"target": 0.9700025304260582, "params": {"com_0_tau1": 0.6507895009450568, "com_0_tau2": 0.784494880098079, "com_10_tau1": 0.4492462607864931, "com_10_tau2": 0.7246663187494202, "com_11_tau1": 1.0604830346733063, "com_11_tau2": 0.9011173986591576, "com_12_tau1": 0.22072814262137408, "com_12_tau2": 0.8239152680727863, "com_13_tau1": 0.43811873494132636, "com_13_tau2": 1.2106817202943916, "com_14_tau1": 0.6079164238815015, "com_14_tau2": 1.0775097138021956, "com_1_tau1": 0.2603595901780552, "com_1_tau2": 0.6976776926099325, "com_2_tau1": -0.11788736500777797, "com_2_tau2": 0.75, "com_3_tau1": 0.4209377827202131, "com_3_tau2": 0.5904358519888987, "com_4_tau1": 0.542460430206473, "com_4_tau2": 0.8585923131172847, "com_5_tau1": 0.6884097429307198, "com_5_tau2": 0.7620619556056552, "com_6_tau1": 0.4749877106449158, "com_6_tau2": 0.3812968819206014, "com_7_tau1": 0.6399261641452942, "com_7_tau2": 0.5738702489620309, "com_8_tau1": 0.23556118756717925, "com_8_tau2": 0.3607526933702282, "com_9_tau1": 0.5781381409216916, "com_9_tau2": 0.698741888046758}, "datetime": {"datetime": "2024-04-23 07:08:58", "elapsed": 23446.707003, "delta": 194.544241}}
{"target": 0.9963682993195869, "params": {"com_0_tau1": 0.4755060380539095, "com_0_tau2": 0.284494880098079, "com_10_tau1": 0.5670286614360998, "com_10_tau2": 0.7260069419614092, "com_11_tau1": 0.5604830346733063, "com_11_tau2": 0.40111739865915763, "com_12_tau1": 0.6657314911643739, "com_12_tau2": 0.3938229268331539, "com_13_tau1": 0.43811873494132636, "com_13_tau2": 0.7106817202943916, "com_14_tau1": 0.8086875389648228, "com_14_tau2": 1.25, "com_1_tau1": 0.6132516065692999, "com_1_tau2": 0.7510264477388656, "com_2_tau1": 0.38211263499222203, "com_2_tau2": 0.75, "com_3_tau1": 0.8551759522451491, "com_3_tau2": 0.928659068099808, "com_4_tau1": 0.542460430206473, "com_4_tau2": 1.1312469462127457, "com_5_tau1": 0.5072573358010958, "com_5_tau2": 0.46451835037202066, "com_6_tau1": 0.39808917816584893, "com_6_tau2": 0.4345698111541618, "com_7_tau1": 0.5634625421012692, "com_7_tau2": 0.5738702489620309, "com_8_tau1": 0.23556118756717928, "com_8_tau2": 0.3607526933702282, "com_9_tau1": 0.5781381409216916, "com_9_tau2": 0.3103928379144211}, "datetime": {"datetime": "2024-04-23 07:11:58", "elapsed": 23627.043283, "delta": 180.33628}}
{"target": 0.9965129617991012, "params": {"com_0_tau1": 0.6507895009450568, "com_0_tau2": 0.284494880098079, "com_10_tau1": 0.5547376090719606, "com_10_tau2": 0.7261451017386223, "com_11_tau1": 0.5604830346733063, "com_11_tau2": 0.5268973531944128, "com_12_tau1": 0.5477572433287115, "com_12_tau2": 0.8239152680727863, "com_13_tau1": 0.43811873494132636, "com_13_tau2": 0.7106817202943916, "com_14_tau1": 0.8086875389648228, "com_14_tau2": 1.25, "com_1_tau1": 0.7603595901780552, "com_1_tau2": 0.3933339590272379, "com_2_tau1": 0.38211263499222203, "com_2_tau2": 0.75, "com_3_tau1": 0.5359782054855567, "com_3_tau2": 0.428659068099808, "com_4_tau1": 0.12685811779205433, "com_4_tau2": 0.75, "com_5_tau1": 0.5072573358010958, "com_5_tau2": 0.26206195560565515, "com_6_tau1": 0.5907187605905534, "com_6_tau2": 0.3812968819206014, "com_7_tau1": 0.5999488424553968, "com_7_tau2": 0.5738702489620309, "com_8_tau1": 0.7355611875671793, "com_8_tau2": 0.3607526933702282, "com_9_tau1": 0.5781381409216916, "com_9_tau2": 0.19874188804675796}, "datetime": {"datetime": "2024-04-23 07:14:59", "elapsed": 23807.595065, "delta": 180.551782}}
{"target": 0.9965526950564615, "params": {"com_0_tau1": 0.15078950094505683, "com_0_tau2": 0.784494880098079, "com_10_tau1": 0.4492462607864931, "com_10_tau2": 0.7261451017386223, "com_11_tau1": 0.5657013479476143, "com_11_tau2": 0.40111739865915763, "com_12_tau1": 0.30449564561690334, "com_12_tau2": 0.32391526807278626, "com_13_tau1": 0.43811873494132636, "com_13_tau2": 0.9049031597492534, "com_14_tau1": 0.8086875389648228, "com_14_tau2": 1.25, "com_1_tau1": 0.7603595901780552, "com_1_tau2": 0.3933339590272379, "com_2_tau1": 0.38211263499222203, "com_2_tau2": 0.75, "com_3_tau1": 0.8366868386848658, "com_3_tau2": 0.428659068099808, "com_4_tau1": 0.542460430206473, "com_4_tau2": 0.7659994334849135, "com_5_tau1": 1.0072573358010959, "com_5_tau2": 0.26206195560565515, "com_6_tau1": 0.5993258389909113, "com_6_tau2": 0.8812968819206014, "com_7_tau1": 0.6399261641452942, "com_7_tau2": 0.5738702489620309, "com_8_tau1": 0.7355611875671793, "com_8_tau2": 0.3607526933702282, "com_9_tau1": 0.5781381409216916, "com_9_tau2": 0.19874188804675796}, "datetime": {"datetime": "2024-04-23 07:18:00", "elapsed": 23988.431217, "delta": 180.836152}}
{"target": 0.996374499040746, "params": {"com_0_tau1": 0.15078950094505683, "com_0_tau2": 0.5212650351783426, "com_10_tau1": 0.48693203237758237, "com_10_tau2": 0.7261451017386223, "com_11_tau1": 1.0604830346733063, "com_11_tau2": 0.40111739865915763, "com_12_tau1": 0.6657314911643739, "com_12_tau2": 0.8239152680727863, "com_13_tau1": 0.43811873494132636, "com_13_tau2": 0.7106817202943916, "com_14_tau1": 0.8086875389648228, "com_14_tau2": 1.25, "com_1_tau1": 0.7603595901780552, "com_1_tau2": 0.3933339590272379, "com_2_tau1": 0.38211263499222203, "com_2_tau2": 0.75, "com_3_tau1": 0.6907489826881702, "com_3_tau2": 0.428659068099808, "com_4_tau1": 0.542460430206473, "com_4_tau2": 1.25, "com_5_tau1": 0.5072573358010958, "com_5_tau2": 0.26206195560565515, "com_6_tau1": 0.0993258389909113, "com_6_tau2": 0.616038974610381, "com_7_tau1": 0.4130998821060369, "com_7_tau2": 0.5738702489620309, "com_8_tau1": 0.7355611875671793, "com_8_tau2": 0.3607526933702282, "com_9_tau1": 0.5781381409216916, "com_9_tau2": 0.698741888046758}, "datetime": {"datetime": "2024-04-23 07:21:01", "elapsed": 24169.736577, "delta": 181.30536}}
{"target": 0.996592366873396, "params": {"com_0_tau1": 0.15078950094505683, "com_0_tau2": 0.284494880098079, "com_10_tau1": 0.9492462607864931, "com_10_tau2": 0.9513831087889135, "com_11_tau1": 0.92882775520353, "com_11_tau2": 0.40111739865915763, "com_12_tau1": 0.37475728239480144, "com_12_tau2": 0.8239152680727863, "com_13_tau1": 0.43811873494132636, "com_13_tau2": 0.7661326518152645, "com_14_tau1": 0.35203685309392385, "com_14_tau2": 1.25, "com_1_tau1": 0.2603595901780552, "com_1_tau2": 0.3933339590272379, "com_2_tau1": 0.38211263499222203, "com_2_tau2": 0.75, "com_3_tau1": 0.8551759522451491, "com_3_tau2": 0.928659068099808, "com_4_tau1": 0.2895318393364467, "com_4_tau2": 1.25, "com_5_tau1": 0.7082564108716447, "com_5_tau2": 0.6862427191703598, "com_6_tau1": 0.2629580024242567, "com_6_tau2": 0.38905541321961956, "com_7_tau1": 0.5045335560296246, "com_7_tau2": 0.07387024896203087, "com_8_tau1": 0.23556118756717925, "com_8_tau2": 0.3607526933702282, "com_9_tau1": 0.5781381409216916, "com_9_tau2": 0.38905028456635343}, "datetime": {"datetime": "2024-04-23 07:24:02", "elapsed": 24350.470387, "delta": 180.73381}}
{"target": 0.9962917348290078, "params": {"com_0_tau1": 0.15078950094505683, "com_0_tau2": 0.284494880098079, "com_10_tau1": 0.9492462607864931, "com_10_tau2": 1.2261451017386222, "com_11_tau1": 0.5604830346733063, "com_11_tau2": 0.40111739865915763, "com_12_tau1": 0.6657314911643739, "com_12_tau2": 0.45490687865567164, "com_13_tau1": 0.43811873494132636, "com_13_tau2": 0.7106817202943916, "com_14_tau1": 0.8086875389648228, "com_14_tau2": 1.25, "com_1_tau1": 0.7603595901780552, "com_1_tau2": 0.3933339590272379, "com_2_tau1": 0.38211263499222203, "com_2_tau2": 0.75, "com_3_tau1": 0.3551759522451491, "com_3_tau2": 0.428659068099808, "com_4_tau1": 0.542460430206473, "com_4_tau2": 0.75, "com_5_tau1": 0.6012263831629269, "com_5_tau2": 0.26206195560565515, "com_6_tau1": 0.49441022346433333, "com_6_tau2": 0.5138735748580551, "com_7_tau1": 0.6399261641452942, "com_7_tau2": 0.5738702489620309, "com_8_tau1": 0.23556118756717925, "com_8_tau2": 0.3607526933702282, "com_9_tau1": 0.5781381409216916, "com_9_tau2": 0.698741888046758}, "datetime": {"datetime": "2024-04-23 07:27:04", "elapsed": 24532.209229, "delta": 181.738842}}
{"target": 0.9874705207479287, "params": {"com_0_tau1": 0.15078950094505683, "com_0_tau2": 0.284494880098079, "com_10_tau1": 0.8690276968727749, "com_10_tau2": 0.7261451017386223, "com_11_tau1": 0.5604830346733063, "com_11_tau2": 0.40111739865915763, "com_12_tau1": 0.24967372268433013, "com_12_tau2": 0.32391526807278626, "com_13_tau1": 0.43811873494132636, "com_13_tau2": 1.2106817202943916, "com_14_tau1": 0.8086875389648228, "com_14_tau2": 1.25, "com_1_tau1": 0.2603595901780552, "com_1_tau2": 0.3933339590272379, "com_2_tau1": 0.38211263499222203, "com_2_tau2": 0.75, "com_3_tau1": 0.8395907825447694, "com_3_tau2": 0.428659068099808, "com_4_tau1": 0.542460430206473, "com_4_tau2": 1.1615705957621123, "com_5_tau1": 0.7865342825545618, "com_5_tau2": 0.26206195560565515, "com_6_tau1": 0.0993258389909113, "com_6_tau2": 0.550805469243601, "com_7_tau1": 0.1539527220740881, "com_7_tau2": 0.5738702489620309, "com_8_tau1": 0.3652904507339328, "com_8_tau2": -0.1392473066297718, "com_9_tau1": 0.5781381409216916, "com_9_tau2": 0.19874188804675796}, "datetime": {"datetime": "2024-04-23 07:30:11", "elapsed": 24719.710823, "delta": 187.501594}}
{"target": 0.9965232410107489, "params": {"com_0_tau1": 0.15078950094505683, "com_0_tau2": 0.784494880098079, "com_10_tau1": 0.4492462607864931, "com_10_tau2": 1.2261451017386222, "com_11_tau1": 1.0604830346733063, "com_11_tau2": 0.40111739865915763, "com_12_tau1": 0.6657314911643739, "com_12_tau2": 0.8239152680727863, "com_13_tau1": 0.43811873494132636, "com_13_tau2": 0.7106817202943916, "com_14_tau1": 0.8086875389648228, "com_14_tau2": 1.1584323780565433, "com_1_tau1": 0.7603595901780552, "com_1_tau2": 0.3933339590272379, "com_2_tau1": 0.38211263499222203, "com_2_tau2": 0.75, "com_3_tau1": 0.8551759522451491, "com_3_tau2": 0.928659068099808, "com_4_tau1": 0.542460430206473, "com_4_tau2": 1.1156862366384948, "com_5_tau1": 0.5072573358010958, "com_5_tau2": 0.26206195560565515, "com_6_tau1": 0.5993258389909113, "com_6_tau2": 0.3812968819206014, "com_7_tau1": 0.6399261641452942, "com_7_tau2": 0.07387024896203087, "com_8_tau1": 0.3950939557261415, "com_8_tau2": 0.3607526933702282, "com_9_tau1": 0.5781381409216916, "com_9_tau2": 0.19874188804675796}, "datetime": {"datetime": "2024-04-23 07:33:12", "elapsed": 24900.646038, "delta": 180.935215}}
{"target": 0.9958197260352, "params": {"com_0_tau1": 0.15078950094505683, "com_0_tau2": 0.31177909555107514, "com_10_tau1": 0.4492462607864931, "com_10_tau2": 1.2261451017386222, "com_11_tau1": 0.8492452756438137, "com_11_tau2": 0.40111739865915763, "com_12_tau1": 0.45140489794004496, "com_12_tau2": 0.8239152680727863, "com_13_tau1": 0.43811873494132636, "com_13_tau2": 0.7106817202943916, "com_14_tau1": 0.6130850398614223, "com_14_tau2": 1.25, "com_1_tau1": 0.7603595901780552, "com_1_tau2": 0.3933339590272379, "com_2_tau1": 0.06259953000988684, "com_2_tau2": 0.75, "com_3_tau1": 0.81037026760153, "com_3_tau2": 0.928659068099808, "com_4_tau1": 0.13208444303249156, "com_4_tau2": 1.022098279583991, "com_5_tau1": 0.8480457264001999, "com_5_tau2": 0.26206195560565515, "com_6_tau1": 0.0993258389909113, "com_6_tau2": 0.8812968819206014, "com_7_tau1": 0.6399261641452942, "com_7_tau2": 0.5738702489620309, "com_8_tau1": 0.23556118756717925, "com_8_tau2": 0.3607526933702282, "com_9_tau1": 0.07813814092169158, "com_9_tau2": 0.26611052131143764}, "datetime": {"datetime": "2024-04-23 07:36:13", "elapsed": 25082.013585, "delta": 181.367547}}
{"target": 0.9958424263556247, "params": {"com_0_tau1": 0.5423241898465931, "com_0_tau2": 0.7147714692580913, "com_10_tau1": 0.9492462607864931, "com_10_tau2": 1.0663966764305792, "com_11_tau1": 1.0604830346733063, "com_11_tau2": 0.40111739865915763, "com_12_tau1": 0.6657314911643739, "com_12_tau2": 0.32391526807278626, "com_13_tau1": 0.43811873494132636, "com_13_tau2": 0.7106817202943916, "com_14_tau1": 0.8086875389648228, "com_14_tau2": 1.25, "com_1_tau1": 0.7603595901780552, "com_1_tau2": 0.3933339590272379, "com_2_tau1": 0.10381462501150839, "com_2_tau2": 1.074005420323338, "com_3_tau1": 0.8551759522451491, "com_3_tau2": 0.928659068099808, "com_4_tau1": 0.042460430206473, "com_4_tau2": 1.1171236824070145, "com_5_tau1": 0.870070412585633, "com_5_tau2": 0.26206195560565515, "com_6_tau1": 0.18946352569452424, "com_6_tau2": 0.8812968819206014, "com_7_tau1": 0.6399261641452942, "com_7_tau2": 0.07387024896203087, "com_8_tau1": 0.29849077979559024, "com_8_tau2": 0.3607526933702282, "com_9_tau1": 0.5781381409216916, "com_9_tau2": 0.698741888046758}, "datetime": {"datetime": "2024-04-23 07:39:16", "elapsed": 25265.024064, "delta": 183.010479}}
{"target": 0.9967834376294767, "params": {"com_0_tau1": 0.15078950094505683, "com_0_tau2": 0.784494880098079, "com_10_tau1": 0.9492462607864931, "com_10_tau2": 0.7261451017386223, "com_11_tau1": 1.0604830346733063, "com_11_tau2": 0.40111739865915763, "com_12_tau1": 0.6657314911643739, "com_12_tau2": 0.4364296374000124, "com_13_tau1": 0.43811873494132636, "com_13_tau2": 0.7106817202943916, "com_14_tau1": 0.8086875389648228, "com_14_tau2": 1.25, "com_1_tau1": 0.7603595901780552, "com_1_tau2": 0.3933339590272379, "com_2_tau1": 0.38211263499222203, "com_2_tau2": 0.75, "com_3_tau1": 0.3551759522451491, "com_3_tau2": 0.928659068099808, "com_4_tau1": 0.15142296335102007, "com_4_tau2": 0.75, "com_5_tau1": 1.0072573358010959, "com_5_tau2": 0.26206195560565515, "com_6_tau1": 0.3855936676741699, "com_6_tau2": 0.3812968819206014, "com_7_tau1": 0.6399261641452942, "com_7_tau2": 0.5738702489620309, "com_8_tau1": 0.7355611875671793, "com_8_tau2": 0.3607526933702282, "com_9_tau1": 0.5781381409216916, "com_9_tau2": 0.19874188804675796}, "datetime": {"datetime": "2024-04-23 07:42:18", "elapsed": 25446.406982, "delta": 181.382918}}
{"target": 0.9963975942274408, "params": {"com_0_tau1": 0.6186902715541625, "com_0_tau2": 0.784494880098079, "com_10_tau1": 0.9492462607864931, "com_10_tau2": 0.7261451017386223, "com_11_tau1": 0.5604830346733063, "com_11_tau2": 0.40111739865915763, "com_12_tau1": 0.6657314911643739, "com_12_tau2": 0.8239152680727863, "com_13_tau1": 0.43811873494132636, "com_13_tau2": 0.7106817202943916, "com_14_tau1": 0.8086875389648228, "com_14_tau2": 1.25, "com_1_tau1": 0.7603595901780552, "com_1_tau2": 0.8933339590272379, "com_2_tau1": 0.38211263499222203, "com_2_tau2": 0.75, "com_3_tau1": 0.3551759522451491, "com_3_tau2": 0.428659068099808, "com_4_tau1": 0.542460430206473, "com_4_tau2": 1.25, "com_5_tau1": 0.5660580849171415, "com_5_tau2": 0.26206195560565515, "com_6_tau1": 0.0993258389909113, "com_6_tau2": 0.6458549305136569, "com_7_tau1": 0.6399261641452942, "com_7_tau2": 0.07387024896203087, "com_8_tau1": 0.7355611875671793, "com_8_tau2": 0.3607526933702282, "com_9_tau1": 0.5781381409216916, "com_9_tau2": 0.19874188804675796}, "datetime": {"datetime": "2024-04-23 07:45:20", "elapsed": 25628.442623, "delta": 182.035641}}
{"target": 0.9967142110385824, "params": {"com_0_tau1": 0.15078950094505683, "com_0_tau2": 0.784494880098079, "com_10_tau1": 0.7559733814080429, "com_10_tau2": 0.7261451017386223, "com_11_tau1": 0.5604830346733063, "com_11_tau2": 0.40111739865915763, "com_12_tau1": 0.6657314911643739, "com_12_tau2": 0.8239152680727863, "com_13_tau1": 0.43811873494132636, "com_13_tau2": 0.7106817202943916, "com_14_tau1": 0.3086875389648228, "com_14_tau2": 1.25, "com_1_tau1": 0.7603595901780552, "com_1_tau2": 0.3933339590272379, "com_2_tau1": 0.38211263499222203, "com_2_tau2": 0.75, "com_3_tau1": 0.3551759522451491, "com_3_tau2": 0.928659068099808, "com_4_tau1": 0.542460430206473, "com_4_tau2": 1.25, "com_5_tau1": 1.0072573358010959, "com_5_tau2": 0.26206195560565515, "com_6_tau1": 0.5874422279517436, "com_6_tau2": 0.8812968819206014, "com_7_tau1": 0.6399261641452942, "com_7_tau2": 0.5738702489620309, "com_8_tau1": 0.47112933370277316, "com_8_tau2": 0.3607526933702282, "com_9_tau1": 0.5781381409216916, "com_9_tau2": 0.5246178681824316}, "datetime": {"datetime": "2024-04-23 07:48:22", "elapsed": 25810.618471, "delta": 182.175848}}
{"target": 0.996506550057428, "params": {"com_0_tau1": 0.6507895009450568, "com_0_tau2": 0.784494880098079, "com_10_tau1": 0.4492462607864931, "com_10_tau2": 0.7261451017386223, "com_11_tau1": 0.5604830346733063, "com_11_tau2": 0.40111739865915763, "com_12_tau1": 0.6657314911643739, "com_12_tau2": 0.32391526807278626, "com_13_tau1": 0.43811873494132636, "com_13_tau2": 0.7106817202943916, "com_14_tau1": 0.8086875389648228, "com_14_tau2": 1.25, "com_1_tau1": 0.7603595901780552, "com_1_tau2": 0.8933339590272379, "com_2_tau1": 0.38211263499222203, "com_2_tau2": 0.75, "com_3_tau1": 0.3551759522451491, "com_3_tau2": 0.428659068099808, "com_4_tau1": 0.542460430206473, "com_4_tau2": 0.75, "com_5_tau1": 0.5072573358010958, "com_5_tau2": 0.26206195560565515, "com_6_tau1": 0.3711995309084556, "com_6_tau2": 0.7963127853395933, "com_7_tau1": 0.6399261641452942, "com_7_tau2": 0.5738702489620309, "com_8_tau1": 0.7355611875671793, "com_8_tau2": 0.3607526933702282, "com_9_tau1": 0.07813814092169158, "com_9_tau2": 0.19874188804675796}, "datetime": {"datetime": "2024-04-23 07:51:24", "elapsed": 25992.672736, "delta": 182.054265}}
{"target": 0.9694754800091692, "params": {"com_0_tau1": 0.15078950094505683, "com_0_tau2": 0.691315369494139, "com_10_tau1": 0.9492462607864931, "com_10_tau2": 1.2261451017386222, "com_11_tau1": 1.0450970313411139, "com_11_tau2": 0.40111739865915763, "com_12_tau1": 0.1657314911643739, "com_12_tau2": 0.32391526807278626, "com_13_tau1": -0.06188126505867364, "com_13_tau2": 0.7106817202943916, "com_14_tau1": 0.3086875389648228, "com_14_tau2": 1.25, "com_1_tau1": 0.2603595901780552, "com_1_tau2": 0.3933339590272379, "com_2_tau1": -0.06721678053792753, "com_2_tau2": 1.25, "com_3_tau1": 0.8551759522451491, "com_3_tau2": 0.928659068099808, "com_4_tau1": 0.042460430206473, "com_4_tau2": 1.25, "com_5_tau1": 1.0072573358010959, "com_5_tau2": 0.7620619556056552, "com_6_tau1": 0.37035175523557223, "com_6_tau2": 0.8520954421266081, "com_7_tau1": 0.6399261641452942, "com_7_tau2": 0.07387024896203087, "com_8_tau1": 0.7355611875671793, "com_8_tau2": 0.3607526933702282, "com_9_tau1": 0.07813814092169158, "com_9_tau2": 0.5629727407397656}, "datetime": {"datetime": "2024-04-23 07:54:44", "elapsed": 26192.661634, "delta": 199.988898}}
{"target": 0.9965363780305329, "params": {"com_0_tau1": 0.2550784769917264, "com_0_tau2": 0.4300979338218537, "com_10_tau1": 0.7011878325361595, "com_10_tau2": 0.7261451017386223, "com_11_tau1": 0.6165783152027615, "com_11_tau2": 0.40111739865915763, "com_12_tau1": 0.6657314911643739, "com_12_tau2": 0.8239152680727863, "com_13_tau1": 0.43811873494132636, "com_13_tau2": 1.196790464957083, "com_14_tau1": 0.607589638702705, "com_14_tau2": 1.25, "com_1_tau1": 0.7603595901780552, "com_1_tau2": 0.3933339590272379, "com_2_tau1": 0.38211263499222203, "com_2_tau2": 0.75, "com_3_tau1": 0.7098430352687269, "com_3_tau2": 0.928659068099808, "com_4_tau1": 0.14769920538221287, "com_4_tau2": 0.8293087086408383, "com_5_tau1": 0.5072573358010958, "com_5_tau2": 0.26206195560565515, "com_6_tau1": 0.0993258389909113, "com_6_tau2": 0.8082489072879293, "com_7_tau1": 0.6399261641452942, "com_7_tau2": 0.07387024896203087, "com_8_tau1": 0.23556118756717925, "com_8_tau2": 0.3607526933702282, "com_9_tau1": 0.5781381409216916, "com_9_tau2": 0.698741888046758}, "datetime": {"datetime": "2024-04-23 07:57:49", "elapsed": 26377.807462, "delta": 185.145828}}
{"target": 0.9967380037257565, "params": {"com_0_tau1": 0.6507895009450568, "com_0_tau2": 0.5778474494615391, "com_10_tau1": 0.9492462607864931, "com_10_tau2": 0.7261451017386223, "com_11_tau1": 0.5604830346733063, "com_11_tau2": 0.9011173986591576, "com_12_tau1": 0.6657314911643739, "com_12_tau2": 0.8239152680727863, "com_13_tau1": 0.43811873494132636, "com_13_tau2": 0.7106817202943916, "com_14_tau1": 0.8086875389648228, "com_14_tau2": 1.25, "com_1_tau1": 0.7603595901780552, "com_1_tau2": 0.3933339590272379, "com_2_tau1": 0.38211263499222203, "com_2_tau2": 0.75, "com_3_tau1": 0.8551759522451491, "com_3_tau2": 0.928659068099808, "com_4_tau1": 0.542460430206473, "com_4_tau2": 0.75, "com_5_tau1": 1.0072573358010959, "com_5_tau2": 0.26206195560565515, "com_6_tau1": 0.388791761820966, "com_6_tau2": 0.8812968819206014, "com_7_tau1": 0.6399261641452942, "com_7_tau2": 0.5738702489620309, "com_8_tau1": 0.23556118756717925, "com_8_tau2": 0.3607526933702282, "com_9_tau1": 0.5781381409216916, "com_9_tau2": 0.19874188804675796}, "datetime": {"datetime": "2024-04-23 08:00:52", "elapsed": 26560.15735, "delta": 182.349888}}
{"target": 0.9959416003324086, "params": {"com_0_tau1": 0.6402972748018767, "com_0_tau2": 0.5755264092588946, "com_10_tau1": 0.5968902116348664, "com_10_tau2": 1.2261451017386222, "com_11_tau1": 0.6772633101526133, "com_11_tau2": 0.40111739865915763, "com_12_tau1": 0.6657314911643739, "com_12_tau2": 0.8239152680727863, "com_13_tau1": 0.43811873494132636, "com_13_tau2": 0.7106817202943916, "com_14_tau1": 0.8086875389648228, "com_14_tau2": 1.25, "com_1_tau1": 0.7603595901780552, "com_1_tau2": 0.6828487205951229, "com_2_tau1": 0.38211263499222203, "com_2_tau2": 0.75, "com_3_tau1": 0.40654520046358456, "com_3_tau2": 0.928659068099808, "com_4_tau1": 0.042460430206473, "com_4_tau2": 1.172775637194865, "com_5_tau1": 0.8242565069759542, "com_5_tau2": 0.26206195560565515, "com_6_tau1": 0.0993258389909113, "com_6_tau2": 0.3812968819206014, "com_7_tau1": 0.13992616414529424, "com_7_tau2": 0.28168277707558087, "com_8_tau1": 0.23556118756717925, "com_8_tau2": 0.3607526933702282, "com_9_tau1": 0.5781381409216916, "com_9_tau2": 0.5839612207251259}, "datetime": {"datetime": "2024-04-23 08:03:52", "elapsed": 26740.966047, "delta": 180.808697}}
