{"target": 0.9957482832962186, "params": {"com_0_tau1": 0.9007895009450568, "com_0_tau2": 0.534494880098079, "com_10_tau1": 0.6331398354900157, "com_10_tau2": 1.1400706288919629, "com_11_tau1": 0.4832919130307316, "com_11_tau2": 0.45104367365089615, "com_12_tau1": 0.4257238780435944, "com_12_tau2": 0.5739152680727863, "com_13_tau1": 0.6881187349413264, "com_13_tau2": 0.9606817202943916, "com_14_tau1": 0.9213566061921152, "com_14_tau2": 1.1579435052941462, "com_1_tau1": 0.2662233351979988, "com_1_tau2": 1.1045151175953052, "com_2_tau1": 0.13211263499222206, "com_2_tau2": 0.5782621371256276, "com_3_tau1": 0.5591399921724824, "com_3_tau2": 0.6226000693856297, "com_4_tau1": 0.5494110844233907, "com_4_tau2": 0.5512016169001184, "com_5_tau1": 0.2572573358010958, "com_5_tau2": 0.5120619556056552, "com_6_tau1": 0.3493258389909113, "com_6_tau2": 0.5983526466253579, "com_7_tau1": 0.41251264933613674, "com_7_tau2": 0.3786948332580346, "com_8_tau1": 0.48556118756717925, "com_8_tau2": 0.1107526933702282, "com_9_tau1": 0.380879812225211, "com_9_tau2": 0.7829689911259416}, "datetime": {"datetime": "2024-04-23 06:12:57", "elapsed": 20085.38212, "delta": 180.588435}}
{"target": 0.9962454960000443, "params": {"com_0_tau1": 0.40078950094505683, "com_0_tau2": 0.534494880098079, "com_10_tau1": 0.6422881649803389, "com_10_tau2": 1.120337904922144, "com_11_tau1": 0.9832919130307316, "com_11_tau2": 0.15111739865915763, "com_12_tau1": 0.19691729771020827, "com_12_tau2": 0.5739152680727863, "com_13_tau1": 0.6881187349413264, "com_13_tau2": 0.9606817202943916, "com_14_tau1": 0.9213566061921152, "com_14_tau2": 1.1670339026310588, "com_1_tau1": 0.09451403881894181, "com_1_tau2": 0.6137303037871367, "com_2_tau1": 0.13211263499222203, "com_2_tau2": 0.5875386405218911, "com_3_tau1": 1.0591399921724824, "com_3_tau2": 1.1317730158520571, "com_4_tau1": 0.3809396155958217, "com_4_tau2": 0.6645770034753024, "com_5_tau1": 0.6965781943870394, "com_5_tau2": 1.0120619556056552, "com_6_tau1": 0.5615516798067707, "com_6_tau2": 0.6075822260588521, "com_7_tau1": 0.40325769260978783, "com_7_tau2": 0.3695188623803327, "com_8_tau1": 0.48556118756717925, "com_8_tau2": 0.11075269337022817, "com_9_tau1": 0.3716987380487745, "com_9_tau2": 0.44874188804675796}, "datetime": {"datetime": "2024-04-23 06:16:00", "elapsed": 20268.795056, "delta": 183.412936}}
{"target": 0.9762166316793547, "params": {"com_0_tau1": 0.40078950094505683, "com_0_tau2": 0.534494880098079, "com_10_tau1": 1.1505216615216296, "com_10_tau2": 1.0720141083577444, "com_11_tau1": 0.4832919130307316, "com_11_tau2": 0.15111739865915766, "com_12_tau1": 0.4157314911643739, "com_12_tau2": 0.5739152680727863, "com_13_tau1": 0.6881187349413264, "com_13_tau2": 0.9606817202943916, "com_14_tau1": 0.7965240664342804, "com_14_tau2": 1.1752152602342805, "com_1_tau1": 0.524737558273989, "com_1_tau2": 0.6220239713597848, "com_2_tau1": 0.132112634992222, "com_2_tau2": 1.0920543421765265, "com_3_tau1": 0.9704174589634162, "com_3_tau2": 0.6400286676718419, "com_4_tau1": 0.5494110844233907, "com_4_tau2": 0.5512016169001184, "com_5_tau1": 0.28694763528027356, "com_5_tau2": 1.0120619556056552, "com_6_tau1": 0.42144369595775316, "com_6_tau2": 0.615888847548997, "com_7_tau1": -0.10507176844392627, "com_7_tau2": 0.36126048859040094, "com_8_tau1": 0.9855611875671793, "com_8_tau2": 0.6107526933702282, "com_9_tau1": 0.3634357712899816, "com_9_tau2": 0.44874188804675796}, "datetime": {"datetime": "2024-04-23 06:19:13", "elapsed": 20461.213114, "delta": 192.418058}}
{"target": 0.993583647299659, "params": {"com_0_tau1": 0.9007895009450568, "com_0_tau2": 0.14034257921171428, "com_10_tau1": 0.6579318084087913, "com_10_tau2": 1.0367142676513768, "com_11_tau1": 0.9832919130307316, "com_11_tau2": 0.6511173986591576, "com_12_tau1": 0.17231765061337737, "com_12_tau2": 0.5739152680727863, "com_13_tau1": 0.19690373421680912, "com_13_tau2": 0.9606817202943916, "com_14_tau1": 0.4683689067819191, "com_14_tau2": 1.1825784820771796, "com_1_tau1": 0.024737558273989074, "com_1_tau2": 1.0398532492162202, "com_2_tau1": 0.132112634992222, "com_2_tau2": 0.5920543421765265, "com_3_tau1": 0.6337974085425279, "com_3_tau2": 1.147458754309648, "com_4_tau1": 0.21071199647464728, "com_4_tau2": 0.9457068147628938, "com_5_tau1": 0.4561736371780376, "com_5_tau2": 1.0120619556056552, "com_6_tau1": 0.6900124067860685, "com_6_tau2": 0.6233648068901274, "com_7_tau1": 0.38992616414529424, "com_7_tau2": 0.3538279521794624, "com_8_tau1": 0.48556118756717925, "com_8_tau2": 0.11075269337022822, "com_9_tau1": 0.355999101207068, "com_9_tau2": 0.948741888046758}, "datetime": {"datetime": "2024-04-23 06:22:15", "elapsed": 20643.996521, "delta": 182.783407}}
{"target": 0.9930000225132358, "params": {"com_0_tau1": 0.9007895009450568, "com_0_tau2": 0.534494880098079, "com_10_tau1": 0.6646009406072368, "com_10_tau2": 0.6714760643118738, "com_11_tau1": 0.9832919130307316, "com_11_tau2": 0.5063595432113746, "com_12_tau1": 0.4157314911643739, "com_12_tau2": 0.07391526807278626, "com_13_tau1": 0.6881187349413264, "com_13_tau2": 0.9606817202943916, "com_14_tau1": 0.9213566061921152, "com_14_tau2": 1.189205381735789, "com_1_tau1": 0.024737558273989074, "com_1_tau2": 0.6362061429090133, "com_2_tau1": 0.4503985498816473, "com_2_tau2": 0.5920543421765265, "com_3_tau1": 0.5591399921724824, "com_3_tau2": 1.1541458322836737, "com_4_tau1": 0.5494110844233907, "com_4_tau2": 0.5512016169001184, "com_5_tau1": 0.567746565289049, "com_5_tau2": 0.5120619556056552, "com_6_tau1": 0.7701093262732005, "com_6_tau2": 0.6300931702971447, "com_7_tau1": 0.38992616414529424, "com_7_tau2": 0.3471386694096177, "com_8_tau1": 0.48556118756717925, "com_8_tau2": 0.1107526933702282, "com_9_tau1": 0.34930609813244584, "com_9_tau2": 0.44874188804675796}, "datetime": {"datetime": "2024-04-23 06:25:20", "elapsed": 20828.784848, "delta": 184.788327}}
{"target": 0.99481305028378, "params": {"com_0_tau1": 0.40078950094505683, "com_0_tau2": 0.034494880098078995, "com_10_tau1": 0.6706031595858378, "com_10_tau2": 1.1774676625029188, "com_11_tau1": 0.9832919130307316, "com_11_tau2": 0.15111739865915763, "com_12_tau1": 0.4157314911643739, "com_12_tau2": 0.5739152680727863, "com_13_tau1": 0.6881187349413264, "com_13_tau2": 0.8809114656197419, "com_14_tau1": 0.9213566061921152, "com_14_tau2": 1.1951695914285374, "com_1_tau1": 0.524737558273989, "com_1_tau2": 0.6422522265694739, "com_2_tau1": 0.5322178362393528, "com_2_tau2": 0.5920543421765265, "com_3_tau1": 0.5591399921724824, "com_3_tau2": 1.1601642024602967, "com_4_tau1": 0.049411084423390705, "com_4_tau2": 0.961562816104418, "com_5_tau1": 0.40450370974719024, "com_5_tau2": 0.5120619556056552, "com_6_tau1": 0.3493258389909113, "com_6_tau2": 0.6312968819206014, "com_7_tau1": 0.38992616414529424, "com_7_tau2": 0.3411183149167575, "com_8_tau1": 0.48556118756717925, "com_8_tau2": 0.1107526933702282, "com_9_tau1": 0.3432823953652858, "com_9_tau2": 0.948741888046758}, "datetime": {"datetime": "2024-04-23 06:28:24", "elapsed": 21012.351427, "delta": 183.566579}}
{"target": 0.9890554191751662, "params": {"com_0_tau1": 0.9007895009450568, "com_0_tau2": 0.534494880098079, "com_10_tau1": 0.6760051566665787, "com_10_tau2": 0.7920188797662423, "com_11_tau1": 0.9832919130307316, "com_11_tau2": 0.15111739865915763, "com_12_tau1": 0.3794869856515828, "com_12_tau2": 0.5739152680727863, "com_13_tau1": 0.6881187349413264, "com_13_tau2": 0.9606817202943916, "com_14_tau1": 0.537806634326562, "com_14_tau2": 1.200537380152011, "com_1_tau1": 0.024737558273989046, "com_1_tau2": 0.7929578686908135, "com_2_tau1": 0.13211263499222203, "com_2_tau2": 0.5920543421765265, "com_3_tau1": 1.0591399921724824, "com_3_tau2": 0.6655807356192573, "com_4_tau1": 0.049411084423390705, "com_4_tau2": 1.0512016169001184, "com_5_tau1": 0.7572573358010958, "com_5_tau2": 0.5120619556056552, "com_6_tau1": 0.3493258389909113, "com_6_tau2": 0.6312968819206014, "com_7_tau1": 0.38992616414529424, "com_7_tau2": 0.3356999958731833, "com_8_tau1": 0.48556118756717925, "com_8_tau2": 0.1107526933702282, "com_9_tau1": -0.1621389371251582, "com_9_tau2": 0.8299458155484551}, "datetime": {"datetime": "2024-04-23 06:31:30", "elapsed": 21198.941642, "delta": 186.590215}}
{"target": 0.9760536923637626, "params": {"com_0_tau1": 0.5670416536050554, "com_0_tau2": 0.14965580802590744, "com_10_tau1": 0.6808669540392455, "com_10_tau2": 1.1877132954096057, "com_11_tau1": 0.9832919130307316, "com_11_tau2": 0.15111739865915763, "com_12_tau1": 0.4157314911643739, "com_12_tau2": 0.5739152680727863, "com_13_tau1": 0.18811873494132636, "com_13_tau2": 0.9606817202943916, "com_14_tau1": 0.9213566061921152, "com_14_tau2": 1.2053683900031373, "com_1_tau1": 0.524737558273989, "com_1_tau2": 1.1433339590272378, "com_2_tau1": 0.3941858020994563, "com_2_tau2": 0.5920543421765265, "com_3_tau1": 0.5591399921724824, "com_3_tau2": 1.170455615462322, "com_4_tau1": 0.5494110844233907, "com_4_tau2": 0.5595431046769507, "com_5_tau1": 0.7572573358010958, "com_5_tau2": 0.6763066927095349, "com_6_tau1": 0.8493258389909113, "com_6_tau2": 1.1312968819206013, "com_7_tau1": 0.38992616414529424, "com_7_tau2": -0.1691764912660335, "com_8_tau1": 0.48556118756717925, "com_8_tau2": 0.1107526933702282, "com_9_tau1": 0.3329818636334422, "com_9_tau2": 0.44874188804675796}, "datetime": {"datetime": "2024-04-23 06:34:42", "elapsed": 21390.367274, "delta": 191.425632}}
{"target": 0.9808849308239418, "params": {"com_0_tau1": 0.6950983754078556, "com_0_tau2": 0.50548271045935, "com_10_tau1": 0.6852425716746455, "com_10_tau2": 1.1664146688619452, "com_11_tau1": 0.4832919130307316, "com_11_tau2": 0.6511173986591576, "com_12_tau1": -0.08426850883562609, "com_12_tau2": 0.5739152680727863, "com_13_tau1": 0.6881187349413264, "com_13_tau2": 0.607581165741404, "com_14_tau1": 0.9162595061037426, "com_14_tau2": 1.2097162988691508, "com_1_tau1": 0.024737558273989046, "com_1_tau2": 0.6433339590272379, "com_2_tau1": 0.6258963138340145, "com_2_tau2": 0.5920543421765265, "com_3_tau1": 1.0591399921724824, "com_3_tau2": 1.1748430073210803, "com_4_tau1": 0.04941108442339068, "com_4_tau2": 0.8421386736405816, "com_5_tau1": 0.2572573358010958, "com_5_tau2": 0.7920650352386073, "com_6_tau1": 0.47130569225194135, "com_6_tau2": 0.6312968819206014, "com_7_tau1": 0.34223409713442743, "com_7_tau2": 0.3264346703086714, "com_8_tau1": 0.48556118756717925, "com_8_tau2": 0.1107526933702282, "com_9_tau1": 0.3285905843161826, "com_9_tau2": 0.948741888046758}, "datetime": {"datetime": "2024-04-23 06:37:53", "elapsed": 21581.176765, "delta": 190.809491}}
{"target": 0.9935383786292293, "params": {"com_0_tau1": 0.40078950094505683, "com_0_tau2": 0.534494880098079, "com_10_tau1": 0.6891806275465057, "com_10_tau2": 1.1960122580640218, "com_11_tau1": 0.9832919130307316, "com_11_tau2": 0.15111739865915763, "com_12_tau1": 0.4157314911643739, "com_12_tau2": 0.15197330562979183, "com_13_tau1": 0.27036476923033664, "com_13_tau2": 0.9606817202943916, "com_14_tau1": 0.4296463373416679, "com_14_tau2": 1.213629416848563, "com_1_tau1": 0.024737558273989046, "com_1_tau2": 0.6433339590272379, "com_2_tau1": 0.13211263499222203, "com_2_tau2": 0.5920543421765265, "com_3_tau1": 0.5591399921724824, "com_3_tau2": 0.8719288807299743, "com_4_tau1": 0.5494110844233907, "com_4_tau2": 1.0512016169001184, "com_5_tau1": 0.2572573358010958, "com_5_tau2": 0.5120619556056552, "com_6_tau1": 0.3493258389909113, "com_6_tau2": 0.6312968819206014, "com_7_tau1": 0.38992616414529424, "com_7_tau2": 0.32387024896203087, "com_8_tau1": 0.48556118756717925, "com_8_tau2": 0.5709304071649848, "com_9_tau1": 0.3281381409216916, "com_9_tau2": 0.8730880982118817}, "datetime": {"datetime": "2024-04-23 06:40:56", "elapsed": 21764.572571, "delta": 183.395806}}
{"target": 0.9824044371537219, "params": {"com_0_tau1": 0.40078950094505683, "com_0_tau2": 0.36324354697170624, "com_10_tau1": 0.6927248778311798, "com_10_tau2": 0.6995502368798521, "com_11_tau1": 0.9832919130307316, "com_11_tau2": 0.15111739865915763, "com_12_tau1": -0.016080082474084056, "com_12_tau2": 0.16868343014248643, "com_13_tau1": 0.6881187349413264, "com_13_tau2": 0.9606817202943916, "com_14_tau1": 0.5532543695414228, "com_14_tau2": 1.217151223030034, "com_1_tau1": 0.37194483458866906, "com_1_tau2": 0.6433339590272379, "com_2_tau1": 0.13211263499222203, "com_2_tau2": 0.5920543421765265, "com_3_tau1": 0.5591399921724824, "com_3_tau2": 0.678659068099808, "com_4_tau1": 0.049411084423390705, "com_4_tau2": 0.5512016169001184, "com_5_tau1": 0.2572573358010958, "com_5_tau2": 1.0120619556056552, "com_6_tau1": 0.8368720708433498, "com_6_tau2": 0.6312968819206014, "com_7_tau1": 0.38992616414529424, "com_7_tau2": 0.32387024896203087, "com_8_tau1": 0.48556118756717925, "com_8_tau2": 0.1107526933702282, "com_9_tau1": 0.3281381409216916, "com_9_tau2": 0.948741888046758}, "datetime": {"datetime": "2024-04-23 06:44:07", "elapsed": 21956.040449, "delta": 191.467878}}
{"target": 0.9951322676355566, "params": {"com_0_tau1": 0.8677200189488479, "com_0_tau2": 0.03733300421314013, "com_10_tau1": 0.6959147030873865, "com_10_tau2": 0.978490033373122, "com_11_tau1": 0.9832919130307316, "com_11_tau2": 0.6511173986591576, "com_12_tau1": 0.4157314911643739, "com_12_tau2": 0.5739152680727863, "com_13_tau1": 0.6881187349413264, "com_13_tau2": 0.9606817202943916, "com_14_tau1": 0.9213566061921152, "com_14_tau2": 1.2203208485933579, "com_1_tau1": 0.38658189443418617, "com_1_tau2": 0.6433339590272379, "com_2_tau1": 0.13211263499222203, "com_2_tau2": 0.5920543421765265, "com_3_tau1": 0.5591399921724824, "com_3_tau2": 0.678659068099808, "com_4_tau1": 0.5494110844233907, "com_4_tau2": 1.0512016169001184, "com_5_tau1": 0.7572573358010958, "com_5_tau2": 0.5120619556056552, "com_6_tau1": 0.3493258389909113, "com_6_tau2": 0.6312968819206014, "com_7_tau1": 0.38992616414529424, "com_7_tau2": 0.32387024896203087, "com_8_tau1": 0.48556118756717925, "com_8_tau2": 0.6107526933702282, "com_9_tau1": 0.3281381409216916, "com_9_tau2": 0.44874188804675796}, "datetime": {"datetime": "2024-04-23 06:47:10", "elapsed": 22138.518461, "delta": 182.478012}}
{"target": 0.9937708398799036, "params": {"com_0_tau1": 0.7136139540531973, "com_0_tau2": 0.534494880098079, "com_10_tau1": 0.6987855458179725, "com_10_tau2": 0.7056001806549215, "com_11_tau1": 0.5275903807782936, "com_11_tau2": 0.6511173986591576, "com_12_tau1": 0.4157314911643739, "com_12_tau2": 0.5739152680727863, "com_13_tau1": 0.6881187349413264, "com_13_tau2": 0.9606817202943916, "com_14_tau1": 0.42135660619211524, "com_14_tau2": 1.2231735116003495, "com_1_tau1": 0.02473755827398902, "com_1_tau2": 1.1433339590272378, "com_2_tau1": 0.13390164636922983, "com_2_tau2": 0.5920543421765265, "com_3_tau1": 0.5591399921724824, "com_3_tau2": 1.1786590680998081, "com_4_tau1": 0.5494110844233907, "com_4_tau2": 1.0512016169001184, "com_5_tau1": 0.7572573358010958, "com_5_tau2": 1.0120619556056552, "com_6_tau1": 0.3493258389909113, "com_6_tau2": 0.6312968819206014, "com_7_tau1": 0.38992616414529424, "com_7_tau2": 0.32387024896203087, "com_8_tau1": 0.48556118756717925, "com_8_tau2": 0.6107526933702282, "com_9_tau1": 0.3281381409216916, "com_9_tau2": 0.44874188804675796}, "datetime": {"datetime": "2024-04-23 06:50:15", "elapsed": 22323.914936, "delta": 185.396475}}
{"target": 0.9933195751222595, "params": {"com_0_tau1": 0.9007895009450568, "com_0_tau2": 0.534494880098079, "com_10_tau1": 1.199246260786493, "com_10_tau2": 1.0594599181575923, "com_11_tau1": 0.9832919130307316, "com_11_tau2": 0.6511173986591576, "com_12_tau1": 0.4157314911643739, "com_12_tau2": 0.5739152680727863, "com_13_tau1": 0.18811873494132636, "com_13_tau2": 0.9606817202943916, "com_14_tau1": 0.42135660619211524, "com_14_tau2": 0.725740908306642, "com_1_tau1": 0.02473755827398902, "com_1_tau2": 0.6433339590272379, "com_2_tau1": 0.13211263499222203, "com_2_tau2": 1.0920543421765265, "com_3_tau1": 1.0248692588813364, "com_3_tau2": 1.137192625035951, "com_4_tau1": 0.5494110844233907, "com_4_tau2": 1.0512016169001184, "com_5_tau1": 0.7572573358010958, "com_5_tau2": 0.9245053226511258, "com_6_tau1": 0.6963586898596971, "com_6_tau2": 0.6312968819206014, "com_7_tau1": 0.38992616414529424, "com_7_tau2": 0.32387024896203087, "com_8_tau1": 0.48556118756717925, "com_8_tau2": 0.6107526933702282, "com_9_tau1": 0.3281381409216916, "com_9_tau2": 0.8551845534765738}, "datetime": {"datetime": "2024-04-23 06:53:20", "elapsed": 22509.035157, "delta": 185.120221}}
{"target": 0.9688255629625887, "params": {"com_0_tau1": 0.9007895009450568, "com_0_tau2": 0.03449488009807902, "com_10_tau1": 1.199246260786493, "com_10_tau2": 1.2025254393626048, "com_11_tau1": 0.9832919130307316, "com_11_tau2": 0.6496230078692531, "com_12_tau1": 0.4157314911643739, "com_12_tau2": 0.5739152680727863, "com_13_tau1": 0.5199356125015667, "com_13_tau2": 0.9606817202943916, "com_14_tau1": 0.5255422679734387, "com_14_tau2": 0.8761508764531329, "com_1_tau1": 0.024737558273989046, "com_1_tau2": 0.958781947021196, "com_2_tau1": 0.2957383040923868, "com_2_tau2": 0.5920543421765265, "com_3_tau1": 0.5591399921724824, "com_3_tau2": 1.1786590680998081, "com_4_tau1": 0.5494110844233907, "com_4_tau2": 1.0512016169001184, "com_5_tau1": 0.3023694729849553, "com_5_tau2": 0.5502132525809927, "com_6_tau1": 0.3493258389909113, "com_6_tau2": 0.6312968819206014, "com_7_tau1": -0.11007383585470576, "com_7_tau2": 0.32387024896203087, "com_8_tau1": 0.9855611875671793, "com_8_tau2": 0.3774629879155512, "com_9_tau1": -0.17186185907830842, "com_9_tau2": 0.9013712188188436}, "datetime": {"datetime": "2024-04-23 06:56:40", "elapsed": 22709.044113, "delta": 200.008956}}
{"target": 0.9933620154717145, "params": {"com_0_tau1": 0.8188829948484028, "com_0_tau2": 0.534494880098079, "com_10_tau1": 0.6992462607864931, "com_10_tau2": 0.7125897762236875, "com_11_tau1": 0.9832919130307316, "com_11_tau2": 0.3413087469556151, "com_12_tau1": 0.4157314911643739, "com_12_tau2": 0.5739152680727863, "com_13_tau1": 0.18811873494132636, "com_13_tau2": 0.615622312453551, "com_14_tau1": 0.7601043673528124, "com_14_tau2": 1.2301311566744018, "com_1_tau1": 0.024737558273989046, "com_1_tau2": 0.6433339590272379, "com_2_tau1": 0.13211263499222203, "com_2_tau2": 0.5920543421765265, "com_3_tau1": 1.0591399921724824, "com_3_tau2": 0.678659068099808, "com_4_tau1": 0.5494110844233907, "com_4_tau2": 1.0512016169001184, "com_5_tau1": 0.7572573358010958, "com_5_tau2": 1.0120619556056552, "com_6_tau1": 0.7641252646409356, "com_6_tau2": 0.6312968819206014, "com_7_tau1": 0.38992616414529424, "com_7_tau2": 0.32387024896203087, "com_8_tau1": 0.48556118756717925, "com_8_tau2": 0.6107526933702282, "com_9_tau1": 0.3281381409216916, "com_9_tau2": 0.44874188804675796}, "datetime": {"datetime": "2024-04-23 06:59:41", "elapsed": 22889.826382, "delta": 180.782269}}
{"target": 0.9968861323948124, "params": {"com_0_tau1": 0.40078950094505683, "com_0_tau2": 0.534494880098079, "com_10_tau1": 0.6992462607864931, "com_10_tau2": 0.9761451017386223, "com_11_tau1": 0.8104830346733063, "com_11_tau2": 0.6511173986591576, "com_12_tau1": 0.4157314911643739, "com_12_tau2": 0.5739152680727863, "com_13_tau1": 0.18811873494132636, "com_13_tau2": 0.9606817202943916, "com_14_tau1": 0.5586875389648228, "com_14_tau2": 1.232002788873289, "com_1_tau1": 0.5103595901780552, "com_1_tau2": 0.6433339590272379, "com_2_tau1": 0.13211263499222203, "com_2_tau2": 1.0920543421765265, "com_3_tau1": 0.6051759522451491, "com_3_tau2": 0.678659068099808, "com_4_tau1": 0.292460430206473, "com_4_tau2": 1.0512016169001184, "com_5_tau1": 0.7572573358010958, "com_5_tau2": 0.5120619556056552, "com_6_tau1": 0.3493258389909113, "com_6_tau2": 0.6312968819206014, "com_7_tau1": 0.38992616414529424, "com_7_tau2": 0.32387024896203087, "com_8_tau1": 0.48556118756717925, "com_8_tau2": 0.1107526933702282, "com_9_tau1": 0.3281381409216916, "com_9_tau2": 0.44874188804675796}, "datetime": {"datetime": "2024-04-23 07:02:43", "elapsed": 23071.261938, "delta": 181.435556}}
{"target": 0.9966848720716389, "params": {"com_0_tau1": 0.36909819570764235, "com_0_tau2": 0.784494880098079, "com_10_tau1": 0.4492462607864931, "com_10_tau2": 0.7231767374027656, "com_11_tau1": 0.5604830346733063, "com_11_tau2": 0.45071395121140456, "com_12_tau1": 0.6657314911643739, "com_12_tau2": 0.7000396117344787, "com_13_tau1": 0.43811873494132636, "com_13_tau2": 1.0015596940162832, "com_14_tau1": 0.8086875389648228, "com_14_tau2": 1.25, "com_1_tau1": 0.5596362802492515, "com_1_tau2": 0.44928533206567617, "com_2_tau1": 0.38211263499222203, "com_2_tau2": 0.75, "com_3_tau1": 0.4097638884595965, "com_3_tau2": 0.428659068099808, "com_4_tau1": 0.542460430206473, "com_4_tau2": 0.7698159289215619, "com_5_tau1": 0.6527547932996053, "com_5_tau2": 0.26206195560565515, "com_6_tau1": 0.21714493036945298, "com_6_tau2": 0.3812968819206014, "com_7_tau1": 0.6399261641452942, "com_7_tau2": 0.5738702489620309, "com_8_tau1": 0.23556118756717928, "com_8_tau2": 0.3607526933702282, "com_9_tau1": 0.5781381409216916, "com_9_tau2": 0.2258984265765171}, "datetime": {"datetime": "2024-04-23 07:05:44", "elapsed": 23252.162762, "delta": 180.900824}}
