{"target": 0.9706199302112399, "params": {"com_0_tau1": 0.27158602854596914, "com_0_tau2": 0.17708363608104494, "com_10_tau1": 0.7532313841496486, "com_10_tau2": 0.7374641459464822, "com_11_tau1": 0.1496665142180662, "com_11_tau2": 0.7015319006796132, "com_12_tau1": 0.8531716930582213, "com_12_tau2": 0.010705129864134855, "com_13_tau1": 0.8187341190900462, "com_13_tau2": 0.7727034214423194, "com_14_tau1": 0.8418059719401628, "com_14_tau2": 0.22294785856551447, "com_1_tau1": 0.7573770840336594, "com_1_tau2": 0.6462953776008497, "com_2_tau1": 0.6860371398973822, "com_2_tau2": 0.5283287805764036, "com_3_tau1": 0.7415903807740007, "com_3_tau2": 0.6398107661416166, "com_4_tau1": 0.8878117320930917, "com_4_tau2": 0.2774222653081685, "com_5_tau1": 0.4770905088974957, "com_5_tau2": 0.16165899119498284, "com_6_tau1": 0.5915088977832795, "com_6_tau2": 0.837064694176699, "com_7_tau1": 0.06730776624664891, "com_7_tau2": 0.08451464328972835, "com_8_tau1": 0.8510194637526707, "com_8_tau2": 0.5895899828677176, "com_9_tau1": 0.8543579879046368, "com_9_tau2": 0.7828240351532615}, "datetime": {"datetime": "2024-04-23 01:33:57", "elapsed": 3346.094566, "delta": 192.614462}}
{"target": 0.9926917099373277, "params": {"com_0_tau1": 0.3299796787431528, "com_0_tau2": 0.26632467920073155, "com_10_tau1": 0.09717669363826942, "com_10_tau2": 0.982717632199595, "com_11_tau1": 0.11368109714241204, "com_11_tau2": 0.23428072055603566, "com_12_tau1": 0.9135864776131013, "com_12_tau2": 0.4541120579996277, "com_13_tau1": 0.009767984878635949, "com_13_tau2": 0.8720288515562956, "com_14_tau1": 0.9738987680174074, "com_14_tau2": 0.7984638932766447, "com_1_tau1": 0.6563326570996095, "com_1_tau2": 0.4419390904541818, "com_2_tau1": 0.384934562662371, "com_2_tau2": 0.6400640150635806, "com_3_tau1": 0.20685783520344359, "com_3_tau2": 0.2330274071883448, "com_4_tau1": 0.31162801021825404, "com_4_tau2": 0.29838460198284644, "com_5_tau1": 0.5797322045177183, "com_5_tau2": 0.4083246159277739, "com_6_tau1": 0.5521363830329554, "com_6_tau2": 0.18779078163419793, "com_7_tau1": 0.3319430035510952, "com_7_tau2": 0.852198226871506, "com_8_tau1": 0.5691574807482801, "com_8_tau2": 0.018208617432208807, "com_9_tau1": 0.8536836401154753, "com_9_tau2": 0.2773793731452344}, "datetime": {"datetime": "2024-04-23 01:36:56", "elapsed": 3524.624303, "delta": 178.529737}}
{"target": 0.9712632992450003, "params": {"com_0_tau1": 0.795751599057623, "com_0_tau2": 0.20299644592234467, "com_10_tau1": 0.06752745919908454, "com_10_tau2": 0.15500660538258537, "com_11_tau1": 0.004209771753065139, "com_11_tau2": 0.08346177695584689, "com_12_tau1": 0.8006109040350572, "com_12_tau2": 0.7503826899154868, "com_13_tau1": 0.9363284961338899, "com_13_tau2": 0.3375844898113153, "com_14_tau1": 0.22622293167693786, "com_14_tau2": 0.5794389835153037, "com_1_tau1": 0.6888468968742344, "com_1_tau2": 0.5209771633828685, "com_2_tau1": 0.10003435889388723, "com_2_tau2": 0.5258202851415491, "com_3_tau1": 0.9717232621622413, "com_3_tau2": 0.5957314641326772, "com_4_tau1": 0.9194887658332301, "com_4_tau2": 0.4672478692204214, "com_5_tau1": 0.8099379407907908, "com_5_tau2": 0.16464968201781272, "com_6_tau1": 0.25202417464897053, "com_6_tau2": 0.9932710997936983, "com_7_tau1": 0.7202541329754225, "com_7_tau2": 0.6802988688798951, "com_8_tau1": 0.6676015882861333, "com_8_tau2": 0.18143661476862571, "com_9_tau1": 0.6198370517449707, "com_9_tau2": 0.6411340299836287}, "datetime": {"datetime": "2024-04-23 01:40:07", "elapsed": 3715.806955, "delta": 191.182652}}
{"target": 0.9737639073393083, "params": {"com_0_tau1": 0.24754236465282398, "com_0_tau2": 0.9146821004583672, "com_10_tau1": 0.37346128230608333, "com_10_tau2": 0.9520665011273682, "com_11_tau1": 0.5054888116355243, "com_11_tau2": 0.07256717775619503, "com_12_tau1": 0.9397426189144689, "com_12_tau2": 0.5514269045779444, "com_13_tau1": 0.04023695899380142, "com_13_tau2": 0.47227133106281516, "com_14_tau1": 0.11392203290676028, "com_14_tau2": 0.27938823125974366, "com_1_tau1": 0.34652752094415906, "com_1_tau2": 0.8781986823266167, "com_2_tau1": 0.4496404766608292, "com_2_tau2": 0.255510393630334, "com_3_tau1": 0.47982140533565165, "com_3_tau2": 0.47698623093104864, "com_4_tau1": 0.034296578246626575, "com_4_tau2": 0.44326931544565307, "com_5_tau1": 0.9702981145861086, "com_5_tau2": 0.1391853962185976, "com_6_tau1": 0.7956347292093081, "com_6_tau2": 0.5746268166189702, "com_7_tau1": 0.5565121366871142, "com_7_tau2": 0.4692142539072188, "com_8_tau1": 0.519489246257453, "com_8_tau2": 0.008981498490846618, "com_9_tau1": 0.6373023855888376, "com_9_tau2": 0.9586349868186652}, "datetime": {"datetime": "2024-04-23 01:43:19", "elapsed": 3907.139443, "delta": 191.332488}}
{"target": 0.9912278056769763, "params": {"com_0_tau1": 0.7315108811511447, "com_0_tau2": 0.8365147818788623, "com_10_tau1": 0.8562351133493616, "com_10_tau2": 0.8039822882949345, "com_11_tau1": 0.374660775682486, "com_11_tau2": 0.49869610112426677, "com_12_tau1": 0.5130912160408121, "com_12_tau2": 0.17938694153472656, "com_13_tau1": 0.5422500473668777, "com_13_tau2": 0.1130844218967576, "com_14_tau1": 0.30750776515560785, "com_14_tau2": 0.7026102154565134, "com_1_tau1": 0.26973784336445383, "com_1_tau2": 0.45309340008074295, "com_2_tau1": 0.1795529266493746, "com_2_tau2": 0.22526820492953892, "com_3_tau1": 0.1320675841747675, "com_3_tau2": 0.25998108275783494, "com_4_tau1": 0.7242467998974026, "com_4_tau2": 0.3125759166146078, "com_5_tau1": 0.4495032893534108, "com_5_tau2": 0.7603798836733047, "com_6_tau1": 0.10784518894774653, "com_6_tau2": 0.35997256696217794, "com_7_tau1": 0.7367718447622597, "com_7_tau2": 0.8098392247389862, "com_8_tau1": 0.589378051456118, "com_8_tau2": 0.9012600411226638, "com_9_tau1": 0.5936681360885333, "com_9_tau2": 0.49267561346642574}, "datetime": {"datetime": "2024-04-23 01:46:18", "elapsed": 4086.662405, "delta": 179.522962}}
{"target": 0.955759433233024, "params": {"com_0_tau1": 0.15899606666959154, "com_0_tau2": 0.009368918299713314, "com_10_tau1": 0.3133344352905709, "com_10_tau2": 0.43642476991414036, "com_11_tau1": 0.673654583277845, "com_11_tau2": 0.9716202043506941, "com_12_tau1": 0.4098271994245284, "com_12_tau2": 0.06295481922532475, "com_13_tau1": 0.9821113235684403, "com_13_tau2": 0.6152629597195006, "com_14_tau1": 0.6781903921897875, "com_14_tau2": 0.2314866696708201, "com_1_tau1": 0.1305597331302487, "com_1_tau2": 0.8838609023071571, "com_2_tau1": 0.7594259232271809, "com_2_tau2": 0.7057239465219128, "com_3_tau1": 0.869547069700746, "com_3_tau2": 0.6628969568386818, "com_4_tau1": 0.593946784717338, "com_4_tau2": 0.5803335386579883, "com_5_tau1": 0.850890388655482, "com_5_tau2": 0.04877688631708943, "com_6_tau1": 0.3838016747195869, "com_6_tau2": 0.4783315020493837, "com_7_tau1": 0.5942854107685008, "com_7_tau2": 0.41093281349511424, "com_8_tau1": 0.6017721071869786, "com_8_tau2": 0.9204090932763552, "com_9_tau1": 0.19421441334353906, "com_9_tau2": 0.8287779992532616}, "datetime": {"datetime": "2024-04-23 01:49:38", "elapsed": 4286.593056, "delta": 199.930651}}
{"target": 0.967937024859648, "params": {"com_0_tau1": 0.5453478861483112, "com_0_tau2": 0.1413361690638727, "com_10_tau1": 0.01784369133754027, "com_10_tau2": 0.5547744714791568, "com_11_tau1": 0.5664966819751139, "com_11_tau2": 0.9495524727722461, "com_12_tau1": 0.6996982746191962, "com_12_tau2": 0.5371570235428507, "com_13_tau1": 0.9776448656025871, "com_13_tau2": 0.5025470264667028, "com_14_tau1": 0.3107458060299142, "com_14_tau2": 0.3860259560932643, "com_1_tau1": 0.6319693572052357, "com_1_tau2": 0.13969121283048924, "com_2_tau1": 0.296964945463874, "com_2_tau2": 0.44867773743800776, "com_3_tau1": 0.27315273608272295, "com_3_tau2": 0.2813355781550261, "com_4_tau1": 0.790791641123793, "com_4_tau2": 0.5064019548826166, "com_5_tau1": 0.2223066530598864, "com_5_tau2": 0.8791902956919501, "com_6_tau1": 0.002265539952170159, "com_6_tau2": 0.6722824302968518, "com_7_tau1": 0.9308011637174821, "com_7_tau2": 0.06931165053556798, "com_8_tau1": 0.8730686502032898, "com_8_tau2": 0.4905882166883211, "com_9_tau1": 0.2446186742504337, "com_9_tau2": 0.6504005232147863}, "datetime": {"datetime": "2024-04-23 01:52:55", "elapsed": 4483.520781, "delta": 196.927725}}
{"target": 0.9722415284570755, "params": {"com_0_tau1": 0.8781853318663453, "com_0_tau2": 0.05946082763252947, "com_10_tau1": 0.5947033398657746, "com_10_tau2": 0.37103294746602755, "com_11_tau1": 0.3312115144989144, "com_11_tau2": 0.08066097688079688, "com_12_tau1": 0.537021025436098, "com_12_tau2": 0.5709337390570581, "com_13_tau1": 0.07997036036463767, "com_13_tau2": 0.5084753534279502, "com_14_tau1": 0.6848775936706344, "com_14_tau2": 0.08772562711258336, "com_1_tau1": 0.4084785626411733, "com_1_tau2": 0.37365421240335805, "com_2_tau1": 0.5287173010839944, "com_2_tau2": 0.2098152503050954, "com_3_tau1": 0.47384355468463757, "com_3_tau2": 0.0962800176178783, "com_4_tau1": 0.16985492223234977, "com_4_tau2": 0.49129726778049176, "com_5_tau1": 0.08783320378121107, "com_5_tau2": 0.793328202951813, "com_6_tau1": 0.5847614242370447, "com_6_tau2": 0.9717884146174043, "com_7_tau1": 0.4701160700866095, "com_7_tau2": 0.9102715038733329, "com_8_tau1": 0.6495724286966195, "com_8_tau2": 0.23112085850014985, "com_9_tau1": 0.9247711438819018, "com_9_tau2": 0.6190770671884221}, "datetime": {"datetime": "2024-04-23 01:56:04", "elapsed": 4672.529064, "delta": 189.008283}}
{"target": 0.9958373523033264, "params": {"com_0_tau1": 0.38273164758299727, "com_0_tau2": 0.5682529957790197, "com_10_tau1": 0.5620791887722595, "com_10_tau2": 0.950527181694084, "com_11_tau1": 0.1237911642331595, "com_11_tau2": 0.918443946581227, "com_12_tau1": 0.9512707339077836, "com_12_tau2": 0.1261130299697727, "com_13_tau1": 0.9188678994392918, "com_13_tau2": 0.9157111408758558, "com_14_tau1": 0.945309920602613, "com_14_tau2": 0.9718342517590184, "com_1_tau1": 0.1853754903959255, "com_1_tau2": 0.14897474490192897, "com_2_tau1": 0.502346827738771, "com_2_tau2": 0.9789793241138809, "com_3_tau1": 0.5544457607149303, "com_3_tau2": 0.8957088682517147, "com_4_tau1": 0.39084183022035357, "com_4_tau2": 0.26110270162172744, "com_5_tau1": 0.23189240916100062, "com_5_tau2": 0.6188267487510715, "com_6_tau1": 0.43658023633138465, "com_6_tau2": 0.1427514072039382, "com_7_tau1": 0.06442929871774328, "com_7_tau2": 0.7006190081300893, "com_8_tau1": 0.8014818061470231, "com_8_tau2": 0.7568780525006682, "com_9_tau1": 0.7388240579912216, "com_9_tau2": 0.7111384244468135}, "datetime": {"datetime": "2024-04-23 01:59:00", "elapsed": 4848.664618, "delta": 176.135554}}
{"target": 0.9750443862880969, "params": {"com_0_tau1": 0.08351881754613577, "com_0_tau2": 0.27686711649386087, "com_10_tau1": 0.21073691412355877, "com_10_tau2": 0.20049351582767494, "com_11_tau1": 0.6684227909789122, "com_11_tau2": 0.5059812813589623, "com_12_tau1": 0.9380931206469456, "com_12_tau2": 0.44754929385228825, "com_13_tau1": 0.0649659464163822, "com_13_tau2": 0.1410865589401007, "com_14_tau1": 0.7450082159979322, "com_14_tau2": 0.20689843616989345, "com_1_tau1": 0.9936815954443998, "com_1_tau2": 0.11256226725619334, "com_2_tau1": 0.0338994822109977, "com_2_tau2": 0.29046654179968134, "com_3_tau1": 0.09572609959653033, "com_3_tau2": 0.18019221817413833, "com_4_tau1": 0.6519206916242714, "com_4_tau2": 0.15594326979398054, "com_5_tau1": 0.3434865533930459, "com_5_tau2": 0.9087169289183648, "com_6_tau1": 0.16886590500308163, "com_6_tau2": 0.6427284927357988, "com_7_tau1": 0.8977147747143326, "com_7_tau2": 0.15756199311198693, "com_8_tau1": 0.8046792547595233, "com_8_tau2": 0.9914973952505971, "com_9_tau1": 0.6412588846440327, "com_9_tau2": 0.2888706807410457}, "datetime": {"datetime": "2024-04-23 02:02:10", "elapsed": 5038.146965, "delta": 189.482347}}
{"target": 0.9726929983115998, "params": {"com_0_tau1": 0.6190174369695167, "com_0_tau2": 0.9173035221845892, "com_10_tau1": 0.08864945773375577, "com_10_tau2": 0.40132835006995815, "com_11_tau1": 0.44629734136202726, "com_11_tau2": 0.9793722649380638, "com_12_tau1": 0.3599284112062029, "com_12_tau2": 0.7955923490546141, "com_13_tau1": 0.3746797060908029, "com_13_tau2": 0.1756768262369961, "com_14_tau1": 0.7635483906856704, "com_14_tau2": 0.1251349198006657, "com_1_tau1": 0.2780543679991433, "com_1_tau2": 0.6152869567232081, "com_2_tau1": 0.864745035328006, "com_2_tau2": 0.10295213491631872, "com_3_tau1": 0.04363547911163612, "com_3_tau2": 0.9235112170207403, "com_4_tau1": 0.3638986476342314, "com_4_tau2": 0.2495075587850878, "com_5_tau1": 0.03196143586982736, "com_5_tau2": 0.9289152867181175, "com_6_tau1": 0.8361415825071487, "com_6_tau2": 0.5712917229034794, "com_7_tau1": 0.9255238414034229, "com_7_tau2": 0.38885621425621797, "com_8_tau1": 0.5471546297736662, "com_8_tau2": 0.529422451299698, "com_9_tau1": 0.13357767001584564, "com_9_tau2": 0.3793393118057383}, "datetime": {"datetime": "2024-04-23 02:05:18", "elapsed": 5226.956857, "delta": 188.809892}}
{"target": 0.951158354436026, "params": {"com_0_tau1": 0.13017105186790878, "com_0_tau2": 0.3851050412560665, "com_10_tau1": 0.27836083927037103, "com_10_tau2": 0.22823247987164463, "com_11_tau1": 0.1299117740135053, "com_11_tau2": 0.988508805302863, "com_12_tau1": 0.7880056098585068, "com_12_tau2": 0.5209120907787034, "com_13_tau1": 0.16418415722667912, "com_13_tau2": 0.6051323036178443, "com_14_tau1": 0.9828769802080353, "com_14_tau2": 0.7720526515007355, "com_1_tau1": 0.07128673062377522, "com_1_tau2": 0.6845002005864685, "com_2_tau1": 0.008863570134341359, "com_2_tau2": 0.5871531649382109, "com_3_tau1": 0.7455085632076552, "com_3_tau2": 0.5489405932213016, "com_4_tau1": 0.2858394696092621, "com_4_tau2": 0.4727299414385914, "com_5_tau1": 0.8069562464028617, "com_5_tau2": 0.1525131862716549, "com_6_tau1": 0.9976741099631242, "com_6_tau2": 0.4644356781873067, "com_7_tau1": 0.21422993416366132, "com_7_tau2": 0.0028349133813055927, "com_8_tau1": 0.603770057285472, "com_8_tau2": 0.4556136621188267, "com_9_tau1": 0.22707491355758014, "com_9_tau2": 0.8124392954921954}, "datetime": {"datetime": "2024-04-23 02:08:41", "elapsed": 5429.643554, "delta": 202.686697}}
{"target": 0.9810536995933017, "params": {"com_0_tau1": 0.7745336967397137, "com_0_tau2": 0.1400066354620091, "com_10_tau1": 0.8882831106910999, "com_10_tau2": 0.9977567346326665, "com_11_tau1": 0.3010922896475474, "com_11_tau2": 0.3027847806757785, "com_12_tau1": 0.937087344690949, "com_12_tau2": 0.901965712136579, "com_13_tau1": 0.7688890691418749, "com_13_tau2": 0.14484613314524397, "com_14_tau1": 0.393116931208649, "com_14_tau2": 0.43878876970516933, "com_1_tau1": 0.7310892061112937, "com_1_tau2": 0.7626556952463739, "com_2_tau1": 0.2115056467418066, "com_2_tau2": 0.8836112771092131, "com_3_tau1": 0.6856663361543159, "com_3_tau2": 0.6641806411465379, "com_4_tau1": 0.9288332791067601, "com_4_tau2": 0.11873423933395988, "com_5_tau1": 0.1522217566897497, "com_5_tau2": 0.40291801519942794, "com_6_tau1": 0.6390523080419188, "com_6_tau2": 0.6244253618590281, "com_7_tau1": 0.8914625334838367, "com_7_tau2": 0.02456804251718958, "com_8_tau1": 0.7638143407170908, "com_8_tau2": 0.20016983698051904, "com_9_tau1": 0.7812669930320442, "com_9_tau2": 0.9429363984351916}, "datetime": {"datetime": "2024-04-23 02:11:46", "elapsed": 5615.103464, "delta": 185.45991}}
{"target": 0.9631327946618476, "params": {"com_0_tau1": 0.36419646079807955, "com_0_tau2": 0.5374393419581, "com_10_tau1": 0.9803759225317854, "com_10_tau2": 0.15856983081987797, "com_11_tau1": 0.9777943224063554, "com_11_tau2": 0.9937095633135935, "com_12_tau1": 0.9594681146333178, "com_12_tau2": 0.2916282659948982, "com_13_tau1": 0.28485027030266363, "com_13_tau2": 0.4391854412780265, "com_14_tau1": 0.20301594954458435, "com_14_tau2": 0.6168320028790634, "com_1_tau1": 0.8135195721692814, "com_1_tau2": 0.919717405929938, "com_2_tau1": 0.7361878557606669, "com_2_tau2": 0.6463890602426343, "com_3_tau1": 0.8449362183484314, "com_3_tau2": 0.49167210182372556, "com_4_tau1": 0.4227886621918443, "com_4_tau2": 0.002799974114371717, "com_5_tau1": 0.19503803374603368, "com_5_tau2": 0.18303421292339883, "com_6_tau1": 0.27851578135062816, "com_6_tau2": 0.04879648852212837, "com_7_tau1": 0.082276123226116, "com_7_tau2": 0.9461193611103963, "com_8_tau1": 0.20425943257040702, "com_8_tau2": 0.3706056315831797, "com_9_tau1": 0.4347178477602637, "com_9_tau2": 0.43772334721652173}, "datetime": {"datetime": "2024-04-23 02:15:02", "elapsed": 5811.000269, "delta": 195.896805}}
{"target": 0.9893648623126585, "params": {"com_0_tau1": 0.8533775158229711, "com_0_tau2": 0.8328555879569157, "com_10_tau1": 0.4468555488636743, "com_10_tau2": 0.8423300836367148, "com_11_tau1": 0.26318592351509873, "com_11_tau2": 0.8247724520857673, "com_12_tau1": 0.33437055625092593, "com_12_tau2": 0.019267153093826206, "com_13_tau1": 0.9037601672561419, "com_13_tau2": 0.5013409015284903, "com_14_tau1": 0.235761416000541, "com_14_tau2": 0.9612857040894606, "com_1_tau1": 0.9971057779858151, "com_1_tau2": 0.05707525697663274, "com_2_tau1": 0.19824893755773765, "com_2_tau2": 0.857144069853439, "com_3_tau1": 0.0968128827975, "com_3_tau2": 0.44097901476377765, "com_4_tau1": 0.6913281011145467, "com_4_tau2": 0.7536547230830495, "com_5_tau1": 0.9342128392927087, "com_5_tau2": 0.016678637816514907, "com_6_tau1": 0.4572708438140408, "com_6_tau2": 0.7787150752813368, "com_7_tau1": 0.08082267790607, "com_7_tau2": 0.5123783004423447, "com_8_tau1": 0.7850400360900527, "com_8_tau2": 0.7370641739896208, "com_9_tau1": 0.86818349988867, "com_9_tau2": 0.22582837312635473}, "datetime": {"datetime": "2024-04-23 02:18:04", "elapsed": 5992.74834, "delta": 181.748071}}
{"target": 0.9797705964627604, "params": {"com_0_tau1": 0.2677207029074321, "com_0_tau2": 0.9673894828953068, "com_10_tau1": 0.7953196485948074, "com_10_tau2": 0.21510240886764875, "com_11_tau1": 0.3630875401509701, "com_11_tau2": 0.20389781588583922, "com_12_tau1": 0.5335879986507439, "com_12_tau2": 0.2315842164003864, "com_13_tau1": 0.7880004529667233, "com_13_tau2": 0.28279980858741327, "com_14_tau1": 0.5998787878516767, "com_14_tau2": 0.2518718770908933, "com_1_tau1": 0.8308407873264784, "com_1_tau2": 0.28336398571510835, "com_2_tau1": 0.6025220939902024, "com_2_tau2": 0.4505583452392292, "com_3_tau1": 0.09181119686317285, "com_3_tau2": 0.22694875756648258, "com_4_tau1": 0.19149647438357675, "com_4_tau2": 0.1969541447341726, "com_5_tau1": 0.72170288499661, "com_5_tau2": 0.3382918702313821, "com_6_tau1": 0.04845777585319333, "com_6_tau2": 0.9668927358674263, "com_7_tau1": 0.6233247986371593, "com_7_tau2": 0.9415725977592344, "com_8_tau1": 0.7214932219203714, "com_8_tau2": 0.43890469849613734, "com_9_tau1": 0.29070162802875255, "com_9_tau2": 0.5416146227967079}, "datetime": {"datetime": "2024-04-23 02:21:11", "elapsed": 6179.930594, "delta": 187.182254}}
{"target": 0.9955442770102767, "params": {"com_0_tau1": 0.4634518486146121, "com_0_tau2": 0.9137261275009652, "com_10_tau1": 0.37491905936935943, "com_10_tau2": 0.5478725503700513, "com_11_tau1": 0.7479902539138554, "com_11_tau2": 0.7800551099383893, "com_12_tau1": 0.04569287936999633, "com_12_tau2": 0.6897386161538098, "com_13_tau1": 0.7584064945734482, "com_13_tau2": 0.7584948047184814, "com_14_tau1": 0.870751025586954, "com_14_tau2": 0.7646403196850262, "com_1_tau1": 0.6766378226195631, "com_1_tau2": 0.967066047950813, "com_2_tau1": 0.1917412341255994, "com_2_tau2": 0.3311152295264528, "com_3_tau1": 0.6896520107736366, "com_3_tau2": 0.5786253927886995, "com_4_tau1": 0.8476629133168733, "com_4_tau2": 0.9578777443137237, "com_5_tau1": 0.5831895090102741, "com_5_tau2": 0.2698745887279955, "com_6_tau1": 0.30400218345995245, "com_6_tau2": 0.8291523896151936, "com_7_tau1": 0.47118367855221244, "com_7_tau2": 0.6465936915853755, "com_8_tau1": 0.8692198005785436, "com_8_tau2": 0.4686826466544848, "com_9_tau1": 0.7783420523035111, "com_9_tau2": 0.7109613031436908}, "datetime": {"datetime": "2024-04-23 02:24:09", "elapsed": 6357.312147, "delta": 177.381553}}
{"target": 0.9920727440359204, "params": {"com_0_tau1": 0.9581128514450683, "com_0_tau2": 0.8944982574817403, "com_10_tau1": 0.20799858426510442, "com_10_tau2": 0.3781530952533738, "com_11_tau1": 0.3545845178155015, "com_11_tau2": 0.8303863803866965, "com_12_tau1": 0.8222788863140044, "com_12_tau2": 0.4299178937835314, "com_13_tau1": 0.6868662531610598, "com_13_tau2": 0.8011228548395213, "com_14_tau1": 0.5380300870465081, "com_14_tau2": 0.5611242126079728, "com_1_tau1": 0.2499576859033642, "com_1_tau2": 0.9314313877037205, "com_2_tau1": 0.04264231846052402, "com_2_tau2": 0.8733549112196097, "com_3_tau1": 0.5031888375316819, "com_3_tau2": 0.7746118885073368, "com_4_tau1": 0.10524523271424446, "com_4_tau2": 0.33847334489466396, "com_5_tau1": 0.5475240146958794, "com_5_tau2": 0.9237218125424027, "com_6_tau1": 0.6255172932344544, "com_6_tau2": 0.6909764928056221, "com_7_tau1": 0.9417439103613175, "com_7_tau2": 0.0665347606104264, "com_8_tau1": 0.6794042344282671, "com_8_tau2": 0.9270788655488376, "com_9_tau1": 0.9789285983853989, "com_9_tau2": 0.9922307924590018}, "datetime": {"datetime": "2024-04-23 02:27:08", "elapsed": 6536.383538, "delta": 179.071391}}
