{"target": 0.9031703294314878, "params": {"com_0_tau1": 0.6891557315232433, "com_0_tau2": 0.2387968861112145, "com_10_tau1": 0.2539626350707413, "com_10_tau2": 0.621968869393532, "com_11_tau1": 0.0692641999930303, "com_11_tau2": 0.5827387796247258, "com_12_tau1": 0.4092470660060681, "com_12_tau2": 0.08382177402671019, "com_13_tau1": 0.39028040264063885, "com_13_tau2": 0.619712611322011, "com_14_tau1": 0.40304368315216743, "com_14_tau2": 0.257439027659169, "com_15_tau1": 0.047419882909412646, "com_15_tau2": 1.2476998662241128, "com_16_tau1": 0.6241996576497321, "com_16_tau2": 0.3434759473874125, "com_17_tau1": 0.40371694063111735, "com_17_tau2": 0.5208000191809339, "com_18_tau1": 0.012297228602590637, "com_18_tau2": 0.6511634319269932, "com_19_tau1": 0.9552229125502182, "com_19_tau2": 1.0209843944709087, "com_1_tau1": 0.12396712827054333, "com_1_tau2": 0.7818105350907746, "com_20_tau1": 0.9844802547617557, "com_20_tau2": 0.8636364209892132, "com_21_tau1": 0.0879361888131881, "com_21_tau2": 0.18897699027877612, "com_22_tau1": 1.0651771307133495, "com_22_tau2": 0.8295332522906262, "com_2_tau1": -0.17930452461065335, "com_2_tau2": 0.32464400704975854, "com_3_tau1": 0.32638612840228753, "com_3_tau2": 0.6374631856980136, "com_4_tau1": 0.30648500986004745, "com_4_tau2": 0.6693274274368662, "com_5_tau1": 1.0534394682235584, "com_5_tau2": 0.16167428782886473, "com_6_tau1": 0.9491533957300281, "com_6_tau2": 0.2559796973774806, "com_7_tau1": 1.108660680924268, "com_7_tau2": 0.13951886526259016, "com_8_tau1": -0.05990940101575781, "com_8_tau2": 0.2175602993598994, "com_9_tau1": 0.34252022379132724, "com_9_tau2": 0.1114649650381274}, "datetime": {"datetime": "2024-08-22 06:17:08", "elapsed": 15432.810517, "delta": 111.251789}}
{"target": 0.9104444905837178, "params": {"com_0_tau1": 0.7532913255384436, "com_0_tau2": 0.4992667004435007, "com_10_tau1": 0.3304350453177083, "com_10_tau2": 0.621968869393532, "com_11_tau1": 0.17220919631598913, "com_11_tau2": 0.5827387796247258, "com_12_tau1": 0.4092470660060681, "com_12_tau2": 0.10573036640726748, "com_13_tau1": 0.41113152952140514, "com_13_tau2": 0.619712611322011, "com_14_tau1": 0.3349339776726553, "com_14_tau2": 0.39466012966340536, "com_15_tau1": 0.16645684544412706, "com_15_tau2": 1.1744451659114916, "com_16_tau1": 0.7666826560296603, "com_16_tau2": 0.4270462935486024, "com_17_tau1": 0.41911001502095707, "com_17_tau2": 0.3697060434770242, "com_18_tau1": 0.012297228602590637, "com_18_tau2": 0.6511634319269932, "com_19_tau1": 0.9649857349309565, "com_19_tau2": 0.9665025769651732, "com_1_tau1": 0.059367139727316214, "com_1_tau2": 0.8813125628959961, "com_20_tau1": 0.9344708412881033, "com_20_tau2": 1.1047630757329108, "com_21_tau1": 0.0879361888131881, "com_21_tau2": 0.18897699027877612, "com_22_tau1": 1.0029837410228348, "com_22_tau2": 0.7437227107597477, "com_2_tau1": -0.20424055837223698, "com_2_tau2": 0.15656035165537163, "com_3_tau1": 0.41334175086343883, "com_3_tau2": 0.7704594333368334, "com_4_tau1": 0.30648500986004745, "com_4_tau2": 0.9090952554543426, "com_5_tau1": 0.9553991413710957, "com_5_tau2": 0.22752502591471443, "com_6_tau1": 0.9549120476637795, "com_6_tau2": 0.3588972934544813, "com_7_tau1": 1.108660680924268, "com_7_tau2": 0.13951886526259016, "com_8_tau1": -0.05990940101575781, "com_8_tau2": 0.20954430499837587, "com_9_tau1": 0.3348903280874068, "com_9_tau2": 0.11178144551891106}, "datetime": {"datetime": "2024-08-22 06:18:54", "elapsed": 15538.366366, "delta": 105.555849}}
{"target": 0.8494967249253218, "params": {"com_0_tau1": 0.8807429760046335, "com_0_tau2": 0.06864917363571538, "com_10_tau1": 0.2512221435942011, "com_10_tau2": 0.480270936197453, "com_11_tau1": -0.023790739036946673, "com_11_tau2": 0.17072282446239567, "com_12_tau1": 0.22734065765385814, "com_12_tau2": -0.09081242330713174, "com_13_tau1": 0.09659002147398804, "com_13_tau2": 0.6484862698034441, "com_14_tau1": 0.46273642558114697, "com_14_tau2": 0.1584209054481665, "com_15_tau1": -0.031894102515329814, "com_15_tau2": 1.1844113504616447, "com_16_tau1": 0.7076575907307877, "com_16_tau2": 0.28745523973087156, "com_17_tau1": 0.05041349667778433, "com_17_tau2": 0.4669620915726112, "com_18_tau1": 0.11876781893902316, "com_18_tau2": 0.8115253178986089, "com_19_tau1": 1.0981701457601065, "com_19_tau2": 1.18576764553623, "com_1_tau1": -0.21774265841674073, "com_1_tau2": 0.6418904366657446, "com_20_tau1": 0.6401513128295995, "com_20_tau2": 0.8863744229672788, "com_21_tau1": 0.4519012174582851, "com_21_tau2": 0.501174839766509, "com_22_tau1": 0.9811945076721161, "com_22_tau2": 0.8812775842520209, "com_2_tau1": -0.12248029271824701, "com_2_tau2": 0.3152973493832069, "com_3_tau1": 0.5366712991275375, "com_3_tau2": 0.7676538033041225, "com_4_tau1": 0.6795745076302335, "com_4_tau2": 0.7175182133924842, "com_5_tau1": 0.9031215600015989, "com_5_tau2": 0.5373803730614128, "com_6_tau1": 0.9217466742333444, "com_6_tau2": 0.13449746181634947, "com_7_tau1": 0.7343622780557469, "com_7_tau2": 0.4957392164682004, "com_8_tau1": 0.3455147884325025, "com_8_tau2": -0.046080661379013343, "com_9_tau1": 0.43605922767605365, "com_9_tau2": -0.227640164164993}, "datetime": {"datetime": "2024-08-22 06:20:54", "elapsed": 15658.715196, "delta": 120.34883}}
{"target": 0.8825604864927428, "params": {"com_0_tau1": 0.9579146862595938, "com_0_tau2": 0.1536265625523074, "com_10_tau1": 0.15719571464009097, "com_10_tau2": 0.5233735147666063, "com_11_tau1": -0.05962988266596325, "com_11_tau2": 0.3336949176018829, "com_12_tau1": -0.00608452010808741, "com_12_tau2": 0.03445254012796045, "com_13_tau1": 0.4836399060156819, "com_13_tau2": 0.9445021970234815, "com_14_tau1": 0.5416134696186887, "com_14_tau2": 0.12610490093841004, "com_15_tau1": 0.28067085730684144, "com_15_tau2": 0.8019993308910955, "com_16_tau1": 0.6379518232149759, "com_16_tau2": 0.3807815431804969, "com_17_tau1": 0.3353681825565418, "com_17_tau2": 0.3083009616044818, "com_18_tau1": 0.10584271912870419, "com_18_tau2": 0.7780543923247086, "com_19_tau1": 0.8708372606283434, "com_19_tau2": 0.9072969578016585, "com_1_tau1": 0.141338172632683, "com_1_tau2": 1.0132161674251146, "com_20_tau1": 0.7929795871361176, "com_20_tau2": 0.9436896717085079, "com_21_tau1": 0.48497389260133816, "com_21_tau2": 0.6140752476578988, "com_22_tau1": 1.0517673810503887, "com_22_tau2": 0.8502551127050185, "com_2_tau1": 0.030275925786735658, "com_2_tau2": 0.24889901731059522, "com_3_tau1": 0.6388521015333487, "com_3_tau2": 0.6772072235380227, "com_4_tau1": 0.7420367377376136, "com_4_tau2": 0.5579101557916213, "com_5_tau1": 0.6804134948008265, "com_5_tau2": 0.22658012839272745, "com_6_tau1": 0.5273386663614872, "com_6_tau2": 0.12515626139646363, "com_7_tau1": 0.6365578677255759, "com_7_tau2": 0.31741274431716243, "com_8_tau1": 0.2719278945473309, "com_8_tau2": 0.0003686898880614353, "com_9_tau1": 0.6443060602940538, "com_9_tau2": -0.007401814897111503}, "datetime": {"datetime": "2024-08-22 06:22:45", "elapsed": 15769.294712, "delta": 110.579516}}
{"target": 0.8487517888077298, "params": {"com_0_tau1": 0.9295410396617304, "com_0_tau2": 0.23195468536330807, "com_10_tau1": 0.29246954031106853, "com_10_tau2": 0.36762275803620303, "com_11_tau1": -0.09160496540912139, "com_11_tau2": 0.3586926790773299, "com_12_tau1": 0.26392759560207985, "com_12_tau2": 0.3697383130685175, "com_13_tau1": 0.4734347685184018, "com_13_tau2": 0.7224043827427358, "com_14_tau1": 0.7258549712612126, "com_14_tau2": 0.37063304217532034, "com_15_tau1": -0.043103046905321296, "com_15_tau2": 1.0300946975164456, "com_16_tau1": 0.470730696039644, "com_16_tau2": 0.3249164134458975, "com_17_tau1": 0.3271543312000716, "com_17_tau2": 0.5260656832299695, "com_18_tau1": 0.24109151564535652, "com_18_tau2": 1.0087620902075347, "com_19_tau1": 0.8380829027843555, "com_19_tau2": 0.9309419920981843, "com_1_tau1": 0.1645624881179112, "com_1_tau2": 0.9682087211981617, "com_20_tau1": 0.7516782560433586, "com_20_tau2": 0.9604716972951941, "com_21_tau1": 0.11727184352426451, "com_21_tau2": 0.49514142543776635, "com_22_tau1": 0.7164297157994104, "com_22_tau2": 0.684910743551155, "com_2_tau1": 0.19902746941661248, "com_2_tau2": 0.23555147019235667, "com_3_tau1": 0.6418020353160062, "com_3_tau2": 0.6393369258843224, "com_4_tau1": 0.61397049568449, "com_4_tau2": 0.9926418688910759, "com_5_tau1": 0.987728048650229, "com_5_tau2": 0.6254051052171, "com_6_tau1": 0.8037346991632108, "com_6_tau2": -0.012363650653886227, "com_7_tau1": 1.0687484491023178, "com_7_tau2": 0.4063040504623283, "com_8_tau1": 0.21379688073453507, "com_8_tau2": 0.015159737250563132, "com_9_tau1": 0.6665893566141021, "com_9_tau2": 0.2395252111442947}, "datetime": {"datetime": "2024-08-22 06:24:47", "elapsed": 15891.769448, "delta": 122.474736}}
{"target": 0.9093964801974056, "params": {"com_0_tau1": 0.7542765298512455, "com_0_tau2": 0.19691649302118133, "com_10_tau1": 0.24763849782045194, "com_10_tau2": 0.2421471510018428, "com_11_tau1": 0.152081935338987, "com_11_tau2": 0.3667507621177482, "com_12_tau1": 0.35485247678894405, "com_12_tau2": 0.3762386110580719, "com_13_tau1": 0.42598871050348486, "com_13_tau2": 1.076438350791142, "com_14_tau1": 0.3797558433934426, "com_14_tau2": 0.02150798935441639, "com_15_tau1": 0.17778098616146076, "com_15_tau2": 1.2267898032713827, "com_16_tau1": 0.7592568382548841, "com_16_tau2": 0.45141057679215163, "com_17_tau1": 0.36864591448187733, "com_17_tau2": 0.6477420902183424, "com_18_tau1": 0.4462184770400321, "com_18_tau2": 0.9942942946329014, "com_19_tau1": 1.074486866351286, "com_19_tau2": 0.9833703135456174, "com_1_tau1": 0.06771624471440085, "com_1_tau2": 0.6083722144777939, "com_20_tau1": 1.0634992334976006, "com_20_tau2": 1.0195713103612283, "com_21_tau1": 0.5131959462971039, "com_21_tau2": 0.2818841455033299, "com_22_tau1": 0.8212511219422045, "com_22_tau2": 0.6857840311589548, "com_2_tau1": -0.1489155112533302, "com_2_tau2": 0.3700548329970387, "com_3_tau1": 0.5309220065160893, "com_3_tau2": 0.6362665458656491, "com_4_tau1": 0.7631573973994272, "com_4_tau2": 0.9727048671804758, "com_5_tau1": 0.8419146353614962, "com_5_tau2": 0.31343065012337484, "com_6_tau1": 0.610282454773365, "com_6_tau2": 0.37119136771780564, "com_7_tau1": 0.9520825334585012, "com_7_tau2": 0.5996014263966112, "com_8_tau1": 0.11982852277582973, "com_8_tau2": 0.2052205858591427, "com_9_tau1": 0.40648303969802546, "com_9_tau2": -0.012379251967160998}, "datetime": {"datetime": "2024-08-22 06:26:29", "elapsed": 15993.776434, "delta": 102.006986}}
{"target": 0.8979651331965142, "params": {"com_0_tau1": 0.776516272219593, "com_0_tau2": 0.34101419431937446, "com_10_tau1": 0.1647482327899381, "com_10_tau2": 0.4386257574712766, "com_11_tau1": 0.24617407031726182, "com_11_tau2": 0.5108166416884595, "com_12_tau1": 0.3607901067033104, "com_12_tau2": 0.25274247289998125, "com_13_tau1": 0.48656000564533636, "com_13_tau2": 0.9387305145318794, "com_14_tau1": 0.4764117271494225, "com_14_tau2": 0.05876839783928335, "com_15_tau1": 0.17645645854206074, "com_15_tau2": 1.145784226588862, "com_16_tau1": 0.7666826560296603, "com_16_tau2": 0.37633584832003947, "com_17_tau1": 0.47103760981273757, "com_17_tau2": 0.5523045262065509, "com_18_tau1": 0.3136363884396656, "com_18_tau2": 0.8777802382999625, "com_19_tau1": 1.0304021900003837, "com_19_tau2": 0.9340727814183838, "com_1_tau1": 0.23349562058569664, "com_1_tau2": 0.6594473261013937, "com_20_tau1": 1.1060656337830987, "com_20_tau2": 1.115041779347634, "com_21_tau1": 0.4789846503723648, "com_21_tau2": 0.3478610316699488, "com_22_tau1": 0.7575032289688476, "com_22_tau2": 0.6774210994809786, "com_2_tau1": -0.17418530747420735, "com_2_tau2": 0.31579139110887905, "com_3_tau1": 0.5103006836843373, "com_3_tau2": 0.7253891378495203, "com_4_tau1": 0.6234546959293483, "com_4_tau2": 0.8839786008705056, "com_5_tau1": 0.9356741235236893, "com_5_tau2": 0.29895997586866285, "com_6_tau1": 0.6679959053095786, "com_6_tau2": 0.3851940133722176, "com_7_tau1": 0.9561651162123905, "com_7_tau2": 0.49544278065488834, "com_8_tau1": 0.14365111233312877, "com_8_tau2": 0.08847632600372142, "com_9_tau1": 0.3313654304117916, "com_9_tau2": -0.07450984308475687}, "datetime": {"datetime": "2024-08-22 06:28:17", "elapsed": 16101.942396, "delta": 108.165962}}
{"target": 0.9083889086208062, "params": {"com_0_tau1": 0.6891557315232433, "com_0_tau2": 0.37285700757986234, "com_10_tau1": 0.2579915492150547, "com_10_tau2": 0.6176948060283635, "com_11_tau1": 0.2111738296420761, "com_11_tau2": 0.5827387796247258, "com_12_tau1": 0.4092470660060681, "com_12_tau2": 0.3011295454913339, "com_13_tau1": 0.41482757690083794, "com_13_tau2": 0.7357188085260504, "com_14_tau1": 0.39091172713021693, "com_14_tau2": 0.21726609006724734, "com_15_tau1": 0.1871915539830161, "com_15_tau2": 1.248768020057754, "com_16_tau1": 0.7666826560296603, "com_16_tau2": 0.4598790019744857, "com_17_tau1": 0.31134654530499595, "com_17_tau2": 0.5073077860388168, "com_18_tau1": 0.087890469741218, "com_18_tau2": 0.6511634319269932, "com_19_tau1": 1.0399614282266152, "com_19_tau2": 0.9431058984874345, "com_1_tau1": 0.07593214815088219, "com_1_tau2": 0.697364094338974, "com_20_tau1": 1.0215002823637063, "com_20_tau2": 1.110134498169391, "com_21_tau1": 0.0879361888131881, "com_21_tau2": 0.18897699027877612, "com_22_tau1": 1.0651771307133495, "com_22_tau2": 0.7767033606381462, "com_2_tau1": -0.20424055837223698, "com_2_tau2": 0.3379484279987785, "com_3_tau1": 0.3800093978653672, "com_3_tau2": 0.7301840787044641, "com_4_tau1": 0.35000749001715137, "com_4_tau2": 0.9088153271311107, "com_5_tau1": 0.8628475206576506, "com_5_tau2": 0.16167428782886473, "com_6_tau1": 0.8512594755604614, "com_6_tau2": 0.37823442138696717, "com_7_tau1": 1.108660680924268, "com_7_tau2": 0.19641350102475966, "com_8_tau1": -0.05990940101575781, "com_8_tau2": 0.35113550737054994, "com_9_tau1": 0.3922433022224233, "com_9_tau2": 0.0821496768085967}, "datetime": {"datetime": "2024-08-22 06:30:04", "elapsed": 16208.269574, "delta": 106.327178}}
{"target": 0.8979697632109449, "params": {"com_0_tau1": 0.704496282305184, "com_0_tau2": 0.4623659114611762, "com_10_tau1": 0.11520041870533335, "com_10_tau2": 0.621968869393532, "com_11_tau1": 0.27193376513227163, "com_11_tau2": 0.5827387796247258, "com_12_tau1": 0.4092470660060681, "com_12_tau2": 0.13003289223908698, "com_13_tau1": 0.38045879924114456, "com_13_tau2": 0.619712611322011, "com_14_tau1": 0.42784085626211477, "com_14_tau2": 0.3170536176799479, "com_15_tau1": 0.06517775995461245, "com_15_tau2": 1.2488659482984246, "com_16_tau1": 0.7666826560296603, "com_16_tau2": 0.5278183962064061, "com_17_tau1": 0.3992137706892959, "com_17_tau2": 0.40760120754423823, "com_18_tau1": 0.012297228602590637, "com_18_tau2": 0.6511634319269932, "com_19_tau1": 0.9315983651934696, "com_19_tau2": 0.9649067443604581, "com_1_tau1": 0.22827319637082844, "com_1_tau2": 0.7887518250564258, "com_20_tau1": 1.043622206012013, "com_20_tau2": 1.0348599064734283, "com_21_tau1": 0.0879361888131881, "com_21_tau2": 0.18897699027877612, "com_22_tau1": 1.0651771307133495, "com_22_tau2": 0.9265030876406871, "com_2_tau1": -0.20424055837223698, "com_2_tau2": 0.15656035165537163, "com_3_tau1": 0.28411753334746864, "com_3_tau2": 0.8669935347309071, "com_4_tau1": 0.30648500986004745, "com_4_tau2": 0.7705840419502903, "com_5_tau1": 0.8032048252153182, "com_5_tau2": 0.16167428782886473, "com_6_tau1": 0.9814087779735243, "com_6_tau2": 0.3851940133722176, "com_7_tau1": 1.108660680924268, "com_7_tau2": 0.13951886526259016, "com_8_tau1": -0.05990940101575781, "com_8_tau2": 0.2878780167420263, "com_9_tau1": 0.43641714541386356, "com_9_tau2": 0.22666790801160727}, "datetime": {"datetime": "2024-08-22 06:31:53", "elapsed": 16317.542608, "delta": 109.273034}}
{"target": 0.8766487604210506, "params": {"com_0_tau1": 0.7671179453651822, "com_0_tau2": 0.034308698046242536, "com_10_tau1": 0.3606948442131205, "com_10_tau2": 0.15938289735168015, "com_11_tau1": 0.20178271375773582, "com_11_tau2": 0.5115639831852823, "com_12_tau1": 0.194528578521667, "com_12_tau2": 0.06873211863897999, "com_13_tau1": 0.07357155393395809, "com_13_tau2": 0.9198441044028782, "com_14_tau1": 0.6666007671957483, "com_14_tau2": 0.3403518631492313, "com_15_tau1": -0.004460282262930382, "com_15_tau2": 1.1215585089142863, "com_16_tau1": 0.5820754782676334, "com_16_tau2": 0.5169643715439751, "com_17_tau1": 0.3585181027889093, "com_17_tau2": 0.3013235900448548, "com_18_tau1": 0.08314436217757026, "com_18_tau2": 0.9804006150848945, "com_19_tau1": 0.8793609729883045, "com_19_tau2": 1.012838674836057, "com_1_tau1": 0.041887534184439856, "com_1_tau2": 0.6197611960893973, "com_20_tau1": 0.7392749373681212, "com_20_tau2": 0.9021886773411562, "com_21_tau1": 0.34269968164281006, "com_21_tau2": 0.4955841106536435, "com_22_tau1": 0.6633289265310249, "com_22_tau2": 0.742159012575634, "com_2_tau1": 0.009173014227159382, "com_2_tau2": 0.648489546655519, "com_3_tau1": 0.44536780745802174, "com_3_tau2": 0.825841449885296, "com_4_tau1": 0.3559686330679998, "com_4_tau2": 0.9382118224332167, "com_5_tau1": 0.9061925118635382, "com_5_tau2": 0.47611210415263816, "com_6_tau1": 0.8521172572908076, "com_6_tau2": 0.004500536946859812, "com_7_tau1": 0.8056533256029574, "com_7_tau2": 0.5088593216236508, "com_8_tau1": 0.2959422584464142, "com_8_tau2": 0.15194011136076102, "com_9_tau1": 0.549964722407502, "com_9_tau2": 0.21279421572173646}, "datetime": {"datetime": "2024-08-22 06:33:46", "elapsed": 16430.594982, "delta": 113.052374}}
{"target": 0.8893145345588833, "params": {"com_0_tau1": 0.8208477208649076, "com_0_tau2": 0.4995803107798087, "com_10_tau1": 0.2381643655513436, "com_10_tau2": 0.621968869393532, "com_11_tau1": 0.08108591019809797, "com_11_tau2": 0.5827387796247258, "com_12_tau1": 0.4092470660060681, "com_12_tau2": 0.22321754097547414, "com_13_tau1": 0.526835780992387, "com_13_tau2": 0.619712611322011, "com_14_tau1": 0.4050066820016583, "com_14_tau2": 0.2722538752744337, "com_15_tau1": 0.19555031476376641, "com_15_tau2": 1.2490334055899712, "com_16_tau1": 0.7666826560296603, "com_16_tau2": 0.2419808242063677, "com_17_tau1": 0.2826249498379098, "com_17_tau2": 0.4259595926419848, "com_18_tau1": 0.012297228602590637, "com_18_tau2": 0.6511634319269932, "com_19_tau1": 1.0041607409895021, "com_19_tau2": 0.9542120137574922, "com_1_tau1": 0.0023832446502489745, "com_1_tau2": 0.9181969618722182, "com_20_tau1": 0.9686469571678148, "com_20_tau2": 1.1102821494101867, "com_21_tau1": 0.0879361888131881, "com_21_tau2": 0.18897699027877612, "com_22_tau1": 1.0651771307133495, "com_22_tau2": 0.775266736817014, "com_2_tau1": -0.20424055837223698, "com_2_tau2": 0.2557703481916701, "com_3_tau1": 0.23651388468865867, "com_3_tau2": 0.6462852747771588, "com_4_tau1": 0.30648500986004745, "com_4_tau2": 0.8194846066569188, "com_5_tau1": 0.9781976449675995, "com_5_tau2": 0.16167428782886473, "com_6_tau1": 0.763744571848872, "com_6_tau2": 0.2577127350277068, "com_7_tau1": 1.108660680924268, "com_7_tau2": 0.13951886526259016, "com_8_tau1": -0.05990940101575781, "com_8_tau2": 0.2841005707755018, "com_9_tau1": 0.2866183156390537, "com_9_tau2": -0.05813062733458364}, "datetime": {"datetime": "2024-08-22 06:35:40", "elapsed": 16544.330008, "delta": 113.735026}}
{"target": 0.8211205752228022, "params": {"com_0_tau1": 0.7887598748321758, "com_0_tau2": 0.2977897360427733, "com_10_tau1": 0.28886487444944603, "com_10_tau2": 0.4925552169363055, "com_11_tau1": -0.004067115137693866, "com_11_tau2": 0.545848676201234, "com_12_tau1": 0.11635951536805778, "com_12_tau2": 0.3145561713449832, "com_13_tau1": 0.30818955738935155, "com_13_tau2": 0.9781737718581611, "com_14_tau1": 0.6331435049092108, "com_14_tau2": 0.28660691197128985, "com_15_tau1": 0.13174969355865218, "com_15_tau2": 0.9107202347820982, "com_16_tau1": 0.3343490665255377, "com_16_tau2": 0.26260965244384565, "com_17_tau1": 0.37164866841497696, "com_17_tau2": 0.7167118118504612, "com_18_tau1": 0.02344117334907686, "com_18_tau2": 0.6788344538755328, "com_19_tau1": 0.7386904580012834, "com_19_tau2": 1.19366730673447, "com_1_tau1": -0.15439897296252147, "com_1_tau2": 0.7091930655061636, "com_20_tau1": 0.7904997697060862, "com_20_tau2": 0.8805528317308398, "com_21_tau1": 0.2843431400582746, "com_21_tau2": 0.5818744887538443, "com_22_tau1": 0.639944164833685, "com_22_tau2": 0.9740081296386993, "com_2_tau1": -0.10295977267981127, "com_2_tau2": 0.33331803637694657, "com_3_tau1": 0.4135448121829972, "com_3_tau2": 0.6955439593289507, "com_4_tau1": 0.5907676140012996, "com_4_tau2": 0.6565611228786228, "com_5_tau1": 1.0285007185815072, "com_5_tau2": 0.30553946686499944, "com_6_tau1": 0.6986087693169211, "com_6_tau2": -0.025892875160617612, "com_7_tau1": 1.0815870029782655, "com_7_tau2": 0.3554368589712592, "com_8_tau1": 0.2901091479857351, "com_8_tau2": 0.18530817789484655, "com_9_tau1": 0.6389545738841296, "com_9_tau2": 0.1143492192582119}, "datetime": {"datetime": "2024-08-22 06:37:53", "elapsed": 16677.73257, "delta": 133.402562}}
