{"target": 0.9446339085155674, "params": {"com_0_tau1": 0.6622997373537391, "com_0_tau2": 0.030342456246828686, "com_10_tau1": 1.0414897020471237, "com_10_tau2": 1.24924892177125, "com_11_tau1": 0.21405987771147839, "com_11_tau2": 0.3282794071818991, "com_12_tau1": 0.4852445636206556, "com_12_tau2": 0.40718296409615673, "com_13_tau1": 0.8450974133248036, "com_13_tau2": 0.75, "com_14_tau1": 0.6618306839659122, "com_14_tau2": 1.25, "com_1_tau1": 0.34484723012003515, "com_1_tau2": -0.07001689714337381, "com_2_tau1": 0.8739791432800037, "com_2_tau2": 0.7997310527334136, "com_3_tau1": 0.7091633939252828, "com_3_tau2": 1.2191551205927778, "com_4_tau1": 0.09897684093622844, "com_4_tau2": 0.75, "com_5_tau1": 0.7234617516289086, "com_5_tau2": 0.5936891180334091, "com_6_tau1": 0.8067692937779856, "com_6_tau2": 0.1956507076635121, "com_7_tau1": -0.16570605410973605, "com_7_tau2": 0.9297947387289728, "com_8_tau1": 1.0638171379757946, "com_8_tau2": 0.04387741841887388, "com_9_tau1": -0.21799837064179622, "com_9_tau2": 0.6686835811025937}, "datetime": {"datetime": "2024-05-09 00:22:56", "elapsed": 22082.801436, "delta": 188.273731}}
{"target": 0.995204159304503, "params": {"com_0_tau1": 0.665231169437755, "com_0_tau2": 0.14293806761544095, "com_10_tau1": 0.5535534200039867, "com_10_tau2": 0.7495424665375947, "com_11_tau1": 0.7140598777114784, "com_11_tau2": 0.7177018351324911, "com_12_tau1": 0.20772056993625482, "com_12_tau2": 0.9162965584419409, "com_13_tau1": 0.3450974133248036, "com_13_tau2": 1.25, "com_14_tau1": 0.6806209529161372, "com_14_tau2": 1.25, "com_1_tau1": 0.7111490879375111, "com_1_tau2": 0.4492439390022653, "com_2_tau1": 0.4971615110141128, "com_2_tau2": 0.30697227271229155, "com_3_tau1": 0.5173347426342576, "com_3_tau2": 0.7191551205927776, "com_4_tau1": 0.24655546902269415, "com_4_tau2": 0.8357041686663087, "com_5_tau1": 0.33312628821129936, "com_5_tau2": 0.14067199225306184, "com_6_tau1": 0.4621852939417685, "com_6_tau2": 0.5264920855132114, "com_7_tau1": 0.32966022013658336, "com_7_tau2": 0.7725536657606168, "com_8_tau1": 1.0743079549865782, "com_8_tau2": 0.389119136228801, "com_9_tau1": 0.3017495182478536, "com_9_tau2": 0.4309753212841597}, "datetime": {"datetime": "2024-05-09 00:25:36", "elapsed": 22242.390094, "delta": 159.588658}}
{"target": 0.9953128408335291, "params": {"com_0_tau1": 0.16786945831336925, "com_0_tau2": 0.23942827400110897, "com_10_tau1": 0.5644107661651633, "com_10_tau2": 0.8493158456909083, "com_11_tau1": 0.7140598777114784, "com_11_tau2": 0.39556660783056263, "com_12_tau1": 0.5118179586345417, "com_12_tau2": 0.9244987933531468, "com_13_tau1": 0.697669407315079, "com_13_tau2": 1.25, "com_14_tau1": 0.6975321949713398, "com_14_tau2": 1.25, "com_1_tau1": 0.8449104073142947, "com_1_tau2": 0.4665786915333405, "com_2_tau1": 0.3944121168689597, "com_2_tau2": 0.47214370924875027, "com_3_tau1": 0.7091633939252828, "com_3_tau2": 0.7191551205927776, "com_4_tau1": 0.392945441084864, "com_4_tau2": 1.212972233659652, "com_5_tau1": 0.35161028777406295, "com_5_tau2": 0.5066774972208209, "com_6_tau1": 0.49484103886666064, "com_6_tau2": 0.2365197984307702, "com_7_tau1": 0.3259133767069156, "com_7_tau2": 0.5180052703016617, "com_8_tau1": 0.8760261211649647, "com_8_tau2": 0.4363257533063639, "com_9_tau1": 0.31952261824853845, "com_9_tau2": 0.17026947356649963}, "datetime": {"datetime": "2024-05-09 00:28:27", "elapsed": 22413.708545, "delta": 171.318451}}
{"target": 0.9937845270818062, "params": {"com_0_tau1": 0.30341721920018133, "com_0_tau2": 0.22072779826593178, "com_10_tau1": 1.0741823777102222, "com_10_tau2": 0.75, "com_11_tau1": 0.7140598777114784, "com_11_tau2": 0.4383276934137073, "com_12_tau1": 0.25355105420846347, "com_12_tau2": 0.8808995857447589, "com_13_tau1": 0.708565700213877, "com_13_tau2": 1.25, "com_14_tau1": 0.712752312821022, "com_14_tau2": 1.25, "com_1_tau1": 0.600093070520406, "com_1_tau2": 0.48217996881130815, "com_2_tau1": 0.42554616488363256, "com_2_tau2": 0.31935475887617293, "com_3_tau1": 0.38014203707483835, "com_3_tau2": 0.7191551205927776, "com_4_tau1": 0.5989768409362284, "com_4_tau2": 0.75, "com_5_tau1": 0.3368274118328952, "com_5_tau2": 0.2028382380921603, "com_6_tau1": 0.8314336065167492, "com_6_tau2": 0.4813167440702149, "com_7_tau1": 0.3259133767069156, "com_7_tau2": 0.473483974596011, "com_8_tau1": 1.0335232156311722, "com_8_tau2": 0.12462296356186943, "com_9_tau1": 0.33551840824915485, "com_9_tau2": 0.17094556456427001}, "datetime": {"datetime": "2024-05-09 00:31:22", "elapsed": 22588.843943, "delta": 175.135398}}
{"target": 0.9964222776532476, "params": {"com_0_tau1": 0.5193100568837271, "com_0_tau2": 0.29926619146396544, "com_10_tau1": 0.5829768281007753, "com_10_tau2": 0.75, "com_11_tau1": 0.7140598777114784, "com_11_tau2": 0.7782721659522316, "com_12_tau1": 0.5333424085957895, "com_12_tau2": 0.9385246150513086, "com_13_tau1": 0.8450974133248036, "com_13_tau2": 1.25, "com_14_tau1": 0.7264504188857361, "com_14_tau2": 1.25, "com_1_tau1": 0.34496158084164497, "com_1_tau2": 0.49622111836147903, "com_2_tau1": 0.6984783136868826, "com_2_tau2": 0.3246336082407749, "com_3_tau1": 0.39824988668293926, "com_3_tau2": 1.2022266751068544, "com_4_tau1": 0.5989768409362284, "com_4_tau2": 1.0493695919416415, "com_5_tau1": 0.22640808131052204, "com_5_tau2": 0.1962103391658002, "com_6_tau1": 0.3889486482690756, "com_6_tau2": 0.26962376195224924, "com_7_tau1": 0.3259133767069156, "com_7_tau2": 0.7422362474880804, "com_8_tau1": 0.7136756372803371, "com_8_tau2": 0.5022167774179086, "com_9_tau1": 0.34991461924970957, "com_9_tau2": 0.17155404646226335}, "datetime": {"datetime": "2024-05-09 00:34:02", "elapsed": 22749.211837, "delta": 160.367894}}
{"target": 0.995371916508793, "params": {"com_0_tau1": 0.6743042448809924, "com_0_tau2": 0.5334888894301375, "com_10_tau1": 0.5908918334522731, "com_10_tau2": 0.75, "com_11_tau1": 0.7140598777114784, "com_11_tau2": 0.8282794071818991, "com_12_tau1": 0.04251862147400565, "com_12_tau2": 0.9445040443015776, "com_13_tau1": 0.8450974133248036, "com_13_tau2": 1.25, "com_14_tau1": 0.7387787143439788, "com_14_tau2": 1.25, "com_1_tau1": 0.8449833969243574, "com_1_tau2": 0.5088581529566328, "com_2_tau1": 0.8739791432800037, "com_2_tau2": 0.8293845726689167, "com_3_tau1": 0.20916339392528283, "com_3_tau2": 0.7191551205927776, "com_4_tau1": 0.5989768409362284, "com_4_tau2": 1.25, "com_5_tau1": 0.7269701885812713, "com_5_tau2": 0.12223491479773779, "com_6_tau1": 0.37788737940599715, "com_6_tau2": 0.7837365042956167, "com_7_tau1": 0.3259133767069156, "com_7_tau2": 0.4297947387289728, "com_8_tau1": 1.08745061616726, "com_8_tau2": 0.11068694501464516, "com_9_tau1": 0.3628712091502089, "com_9_tau2": 0.17210168017045735}, "datetime": {"datetime": "2024-05-09 00:36:48", "elapsed": 22915.121339, "delta": 165.909502}}
{"target": 0.9961125334959496, "params": {"com_0_tau1": 0.676035226212283, "com_0_tau2": 0.3741513155117983, "com_10_tau1": 0.5980153382686211, "com_10_tau2": 0.75, "com_11_tau1": 0.7140598777114784, "com_11_tau2": 0.41257327953223205, "com_12_tau1": 0.050777213064400195, "com_12_tau2": 0.9498855306268197, "com_13_tau1": 0.496272105910876, "com_13_tau2": 1.25, "com_14_tau1": 0.7498741802563972, "com_14_tau2": 1.25, "com_1_tau1": 0.6420658996831113, "com_1_tau2": 0.5202314840922713, "com_2_tau1": 0.8739791432800037, "com_2_tau2": 0.3336604406542444, "com_3_tau1": 0.6724708482193605, "com_3_tau2": 0.986471670967179, "com_4_tau1": 0.5614620621975743, "com_4_tau2": 1.0577947580039566, "com_5_tau1": 0.7088449705885179, "com_5_tau2": 0.4750582714958884, "com_6_tau1": 0.5288041516841965, "com_6_tau2": 0.516571199341761, "com_7_tau1": 0.3259133767069156, "com_7_tau2": 0.4297947387289728, "com_8_tau1": 0.7396345815831089, "com_8_tau2": 0.21008943325443127, "com_9_tau1": 0.3745321400606582, "com_9_tau2": 0.17259455050783196}, "datetime": {"datetime": "2024-05-09 00:39:36", "elapsed": 23082.818731, "delta": 167.697392}}
{"target": 0.9956086095576703, "params": {"com_0_tau1": 0.6775931094104444, "com_0_tau2": 0.034350915004063065, "com_10_tau1": 1.1044264926033343, "com_10_tau2": 0.75, "com_11_tau1": 0.7140598777114784, "com_11_tau2": 0.8282794071818991, "com_12_tau1": 0.5582099454957553, "com_12_tau2": 0.4547288683195376, "com_13_tau1": 0.3450974133248036, "com_13_tau2": 1.25, "com_14_tau1": 0.7598600995775737, "com_14_tau2": 1.25, "com_1_tau1": 0.8450207024257956, "com_1_tau2": 0.5304674821143458, "com_2_tau1": 0.4859543367018814, "com_2_tau2": 0.6938388204688424, "com_3_tau1": 0.20916339392528283, "com_3_tau2": 1.2191551205927778, "com_4_tau1": 0.5989768409362284, "com_4_tau2": 1.25, "com_5_tau1": 0.7279313920142525, "com_5_tau2": 0.3643367593808739, "com_6_tau1": 0.39737153972606765, "com_6_tau2": 0.8078692937027749, "com_7_tau1": 0.3259133767069156, "com_7_tau2": 0.4297947387289728, "com_8_tau1": 1.08745061616726, "com_8_tau2": 0.6289906931485418, "com_9_tau1": 0.3850269778800626, "com_9_tau2": 0.17303813381146915}, "datetime": {"datetime": "2024-05-09 00:42:24", "elapsed": 23250.969893, "delta": 168.151162}}
{"target": 0.9951253085693287, "params": {"com_0_tau1": 0.6485129016649257, "com_0_tau2": 0.12611542806120088, "com_10_tau1": 0.7832100102362308, "com_10_tau2": 0.75, "com_11_tau1": 0.7140598777114784, "com_11_tau2": 0.8282794071818991, "com_12_tau1": 0.20108962967069685, "com_12_tau2": 0.45908787224298364, "com_13_tau1": 0.5467110460558665, "com_13_tau2": 1.25, "com_14_tau1": 0.7688474269666327, "com_14_tau2": 1.25, "com_1_tau1": 0.6181792142098383, "com_1_tau2": 0.539679880334213, "com_2_tau1": 0.42721728023355693, "com_2_tau2": 0.5024494632588234, "com_3_tau1": 0.20916339392528283, "com_3_tau2": 0.7191551205927776, "com_4_tau1": 0.5989768409362284, "com_4_tau2": 1.25, "com_5_tau1": 0.7283411682146286, "com_5_tau2": 0.19191000415658518, "com_6_tau1": 0.4056779449151503, "com_6_tau2": 0.3314175533461579, "com_7_tau1": 0.3259133767069156, "com_7_tau2": 0.8018510049613885, "com_8_tau1": 0.7498824990070235, "com_8_tau2": 0.1367938699845715, "com_9_tau1": 0.39447233191752656, "com_9_tau2": 0.1734373587847426}, "datetime": {"datetime": "2024-05-09 00:45:10", "elapsed": 23416.363968, "delta": 165.394075}}
{"target": 0.995398081158359, "params": {"com_0_tau1": 0.6802570896793005, "com_0_tau2": 0.5350491557189428, "com_10_tau1": 0.6153895665156939, "com_10_tau2": 0.75, "com_11_tau1": 0.7140598777114784, "com_11_tau2": 0.3282794071818991, "com_12_tau1": 0.5709199179533725, "com_12_tau2": 0.46301097577408523, "com_13_tau1": 0.7504245241326545, "com_13_tau2": 1.25, "com_14_tau1": 0.7769360216167857, "com_14_tau2": 1.25, "com_1_tau1": 0.8450509198819607, "com_1_tau2": 0.5479710387320934, "com_2_tau1": 0.8739791432800037, "com_2_tau2": 0.3440892826704586, "com_3_tau1": 0.20916339392528283, "com_3_tau2": 0.7191551205927776, "com_4_tau1": 0.4047304878842611, "com_4_tau2": 0.973485005221628, "com_5_tau1": 0.5600439336614466, "com_5_tau2": 0.13639032245576227, "com_6_tau1": 0.4131537095853247, "com_6_tau2": 0.570988667504436, "com_7_tau1": 0.3259133767069156, "com_7_tau2": 0.4297947387289728, "com_8_tau1": 1.08745061616726, "com_8_tau2": 0.6438167291369982, "com_9_tau1": 0.40297315055124416, "com_9_tau2": 0.17379666126068866}, "datetime": {"datetime": "2024-05-09 00:48:00", "elapsed": 23586.766769, "delta": 170.402801}}
{"target": 0.9961551410244589, "params": {"com_0_tau1": 0.6813927865307603, "com_0_tau2": 0.46562306186956937, "com_10_tau1": 1.0938717235996722, "com_10_tau2": 0.75, "com_11_tau1": 0.7140598777114784, "com_11_tau2": 0.8282794071818991, "com_12_tau1": 0.516945207953696, "com_12_tau2": 0.9665417689520766, "com_13_tau1": 0.48395823275507055, "com_13_tau2": 1.25, "com_14_tau1": 0.7842157568019233, "com_14_tau2": 1.25, "com_1_tau1": 0.6976773286552729, "com_1_tau2": 0.5554330812901858, "com_2_tau1": 0.7473387210588223, "com_2_tau2": 0.7502238449228568, "com_3_tau1": 0.35894292006618334, "com_3_tau2": 0.8321750740737708, "com_4_tau1": 0.14908688711893014, "com_4_tau2": 0.9930726936722164, "com_5_tau1": 0.4219851889492417, "com_5_tau2": 0.45607743256183236, "com_6_tau1": 0.41988189778848173, "com_6_tau2": 0.33575028634890813, "com_7_tau1": 0.3259133767069156, "com_7_tau2": 0.4297947387289728, "com_8_tau1": 0.8938549305820973, "com_8_tau2": 0.39513304296412183, "com_9_tau1": 0.41062388732158994, "com_9_tau2": 0.17412003348904015}, "datetime": {"datetime": "2024-05-09 00:50:39", "elapsed": 23746.050663, "delta": 159.283894}}
{"target": 0.9961419222018988, "params": {"com_0_tau1": 0.682414913697074, "com_0_tau2": 0.21727174665937643, "com_10_tau1": 0.6242696563847052, "com_10_tau2": 1.1459125119810987, "com_11_tau1": 0.7140598777114784, "com_11_tau2": 0.6441519723286351, "com_12_tau1": 0.3443133810477497, "com_12_tau2": 0.9545229274682026, "com_13_tau1": 0.8450974133248036, "com_13_tau2": 1.25, "com_14_tau1": 0.7907675184685473, "com_14_tau2": 1.25, "com_1_tau1": 0.8450753960214544, "com_1_tau2": 0.5621489195924689, "com_2_tau1": 0.3739791432800037, "com_2_tau2": 0.6715051478571371, "com_3_tau1": 0.20916339392528283, "com_3_tau2": 1.1956928973571228, "com_4_tau1": 0.3416834121509911, "com_4_tau2": 0.8065506992064077, "com_5_tau1": 0.7293406123673462, "com_5_tau2": 0.1415214622151158, "com_6_tau1": 0.42593726717132296, "com_6_tau2": 0.6819770123289557, "com_7_tau1": 0.3259133767069156, "com_7_tau2": 0.4297947387289728, "com_8_tau1": 0.8473682894649799, "com_8_tau2": 0.471689853266159, "com_9_tau1": 0.41750955041490123, "com_9_tau2": 0.17441106849455645}, "datetime": {"datetime": "2024-05-09 00:53:31", "elapsed": 23918.096768, "delta": 172.046105}}
{"target": 0.996445294293774, "params": {"com_0_tau1": 0.5669672501456042, "com_0_tau2": 0.34739671565273933, "com_10_tau1": 0.6890695995847099, "com_10_tau2": 1.25, "com_11_tau1": 0.7140598777114784, "com_11_tau2": 0.5365051440766931, "com_12_tau1": 0.5524757715906646, "com_12_tau2": 0.8055984000119093, "com_13_tau1": 0.3450974133248036, "com_13_tau2": 1.056924641160722, "com_14_tau1": 0.7966641039685088, "com_14_tau2": 1.25, "com_1_tau1": 0.8450858305861859, "com_1_tau2": 0.5681931740645237, "com_2_tau1": 0.712986471482237, "com_2_tau2": 0.5139348262904715, "com_3_tau1": 0.2527147517730606, "com_3_tau2": 1.007244004085608, "com_4_tau1": 0.5807102130396025, "com_4_tau2": 1.25, "com_5_tau1": 0.229609466532413, "com_5_tau2": 0.14370894811252444, "com_6_tau1": 0.4313870996158802, "com_6_tau2": 0.6340591408404121, "com_7_tau1": 0.3259133767069156, "com_7_tau2": 0.4297947387289728, "com_8_tau1": 0.8360330758094197, "com_8_tau2": 0.16094548260976682, "com_9_tau1": 0.4237066471988813, "com_9_tau2": 0.17467299999952118}, "datetime": {"datetime": "2024-05-09 00:56:18", "elapsed": 24084.707804, "delta": 166.611036}}
{"target": 0.9956977021199402, "params": {"com_0_tau1": 0.6841627511514705, "com_0_tau2": 0.03607284643102804, "com_10_tau1": 0.8179536511273053, "com_10_tau2": 0.75, "com_11_tau1": 0.7140598777114784, "com_11_tau2": 0.6765267309128232, "com_12_tau1": 0.2695097407075314, "com_12_tau2": 0.494578741804203, "com_13_tau1": 0.8298489226791754, "com_13_tau2": 1.25, "com_14_tau1": 0.8019710309184742, "com_14_tau2": 1.25, "com_1_tau1": 0.8450952216944443, "com_1_tau2": 0.573633003089373, "com_2_tau1": 0.7343505450100029, "com_2_tau2": 0.7722716981498675, "com_3_tau1": 0.7091633939252828, "com_3_tau2": 0.9494861807937055, "com_4_tau1": 0.388142629720886, "com_4_tau2": 1.1035220080814432, "com_5_tau1": 0.22985143528097313, "com_5_tau2": 0.14567768542019216, "com_6_tau1": 0.43629194881598155, "com_6_tau2": 0.704419643985269, "com_7_tau1": 0.3259133767069156, "com_7_tau2": 0.4297947387289728, "com_8_tau1": 0.7069795717629496, "com_8_tau2": 0.31596272258500324, "com_9_tau1": 0.4292840343044634, "com_9_tau2": 0.1749087383539894}, "datetime": {"datetime": "2024-05-09 00:59:08", "elapsed": 24254.831774, "delta": 170.12397}}
{"target": 0.9891683340280402, "params": {"com_0_tau1": 0.6215698645689837, "com_0_tau2": 0.03626814840142617, "com_10_tau1": 0.7109316058842132, "com_10_tau2": 0.75, "com_11_tau1": 0.7140598777114784, "com_11_tau2": 0.8282794071818991, "com_12_tau1": 0.38359462589940413, "com_12_tau2": 0.9774699269172775, "com_13_tau1": 0.8450974133248036, "com_13_tau2": 0.75, "com_14_tau1": 0.8067472651734431, "com_14_tau2": 1.25, "com_1_tau1": 0.8451036736918768, "com_1_tau2": 0.5785288492117375, "com_2_tau1": 0.8739791432800037, "com_2_tau2": 0.35557766386444245, "com_3_tau1": 0.31677148422935675, "com_3_tau2": 0.7191551205927776, "com_4_tau1": 0.5989768409362284, "com_4_tau2": 1.1640692323587525, "com_5_tau1": 0.7266692965412729, "com_5_tau2": 0.14744954899709312, "com_6_tau1": 0.4407063130960729, "com_6_tau2": 0.36154309552773767, "com_7_tau1": 0.3259133767069156, "com_7_tau2": 0.5499956328809755, "com_8_tau1": 1.08745061616726, "com_8_tau2": 0.6697001086005904, "com_9_tau1": 0.43430368269948727, "com_9_tau2": 0.1751209028730108}, "datetime": {"datetime": "2024-05-09 01:01:56", "elapsed": 24422.655449, "delta": 167.823675}}
{"target": 0.9968082669801233, "params": {"com_0_tau1": 0.6855784994895316, "com_0_tau2": 0.43852019817621857, "com_10_tau1": 0.651395847458877, "com_10_tau2": 0.9740404342499079, "com_11_tau1": 0.7140598777114784, "com_11_tau2": 0.6677586856016766, "com_12_tau1": 0.16040047462800738, "com_12_tau2": 0.5731794325533474, "com_13_tau1": 0.6035997091490451, "com_13_tau2": 1.25, "com_14_tau1": 0.8110458760029151, "com_14_tau2": 1.25, "com_1_tau1": 0.3451112804895661, "com_1_tau2": 0.5829351107218654, "com_2_tau1": 0.382130091610581, "com_2_tau2": 0.6527627619632472, "com_3_tau1": 0.3118830159568361, "com_3_tau2": 1.066719257591059, "com_4_tau1": 0.37853129371707944, "com_4_tau2": 1.2147699922571447, "com_5_tau1": 0.23026520184101096, "com_5_tau2": 0.6490442262163041, "com_6_tau1": 0.5386449194048071, "com_6_tau2": 0.7567590645537284, "com_7_tau1": 0.3259133767069156, "com_7_tau2": 0.4297947387289728, "com_8_tau1": 1.08745061616726, "com_8_tau2": 0.44880310561828046, "com_9_tau1": 0.4388213662550088, "com_9_tau2": 0.17531185094013008}, "datetime": {"datetime": "2024-05-09 01:04:43", "elapsed": 24589.738895, "delta": 167.083446}}
{"target": 0.9952832147080596, "params": {"com_0_tau1": 0.43557849948953165, "com_0_tau2": 0.18852019817621857, "com_10_tau1": 0.8920780862400393, "com_10_tau2": 1.224040434249908, "com_11_tau1": 0.9640598777114784, "com_11_tau2": 0.7892443851906874, "com_12_tau1": 0.39521934226704886, "com_12_tau2": 0.7347389781938132, "com_13_tau1": 0.35359970914904515, "com_13_tau2": 1.25, "com_14_tau1": 0.5367927534109298, "com_14_tau2": 1.25, "com_1_tau1": 0.5951112804895661, "com_1_tau2": 0.8077615748102713, "com_2_tau1": 0.632130091610581, "com_2_tau2": 0.8908756106225217, "com_3_tau1": 0.5588806797179656, "com_3_tau2": 1.25, "com_4_tau1": 0.33662054668095215, "com_4_tau2": 0.8807705663081409, "com_5_tau1": 0.48026520184101096, "com_5_tau2": 0.6081062693266953, "com_6_tau1": 0.7660537374135459, "com_6_tau2": 0.9717009057269883, "com_7_tau1": 0.07591337670691561, "com_7_tau2": 0.1766203467613804, "com_8_tau1": 1.2445792847964228, "com_8_tau2": 0.1689829675571276, "com_9_tau1": 0.6626951718553, "com_9_tau2": -0.07468814905986992}, "datetime": {"datetime": "2024-05-09 01:07:28", "elapsed": 24754.893847, "delta": 165.154952}}
{"target": 0.9952601165581594, "params": {"com_0_tau1": 0.43557849948953165, "com_0_tau2": 0.18852019817621857, "com_10_tau1": 0.44342113587874393, "com_10_tau2": 0.7240404342499079, "com_11_tau1": 0.9640598777114784, "com_11_tau2": 0.6367348465531905, "com_12_tau1": 0.3967374555031447, "com_12_tau2": 0.7017490098368739, "com_13_tau1": 0.5021720593314378, "com_13_tau2": 1.25, "com_14_tau1": 1.0392180656701284, "com_14_tau2": 1.25, "com_1_tau1": 0.5951112804895661, "com_1_tau2": 0.8102789284014308, "com_2_tau1": 0.632130091610581, "com_2_tau2": 0.707614900464357, "com_3_tau1": 0.26758610814761835, "com_3_tau2": 0.9751855651857306, "com_4_tau1": 0.4143847557294398, "com_4_tau2": 0.8513750675429462, "com_5_tau1": 0.48026520184101096, "com_5_tau2": 0.3980231850144764, "com_6_tau1": 0.339144156369941, "com_6_tau2": 0.5555252747726581, "com_7_tau1": 0.07591337670691561, "com_7_tau2": 0.3486945934294152, "com_8_tau1": 1.040966030976904, "com_8_tau2": 0.18137800243563315, "com_9_tau1": 0.16530779129527085, "com_9_tau2": -0.07468814905986992}, "datetime": {"datetime": "2024-05-09 01:10:15", "elapsed": 24921.855854, "delta": 166.962007}}
{"target": 0.995490329366879, "params": {"com_0_tau1": 0.5257788592583466, "com_0_tau2": 0.18852019817621857, "com_10_tau1": 0.84180276021394, "com_10_tau2": 1.0157995457890567, "com_11_tau1": 0.9640598777114784, "com_11_tau2": 0.4177586856016766, "com_12_tau1": 0.398103757415631, "com_12_tau2": 0.6857265105371414, "com_13_tau1": 0.35359970914904515, "com_13_tau2": 1.25, "com_14_tau1": 0.541400846703407, "com_14_tau2": 1.25, "com_1_tau1": 0.4845874487472411, "com_1_tau2": 0.8125445466334742, "com_2_tau1": 0.6060172971304933, "com_2_tau2": 0.7848281365926989, "com_3_tau1": 0.524326558156876, "com_3_tau2": 0.9286493200415573, "com_4_tau1": 0.4280315218930249, "com_4_tau2": 0.951343071195814, "com_5_tau1": 0.48026520184101096, "com_5_tau2": 0.39812528913465917, "com_6_tau1": 0.6446240818984561, "com_6_tau2": 0.5797939863156689, "com_7_tau1": 0.5759133767069156, "com_7_tau2": 0.6772234812352229, "com_8_tau1": 0.8018977332853947, "com_8_tau2": 0.4762792568364757, "com_9_tau1": 0.6516386523723142, "com_9_tau2": -0.07468814905986992}, "datetime": {"datetime": "2024-05-09 01:13:01", "elapsed": 25088.072649, "delta": 166.216795}}
