{"target": 0.9136801135321704, "params": {"com_0_tau1": 1.029073200494691, "com_0_tau2": 0.3540202611867894, "com_10_tau1": 0.10344435088940823, "com_10_tau2": 0.45575758817088763, "com_11_tau1": 0.14013408774641006, "com_11_tau2": 0.5233219628589691, "com_12_tau1": 0.13694456745621997, "com_12_tau2": 0.40503649195353525, "com_13_tau1": 0.3766054931416075, "com_13_tau2": 1.0353043178772579, "com_14_tau1": 0.7345300458535011, "com_14_tau2": 0.3564023343734775, "com_15_tau1": 0.13390624671020696, "com_15_tau2": 0.7541150402236658, "com_16_tau1": 0.6826609944372707, "com_16_tau2": 0.14449613612340456, "com_17_tau1": 0.4886088947575493, "com_17_tau2": 0.2949767964092787, "com_18_tau1": 0.36892091259805326, "com_18_tau2": 0.8853534459730976, "com_19_tau1": 1.0071472822515652, "com_19_tau2": 0.9337343169701195, "com_1_tau1": 0.008332228255060359, "com_1_tau2": 0.5887117617341162, "com_20_tau1": 0.7144487658987582, "com_20_tau2": 0.9469180376134352, "com_21_tau1": 0.4732298021886799, "com_21_tau2": 0.5646540416883092, "com_22_tau1": 0.9306198100744859, "com_22_tau2": 0.8112748956536843, "com_2_tau1": 0.1736848416725515, "com_2_tau2": 0.6510650346722948, "com_3_tau1": 0.3490642936481733, "com_3_tau2": 0.8572318101435774, "com_4_tau1": 0.7632960430893974, "com_4_tau2": 0.9830285690272158, "com_5_tau1": 1.1514680269352393, "com_5_tau2": 0.21841515074377665, "com_6_tau1": 0.6611452528184592, "com_6_tau2": 0.1704036245554169, "com_7_tau1": 1.000783153201683, "com_7_tau2": 0.21310346444359174, "com_8_tau1": 0.007431809011717083, "com_8_tau2": 0.0034000571698376003, "com_9_tau1": 0.2743148238999907, "com_9_tau2": 0.13643538340089822}, "datetime": {"datetime": "2024-08-22 06:39:34", "elapsed": 16778.36581, "delta": 100.63324}}
{"target": 0.8659665195617805, "params": {"com_0_tau1": 0.9025090699113808, "com_0_tau2": 0.11636562252967456, "com_10_tau1": 0.3147804602563864, "com_10_tau2": 0.5628264693442585, "com_11_tau1": 0.029884537022293878, "com_11_tau2": 0.454543681547548, "com_12_tau1": 0.20513011741956144, "com_12_tau2": 0.3361905973656836, "com_13_tau1": 0.43810159027877893, "com_13_tau2": 0.9527283365605789, "com_14_tau1": 0.5317388533614262, "com_14_tau2": 0.3487187198729098, "com_15_tau1": 0.23757120350332472, "com_15_tau2": 1.1151011660932348, "com_16_tau1": 0.4384543421221341, "com_16_tau2": 0.16314568750573333, "com_17_tau1": 0.4239949468755532, "com_17_tau2": 0.6565208007827841, "com_18_tau1": 0.13399727715890408, "com_18_tau2": 1.1387020590594024, "com_19_tau1": 1.059997731714738, "com_19_tau2": 0.9373983870825089, "com_1_tau1": -0.12819235678013247, "com_1_tau2": 0.8899525672446724, "com_20_tau1": 0.8184802698228041, "com_20_tau2": 0.7244275483286204, "com_21_tau1": 0.5857271379858706, "com_21_tau2": 0.5529723423475701, "com_22_tau1": 0.7570813358624371, "com_22_tau2": 0.7943542476526481, "com_2_tau1": 0.0159745269618059, "com_2_tau2": 0.5242628802202911, "com_3_tau1": 0.27616297680977003, "com_3_tau2": 0.809592103397883, "com_4_tau1": 0.587363361703813, "com_4_tau2": 0.5660827261961934, "com_5_tau1": 0.7990779510851255, "com_5_tau2": 0.36518313104356354, "com_6_tau1": 0.8718017140117591, "com_6_tau2": 0.041201875552631884, "com_7_tau1": 0.8403516141959926, "com_7_tau2": 0.3073301483340627, "com_8_tau1": 0.02533281235733048, "com_8_tau2": -0.08391824989368651, "com_9_tau1": 0.6283082531255288, "com_9_tau2": 0.16598736088763527}, "datetime": {"datetime": "2024-08-22 06:41:29", "elapsed": 16893.824587, "delta": 115.458777}}
{"target": 0.8841525681877372, "params": {"com_0_tau1": 1.004255734426292, "com_0_tau2": 0.22292039893630897, "com_10_tau1": 0.3034329645123561, "com_10_tau2": 0.449919922721272, "com_11_tau1": -0.04251064170777519, "com_11_tau2": 0.1985622250698631, "com_12_tau1": 0.4083228324318219, "com_12_tau2": 0.3063531251518221, "com_13_tau1": 0.4212665592980652, "com_13_tau2": 0.8616419100572106, "com_14_tau1": 0.5881896800358293, "com_14_tau2": -0.040842982875438916, "com_15_tau1": -0.10128792047831675, "com_15_tau2": 0.8869652714551134, "com_16_tau1": 0.5500482686179913, "com_16_tau2": 0.3911748929911964, "com_17_tau1": 0.35569074093315595, "com_17_tau2": 0.5144237300899633, "com_18_tau1": 0.23892744664052495, "com_18_tau2": 0.8379751397537069, "com_19_tau1": 1.1358337357992718, "com_19_tau2": 1.1273922819585205, "com_1_tau1": 0.12054916039658509, "com_1_tau2": 1.048842605251716, "com_20_tau1": 0.81622125946696, "com_20_tau2": 1.1299854109560763, "com_21_tau1": 0.13961813843792825, "com_21_tau2": 0.6252696285480888, "com_22_tau1": 0.6398382651327104, "com_22_tau2": 0.8252676509000465, "com_2_tau1": 0.05200006845145977, "com_2_tau2": 0.4792784719275476, "com_3_tau1": 0.5527819008838772, "com_3_tau2": 0.5999276807749876, "com_4_tau1": 0.4518556116721204, "com_4_tau2": 0.5556157128600511, "com_5_tau1": 0.9765547673065345, "com_5_tau2": 0.6027133407329341, "com_6_tau1": 0.6668451501179853, "com_6_tau2": 0.15406796123352323, "com_7_tau1": 0.9386820427329088, "com_7_tau2": 0.31978004310985547, "com_8_tau1": 0.18821893854793698, "com_8_tau2": -0.0383558930844482, "com_9_tau1": 0.3197280446187522, "com_9_tau2": -0.015121371265559846}, "datetime": {"datetime": "2024-08-22 06:43:19", "elapsed": 17003.710845, "delta": 109.886258}}
{"target": 0.8615062638031624, "params": {"com_0_tau1": 0.9379556342197132, "com_0_tau2": 0.33790056854352246, "com_10_tau1": -0.08684396152691831, "com_10_tau2": 0.352665933734304, "com_11_tau1": 0.05936877722364875, "com_11_tau2": 0.5384214611571839, "com_12_tau1": 0.020642316790319526, "com_12_tau2": 0.1947225841608602, "com_13_tau1": 0.5097482260157288, "com_13_tau2": 0.8879772081010793, "com_14_tau1": 0.4438721726051381, "com_14_tau2": -0.012032601203567084, "com_15_tau1": -0.1272590037303849, "com_15_tau2": 1.1176150571703907, "com_16_tau1": 0.7437310029126224, "com_16_tau2": 0.13674874197749326, "com_17_tau1": 0.2591374511299042, "com_17_tau2": 0.5185225681387263, "com_18_tau1": 0.24579527931468415, "com_18_tau2": 0.8099431569042783, "com_19_tau1": 1.1100010793835857, "com_19_tau2": 1.1683403034604338, "com_1_tau1": -0.033877620608187275, "com_1_tau2": 1.0600328436403204, "com_20_tau1": 0.7018894991116004, "com_20_tau2": 1.0374898156063639, "com_21_tau1": 0.48026825977535137, "com_21_tau2": 0.5715150774074619, "com_22_tau1": 0.581703782110611, "com_22_tau2": 0.7443837112288512, "com_2_tau1": 0.019951495569934807, "com_2_tau2": 0.35160543090328195, "com_3_tau1": 0.49893799265181804, "com_3_tau2": 0.7811250292991343, "com_4_tau1": 0.46265710504013724, "com_4_tau2": 0.5782410743362081, "com_5_tau1": 0.9367582508645902, "com_5_tau2": 0.16347164301805606, "com_6_tau1": 0.7110554537427621, "com_6_tau2": 0.3254301581723758, "com_7_tau1": 0.9864811305039065, "com_7_tau2": 0.18321423101246886, "com_8_tau1": 0.28762596651375855, "com_8_tau2": -0.1352292228528536, "com_9_tau1": 0.7026425110436321, "com_9_tau2": 0.2554887077993788}, "datetime": {"datetime": "2024-08-22 06:45:16", "elapsed": 17120.94835, "delta": 117.237505}}
{"target": 0.8794462564761076, "params": {"com_0_tau1": 1.1501488113705576, "com_0_tau2": 0.34312905884697265, "com_10_tau1": 0.2529785834952345, "com_10_tau2": 0.5074666800604404, "com_11_tau1": -0.09859061674231939, "com_11_tau2": 0.28742257351155803, "com_12_tau1": 0.23706606679476033, "com_12_tau2": -0.09100886801699437, "com_13_tau1": 0.35353921684461465, "com_13_tau2": 0.6596048367098841, "com_14_tau1": 0.3943410669793714, "com_14_tau2": -0.06768389719974316, "com_15_tau1": -0.06207266702495523, "com_15_tau2": 0.9803561548581033, "com_16_tau1": 0.7277489570881427, "com_16_tau2": 0.31815785541806985, "com_17_tau1": 0.3094765989461936, "com_17_tau2": 0.37985350264909684, "com_18_tau1": 0.25729047213709655, "com_18_tau2": 0.7617001936249445, "com_19_tau1": 0.7373047464673924, "com_19_tau2": 0.7938945504572501, "com_1_tau1": 0.21388875740070024, "com_1_tau2": 0.5896657933864178, "com_20_tau1": 0.8677419229644332, "com_20_tau2": 1.1133930855713667, "com_21_tau1": 0.1543860392288834, "com_21_tau2": 0.32639020477327557, "com_22_tau1": 1.0434191974357045, "com_22_tau2": 0.6635423648113596, "com_2_tau1": -0.17673374242807938, "com_2_tau2": 0.4893298416355314, "com_3_tau1": 0.35468737362977976, "com_3_tau2": 0.9008864971938146, "com_4_tau1": 0.7395493292028255, "com_4_tau2": 0.8336515365941268, "com_5_tau1": 0.8944148680247773, "com_5_tau2": 0.5103731304201548, "com_6_tau1": 0.5574593274685077, "com_6_tau2": 0.38209918713108365, "com_7_tau1": 0.9251697541431596, "com_7_tau2": 0.5037186685975421, "com_8_tau1": 0.021929442632221352, "com_8_tau2": 0.24255477981465368, "com_9_tau1": 0.6555913694712963, "com_9_tau2": 0.01345658692835644}, "datetime": {"datetime": "2024-08-22 06:47:08", "elapsed": 17232.238643, "delta": 111.290293}}
{"target": 0.9023923357569855, "params": {"com_0_tau1": 0.9769585125910548, "com_0_tau2": 0.3031135110409797, "com_10_tau1": 0.07411470221004814, "com_10_tau2": 0.3711296764056231, "com_11_tau1": 0.13728604847143674, "com_11_tau2": 0.39826897089507146, "com_12_tau1": 0.19185405751858176, "com_12_tau2": 0.2770746717268632, "com_13_tau1": 0.35337120221562485, "com_13_tau2": 0.9706104318527609, "com_14_tau1": 0.6437190018129653, "com_14_tau2": 0.144988973369335, "com_15_tau1": 0.08208843409431904, "com_15_tau2": 0.9502945197225625, "com_16_tau1": 0.6798326465703511, "com_16_tau2": 0.23379582648253308, "com_17_tau1": 0.3702716987370349, "com_17_tau2": 0.42719072835958705, "com_18_tau1": 0.3943174342275328, "com_18_tau2": 0.9489868262574169, "com_19_tau1": 1.0550889576350053, "com_19_tau2": 0.8966643714475853, "com_1_tau1": 0.1341301362844456, "com_1_tau2": 0.6644767044681982, "com_20_tau1": 0.9257965495109782, "com_20_tau2": 0.9891249056084644, "com_21_tau1": 0.40878542126125894, "com_21_tau2": 0.4250052191803347, "com_22_tau1": 0.9278987614062019, "com_22_tau2": 0.8222529584108876, "com_2_tau1": 0.07465959960049962, "com_2_tau2": 0.5621803790526555, "com_3_tau1": 0.4279476357757659, "com_3_tau2": 0.7537929601061838, "com_4_tau1": 0.6674686821283139, "com_4_tau2": 0.9257848765179564, "com_5_tau1": 1.0198735143872462, "com_5_tau2": 0.3095216701965133, "com_6_tau1": 0.7040937911200051, "com_6_tau2": 0.24660799251038695, "com_7_tau1": 0.8733235507895899, "com_7_tau2": 0.32624235825827086, "com_8_tau1": 0.1229320999441349, "com_8_tau2": 0.100718761137045, "com_9_tau1": 0.3084996263908489, "com_9_tau2": 0.0007505204643957774}, "datetime": {"datetime": "2024-08-22 06:48:55", "elapsed": 17340.093059, "delta": 107.854416}}
{"target": 0.9026893377339736, "params": {"com_0_tau1": 0.7606318388363899, "com_0_tau2": 0.2853832407826762, "com_10_tau1": 0.23114120256855558, "com_10_tau2": 0.6044145187717113, "com_11_tau1": 0.17530983661412244, "com_11_tau2": 0.5810592010886646, "com_12_tau1": 0.4092470660060681, "com_12_tau2": 0.15629291279770816, "com_13_tau1": 0.29856992649643016, "com_13_tau2": 0.7058486746025268, "com_14_tau1": 0.3647723138272726, "com_14_tau2": 0.33376787837685057, "com_15_tau1": 0.10440404578769946, "com_15_tau2": 1.1344422968997312, "com_16_tau1": 0.7382565315795254, "com_16_tau2": 0.5278183962064061, "com_17_tau1": 0.4377683718850703, "com_17_tau2": 0.39195409278828086, "com_18_tau1": 0.19281693115935022, "com_18_tau2": 0.6694118174190932, "com_19_tau1": 1.1023150557655443, "com_19_tau2": 0.8655961874728749, "com_1_tau1": 0.1307841746777278, "com_1_tau2": 0.7311433499515017, "com_20_tau1": 0.9362703152905419, "com_20_tau2": 0.9368369400729469, "com_21_tau1": 0.0879361888131881, "com_21_tau2": 0.18897699027877612, "com_22_tau1": 1.0651771307133495, "com_22_tau2": 0.742457906643704, "com_2_tau1": -0.14977070906190207, "com_2_tau2": 0.3548835242035256, "com_3_tau1": 0.4993517591888448, "com_3_tau2": 0.729672568074093, "com_4_tau1": 0.30648500986004745, "com_4_tau2": 1.046203187858682, "com_5_tau1": 1.06721197122042, "com_5_tau2": 0.28091859111709083, "com_6_tau1": 0.9814087779735243, "com_6_tau2": 0.3755668936969771, "com_7_tau1": 1.108660680924268, "com_7_tau2": 0.13951886526259016, "com_8_tau1": -0.05990940101575781, "com_8_tau2": 0.23906393519787253, "com_9_tau1": 0.2762256496918278, "com_9_tau2": 0.18285651200298988}, "datetime": {"datetime": "2024-08-22 06:50:45", "elapsed": 17449.158571, "delta": 109.065512}}
{"target": 0.903265156031679, "params": {"com_0_tau1": 1.1891557315232433, "com_0_tau2": 0.49838353322535717, "com_10_tau1": -0.01858073355458982, "com_10_tau2": 0.3557706152948958, "com_11_tau1": 0.22529725908643525, "com_11_tau2": 0.5827387796247258, "com_12_tau1": 0.030039156624215392, "com_12_tau2": 0.34326288641842173, "com_13_tau1": 0.4030413862583639, "com_13_tau2": 1.119712611322011, "com_14_tau1": 0.8349339776726553, "com_14_tau2": 0.2731172029734641, "com_15_tau1": 0.17499667151534276, "com_15_tau2": 0.7494707241882497, "com_16_tau1": 0.7392467893082714, "com_16_tau2": 0.027818396206406137, "com_17_tau1": 0.36072173946289, "com_17_tau2": 0.3097914998324515, "com_18_tau1": 0.470057506179237, "com_18_tau2": 0.9217178807340343, "com_19_tau1": 0.99319324903004, "com_19_tau2": 0.9194952993926447, "com_1_tau1": 0.0683813243154527, "com_1_tau2": 0.6888628443552056, "com_20_tau1": 0.7368603046137296, "com_20_tau2": 1.0906340787045332, "com_21_tau1": 0.5879361888131881, "com_21_tau2": 0.601920210037924, "com_22_tau1": 1.00080376076336, "com_22_tau2": 0.6954573636080319, "com_2_tau1": 0.018380983120425635, "com_2_tau2": 0.6565603516553716, "com_3_tau1": 0.2679016238504127, "com_3_tau2": 0.7695698834078307, "com_4_tau1": 0.8064850098600475, "com_4_tau2": 1.046203187858682, "com_5_tau1": 1.1528017045900296, "com_5_tau2": 0.16167428782886473, "com_6_tau1": 0.5599449816367223, "com_6_tau2": 0.13470781530317916, "com_7_tau1": 0.900831725902127, "com_7_tau2": 0.2777397443479363, "com_8_tau1": 0.04675671185321922, "com_8_tau2": 0.016794132210032477, "com_9_tau1": 0.2663421173476491, "com_9_tau2": 0.09821755875506002}, "datetime": {"datetime": "2024-08-22 06:52:34", "elapsed": 17558.731651, "delta": 109.57308}}
{"target": 0.8665862956413858, "params": {"com_0_tau1": 0.7825204113919602, "com_0_tau2": 0.3832714451089594, "com_10_tau1": 0.2810929170918286, "com_10_tau2": 0.40251527363121475, "com_11_tau1": 0.10701832625359353, "com_11_tau2": 0.5655902806064502, "com_12_tau1": 0.2182192341868731, "com_12_tau2": -0.06361541683358213, "com_13_tau1": 0.18393329131221298, "com_13_tau2": 0.7065145272915667, "com_14_tau1": 0.7419951491347591, "com_14_tau2": 0.3709339318715658, "com_15_tau1": 0.07192914083606683, "com_15_tau2": 0.9026153064280857, "com_16_tau1": 0.5625499882999991, "com_16_tau2": 0.17311962396530706, "com_17_tau1": 0.20101178674708797, "com_17_tau2": 0.608341804000065, "com_18_tau1": 0.32115469689612336, "com_18_tau2": 1.1110430751628702, "com_19_tau1": 1.007454674743758, "com_19_tau2": 1.0736351943595759, "com_1_tau1": 0.00013246418413198624, "com_1_tau2": 0.6551924023780585, "com_20_tau1": 0.7459556535923388, "com_20_tau2": 1.107436894003528, "com_21_tau1": 0.3783876648556955, "com_21_tau2": 0.3855281686145351, "com_22_tau1": 0.6998226037884472, "com_22_tau2": 0.966629845602445, "com_2_tau1": 0.16749583071266816, "com_2_tau2": 0.2580914541675768, "com_3_tau1": 0.2601679012437394, "com_3_tau2": 0.6381979887085163, "com_4_tau1": 0.8005105484475978, "com_4_tau2": 1.008335947858089, "com_5_tau1": 0.847398702957149, "com_5_tau2": 0.5866973485495663, "com_6_tau1": 0.6812794590865323, "com_6_tau2": 0.34548412612132284, "com_7_tau1": 0.90476168824951, "com_7_tau2": 0.3449774757265564, "com_8_tau1": 0.3606379610383465, "com_8_tau2": -0.013839201824049463, "com_9_tau1": 0.3210895967319528, "com_9_tau2": -0.02692226842491402}, "datetime": {"datetime": "2024-08-22 06:54:29", "elapsed": 17673.178085, "delta": 114.446434}}
{"target": 0.8829761656921427, "params": {"com_0_tau1": 0.9884339781732667, "com_0_tau2": 0.4442541779187906, "com_10_tau1": 0.015026496186661353, "com_10_tau2": 0.40058272100507514, "com_11_tau1": -0.020226028648801464, "com_11_tau2": 0.33589669611359246, "com_12_tau1": 0.2553331838232542, "com_12_tau2": 0.18790993195710276, "com_13_tau1": 0.39869881942314855, "com_13_tau2": 0.653422790156654, "com_14_tau1": 0.5086255298072557, "com_14_tau2": 0.29515386434517094, "com_15_tau1": -0.12867878462077992, "com_15_tau2": 0.7908746081771844, "com_16_tau1": 0.5652243697160535, "com_16_tau2": 0.23106289984755946, "com_17_tau1": 0.1806059116714216, "com_17_tau2": 0.5765518582472553, "com_18_tau1": 0.0447975364536346, "com_18_tau2": 0.9388794673276577, "com_19_tau1": 0.909742736831847, "com_19_tau2": 0.8185769976940984, "com_1_tau1": 0.13217454665944828, "com_1_tau2": 0.9590957165527125, "com_20_tau1": 0.7581707399918485, "com_20_tau2": 1.108098278299246, "com_21_tau1": 0.5737857417350614, "com_21_tau2": 0.45124075658848617, "com_22_tau1": 0.6293916347776561, "com_22_tau2": 0.8781392929646985, "com_2_tau1": 0.08373647456760691, "com_2_tau2": 0.6370518000615717, "com_3_tau1": 0.5771403758025654, "com_3_tau2": 0.8688588016056217, "com_4_tau1": 0.4578455910751696, "com_4_tau2": 1.0054732734068477, "com_5_tau1": 0.669200774164381, "com_5_tau2": 0.5179193115414442, "com_6_tau1": 0.7543821522445155, "com_6_tau2": 0.3210707499540831, "com_7_tau1": 1.0805170761139227, "com_7_tau2": 0.5630546383400714, "com_8_tau1": -0.030624212445142518, "com_8_tau2": -0.00667180214144969, "com_9_tau1": 0.6894947768026682, "com_9_tau2": 0.044448564582947714}, "datetime": {"datetime": "2024-08-22 06:56:18", "elapsed": 17782.561221, "delta": 109.383136}}
{"target": 0.897747351349882, "params": {"com_0_tau1": 1.0212513514654773, "com_0_tau2": 0.4995803107798087, "com_10_tau1": 0.10052457832010592, "com_10_tau2": 0.5150570144214014, "com_11_tau1": 0.27637358257572686, "com_11_tau2": 0.5827387796247258, "com_12_tau1": 0.17831261182509903, "com_12_tau2": 0.4071316312565769, "com_13_tau1": 0.4047436134903182, "com_13_tau2": 1.071819505607244, "com_14_tau1": 0.7064115224661465, "com_14_tau2": 0.39466012966340536, "com_15_tau1": 0.2013773298270876, "com_15_tau2": 0.7494946049289192, "com_16_tau1": 0.7666826560296603, "com_16_tau2": 0.11003855838668562, "com_17_tau1": 0.5254594734677022, "com_17_tau2": 0.24024057790327247, "com_18_tau1": 0.3407314137004464, "com_18_tau2": 0.8240065426193184, "com_19_tau1": 1.1284839554105885, "com_19_tau2": 0.788625488725848, "com_1_tau1": 0.24061223840780652, "com_1_tau2": 0.5808904595911243, "com_20_tau1": 0.7413374077069376, "com_20_tau2": 1.0427541816961587, "com_21_tau1": 0.4835332513604717, "com_21_tau2": 0.5627339627742801, "com_22_tau1": 1.000190196924684, "com_22_tau2": 0.6835011020089221, "com_2_tau1": 0.1946755886702548, "com_2_tau2": 0.6565603516553716, "com_3_tau1": 0.4101705868535486, "com_3_tau2": 0.9786318350508687, "com_4_tau1": 0.7273870897047172, "com_4_tau2": 1.046203187858682, "com_5_tau1": 1.1528017045900296, "com_5_tau2": 0.16167428782886473, "com_6_tau1": 0.7185070377902006, "com_6_tau2": 0.3478547202367052, "com_7_tau1": 1.1002377649848627, "com_7_tau2": 0.14746292981045478, "com_8_tau1": -0.05990940101575781, "com_8_tau2": -0.02324916411102231, "com_9_tau1": 0.25190943499462537, "com_9_tau2": 0.13121283619803326}, "datetime": {"datetime": "2024-08-22 06:58:06", "elapsed": 17890.952642, "delta": 108.391421}}
{"target": 0.8494701507435394, "params": {"com_0_tau1": 1.1069811980100794, "com_0_tau2": 0.3338720348081607, "com_10_tau1": 0.14434536441927026, "com_10_tau2": 0.42196966079151943, "com_11_tau1": -0.028339015932387968, "com_11_tau2": 0.19521792684593786, "com_12_tau1": 0.031150974350611482, "com_12_tau2": 0.1320505488271797, "com_13_tau1": 0.12144051739526751, "com_13_tau2": 0.893926312715076, "com_14_tau1": 0.6140152831155976, "com_14_tau2": 0.1389555959903595, "com_15_tau1": -0.05170726438817608, "com_15_tau2": 1.2036793390635998, "com_16_tau1": 0.312472771436003, "com_16_tau2": 0.08660728960406783, "com_17_tau1": 0.045562685459847097, "com_17_tau2": 0.4535855539102406, "com_18_tau1": 0.20533812544408542, "com_18_tau2": 0.8756468352176923, "com_19_tau1": 0.957838654246489, "com_19_tau2": 1.1044511640957375, "com_1_tau1": -0.03655349823320936, "com_1_tau2": 0.7179315264876763, "com_20_tau1": 0.7711300004737724, "com_20_tau2": 1.0211745131842491, "com_21_tau1": 0.46914635354114803, "com_21_tau2": 0.6738651433524557, "com_22_tau1": 0.6057496890163102, "com_22_tau2": 0.7104751459382779, "com_2_tau1": -0.0755521909969798, "com_2_tau2": 0.31396158795271634, "com_3_tau1": 0.21583441918628948, "com_3_tau2": 0.9124063973272291, "com_4_tau1": 0.3078601363525753, "com_4_tau2": 0.6995160913171905, "com_5_tau1": 0.9232796003134183, "com_5_tau2": 0.48691898639288195, "com_6_tau1": 0.7202444143192182, "com_6_tau2": 0.09541509171881785, "com_7_tau1": 0.8122194014233673, "com_7_tau2": 0.25168955220554345, "com_8_tau1": 0.1368602930652557, "com_8_tau2": 0.25500223313416653, "com_9_tau1": 0.45618014718012434, "com_9_tau2": -0.05831743374616094}, "datetime": {"datetime": "2024-08-22 07:00:07", "elapsed": 18012.080006, "delta": 121.127364}}
