{"target": 0.9053366957362337, "params": {"com_0_tau1": 0.8417306256407824, "com_0_tau2": 0.49897793970037463, "com_10_tau1": 0.13680373475059582, "com_10_tau2": 0.18517057089984162, "com_11_tau1": 0.17759811006410153, "com_11_tau2": 0.13427058529221064, "com_12_tau1": 0.0005557157847240757, "com_12_tau2": 0.08258899890435278, "com_13_tau1": 0.4864778360599402, "com_13_tau2": 0.9534991040484553, "com_14_tau1": 0.6474508852783802, "com_14_tau2": 0.22177512973112185, "com_15_tau1": 0.12651126672624702, "com_15_tau2": 1.0667658068923775, "com_16_tau1": 0.4547803523765671, "com_16_tau2": 0.03881414353130613, "com_17_tau1": 0.23822463905753766, "com_17_tau2": 0.47706343738555296, "com_18_tau1": 0.19070430579514625, "com_18_tau2": 0.8458567756137456, "com_19_tau1": 0.89724649104142, "com_19_tau2": 1.135836970066451, "com_1_tau1": 0.1036029974406209, "com_1_tau2": 1.0784262001880107, "com_20_tau1": 0.8500557564872386, "com_20_tau2": 0.7373727572661473, "com_21_tau1": 0.18059586704904268, "com_21_tau2": 0.4857665669896929, "com_22_tau1": 0.8413812790101172, "com_22_tau2": 1.0664598801477472, "com_2_tau1": 0.023942273886234433, "com_2_tau2": 0.5812845618546922, "com_3_tau1": 0.4454427927871934, "com_3_tau2": 0.8448067851456396, "com_4_tau1": 0.3223600018794035, "com_4_tau2": 0.8276987123195019, "com_5_tau1": 0.8869883371497432, "com_5_tau2": 0.6239006509689196, "com_6_tau1": 0.971395569227469, "com_6_tau2": 0.12626470290304592, "com_7_tau1": 0.8758830257857044, "com_7_tau2": 0.6368659629193986, "com_8_tau1": 0.42237031207324444, "com_8_tau2": 0.04336244440721171, "com_9_tau1": 0.559852381338984, "com_9_tau2": 0.19243907930611603}, "datetime": {"datetime": "2024-08-22 05:31:10", "elapsed": 12674.489035, "delta": 103.095181}}
{"target": 0.8211465121700683, "params": {"com_0_tau1": 1.183017252997225, "com_0_tau2": 0.19599902060781565, "com_10_tau1": 0.22456916243529645, "com_10_tau2": 0.6036002874273549, "com_11_tau1": -0.06281880489117003, "com_11_tau2": 0.1293367057427401, "com_12_tau1": 0.1925836921725284, "com_12_tau2": 0.2885957626687324, "com_13_tau1": 0.45445516393446095, "com_13_tau2": 0.9987523490387014, "com_14_tau1": 0.5717070617400988, "com_14_tau2": 0.22701468315795315, "com_15_tau1": 0.09834891426528042, "com_15_tau2": 1.1571683865931344, "com_16_tau1": 0.4694174788149512, "com_16_tau2": 0.5093698698659805, "com_17_tau1": 0.3770818483886225, "com_17_tau2": 0.37330731394986444, "com_18_tau1": 0.408016591371293, "com_18_tau2": 0.8192530197845267, "com_19_tau1": 0.8715919288295744, "com_19_tau2": 0.9046936884534943, "com_1_tau1": -0.17536867533619888, "com_1_tau2": 1.0154462946453753, "com_20_tau1": 1.0093433531554994, "com_20_tau2": 1.06692416703189, "com_21_tau1": 0.3692877890774261, "com_21_tau2": 0.6496067470672064, "com_22_tau1": 0.8898251329012747, "com_22_tau2": 1.0364775082165194, "com_2_tau1": 0.12834905081034806, "com_2_tau2": 0.28624963774782913, "com_3_tau1": 0.6394774210112044, "com_3_tau2": 0.7723314713885685, "com_4_tau1": 0.43428013060243714, "com_4_tau2": 0.7179615639433696, "com_5_tau1": 0.7565952604466639, "com_5_tau2": 0.5303621565948637, "com_6_tau1": 0.6620874701024755, "com_6_tau2": -0.02204369754355806, "com_7_tau1": 0.881029601819019, "com_7_tau2": 0.29404536112866836, "com_8_tau1": 0.007477571107742331, "com_8_tau2": -0.11696598334281066, "com_9_tau1": 0.5607944258671445, "com_9_tau2": -0.05535480270354046}, "datetime": {"datetime": "2024-08-22 05:33:23", "elapsed": 12807.751462, "delta": 133.262427}}
{"target": 0.906006290018796, "params": {"com_0_tau1": 0.7562132105999497, "com_0_tau2": 0.28512116922257225, "com_10_tau1": 0.020641542410095748, "com_10_tau2": 0.5846337900933625, "com_11_tau1": 0.045813010061386494, "com_11_tau2": 0.48025930205606443, "com_12_tau1": 0.3941159905444373, "com_12_tau2": 0.27187104673383683, "com_13_tau1": 0.4748324074001174, "com_13_tau2": 0.6479118229121859, "com_14_tau1": 0.5379616811859212, "com_14_tau2": 0.17904180992702895, "com_15_tau1": -0.026084672169289558, "com_15_tau2": 1.2256613325028514, "com_16_tau1": 0.4691512740656588, "com_16_tau2": 0.4124630851836212, "com_17_tau1": 0.26337637965140215, "com_17_tau2": 0.5637175571882296, "com_18_tau1": 0.06983410330816647, "com_18_tau2": 0.6731902988552125, "com_19_tau1": 0.9855284925191975, "com_19_tau2": 0.8537791002501676, "com_1_tau1": 0.09431129130302238, "com_1_tau2": 0.8830603614247114, "com_20_tau1": 1.0127766863312146, "com_20_tau2": 0.7978786020922626, "com_21_tau1": 0.10451369382506631, "com_21_tau2": 0.2558010247377323, "com_22_tau1": 1.0635281604598825, "com_22_tau2": 0.8736319636622536, "com_2_tau1": -0.18765556403084632, "com_2_tau2": 0.33170395125045565, "com_3_tau1": 0.23050652284794954, "com_3_tau2": 0.5664152310625585, "com_4_tau1": 0.3339891210795828, "com_4_tau2": 0.8539441011146673, "com_5_tau1": 1.0263160245423513, "com_5_tau2": 0.23624283384666123, "com_6_tau1": 0.9488575911062237, "com_6_tau2": 0.06429738257736041, "com_7_tau1": 1.0986229177992093, "com_7_tau2": 0.16663471814758402, "com_8_tau1": -0.05914441642260476, "com_8_tau2": 0.3151723847362179, "com_9_tau1": 0.3987448034405856, "com_9_tau2": 0.06958115519347774}, "datetime": {"datetime": "2024-08-22 05:35:05", "elapsed": 12909.732551, "delta": 101.981089}}
{"target": 0.8615939111869223, "params": {"com_0_tau1": 1.1081886511754728, "com_0_tau2": 0.309157462720809, "com_10_tau1": -0.024222614759105088, "com_10_tau2": 0.35587400029346855, "com_11_tau1": 0.09415496133417445, "com_11_tau2": 0.3069098971991419, "com_12_tau1": 0.21077392571814468, "com_12_tau2": 0.12877462977335646, "com_13_tau1": 0.11658036923181442, "com_13_tau2": 1.094428543832438, "com_14_tau1": 0.5614015298197806, "com_14_tau2": 0.30227228169625736, "com_15_tau1": 0.30545808858053686, "com_15_tau2": 1.0375171009229553, "com_16_tau1": 0.5004869726916513, "com_16_tau2": 0.25036024806122376, "com_17_tau1": 0.5145072161043887, "com_17_tau2": 0.7214337898692016, "com_18_tau1": 0.46743042774001997, "com_18_tau2": 0.922438398669314, "com_19_tau1": 1.1739577770967202, "com_19_tau2": 1.204318989952768, "com_1_tau1": -0.08458421549915954, "com_1_tau2": 0.901529350541002, "com_20_tau1": 1.0090880255974821, "com_20_tau2": 0.8629771124833038, "com_21_tau1": 0.2957648365448239, "com_21_tau2": 0.25668918419549086, "com_22_tau1": 0.8710389732558294, "com_22_tau2": 0.8721458954726196, "com_2_tau1": 0.06518079282437733, "com_2_tau2": 0.38475434993428526, "com_3_tau1": 0.5439865098020111, "com_3_tau2": 0.7844380354244755, "com_4_tau1": 0.6256346383553928, "com_4_tau2": 1.0449705358460184, "com_5_tau1": 0.8389628446076128, "com_5_tau2": 0.2576915267844802, "com_6_tau1": 0.48475751951434864, "com_6_tau2": 0.2675246571169507, "com_7_tau1": 0.7519349998491934, "com_7_tau2": 0.26842387700457637, "com_8_tau1": 0.289800002537516, "com_8_tau2": 0.24760861993002659, "com_9_tau1": 0.6085269303583674, "com_9_tau2": -0.12433368622283089}, "datetime": {"datetime": "2024-08-22 05:37:04", "elapsed": 13028.628376, "delta": 118.895825}}
{"target": 0.8737385404659075, "params": {"com_0_tau1": 1.1634147217555748, "com_0_tau2": 0.1180693670352751, "com_10_tau1": 0.16128142357978115, "com_10_tau2": 0.1789175850721974, "com_11_tau1": 0.22907341390962954, "com_11_tau2": 0.21862247016477487, "com_12_tau1": 0.06779421865550576, "com_12_tau2": 0.24118989849945477, "com_13_tau1": 0.13277348230824176, "com_13_tau2": 0.6788773476553163, "com_14_tau1": 0.3597495148000635, "com_14_tau2": 0.08112906685776577, "com_15_tau1": 0.30631737346861304, "com_15_tau2": 1.1021240226715947, "com_16_tau1": 0.5567327332052112, "com_16_tau2": 0.12607162832958912, "com_17_tau1": 0.059711667702492505, "com_17_tau2": 0.6776144383156769, "com_18_tau1": 0.3722753024544161, "com_18_tau2": 0.8035994227955972, "com_19_tau1": 0.7278313839534701, "com_19_tau2": 0.8917618682794948, "com_1_tau1": 0.060816554682803725, "com_1_tau2": 0.5941545627250169, "com_20_tau1": 1.0449548090700393, "com_20_tau2": 0.7261447747575723, "com_21_tau1": 0.30416362727346563, "com_21_tau2": 0.2696756554123643, "com_22_tau1": 0.5830718940669927, "com_22_tau2": 0.7059617344846547, "com_2_tau1": 0.09400392083711162, "com_2_tau2": 0.28142872065042074, "com_3_tau1": 0.5114813850576521, "com_3_tau2": 0.4835127657747715, "com_4_tau1": 0.5495603134823526, "com_4_tau2": 1.0102239350385829, "com_5_tau1": 0.898934866672654, "com_5_tau2": 0.30735687580295645, "com_6_tau1": 0.6343519035973773, "com_6_tau2": -0.06394142798983116, "com_7_tau1": 0.9025059425583466, "com_7_tau2": 0.3410873531347898, "com_8_tau1": -0.05089730033662565, "com_8_tau2": 0.042694900218123444, "com_9_tau1": 0.6689883676083455, "com_9_tau2": -0.11585850209333526}, "datetime": {"datetime": "2024-08-22 05:38:58", "elapsed": 13142.390963, "delta": 113.762587}}
{"target": 0.8449348042436796, "params": {"com_0_tau1": 0.7556436723097317, "com_0_tau2": 0.21111208652298963, "com_10_tau1": -0.0915228118442531, "com_10_tau2": 0.4710250389292172, "com_11_tau1": -0.1695910329355166, "com_11_tau2": 0.08879698188120122, "com_12_tau1": 0.07092968371265101, "com_12_tau2": 0.22713149170829383, "com_13_tau1": 0.2589622874993581, "com_13_tau2": 0.6213909066439822, "com_14_tau1": 0.7794259239135837, "com_14_tau2": 0.36217058176913774, "com_15_tau1": -0.016629752697299383, "com_15_tau2": 0.8185312440568597, "com_16_tau1": 0.5575187275591484, "com_16_tau2": 0.4210147199032049, "com_17_tau1": 0.25669639339376316, "com_17_tau2": 0.26783028921838353, "com_18_tau1": 0.0931682329017875, "com_18_tau2": 0.7426351502782297, "com_19_tau1": 0.7635979003057374, "com_19_tau2": 1.1893019619060994, "com_1_tau1": -0.05220029578711788, "com_1_tau2": 0.6088650614530868, "com_20_tau1": 0.8255228802926619, "com_20_tau2": 0.9402217425305324, "com_21_tau1": 0.3469458604882413, "com_21_tau2": 0.49476947693374385, "com_22_tau1": 1.0373148779326307, "com_22_tau2": 0.6822103357685512, "com_2_tau1": -0.1833278839903093, "com_2_tau2": 0.3001737126783652, "com_3_tau1": 0.31747376125434285, "com_3_tau2": 0.6049460291309261, "com_4_tau1": 0.7915031049699067, "com_4_tau2": 0.6806148307812987, "com_5_tau1": 0.8318778225981546, "com_5_tau2": 0.44692413447384743, "com_6_tau1": 0.9130903689116805, "com_6_tau2": 0.2402662819358341, "com_7_tau1": 0.7188221684548765, "com_7_tau2": 0.5915731668335589, "com_8_tau1": 0.03580626665019088, "com_8_tau2": 0.022170536222746895, "com_9_tau1": 0.3732728602639215, "com_9_tau2": -0.22935505111697244}, "datetime": {"datetime": "2024-08-22 05:41:00", "elapsed": 13264.976157, "delta": 122.585194}}
{"target": 0.9019885603196621, "params": {"com_0_tau1": 0.8229059617173731, "com_0_tau2": 0.495982683100215, "com_10_tau1": 0.28593391113096284, "com_10_tau2": 0.5280845458220718, "com_11_tau1": 0.08300358690219395, "com_11_tau2": 0.4538704504843164, "com_12_tau1": 0.32441413452326306, "com_12_tau2": 0.07234970573995209, "com_13_tau1": 0.4140615800737478, "com_13_tau2": 0.8300135854367832, "com_14_tau1": 0.42651805013583455, "com_14_tau2": 0.3514424210368895, "com_15_tau1": 0.30961448361455196, "com_15_tau2": 0.936153584361068, "com_16_tau1": 0.7253610340446243, "com_16_tau2": 0.31701458361326057, "com_17_tau1": 0.4768242120869032, "com_17_tau2": 0.34726602136911416, "com_18_tau1": 0.0787425772816425, "com_18_tau2": 0.7586992571032672, "com_19_tau1": 0.829091255312636, "com_19_tau2": 0.9115763211775695, "com_1_tau1": 0.14091458347896785, "com_1_tau2": 0.9503644116760773, "com_20_tau1": 0.9577637802875656, "com_20_tau2": 1.119605097478366, "com_21_tau1": 0.3725729881645562, "com_21_tau2": 0.5001003140081323, "com_22_tau1": 0.6236595952600985, "com_22_tau2": 0.7205644326052776, "com_2_tau1": -0.0221180103633542, "com_2_tau2": 0.15988302631066864, "com_3_tau1": 0.6048557714091328, "com_3_tau2": 0.8454812073661594, "com_4_tau1": 0.37947754019448526, "com_4_tau2": 0.8855919200047861, "com_5_tau1": 0.9580762028878679, "com_5_tau2": 0.46177462652782686, "com_6_tau1": 0.6761859521475453, "com_6_tau2": 0.36239486113798913, "com_7_tau1": 1.0430107967731097, "com_7_tau2": 0.5187573289282728, "com_8_tau1": 0.04217276986476759, "com_8_tau2": -0.04984465483503664, "com_9_tau1": 0.36448889858397865, "com_9_tau2": -0.12974758499946}, "datetime": {"datetime": "2024-08-22 05:42:59", "elapsed": 13383.433982, "delta": 118.457825}}
{"target": 0.8665232774000604, "params": {"com_0_tau1": 1.1083038511827188, "com_0_tau2": 0.05337655848561554, "com_10_tau1": 0.3376581208442992, "com_10_tau2": 0.19446023161708625, "com_11_tau1": 0.049929138090235914, "com_11_tau2": 0.3429014089447284, "com_12_tau1": -0.01249179508089665, "com_12_tau2": 0.14857863181158404, "com_13_tau1": 0.42217550017652455, "com_13_tau2": 0.9578649844498395, "com_14_tau1": 0.4160751381411321, "com_14_tau2": -0.040724697238474675, "com_15_tau1": 0.006187955648386423, "com_15_tau2": 1.2039740056881034, "com_16_tau1": 0.4985209505569232, "com_16_tau2": 0.03429735726830796, "com_17_tau1": 0.1654640721625933, "com_17_tau2": 0.38062128309888643, "com_18_tau1": 0.3461165686732346, "com_18_tau2": 1.1071000971339882, "com_19_tau1": 0.9514199545600618, "com_19_tau2": 0.8478652089109094, "com_1_tau1": -0.18967363998554235, "com_1_tau2": 0.6345032999333778, "com_20_tau1": 0.8569682221094774, "com_20_tau2": 0.733014539432733, "com_21_tau1": 0.37318168255573414, "com_21_tau2": 0.42786569174505684, "com_22_tau1": 1.0239029333284098, "com_22_tau2": 1.1186391605601167, "com_2_tau1": 0.2295338859133253, "com_2_tau2": 0.375748032719879, "com_3_tau1": 0.30057870636083406, "com_3_tau2": 0.5999051308462291, "com_4_tau1": 0.31911090341075227, "com_4_tau2": 0.7276333933273282, "com_5_tau1": 0.7642884295686585, "com_5_tau2": 0.4627223312933752, "com_6_tau1": 0.9230893027164344, "com_6_tau2": 0.37343069357128233, "com_7_tau1": 0.901641353802255, "com_7_tau2": 0.27507015113195304, "com_8_tau1": -0.034997982506684344, "com_8_tau2": -0.073366631026895, "com_9_tau1": 0.6230266136592826, "com_9_tau2": 0.06964694178008077}, "datetime": {"datetime": "2024-08-22 05:44:53", "elapsed": 13497.60149, "delta": 114.167508}}
{"target": 0.8808827074730258, "params": {"com_0_tau1": 1.086840625506009, "com_0_tau2": 0.23143094198740427, "com_10_tau1": 0.2633449790588524, "com_10_tau2": 0.19710788557389275, "com_11_tau1": -0.18140202288673013, "com_11_tau2": 0.48097492108971895, "com_12_tau1": 0.2047581040352836, "com_12_tau2": 0.3589537313225316, "com_13_tau1": 0.4059224051361672, "com_13_tau2": 0.9105776751360797, "com_14_tau1": 0.454382133948366, "com_14_tau2": 0.3525954145346592, "com_15_tau1": -0.0369918625423134, "com_15_tau2": 0.9058352997737871, "com_16_tau1": 0.3289795094654226, "com_16_tau2": 0.14300528667760581, "com_17_tau1": 0.2221844355347617, "com_17_tau2": 0.35310497378691097, "com_18_tau1": 0.2644639273669939, "com_18_tau2": 0.9236444324108333, "com_19_tau1": 0.7544951877552853, "com_19_tau2": 0.9820885122062784, "com_1_tau1": 0.1692678293861047, "com_1_tau2": 0.6375910065803425, "com_20_tau1": 1.0971115106364218, "com_20_tau2": 1.016576673747988, "com_21_tau1": 0.26840354860506155, "com_21_tau2": 0.32556570604106766, "com_22_tau1": 0.9774437375572782, "com_22_tau2": 0.9292119873451422, "com_2_tau1": 0.25772249458152496, "com_2_tau2": 0.338007936363328, "com_3_tau1": 0.3804308996475417, "com_3_tau2": 0.7554481563763281, "com_4_tau1": 0.5514484136234641, "com_4_tau2": 0.6870102609571301, "com_5_tau1": 0.860338007964287, "com_5_tau2": 0.33405805525973054, "com_6_tau1": 0.7417554987335577, "com_6_tau2": 0.10010563895807678, "com_7_tau1": 0.8617742936646231, "com_7_tau2": 0.5910044042716545, "com_8_tau1": 0.3688373782813024, "com_8_tau2": 0.15898104130417762, "com_9_tau1": 0.5432352308297649, "com_9_tau2": 0.12667616451406072}, "datetime": {"datetime": "2024-08-22 05:46:43", "elapsed": 13607.501389, "delta": 109.899899}}
{"target": 0.8359351707543311, "params": {"com_0_tau1": 0.9254456746908075, "com_0_tau2": 0.1254551176641019, "com_10_tau1": 0.05357857169389174, "com_10_tau2": 0.5959764068037104, "com_11_tau1": 0.06470568492490397, "com_11_tau2": 0.13197020690520012, "com_12_tau1": 0.3639107592808648, "com_12_tau2": 0.26410261750337316, "com_13_tau1": 0.5447856969676194, "com_13_tau2": 0.7373682668132362, "com_14_tau1": 0.6923809693448182, "com_14_tau2": 0.2701023524262049, "com_15_tau1": -0.14638605948813516, "com_15_tau2": 0.9763041734311301, "com_16_tau1": 0.48973290624040705, "com_16_tau2": 0.36922165996512135, "com_17_tau1": 0.048834953959413396, "com_17_tau2": 0.42085338348485607, "com_18_tau1": 0.25844294105001897, "com_18_tau2": 0.9676857210966183, "com_19_tau1": 1.1575477451637883, "com_19_tau2": 1.0290360306398894, "com_1_tau1": -0.025549625328880027, "com_1_tau2": 0.7718454578538851, "com_20_tau1": 0.8180278134241836, "com_20_tau2": 0.7898098912045464, "com_21_tau1": 0.2996687760429571, "com_21_tau2": 0.6695087595690175, "com_22_tau1": 0.9613260350782221, "com_22_tau2": 1.0194529152916114, "com_2_tau1": 0.03245551092979071, "com_2_tau2": 0.39552157640090896, "com_3_tau1": 0.5950315918907937, "com_3_tau2": 0.6527217849127, "com_4_tau1": 0.6676342538245466, "com_4_tau2": 0.6507976657282664, "com_5_tau1": 0.9165735567662836, "com_5_tau2": 0.31817158033229415, "com_6_tau1": 0.7745704222548992, "com_6_tau2": 0.00251874377091299, "com_7_tau1": 0.8446343377555752, "com_7_tau2": 0.4633073970759893, "com_8_tau1": 0.1062320075895094, "com_8_tau2": -0.05801307242467524, "com_9_tau1": 0.5843754795459251, "com_9_tau2": 0.25111416684474386}, "datetime": {"datetime": "2024-08-22 05:48:53", "elapsed": 13737.569392, "delta": 130.068003}}
{"target": 0.8989998579141784, "params": {"com_0_tau1": 0.9204246232202581, "com_0_tau2": 0.3559128103666255, "com_10_tau1": 0.059015093487842826, "com_10_tau2": 0.38606232521514405, "com_11_tau1": 0.1419729966914061, "com_11_tau2": 0.46326133966340555, "com_12_tau1": 0.14443537134787998, "com_12_tau2": 0.1440723928203328, "com_13_tau1": 0.33391894509971565, "com_13_tau2": 0.8417180852804748, "com_14_tau1": 0.5903910449964993, "com_14_tau2": 0.12917969507035434, "com_15_tau1": 0.11402236314669957, "com_15_tau2": 1.042250228216812, "com_16_tau1": 0.5596436948106714, "com_16_tau2": 0.21095681991469736, "com_17_tau1": 0.34445657722901224, "com_17_tau2": 0.49250317134713767, "com_18_tau1": 0.16012989298764332, "com_18_tau2": 0.8596587138054458, "com_19_tau1": 1.054673379006165, "com_19_tau2": 0.973235554065682, "com_1_tau1": 0.19428225323593304, "com_1_tau2": 0.8429592961946456, "com_20_tau1": 0.873022816462598, "com_20_tau2": 0.9726235314855803, "com_21_tau1": 0.2297879194805213, "com_21_tau2": 0.431958080945851, "com_22_tau1": 0.7723006601966474, "com_22_tau2": 0.8775844361973352, "com_2_tau1": -0.01553761131141241, "com_2_tau2": 0.4384694326558919, "com_3_tau1": 0.4505028936878764, "com_3_tau2": 0.7597790185606816, "com_4_tau1": 0.4223129500913451, "com_4_tau2": 0.8170703652692787, "com_5_tau1": 0.9805790185739481, "com_5_tau2": 0.34662631926035953, "com_6_tau1": 0.7832053405588377, "com_6_tau2": 0.23531523296075843, "com_7_tau1": 0.9475394949830085, "com_7_tau2": 0.3765370954846681, "com_8_tau1": 0.26202729807883857, "com_8_tau2": 0.06821228644554757, "com_9_tau1": 0.4764082043763432, "com_9_tau2": -0.025474292008538166}, "datetime": {"datetime": "2024-08-22 05:50:39", "elapsed": 13843.738139, "delta": 106.168747}}
{"target": 0.8916879176313457, "params": {"com_0_tau1": 0.6891557315232433, "com_0_tau2": 0.4840156787958177, "com_10_tau1": -0.07112379180344418, "com_10_tau2": 0.621968869393532, "com_11_tau1": 0.13860605105331963, "com_11_tau2": 0.5827387796247258, "com_12_tau1": 0.4092470660060681, "com_12_tau2": 0.3389842710694358, "com_13_tau1": 0.5648551748681724, "com_13_tau2": 0.619712611322011, "com_14_tau1": 0.41699864090895483, "com_14_tau2": 0.1685795584086216, "com_15_tau1": -0.02581752611880725, "com_15_tau2": 1.2416924467851072, "com_16_tau1": 0.5596846540391438, "com_16_tau2": 0.4718029176997425, "com_17_tau1": 0.4190206833216966, "com_17_tau2": 0.6064184225288055, "com_18_tau1": 0.01229722860259061, "com_18_tau2": 0.6511634319269932, "com_19_tau1": 1.1050793187138825, "com_19_tau2": 0.7354539590976521, "com_1_tau1": 0.2655596622326256, "com_1_tau2": 0.922281914944496, "com_20_tau1": 1.1097589739896536, "com_20_tau2": 0.8584787535958431, "com_21_tau1": 0.0879361888131881, "com_21_tau2": 0.18897699027877612, "com_22_tau1": 1.0651771307133495, "com_22_tau2": 0.7654350908273546, "com_2_tau1": -0.20424055837223698, "com_2_tau2": 0.2356395738468623, "com_3_tau1": 0.24484608333062677, "com_3_tau2": 0.5301457151818705, "com_4_tau1": 0.30648500986004745, "com_4_tau2": 1.0272610467966472, "com_5_tau1": 1.1528017045900296, "com_5_tau2": 0.16167428782886473, "com_6_tau1": 0.9814087779735243, "com_6_tau2": 0.2697565351148367, "com_7_tau1": 1.108660680924268, "com_7_tau2": 0.13951886526259016, "com_8_tau1": -0.05990940101575781, "com_8_tau2": 0.35302899405337385, "com_9_tau1": 0.25190943499462537, "com_9_tau2": 0.05811610451152621}, "datetime": {"datetime": "2024-08-22 05:52:28", "elapsed": 13953.068763, "delta": 109.330624}}
