{"target": 0.8903227725168628, "params": {"com_0_tau1": 0.9036882668735915, "com_0_tau2": 0.6685445802243377, "com_10_tau1": 0.4511618371014938, "com_10_tau2": 0.4625531574956965, "com_11_tau1": 0.23788154049597598, "com_11_tau2": 0.24560623057194952, "com_12_tau1": 0.03201408410106521, "com_12_tau2": 0.00851769212756126, "com_13_tau1": 0.7938842266449879, "com_13_tau2": 0.08428786206118544, "com_14_tau1": 0.9315918350981287, "com_14_tau2": 0.7572890609046721, "com_15_tau1": 0.23369017769432487, "com_15_tau2": 0.4554383768261798, "com_16_tau1": 0.6344630238474224, "com_16_tau2": 0.47475888610413197, "com_17_tau1": 0.5768918970898423, "com_17_tau2": 0.47571132893337964, "com_1_tau1": 0.5601076812818936, "com_1_tau2": 0.1292798763010229, "com_2_tau1": 0.44751340691744845, "com_2_tau2": 0.6245345027835055, "com_3_tau1": 0.3084371090261565, "com_3_tau2": 0.6800486769367531, "com_4_tau1": 0.14820489522422053, "com_4_tau2": 0.6200483372319133, "com_5_tau1": 0.29456596339234165, "com_5_tau2": 0.7705465979090028, "com_6_tau1": 0.3633084499415311, "com_6_tau2": 0.4198544895218349, "com_7_tau1": 0.0413901194575893, "com_7_tau2": 0.28032677372341264, "com_8_tau1": 0.6128419506783319, "com_8_tau2": 0.5547859032385378, "com_9_tau1": 0.07184207420481592, "com_9_tau2": 0.06949304574306325}, "datetime": {"datetime": "2024-12-09 13:42:51", "elapsed": 11494.56066, "delta": 128.155624}}
{"target": 0.8914153720589314, "params": {"com_0_tau1": 0.4182497883868018, "com_0_tau2": 0.6408158339899084, "com_10_tau1": 0.048397364578962154, "com_10_tau2": 0.09374731890608057, "com_11_tau1": 0.18257944825503725, "com_11_tau2": 0.7644448267886557, "com_12_tau1": 0.5300323133054552, "com_12_tau2": 0.13327069550947235, "com_13_tau1": 0.909469953172265, "com_13_tau2": 0.5231257487846314, "com_14_tau1": 0.19189515754888065, "com_14_tau2": 0.9367756817727511, "com_15_tau1": 0.3260990687927464, "com_15_tau2": 0.7978762310401347, "com_16_tau1": 0.23823863748458185, "com_16_tau2": 0.48386736941665476, "com_17_tau1": 0.7684656464596602, "com_17_tau2": 0.2953463957418965, "com_1_tau1": 0.5924113554947167, "com_1_tau2": 0.563265351949369, "com_2_tau1": 0.4384875549045323, "com_2_tau2": 0.7641857751250882, "com_3_tau1": 0.563446995764261, "com_3_tau2": 0.7309044420772496, "com_4_tau1": 0.6768583721428537, "com_4_tau2": 0.8038649414266946, "com_5_tau1": 0.08768429462476934, "com_5_tau2": 0.3407347305955879, "com_6_tau1": 0.46474286222762895, "com_6_tau2": 0.9422619279321722, "com_7_tau1": 0.11006242168705316, "com_7_tau2": 0.5689078332179035, "com_8_tau1": 0.37421607983295757, "com_8_tau2": 0.48146474349325796, "com_9_tau1": 0.3972742608776476, "com_9_tau2": 0.8693990569201783}, "datetime": {"datetime": "2024-12-09 13:45:00", "elapsed": 11624.145985, "delta": 129.585325}}
{"target": 0.88661083286195, "params": {"com_0_tau1": 0.36146701736653997, "com_0_tau2": 0.727220734682795, "com_10_tau1": 0.8552193705888167, "com_10_tau2": 0.3134966726086431, "com_11_tau1": 0.15297245059075182, "com_11_tau2": 0.13624078072187318, "com_12_tau1": 0.973293634207294, "com_12_tau2": 0.6486522227050866, "com_13_tau1": 0.6984551891545412, "com_13_tau2": 0.14840975663059197, "com_14_tau1": 0.3718756882351115, "com_14_tau2": 0.7195272868685006, "com_15_tau1": 0.9881145300713803, "com_15_tau2": 0.44884307107273613, "com_16_tau1": 0.6992845656896688, "com_16_tau2": 0.8470231313390196, "com_17_tau1": 0.8694243313114359, "com_17_tau2": 0.6062152707993897, "com_1_tau1": 0.7915648854737162, "com_1_tau2": 0.761585059104847, "com_2_tau1": 0.8729970203094992, "com_2_tau2": 0.2830033612241438, "com_3_tau1": 0.197042197107273, "com_3_tau2": 0.004941457790227033, "com_4_tau1": 0.9150377978177404, "com_4_tau2": 0.2944261636755896, "com_5_tau1": 0.8693794469112496, "com_5_tau2": 0.04321419254168246, "com_6_tau1": 0.972366035502891, "com_6_tau2": 0.9268444446380759, "com_7_tau1": 0.1169405103062614, "com_7_tau2": 0.6187172685613821, "com_8_tau1": 0.5256561516578842, "com_8_tau2": 0.26832317145820905, "com_9_tau1": 0.8510356382078484, "com_9_tau2": 0.36426688543071273}, "datetime": {"datetime": "2024-12-09 13:47:10", "elapsed": 11754.355091, "delta": 130.209106}}
{"target": 0.8850350701959323, "params": {"com_0_tau1": 0.38512393382377674, "com_0_tau2": 0.8103641594108191, "com_10_tau1": 0.09293715771212407, "com_10_tau2": 0.23217365075324992, "com_11_tau1": 0.10350423176202739, "com_11_tau2": 0.09479042942855953, "com_12_tau1": 0.607449749490232, "com_12_tau2": 0.6619655287311068, "com_13_tau1": 0.5668204416941098, "com_13_tau2": 0.3441498325751603, "com_14_tau1": 0.4300608480424092, "com_14_tau2": 0.5547545234538553, "com_15_tau1": 0.4355619605463412, "com_15_tau2": 0.6528577532710783, "com_16_tau1": 0.924362795906743, "com_16_tau2": 0.1496963726524887, "com_17_tau1": 0.522345771928329, "com_17_tau2": 0.1558127827782001, "com_1_tau1": 0.23418163327935226, "com_1_tau2": 0.08281147843340653, "com_2_tau1": 0.010226193919008364, "com_2_tau2": 0.06800349729633393, "com_3_tau1": 0.9385746882075822, "com_3_tau2": 0.9971000787709712, "com_4_tau1": 0.502010773762561, "com_4_tau2": 0.3698687936756392, "com_5_tau1": 0.7080075378368327, "com_5_tau2": 0.6296619830286145, "com_6_tau1": 0.40839915892518996, "com_6_tau2": 0.042469280018035405, "com_7_tau1": 0.33916572464145556, "com_7_tau2": 0.01886920883716936, "com_8_tau1": 0.730691432164853, "com_8_tau2": 0.3570800917335628, "com_9_tau1": 0.688245851950517, "com_9_tau2": 0.8519437519746139}, "datetime": {"datetime": "2024-12-09 13:49:21", "elapsed": 11885.478899, "delta": 131.123808}}
{"target": 0.8896338284298437, "params": {"com_0_tau1": 0.7520297053237863, "com_0_tau2": 0.2192372032856741, "com_10_tau1": 0.035363722843490875, "com_10_tau2": 0.5182689331743694, "com_11_tau1": 0.259732692411085, "com_11_tau2": 0.8637100429048592, "com_12_tau1": 0.8872353101179574, "com_12_tau2": 0.11158991322705791, "com_13_tau1": 0.37749603443930013, "com_13_tau2": 0.6879922530719309, "com_14_tau1": 0.9330675985295613, "com_14_tau2": 0.09472677487137593, "com_15_tau1": 0.971434663094161, "com_15_tau2": 0.4919720282856648, "com_16_tau1": 0.17648887340513097, "com_16_tau2": 0.28217937646684876, "com_17_tau1": 0.515424740636066, "com_17_tau2": 0.6393797031598292, "com_1_tau1": 0.49487389574882157, "com_1_tau2": 0.11325547597673413, "com_2_tau1": 0.1630433474729569, "com_2_tau2": 0.509142313580344, "com_3_tau1": 0.939659502866461, "com_3_tau2": 0.8387646595687891, "com_4_tau1": 0.38750967929273683, "com_4_tau2": 0.8969379333206223, "com_5_tau1": 0.05240160796579285, "com_5_tau2": 0.7655009335397787, "com_6_tau1": 0.5126638049438176, "com_6_tau2": 0.12115404078427594, "com_7_tau1": 0.40913623650350306, "com_7_tau2": 0.6466924716855131, "com_8_tau1": 0.6162168079477082, "com_8_tau2": 0.31541247014727336, "com_9_tau1": 0.8750920761069462, "com_9_tau2": 0.8404234530491141}, "datetime": {"datetime": "2024-12-09 13:51:31", "elapsed": 12015.168863, "delta": 129.689964}}
{"target": 0.8829793770492196, "params": {"com_0_tau1": 0.634521956714597, "com_0_tau2": 0.6539632027667498, "com_10_tau1": 0.7167532654005454, "com_10_tau2": 0.8587653987587512, "com_11_tau1": 0.4251170686678971, "com_11_tau2": 0.3810395241728415, "com_12_tau1": 0.7431222696787531, "com_12_tau2": 0.5747851300848182, "com_13_tau1": 0.19227838759437654, "com_13_tau2": 0.7735991125762203, "com_14_tau1": 0.5974693863445665, "com_14_tau2": 0.9777830251459925, "com_15_tau1": 0.7528838688052942, "com_15_tau2": 0.030296972591104532, "com_16_tau1": 0.9207854996344221, "com_16_tau2": 0.20145619285053695, "com_17_tau1": 0.5429654649396629, "com_17_tau2": 0.6032051369725981, "com_1_tau1": 0.6602236853863591, "com_1_tau2": 0.02838033940486384, "com_2_tau1": 0.8966266829724612, "com_2_tau2": 0.34066537017242127, "com_3_tau1": 0.00734727160997406, "com_3_tau2": 0.9523723632429718, "com_4_tau1": 0.9092094444826004, "com_4_tau2": 0.36395243962907997, "com_5_tau1": 0.9191168525342682, "com_5_tau2": 0.5829461875154339, "com_6_tau1": 0.6388941118902901, "com_6_tau2": 0.8275441253996612, "com_7_tau1": 0.7516643593046104, "com_7_tau2": 0.027621478664072274, "com_8_tau1": 0.3728346192788432, "com_8_tau2": 0.5709967553022861, "com_9_tau1": 0.7252881939168656, "com_9_tau2": 0.06314104718819313}, "datetime": {"datetime": "2024-12-09 13:53:45", "elapsed": 12149.301268, "delta": 134.132405}}
{"target": 0.893315020554483, "params": {"com_0_tau1": 0.3593541856674217, "com_0_tau2": 0.1578917389018235, "com_10_tau1": 0.5532213921367978, "com_10_tau2": 0.6948924064089274, "com_11_tau1": 0.47628902871576095, "com_11_tau2": 0.1634179566759303, "com_12_tau1": 0.04665848691359953, "com_12_tau2": 0.47748014437469033, "com_13_tau1": 0.43269860592300113, "com_13_tau2": 0.19569991048834867, "com_14_tau1": 0.1145989602786982, "com_14_tau2": 0.2118918996012079, "com_15_tau1": 0.7474525770777875, "com_15_tau2": 0.13180893546350247, "com_16_tau1": 0.13275689777852073, "com_16_tau2": 0.8262662052536799, "com_17_tau1": 0.27938738012368447, "com_17_tau2": 0.5983930310955152, "com_1_tau1": 0.2592298671692479, "com_1_tau2": 0.2934988182424534, "com_2_tau1": 0.6176354623529958, "com_2_tau2": 0.2589069173919517, "com_3_tau1": 0.3054493342336436, "com_3_tau2": 0.26803941777451223, "com_4_tau1": 0.9067562259694579, "com_4_tau2": 0.16028672503810104, "com_5_tau1": 0.3641310315098635, "com_5_tau2": 0.27989191356779286, "com_6_tau1": 0.047017054071246345, "com_6_tau2": 0.6926169726930286, "com_7_tau1": 0.9287272839141978, "com_7_tau2": 0.36620733098768943, "com_8_tau1": 0.3173515675061134, "com_8_tau2": 0.4684372234335549, "com_9_tau1": 0.12811148125918415, "com_9_tau2": 0.44581564337319757}, "datetime": {"datetime": "2024-12-09 13:55:55", "elapsed": 12278.616225, "delta": 129.314957}}
{"target": 0.8733191208093458, "params": {"com_0_tau1": 0.5711250596468848, "com_0_tau2": 0.4194856692464126, "com_10_tau1": 0.14934769445172935, "com_10_tau2": 0.7550901125733149, "com_11_tau1": 0.6527911223001719, "com_11_tau2": 0.15602099206590558, "com_12_tau1": 0.6810527567238691, "com_12_tau2": 0.7903923692212955, "com_13_tau1": 0.35541055326501925, "com_13_tau2": 0.526549002440401, "com_14_tau1": 0.007875149526494152, "com_14_tau2": 0.3907485333666285, "com_15_tau1": 0.26141802279716064, "com_15_tau2": 0.5876650444357921, "com_16_tau1": 0.3413901088274064, "com_16_tau2": 0.24136488473076245, "com_17_tau1": 0.1169064368377094, "com_17_tau2": 0.8187661543768584, "com_1_tau1": 0.39436950445248853, "com_1_tau2": 0.9636654135276823, "com_2_tau1": 0.00233225203107279, "com_2_tau2": 0.4812634377217472, "com_3_tau1": 0.32927280405420223, "com_3_tau2": 0.449839186294707, "com_4_tau1": 0.9965821943194523, "com_4_tau2": 0.17835694427630078, "com_5_tau1": 0.20438831700416316, "com_5_tau2": 0.41635632629001085, "com_6_tau1": 0.5859349517559593, "com_6_tau2": 0.3504943676438169, "com_7_tau1": 0.20998748543420342, "com_7_tau2": 0.1720270574442756, "com_8_tau1": 0.9183526283032506, "com_8_tau2": 0.7245906593406627, "com_9_tau1": 0.6094270277051731, "com_9_tau2": 0.34617660359538593}, "datetime": {"datetime": "2024-12-09 13:58:13", "elapsed": 12416.637659, "delta": 138.021434}}
{"target": 0.8902699296423102, "params": {"com_0_tau1": 0.9947234776428606, "com_0_tau2": 0.5797661983099205, "com_10_tau1": 0.17216812842094165, "com_10_tau2": 0.7022185786281598, "com_11_tau1": 0.8236201482457028, "com_11_tau2": 0.7257056483710493, "com_12_tau1": 0.258304972459689, "com_12_tau2": 0.18161558844032577, "com_13_tau1": 0.1381325279207728, "com_13_tau2": 0.19514645064746716, "com_14_tau1": 0.6474302213549925, "com_14_tau2": 0.15554480178351815, "com_15_tau1": 0.5897821388901657, "com_15_tau2": 0.015504642473073371, "com_16_tau1": 0.7002753876264592, "com_16_tau2": 0.5643501173136399, "com_17_tau1": 0.024615369058170078, "com_17_tau2": 0.6013725985974712, "com_1_tau1": 0.7734418444543644, "com_1_tau2": 0.480654526445379, "com_2_tau1": 0.5049197409541764, "com_2_tau2": 0.9020040950440866, "com_3_tau1": 0.8301511655676324, "com_3_tau2": 0.563658898204116, "com_4_tau1": 0.23498116189728047, "com_4_tau2": 0.5662579160321728, "com_5_tau1": 0.022086304273029045, "com_5_tau2": 0.45305629258219504, "com_6_tau1": 0.7817376037322575, "com_6_tau2": 0.1348794870451251, "com_7_tau1": 0.9124132924866093, "com_7_tau2": 0.7484666380725808, "com_8_tau1": 0.22805146971743406, "com_8_tau2": 0.6043509747030528, "com_9_tau1": 0.730545223277303, "com_9_tau2": 0.9049888530460408}, "datetime": {"datetime": "2024-12-09 14:00:23", "elapsed": 12547.077682, "delta": 130.440023}}
{"target": 0.8898448494862701, "params": {"com_0_tau1": 0.6413653912735963, "com_0_tau2": 0.2529617541718291, "com_10_tau1": 0.49413856289369085, "com_10_tau2": 0.4171632205888509, "com_11_tau1": 0.4160631723174908, "com_11_tau2": 0.5687675585605684, "com_12_tau1": 0.5596280775635435, "com_12_tau2": 0.6585211303673021, "com_13_tau1": 0.23869891437487367, "com_13_tau2": 0.9368655939709405, "com_14_tau1": 0.8924227708834155, "com_14_tau2": 0.7972405907369765, "com_15_tau1": 0.48763465354385993, "com_15_tau2": 0.9529052910099763, "com_16_tau1": 0.3947747446279154, "com_16_tau2": 0.3772430552336232, "com_17_tau1": 0.7216812792259076, "com_17_tau2": 0.7129831739419474, "com_1_tau1": 0.7156166224377516, "com_1_tau2": 0.7707818215778692, "com_2_tau1": 0.36891915772325745, "com_2_tau2": 0.49026469331720024, "com_3_tau1": 0.6230634067798928, "com_3_tau2": 0.2783173949264258, "com_4_tau1": 0.26771133948762293, "com_4_tau2": 0.9802635136309618, "com_5_tau1": 0.7645016362651663, "com_5_tau2": 0.880379564661834, "com_6_tau1": 0.14445332067168914, "com_6_tau2": 0.7611835225100704, "com_7_tau1": 0.321097951759588, "com_7_tau2": 0.990019414268153, "com_8_tau1": 0.37358627079230766, "com_8_tau2": 0.03395741407343711, "com_9_tau1": 0.9074997089487827, "com_9_tau2": 0.7032155139240267}, "datetime": {"datetime": "2024-12-09 14:02:35", "elapsed": 12678.675229, "delta": 131.597547}}
{"target": 0.8854498096718944, "params": {"com_0_tau1": 0.6070042035147173, "com_0_tau2": 0.21052556205403986, "com_10_tau1": 0.7821011660532384, "com_10_tau2": 0.7459289928912296, "com_11_tau1": 0.2615558009092287, "com_11_tau2": 0.9960805464022964, "com_12_tau1": 0.44026485396239534, "com_12_tau2": 0.46212981380369145, "com_13_tau1": 0.4255244774882057, "com_13_tau2": 0.3350605681979748, "com_14_tau1": 0.6387483649678253, "com_14_tau2": 0.6768972676937357, "com_15_tau1": 0.4618096499701081, "com_15_tau2": 0.6839092131323891, "com_16_tau1": 0.6647326482100265, "com_16_tau2": 1.0, "com_17_tau1": 1.0, "com_17_tau2": 0.29524569431739, "com_1_tau1": 0.0, "com_1_tau2": 1.0, "com_2_tau1": 0.598134439206307, "com_2_tau2": 0.7974353970924223, "com_3_tau1": 0.5129566033858536, "com_3_tau2": 0.4065660512411195, "com_4_tau1": 0.22448635217523752, "com_4_tau2": 0.4864233035530614, "com_5_tau1": 0.4678045776839913, "com_5_tau2": 0.5935174918481171, "com_6_tau1": 0.8492788546071514, "com_6_tau2": 0.35753918067179796, "com_7_tau1": 0.27732970641270177, "com_7_tau2": 0.11418863712013662, "com_8_tau1": 0.40463491295646126, "com_8_tau2": 0.4581169780169996, "com_9_tau1": 0.5275859293031218, "com_9_tau2": 0.6534938230047134}, "datetime": {"datetime": "2024-12-09 14:04:51", "elapsed": 12814.864215, "delta": 136.188986}}
{"target": 0.8846282315717353, "params": {"com_0_tau1": 0.8696725779409753, "com_0_tau2": 0.9323325828465491, "com_10_tau1": 0.5388463886649316, "com_10_tau2": 0.43877625811513576, "com_11_tau1": 0.4020252942573636, "com_11_tau2": 0.41806834907880486, "com_12_tau1": 0.3933728733860796, "com_12_tau2": 0.34388129313327087, "com_13_tau1": 0.4888530721802136, "com_13_tau2": 0.49060072211224626, "com_14_tau1": 0.6867075670407755, "com_14_tau2": 0.8670148991306498, "com_15_tau1": 0.3418807276337431, "com_15_tau2": 0.4137167596683751, "com_16_tau1": 0.780970355895757, "com_16_tau2": 0.791528391220134, "com_17_tau1": 0.996466335726742, "com_17_tau2": 0.5664099454860207, "com_1_tau1": -0.04290112499874249, "com_1_tau2": 1.0, "com_2_tau1": 0.07098096538041013, "com_2_tau2": 0.4380119485625547, "com_3_tau1": 0.39772387155946515, "com_3_tau2": 0.8799366925335524, "com_4_tau1": 0.07721917881786021, "com_4_tau2": 0.13066245935161863, "com_5_tau1": 0.4592565578035468, "com_5_tau2": 0.41840959225694657, "com_6_tau1": 0.584680052393097, "com_6_tau2": 0.7837279260103369, "com_7_tau1": 0.4808872438137307, "com_7_tau2": 0.5261925947013514, "com_8_tau1": 0.2789569230442543, "com_8_tau2": 1.0303748800876225, "com_9_tau1": 0.5036593996051685, "com_9_tau2": 0.6873958029868623}, "datetime": {"datetime": "2024-12-09 14:07:07", "elapsed": 12951.417007, "delta": 136.552792}}
{"target": 0.8712406432054298, "params": {"com_0_tau1": 0.4598668667623269, "com_0_tau2": 0.6177234277220714, "com_10_tau1": 0.7626014062730908, "com_10_tau2": 0.2161596127263541, "com_11_tau1": 0.06556813183826046, "com_11_tau2": 0.6798758591106958, "com_12_tau1": 0.7410051177355336, "com_12_tau2": 0.3675094205643643, "com_13_tau1": 0.22132815959337862, "com_13_tau2": 0.3253227426735029, "com_14_tau1": 0.3348149558757478, "com_14_tau2": 0.5845509014363669, "com_15_tau1": 0.3925343327211592, "com_15_tau2": 0.9284074770902335, "com_16_tau1": 0.43892080559918667, "com_16_tau2": 0.6589093930395782, "com_17_tau1": 0.7417020220476228, "com_17_tau2": 0.7681265878651476, "com_1_tau1": -0.0619825482130342, "com_1_tau2": 0.9095133890670797, "com_2_tau1": 0.3657369429476913, "com_2_tau2": 0.800526182515492, "com_3_tau1": 0.17734729213537836, "com_3_tau2": 0.8553653992654082, "com_4_tau1": 0.22904524480981578, "com_4_tau2": 0.4723024436796567, "com_5_tau1": -0.05747215642521025, "com_5_tau2": 0.5662778952179032, "com_6_tau1": 0.7119361412865908, "com_6_tau2": 0.5178661528527322, "com_7_tau1": 0.5914879818954628, "com_7_tau2": 1.0021806248997038, "com_8_tau1": 0.48795072819186863, "com_8_tau2": 0.822564396987703, "com_9_tau1": 0.3609970314108827, "com_9_tau2": 0.5019833362115443}, "datetime": {"datetime": "2024-12-09 14:09:28", "elapsed": 13091.874759, "delta": 140.457752}}
{"target": 0.8930535774391671, "params": {"com_0_tau1": 0.7922284904453192, "com_0_tau2": 0.9059297672754996, "com_10_tau1": 0.7881011930967396, "com_10_tau2": 0.1605672967704688, "com_11_tau1": 0.2864872107170585, "com_11_tau2": 0.6393766196634553, "com_12_tau1": 0.43078159511473, "com_12_tau2": 0.4097351325175193, "com_13_tau1": 0.37314313912873465, "com_13_tau2": 0.4536521291752276, "com_14_tau1": 0.7499568021573758, "com_14_tau2": 0.6760049244795495, "com_15_tau1": 0.5904636901821143, "com_15_tau2": 0.7372616168079381, "com_16_tau1": 0.38716641419593945, "com_16_tau2": 0.41637961402065526, "com_17_tau1": 0.7391531924639488, "com_17_tau2": 0.5612445059700348, "com_1_tau1": 0.21389530278306187, "com_1_tau2": 0.4423965906345035, "com_2_tau1": 0.11029793515078097, "com_2_tau2": 0.48615767636558427, "com_3_tau1": 0.22078184191245886, "com_3_tau2": 1.0211703500463114, "com_4_tau1": 0.132428877758358, "com_4_tau2": 0.4487401380186736, "com_5_tau1": -0.0572983109470101, "com_5_tau2": 0.28432063912106226, "com_6_tau1": 0.6590074786648471, "com_6_tau2": 0.4674903184277508, "com_7_tau1": 0.6691584271274249, "com_7_tau2": 0.6608093161213205, "com_8_tau1": 0.3864722206996124, "com_8_tau2": 1.0189481755762575, "com_9_tau1": 0.22806969014583264, "com_9_tau2": 0.7833576472507147}, "datetime": {"datetime": "2024-12-09 14:11:39", "elapsed": 13222.800761, "delta": 130.926002}}
{"target": 0.900601060552543, "params": {"com_0_tau1": 0.5903792573625734, "com_0_tau2": 0.8438854189151574, "com_10_tau1": 0.4194424874370142, "com_10_tau2": 0.14476954768278694, "com_11_tau1": -0.01628250487848737, "com_11_tau2": 0.2592931520094414, "com_12_tau1": 0.754688982336912, "com_12_tau2": 0.2734550364471751, "com_13_tau1": 0.39358779395928734, "com_13_tau2": 0.22527112544228658, "com_14_tau1": 0.7313984242400344, "com_14_tau2": 0.8286725681720077, "com_15_tau1": 0.500970885766779, "com_15_tau2": 0.8501909269016454, "com_16_tau1": 0.41368465302217355, "com_16_tau2": 0.44645257215543527, "com_17_tau1": 0.684210111657014, "com_17_tau2": 0.9326336758547809, "com_1_tau1": 0.2511611293083528, "com_1_tau2": 0.5970844684384475, "com_2_tau1": 0.21998894721398243, "com_2_tau2": 0.5991912065996443, "com_3_tau1": 0.3228771470747752, "com_3_tau2": 0.6750528012712975, "com_4_tau1": 0.035027141710312126, "com_4_tau2": 0.021752626956443144, "com_5_tau1": 0.2766981085339735, "com_5_tau2": 0.2914955728395013, "com_6_tau1": 0.842573951953749, "com_6_tau2": 0.6535722867726469, "com_7_tau1": 0.5104799890895715, "com_7_tau2": 0.6231743078424683, "com_8_tau1": 0.43166054334376536, "com_8_tau2": 0.8890936264088927, "com_9_tau1": 0.6761790284710478, "com_9_tau2": 0.7139026143113134}, "datetime": {"datetime": "2024-12-09 14:13:48", "elapsed": 13352.003229, "delta": 129.202468}}
