{"target": 0.9143067814369032, "params": {"com_0_tau1": 0.6891557315232433, "com_0_tau2": 0.41332790409673037, "com_10_tau1": 0.3543819740681953, "com_10_tau2": 0.621968869393532, "com_11_tau1": 0.29801890305922285, "com_11_tau2": 0.5827387796247258, "com_12_tau1": 0.4092470660060681, "com_12_tau2": 0.2936104078481199, "com_13_tau1": 0.1452615965057891, "com_13_tau2": 0.619712611322011, "com_14_tau1": 0.3349339776726553, "com_14_tau2": 0.30361647460483093, "com_15_tau1": -0.05493953601893644, "com_15_tau2": 1.2494946049289193, "com_16_tau1": 0.7666826560296603, "com_16_tau2": 0.5278183962064061, "com_17_tau1": 0.39000929069242596, "com_17_tau2": 0.41958686905465087, "com_18_tau1": 0.09270168917350195, "com_18_tau2": 0.6511634319269932, "com_19_tau1": 0.8921076396287508, "com_19_tau2": 0.8962795505032711, "com_1_tau1": 0.03555292617060732, "com_1_tau2": 0.7494091693563707, "com_20_tau1": 0.9472632248129389, "com_20_tau2": 1.177172857863594, "com_21_tau1": 0.0879361888131881, "com_21_tau2": 0.23293949132767092, "com_22_tau1": 1.032494915555666, "com_22_tau2": 0.6574083564978884, "com_2_tau1": -0.20424055837223698, "com_2_tau2": 0.15656035165537163, "com_3_tau1": 0.4192054613765186, "com_3_tau2": 0.6359152272594891, "com_4_tau1": 0.30648500986004745, "com_4_tau2": 0.8558980184003168, "com_5_tau1": 1.1528017045900296, "com_5_tau2": 0.16167428782886473, "com_6_tau1": 0.9814087779735243, "com_6_tau2": 0.3851940133722176, "com_7_tau1": 1.108660680924268, "com_7_tau2": 0.13951886526259016, "com_8_tau1": -0.05990940101575781, "com_8_tau2": 0.3415286497657404, "com_9_tau1": 0.4772434753931822, "com_9_tau2": 0.0850536802426695}, "datetime": {"datetime": "2024-08-22 07:24:09", "elapsed": 19453.55423, "delta": 105.284211}}
{"target": 0.8977638171679929, "params": {"com_0_tau1": 0.8999127844744834, "com_0_tau2": 0.014350972988957489, "com_10_tau1": 0.06975117096511851, "com_10_tau2": 0.5309245291710563, "com_11_tau1": 0.050083627988159685, "com_11_tau2": 0.08879986903528436, "com_12_tau1": 0.23797525661148572, "com_12_tau2": 0.35758091047980367, "com_13_tau1": 0.17898611668751746, "com_13_tau2": 0.800924526942631, "com_14_tau1": 0.4873426233571411, "com_14_tau2": 0.25569281754512085, "com_15_tau1": -0.06414024074990915, "com_15_tau2": 1.0655424530686106, "com_16_tau1": 0.7265778446956456, "com_16_tau2": 0.2527025134417278, "com_17_tau1": 0.06130995657700916, "com_17_tau2": 0.6487550088115654, "com_18_tau1": 0.385376481542791, "com_18_tau2": 0.6858555739479155, "com_19_tau1": 0.9331191376439798, "com_19_tau2": 1.0734669083239097, "com_1_tau1": 0.23807739960682572, "com_1_tau2": 1.0782769054473225, "com_20_tau1": 1.0925013243605544, "com_20_tau2": 0.9197584230369165, "com_21_tau1": 0.15794733927432564, "com_21_tau2": 0.3343606865161568, "com_22_tau1": 0.9152563046745457, "com_22_tau2": 1.140127186473515, "com_2_tau1": -0.1767216608208791, "com_2_tau2": 0.5918352133744493, "com_3_tau1": 0.415859264522776, "com_3_tau2": 0.958632428640251, "com_4_tau1": 0.6849523213596682, "com_4_tau2": 0.6973551470670221, "com_5_tau1": 1.0866802146869214, "com_5_tau2": 0.29377154383144416, "com_6_tau1": 0.8722627904373739, "com_6_tau2": 0.2785093520505215, "com_7_tau1": 1.061566299198905, "com_7_tau2": 0.5709493257473631, "com_8_tau1": 0.02409699113601471, "com_8_tau2": -0.06063328773815141, "com_9_tau1": 0.2606761597343849, "com_9_tau2": -0.07869609537087718}, "datetime": {"datetime": "2024-08-22 07:25:53", "elapsed": 19557.891803, "delta": 104.337573}}
{"target": 0.9065368738070738, "params": {"com_0_tau1": 0.6891557315232433, "com_0_tau2": 0.3151006354248597, "com_10_tau1": 0.34527517707600036, "com_10_tau2": 0.6073537628616962, "com_11_tau1": 0.20239818434021187, "com_11_tau2": 0.5214686051413616, "com_12_tau1": 0.4092470660060681, "com_12_tau2": 0.3514262989030841, "com_13_tau1": 0.24487145154741422, "com_13_tau2": 0.619712611322011, "com_14_tau1": 0.3349339776726553, "com_14_tau2": 0.34221340146325424, "com_15_tau1": -0.06131834977792739, "com_15_tau2": 1.2494946049289193, "com_16_tau1": 0.7666826560296603, "com_16_tau2": 0.5278183962064061, "com_17_tau1": 0.34652966982470906, "com_17_tau2": 0.612318993947295, "com_18_tau1": 0.21865299911648006, "com_18_tau2": 0.6511634319269932, "com_19_tau1": 0.9588939331304323, "com_19_tau2": 1.0229910773790463, "com_1_tau1": 0.09307341896185173, "com_1_tau2": 0.9331449455404909, "com_20_tau1": 1.021039453468435, "com_20_tau2": 1.1645756362289763, "com_21_tau1": 0.0879361888131881, "com_21_tau2": 0.18897699027877612, "com_22_tau1": 1.0270328594536788, "com_22_tau2": 0.7925548432174756, "com_2_tau1": -0.20424055837223698, "com_2_tau2": 0.18331130828127526, "com_3_tau1": 0.4398371023503963, "com_3_tau2": 0.8869496095768258, "com_4_tau1": 0.3992407783662627, "com_4_tau2": 0.8917924592267845, "com_5_tau1": 1.1309360621422788, "com_5_tau2": 0.16167428782886473, "com_6_tau1": 0.9814087779735243, "com_6_tau2": 0.3851940133722176, "com_7_tau1": 1.108660680924268, "com_7_tau2": 0.195527611225016, "com_8_tau1": -0.05990940101575781, "com_8_tau2": 0.2693446331127401, "com_9_tau1": 0.278873911243386, "com_9_tau2": 0.06813126599077425}, "datetime": {"datetime": "2024-08-22 07:27:42", "elapsed": 19666.86536, "delta": 108.973557}}
{"target": 0.9071986207144904, "params": {"com_0_tau1": 0.6891557315232433, "com_0_tau2": 0.4995803107798087, "com_10_tau1": 0.19695383762758278, "com_10_tau2": 0.621968869393532, "com_11_tau1": 0.1507200564162445, "com_11_tau2": 0.5827387796247258, "com_12_tau1": 0.4092470660060681, "com_12_tau2": 0.20741432203269583, "com_13_tau1": 0.20742690274955125, "com_13_tau2": 0.619712611322011, "com_14_tau1": 0.3349339776726553, "com_14_tau2": 0.39466012966340536, "com_15_tau1": 0.0879425661739666, "com_15_tau2": 1.2494946049289193, "com_16_tau1": 0.7666826560296603, "com_16_tau2": 0.5278183962064061, "com_17_tau1": 0.3208039440671399, "com_17_tau2": 0.6272825941566469, "com_18_tau1": 0.11169452502161512, "com_18_tau2": 0.6511634319269932, "com_19_tau1": 0.8424679158865997, "com_19_tau2": 0.8593934240791798, "com_1_tau1": 0.08712981490037434, "com_1_tau2": 0.699590114356646, "com_20_tau1": 0.8122318188694571, "com_20_tau2": 1.177172857863594, "com_21_tau1": 0.0879361888131881, "com_21_tau2": 0.20192096771001838, "com_22_tau1": 1.0651771307133495, "com_22_tau2": 0.7150030761430655, "com_2_tau1": -0.20424055837223698, "com_2_tau2": 0.15656035165537163, "com_3_tau1": 0.6375020521793007, "com_3_tau2": 0.5931766494843916, "com_4_tau1": 0.30648500986004745, "com_4_tau2": 0.8215717157434639, "com_5_tau1": 0.9844078949885059, "com_5_tau2": 0.16167428782886473, "com_6_tau1": 0.9814087779735243, "com_6_tau2": 0.3851940133722176, "com_7_tau1": 1.108660680924268, "com_7_tau2": 0.13951886526259016, "com_8_tau1": -0.05990940101575781, "com_8_tau2": 0.35302899405337385, "com_9_tau1": 0.2749990950443111, "com_9_tau2": 0.1521054430236142}, "datetime": {"datetime": "2024-08-22 07:29:33", "elapsed": 19777.370504, "delta": 110.505144}}
{"target": 0.8665434480728338, "params": {"com_0_tau1": 0.835441999230951, "com_0_tau2": 0.3811737479273855, "com_10_tau1": 0.3215079506402359, "com_10_tau2": 0.33397216733393786, "com_11_tau1": 0.2556170521918671, "com_11_tau2": 0.33502784163399085, "com_12_tau1": 0.12052040420180005, "com_12_tau2": 0.19643680288838994, "com_13_tau1": 0.48320614775387205, "com_13_tau2": 1.0568784970474807, "com_14_tau1": 0.6109718165728099, "com_14_tau2": 0.2367567856537547, "com_15_tau1": -0.0005385896904766541, "com_15_tau2": 0.9158084511241658, "com_16_tau1": 0.7531740351571312, "com_16_tau2": 0.07380758617837696, "com_17_tau1": 0.5043842698202982, "com_17_tau2": 0.6083395633843591, "com_18_tau1": 0.1975402523004099, "com_18_tau2": 0.6591056256587553, "com_19_tau1": 1.0985948434184436, "com_19_tau2": 1.0195134719316221, "com_1_tau1": -0.2253658234874083, "com_1_tau2": 0.6767812126789383, "com_20_tau1": 0.9424930485467524, "com_20_tau2": 0.8752858259100327, "com_21_tau1": 0.562374343454771, "com_21_tau2": 0.5274641631502683, "com_22_tau1": 0.8705927451747022, "com_22_tau2": 0.841311820616089, "com_2_tau1": 0.010137236226583857, "com_2_tau2": 0.5369922548750279, "com_3_tau1": 0.33640170921867596, "com_3_tau2": 0.9210177783809238, "com_4_tau1": 0.5394149216757903, "com_4_tau2": 0.677406548287705, "com_5_tau1": 1.0980907558225803, "com_5_tau2": 0.3631253482060659, "com_6_tau1": 0.898619146376397, "com_6_tau2": 0.12585251935528208, "com_7_tau1": 0.6113748639372879, "com_7_tau2": 0.1936692579955102, "com_8_tau1": 0.2883311474340118, "com_8_tau2": -0.02842506240498227, "com_9_tau1": 0.33226590877419204, "com_9_tau2": -0.11205144328492167}, "datetime": {"datetime": "2024-08-22 07:31:27", "elapsed": 19891.738472, "delta": 114.367968}}
{"target": 0.898749227636086, "params": {"com_0_tau1": 0.6891557315232433, "com_0_tau2": 0.24426761529255675, "com_10_tau1": 0.3638921483799935, "com_10_tau2": 0.621968869393532, "com_11_tau1": 0.29801890305922285, "com_11_tau2": 0.5827387796247258, "com_12_tau1": 0.4092470660060681, "com_12_tau2": 0.38345638511450036, "com_13_tau1": 0.2989970318025215, "com_13_tau2": 0.619712611322011, "com_14_tau1": 0.3349339776726553, "com_14_tau2": 0.39466012966340536, "com_15_tau1": 0.15841299539355316, "com_15_tau2": 1.2494946049289193, "com_16_tau1": 0.7666826560296603, "com_16_tau2": 0.5278183962064061, "com_17_tau1": 0.3451414419039261, "com_17_tau2": 0.4563427679872059, "com_18_tau1": 0.012297228602590637, "com_18_tau2": 0.6511634319269932, "com_19_tau1": 0.9660258618047699, "com_19_tau2": 0.9492134522620332, "com_1_tau1": 0.203818833928598, "com_1_tau2": 0.7974986709356503, "com_20_tau1": 0.7897131574324184, "com_20_tau2": 1.177172857863594, "com_21_tau1": 0.0879361888131881, "com_21_tau2": 0.18897699027877612, "com_22_tau1": 1.045461474482853, "com_22_tau2": 0.6423454784027092, "com_2_tau1": -0.20424055837223698, "com_2_tau2": 0.15656035165537163, "com_3_tau1": 0.32063094558248995, "com_3_tau2": 0.6445100835868743, "com_4_tau1": 0.30648500986004745, "com_4_tau2": 0.7947848877041536, "com_5_tau1": 1.0801606573248472, "com_5_tau2": 0.39055595680805977, "com_6_tau1": 0.9814087779735243, "com_6_tau2": 0.3851940133722176, "com_7_tau1": 1.108660680924268, "com_7_tau2": 0.13951886526259016, "com_8_tau1": -0.05990940101575781, "com_8_tau2": 0.35302899405337385, "com_9_tau1": 0.3620841935889825, "com_9_tau2": 0.24414382174444307}, "datetime": {"datetime": "2024-08-22 07:33:19", "elapsed": 20003.670379, "delta": 111.931907}}
{"target": 0.8494660550091209, "params": {"com_0_tau1": 0.6891557315232433, "com_0_tau2": 0.4995803107798087, "com_10_tau1": 0.3303109058145695, "com_10_tau2": 0.621968869393532, "com_11_tau1": -0.04198594952618765, "com_11_tau2": 0.5827387796247258, "com_12_tau1": 0.4092470660060681, "com_12_tau2": 0.2114954574761985, "com_13_tau1": 0.14924261670304015, "com_13_tau2": 0.619712611322011, "com_14_tau1": 0.3349339776726553, "com_14_tau2": 0.32535660390072085, "com_15_tau1": 0.012921652978061863, "com_15_tau2": 1.2494946049289193, "com_16_tau1": 0.7666826560296603, "com_16_tau2": 0.5278183962064061, "com_17_tau1": 0.3974978184364937, "com_17_tau2": 0.5129421732391098, "com_18_tau1": 0.012297228602590637, "com_18_tau2": 0.6511634319269932, "com_19_tau1": 0.981021066124812, "com_19_tau2": 0.7851518078630966, "com_1_tau1": -0.016866773119793028, "com_1_tau2": 0.6184419567558874, "com_20_tau1": 1.1232627108740616, "com_20_tau2": 1.15069992631875, "com_21_tau1": 0.0879361888131881, "com_21_tau2": 0.18897699027877612, "com_22_tau1": 1.0382331290448332, "com_22_tau2": 0.6531823732831197, "com_2_tau1": -0.20424055837223698, "com_2_tau2": 0.15656035165537163, "com_3_tau1": 0.43354179022362477, "com_3_tau2": 0.8439328213780894, "com_4_tau1": 0.30648500986004745, "com_4_tau2": 0.9542473423828255, "com_5_tau1": 1.0543649624694151, "com_5_tau2": 0.16167428782886473, "com_6_tau1": 0.9814087779735243, "com_6_tau2": 0.3851940133722176, "com_7_tau1": 1.108660680924268, "com_7_tau2": 0.13951886526259016, "com_8_tau1": -0.05990940101575781, "com_8_tau2": 0.2012167052692071, "com_9_tau1": 0.4860152722345486, "com_9_tau2": 0.08998410012217652}, "datetime": {"datetime": "2024-08-22 07:35:27", "elapsed": 20131.95079, "delta": 128.280411}}
{"target": 0.9020700006444885, "params": {"com_0_tau1": 1.1404380139069912, "com_0_tau2": 0.37310319020267724, "com_10_tau1": -0.12051122317175877, "com_10_tau2": 0.48049176618431294, "com_11_tau1": 0.2377493436950197, "com_11_tau2": 0.5806375133924409, "com_12_tau1": 0.2356784527921194, "com_12_tau2": 0.27415931520806736, "com_13_tau1": 0.45843302157275767, "com_13_tau2": 0.6863411193246458, "com_14_tau1": 0.8145776499643015, "com_14_tau2": 0.12485846670699613, "com_15_tau1": -0.0517440675168413, "com_15_tau2": 0.8087056826556452, "com_16_tau1": 0.31830494752640764, "com_16_tau2": 0.03587384008924743, "com_17_tau1": 0.4042886491066201, "com_17_tau2": 0.6355835590805038, "com_18_tau1": 0.3152572087452864, "com_18_tau2": 1.0656382982529802, "com_19_tau1": 1.1942837504437716, "com_19_tau2": 1.1821397907275522, "com_1_tau1": 0.07967280264566423, "com_1_tau2": 0.9556894063411676, "com_20_tau1": 0.7883940185411603, "com_20_tau2": 0.6869545226674103, "com_21_tau1": 0.5321834746866396, "com_21_tau2": 0.5399574653337023, "com_22_tau1": 0.6043182906346145, "com_22_tau2": 0.7546676081692794, "com_2_tau1": -0.03491116266475974, "com_2_tau2": 0.5983787492317806, "com_3_tau1": 0.20199826623656014, "com_3_tau2": 0.6555997557067308, "com_4_tau1": 0.6147031731875421, "com_4_tau2": 0.9131913920629907, "com_5_tau1": 0.7019706923357149, "com_5_tau2": 0.19268777454897745, "com_6_tau1": 0.8060208817579073, "com_6_tau2": 0.1029513127649142, "com_7_tau1": 0.8110179580403384, "com_7_tau2": 0.5672336881409483, "com_8_tau1": 0.18675469061010436, "com_8_tau2": 0.13266072076302982, "com_9_tau1": 0.5617505072807254, "com_9_tau2": 0.03484785838841403}, "datetime": {"datetime": "2024-08-22 07:37:10", "elapsed": 20234.835633, "delta": 102.884843}}
{"target": 0.8987167094295121, "params": {"com_0_tau1": 1.1514807847542583, "com_0_tau2": 0.10193942699363923, "com_10_tau1": 0.18249241578599923, "com_10_tau2": 0.5729086832907995, "com_11_tau1": 0.292868690416147, "com_11_tau2": 0.35882984483876496, "com_12_tau1": 0.3263233340224354, "com_12_tau2": 0.2039357945036115, "com_13_tau1": 0.3778611316027907, "com_13_tau2": 0.6273774141332094, "com_14_tau1": 0.45284823472901453, "com_14_tau2": -0.0776615408702751, "com_15_tau1": 0.20714440082784258, "com_15_tau2": 0.9795876930270699, "com_16_tau1": 0.6247048078992741, "com_16_tau2": 0.42207353024113803, "com_17_tau1": 0.4982980821491007, "com_17_tau2": 0.64574416464557, "com_18_tau1": 0.035317863848237874, "com_18_tau2": 0.9266179606969054, "com_19_tau1": 0.7772924116637255, "com_19_tau2": 1.0079834417867088, "com_1_tau1": 0.20395210947345754, "com_1_tau2": 0.8934960592389545, "com_20_tau1": 0.8330555410884855, "com_20_tau2": 0.6985741522747275, "com_21_tau1": 0.22785406896299554, "com_21_tau2": 0.634841775805173, "com_22_tau1": 0.9386665906088643, "com_22_tau2": 0.9023213012551967, "com_2_tau1": 0.1513428070717493, "com_2_tau2": 0.49593684010137645, "com_3_tau1": 0.42741864800045365, "com_3_tau2": 0.9747440981414099, "com_4_tau1": 0.7810856258687089, "com_4_tau2": 0.9908904790409248, "com_5_tau1": 1.1320428291927496, "com_5_tau2": 0.23762384528083957, "com_6_tau1": 0.6540703873754194, "com_6_tau2": 0.38138014660292174, "com_7_tau1": 0.7172627012281072, "com_7_tau2": 0.4058835662826753, "com_8_tau1": 0.27542557406039603, "com_8_tau2": 0.2676917894072386, "com_9_tau1": 0.39837616729778186, "com_9_tau2": 0.22395420576436298}, "datetime": {"datetime": "2024-08-22 07:38:54", "elapsed": 20338.436284, "delta": 103.600651}}
{"target": 0.9158653780586625, "params": {"com_0_tau1": 0.7000859176171995, "com_0_tau2": 0.34657606590168666, "com_10_tau1": 0.2508553425821387, "com_10_tau2": 0.621968869393532, "com_11_tau1": 0.29801890305922285, "com_11_tau2": 0.5827387796247258, "com_12_tau1": 0.4092470660060681, "com_12_tau2": 0.19501232872041122, "com_13_tau1": 0.4520430167270961, "com_13_tau2": 0.6565289468665987, "com_14_tau1": 0.33741373511582734, "com_14_tau2": 0.25268217394881465, "com_15_tau1": -0.08696040197977088, "com_15_tau2": 1.215552109711923, "com_16_tau1": 0.6008559298673015, "com_16_tau2": 0.5247786342934356, "com_17_tau1": 0.41094521943581075, "com_17_tau2": 0.49378436759642613, "com_18_tau1": 0.14586543842268648, "com_18_tau2": 0.6511634319269932, "com_19_tau1": 0.9188193357360958, "com_19_tau2": 0.9568563961705979, "com_1_tau1": 0.025247265224237214, "com_1_tau2": 0.8412741891224228, "com_20_tau1": 0.7360329630659935, "com_20_tau2": 1.1382571618779462, "com_21_tau1": 0.0879361888131881, "com_21_tau2": 0.2283099483463741, "com_22_tau1": 1.0651771307133495, "com_22_tau2": 0.7032369002856891, "com_2_tau1": -0.20424055837223698, "com_2_tau2": 0.21814418755364326, "com_3_tau1": 0.46684260408231104, "com_3_tau2": 0.7147034190387282, "com_4_tau1": 0.30648500986004745, "com_4_tau2": 0.8232077076119367, "com_5_tau1": 1.0379651245754002, "com_5_tau2": 0.16167428782886473, "com_6_tau1": 0.9814087779735243, "com_6_tau2": 0.3851940133722176, "com_7_tau1": 1.108660680924268, "com_7_tau2": 0.14845199919624605, "com_8_tau1": -0.05990940101575781, "com_8_tau2": 0.35302899405337385, "com_9_tau1": 0.29975458138285455, "com_9_tau2": 0.07546785120814842}, "datetime": {"datetime": "2024-08-22 07:40:38", "elapsed": 20442.559259, "delta": 104.122975}}
{"target": 0.9077056362632117, "params": {"com_0_tau1": 0.9075466490216079, "com_0_tau2": 0.3544346581855787, "com_10_tau1": 0.27691695600661415, "com_10_tau2": 0.621968869393532, "com_11_tau1": 0.29801890305922285, "com_11_tau2": 0.5827387796247258, "com_12_tau1": 0.4092470660060681, "com_12_tau2": 0.21448508849244058, "com_13_tau1": 0.3840523463702479, "com_13_tau2": 0.619712611322011, "com_14_tau1": 0.3349339776726553, "com_14_tau2": 0.34157409602237565, "com_15_tau1": 0.030803638399949738, "com_15_tau2": 1.2264654462952542, "com_16_tau1": 0.6813312424106627, "com_16_tau2": 0.4157561788229707, "com_17_tau1": 0.3502001592555039, "com_17_tau2": 0.6930221342145959, "com_18_tau1": 0.0761751664941619, "com_18_tau2": 0.6511634319269932, "com_19_tau1": 0.9779239896593193, "com_19_tau2": 0.8945595474856772, "com_1_tau1": 0.08196820465034281, "com_1_tau2": 0.8196568358936388, "com_20_tau1": 0.8184688715703727, "com_20_tau2": 1.0053372958587767, "com_21_tau1": 0.0879361888131881, "com_21_tau2": 0.2735859753160359, "com_22_tau1": 1.0651771307133495, "com_22_tau2": 0.6976949690337036, "com_2_tau1": -0.20424055837223698, "com_2_tau2": 0.1828576344141044, "com_3_tau1": 0.4516675728807673, "com_3_tau2": 0.7946392251522066, "com_4_tau1": 0.3341624965246721, "com_4_tau2": 0.8183127638679002, "com_5_tau1": 1.0671686629230388, "com_5_tau2": 0.16167428782886473, "com_6_tau1": 0.9341412524825136, "com_6_tau2": 0.3851940133722176, "com_7_tau1": 1.108660680924268, "com_7_tau2": 0.22464560462841718, "com_8_tau1": -0.05990940101575781, "com_8_tau2": 0.35302899405337385, "com_9_tau1": 0.2787703125906528, "com_9_tau2": 0.22063590830155624}, "datetime": {"datetime": "2024-08-22 07:42:26", "elapsed": 20551.042448, "delta": 108.483189}}
{"target": 0.9162614144896452, "params": {"com_0_tau1": 0.6891557315232433, "com_0_tau2": 0.37276213494464355, "com_10_tau1": 0.20111709095840274, "com_10_tau2": 0.621968869393532, "com_11_tau1": 0.29801890305922285, "com_11_tau2": 0.5827387796247258, "com_12_tau1": 0.4092470660060681, "com_12_tau2": 0.21738734476202795, "com_13_tau1": 0.35729146540614387, "com_13_tau2": 0.619712611322011, "com_14_tau1": 0.3449479655160019, "com_14_tau2": 0.39466012966340536, "com_15_tau1": 0.03937385635731617, "com_15_tau2": 1.2494946049289193, "com_16_tau1": 0.52805245821569, "com_16_tau2": 0.5278183962064061, "com_17_tau1": 0.34705642277905546, "com_17_tau2": 0.5428850954314519, "com_18_tau1": 0.11439891988259128, "com_18_tau2": 0.6511634319269932, "com_19_tau1": 1.0832680589407218, "com_19_tau2": 1.0260794166706133, "com_1_tau1": 0.02330644143485541, "com_1_tau2": 0.7496534792315411, "com_20_tau1": 0.9334848015048277, "com_20_tau2": 1.177172857863594, "com_21_tau1": 0.0879361888131881, "com_21_tau2": 0.18897699027877612, "com_22_tau1": 1.0651771307133495, "com_22_tau2": 0.8116837504229557, "com_2_tau1": -0.20424055837223698, "com_2_tau2": 0.15656035165537163, "com_3_tau1": 0.487013806843611, "com_3_tau2": 0.6737852971181846, "com_4_tau1": 0.30648500986004745, "com_4_tau2": 0.7847158046450348, "com_5_tau1": 1.0709709803554446, "com_5_tau2": 0.33809106480044065, "com_6_tau1": 0.9814087779735243, "com_6_tau2": 0.35017966752726803, "com_7_tau1": 1.108660680924268, "com_7_tau2": 0.13951886526259016, "com_8_tau1": -0.05990940101575781, "com_8_tau2": 0.35302899405337385, "com_9_tau1": 0.29913205571430895, "com_9_tau2": 0.013375242482152518}, "datetime": {"datetime": "2024-08-22 07:44:16", "elapsed": 20660.63729, "delta": 109.594842}}
