{"target": 0.9008588917878354, "params": {"com_0_tau1": 0.6891557315232433, "com_0_tau2": 0.322430907552705, "com_10_tau1": 0.3591530588120937, "com_10_tau2": 0.5906831436394977, "com_11_tau1": 0.15622897316998177, "com_11_tau2": 0.5175071707994496, "com_12_tau1": 0.4092470660060681, "com_12_tau2": 0.09878903805288766, "com_13_tau1": 0.4513783150728843, "com_13_tau2": 0.619712611322011, "com_14_tau1": 0.3349339776726553, "com_14_tau2": 0.21355532632656082, "com_15_tau1": 0.17566254215813576, "com_15_tau2": 1.2494946049289193, "com_16_tau1": 0.6484730437968148, "com_16_tau2": 0.5278183962064061, "com_17_tau1": 0.4065959664209384, "com_17_tau2": 0.5425470584877444, "com_18_tau1": 0.012297228602590637, "com_18_tau2": 0.6511634319269932, "com_19_tau1": 1.0461510861276195, "com_19_tau2": 0.9434294438169972, "com_1_tau1": 0.15644658041082557, "com_1_tau2": 0.9367282520949725, "com_20_tau1": 1.0231135716165758, "com_20_tau2": 0.9660379852861047, "com_21_tau1": 0.0879361888131881, "com_21_tau2": 0.18897699027877612, "com_22_tau1": 1.0651771307133495, "com_22_tau2": 0.7116363464812415, "com_2_tau1": -0.20424055837223698, "com_2_tau2": 0.15656035165537163, "com_3_tau1": 0.5692284485916613, "com_3_tau2": 0.6436197336237013, "com_4_tau1": 0.30648500986004745, "com_4_tau2": 0.9874464964129576, "com_5_tau1": 0.9089684348001306, "com_5_tau2": 0.23513824288146778, "com_6_tau1": 0.9814087779735243, "com_6_tau2": 0.3851940133722176, "com_7_tau1": 1.108660680924268, "com_7_tau2": 0.29346675534769945, "com_8_tau1": -0.05990940101575781, "com_8_tau2": 0.33760135674791125, "com_9_tau1": 0.5424574488135278, "com_9_tau2": 0.10321813690214551}, "datetime": {"datetime": "2024-08-22 07:01:54", "elapsed": 18118.890701, "delta": 106.810695}}
{"target": 0.8881530201796659, "params": {"com_0_tau1": 1.0953331954400278, "com_0_tau2": 0.24291285571110402, "com_10_tau1": -0.054442658232546064, "com_10_tau2": 0.3581783317427189, "com_11_tau1": 0.14096565012977552, "com_11_tau2": 0.5827387796247258, "com_12_tau1": 0.019248157978585173, "com_12_tau2": 0.4071316312565769, "com_13_tau1": 0.34543515403214575, "com_13_tau2": 1.119712611322011, "com_14_tau1": 0.8349339776726553, "com_14_tau2": 0.39466012966340536, "com_15_tau1": 0.10085836587714624, "com_15_tau2": 0.7494946049289192, "com_16_tau1": 0.7666826560296603, "com_16_tau2": 0.027818396206406137, "com_17_tau1": 0.5254594734677022, "com_17_tau2": 0.24024057790327247, "com_18_tau1": 0.5122972286025906, "com_18_tau2": 1.0259865419980512, "com_19_tau1": 1.1170598199149262, "com_19_tau2": 0.871299836623253, "com_1_tau1": 0.0027421982047399107, "com_1_tau2": 0.5808904595911243, "com_20_tau1": 0.6232627108740616, "com_20_tau2": 0.8051177880113698, "com_21_tau1": 0.5523264224487175, "com_21_tau2": 0.6154323983682592, "com_22_tau1": 1.0435786981512873, "com_22_tau2": 0.9190740351301264, "com_2_tau1": 0.295759441627763, "com_2_tau2": 0.6565603516553716, "com_3_tau1": 0.2720261813752075, "com_3_tau2": 0.8795762756103676, "com_4_tau1": 0.8064850098600475, "com_4_tau2": 1.046203187858682, "com_5_tau1": 1.1528017045900296, "com_5_tau2": 0.16167428782886473, "com_6_tau1": 0.598008244923403, "com_6_tau2": 0.11724424784922442, "com_7_tau1": 1.0430702938061465, "com_7_tau2": 0.13951886526259016, "com_8_tau1": -0.04890685966032554, "com_8_tau2": -0.07552792329843727, "com_9_tau1": 0.25190943499462537, "com_9_tau2": 0.12439767674883159}, "datetime": {"datetime": "2024-08-22 07:03:49", "elapsed": 18233.672268, "delta": 114.781567}}
{"target": 0.8996959070628873, "params": {"com_0_tau1": 1.02703326232084, "com_0_tau2": 0.016886395982404157, "com_10_tau1": 0.1212042904268481, "com_10_tau2": 0.3402752016791905, "com_11_tau1": 0.2639006357312225, "com_11_tau2": 0.29220687826545705, "com_12_tau1": 0.385716751089761, "com_12_tau2": 0.12320425465333273, "com_13_tau1": 0.42428072555139434, "com_13_tau2": 0.8900957313947766, "com_14_tau1": 0.7247996319102823, "com_14_tau2": 0.19259593307870349, "com_15_tau1": 0.16967664184318998, "com_15_tau2": 1.1392117587168409, "com_16_tau1": 0.44405728941334216, "com_16_tau2": 0.27786900536969805, "com_17_tau1": 0.046105055093013325, "com_17_tau2": 0.3291908255669853, "com_18_tau1": 0.046781259334669534, "com_18_tau2": 0.6960460040225545, "com_19_tau1": 1.1112360348187824, "com_19_tau2": 0.8026635167119628, "com_1_tau1": 0.17754424459982093, "com_1_tau2": 1.0180225898017645, "com_20_tau1": 0.7561533928366724, "com_20_tau2": 1.0052858089619674, "com_21_tau1": 0.3787451864507351, "com_21_tau2": 0.6475453397480788, "com_22_tau1": 0.7679641103744246, "com_22_tau2": 0.7418469693926839, "com_2_tau1": 0.079544909088067, "com_2_tau2": 0.5926803501323724, "com_3_tau1": 0.5268142229751718, "com_3_tau2": 0.7379153161368392, "com_4_tau1": 0.49929717084173475, "com_4_tau2": 0.8741366905053799, "com_5_tau1": 1.1015266345771169, "com_5_tau2": 0.37255722994643886, "com_6_tau1": 0.688903737922512, "com_6_tau2": 0.1652624281240755, "com_7_tau1": 0.6310425118264757, "com_7_tau2": 0.42670574891143875, "com_8_tau1": 0.3691197315953166, "com_8_tau2": 0.2272794517440891, "com_9_tau1": 0.45040842709274265, "com_9_tau2": 0.12791930733213813}, "datetime": {"datetime": "2024-08-22 07:05:34", "elapsed": 18338.622169, "delta": 104.949901}}
{"target": 0.8974722990237413, "params": {"com_0_tau1": 0.6891557315232433, "com_0_tau2": 0.4995803107798087, "com_10_tau1": 0.33852731094750627, "com_10_tau2": 0.5827592354636011, "com_11_tau1": 0.29801890305922285, "com_11_tau2": 0.5096141237286415, "com_12_tau1": 0.4092470660060681, "com_12_tau2": 0.19939195293895623, "com_13_tau1": 0.47546046057860086, "com_13_tau2": 0.8091070175014875, "com_14_tau1": 0.3349339776726553, "com_14_tau2": 0.38657213602261686, "com_15_tau1": 0.32476104283711615, "com_15_tau2": 1.0708615371500436, "com_16_tau1": 0.7666826560296603, "com_16_tau2": 0.496793024144025, "com_17_tau1": 0.5065626819490776, "com_17_tau2": 0.30418907430556413, "com_18_tau1": 0.012297228602590637, "com_18_tau2": 0.6511634319269932, "com_19_tau1": 0.9842123807683884, "com_19_tau2": 0.8574384970120097, "com_1_tau1": 0.25609470345176755, "com_1_tau2": 0.779920296082037, "com_20_tau1": 1.002825301273148, "com_20_tau2": 1.177172857863594, "com_21_tau1": 0.15032507477649507, "com_21_tau2": 0.31430078543285467, "com_22_tau1": 0.7735098251705349, "com_22_tau2": 0.6706727066011704, "com_2_tau1": -0.12264368376586332, "com_2_tau2": 0.29708257105826663, "com_3_tau1": 0.6102986749849784, "com_3_tau2": 0.8672145698639295, "com_4_tau1": 0.30648500986004745, "com_4_tau2": 0.9828787767828913, "com_5_tau1": 0.9518293816718871, "com_5_tau2": 0.2001024810666969, "com_6_tau1": 0.9179149453938382, "com_6_tau2": 0.3851940133722176, "com_7_tau1": 1.0300144472202628, "com_7_tau2": 0.40377272649953155, "com_8_tau1": -0.05990940101575781, "com_8_tau2": 0.1268520338965427, "com_9_tau1": 0.25190943499462537, "com_9_tau2": 0.060724373716756805}, "datetime": {"datetime": "2024-08-22 07:07:23", "elapsed": 18447.730132, "delta": 109.107963}}
{"target": 0.8999729826009452, "params": {"com_0_tau1": 0.9328585438614223, "com_0_tau2": 0.19265187465934022, "com_10_tau1": 0.04997764321901037, "com_10_tau2": 0.3509930739447947, "com_11_tau1": 0.1626959011563026, "com_11_tau2": 0.2710379036684611, "com_12_tau1": 0.2515595797809061, "com_12_tau2": 0.1599341551081213, "com_13_tau1": 0.43446063131846874, "com_13_tau2": 0.9624187172602053, "com_14_tau1": 0.6160244306034636, "com_14_tau2": 0.059984638017549795, "com_15_tau1": 0.10584018764054096, "com_15_tau2": 1.0677745100327531, "com_16_tau1": 0.576193327568029, "com_16_tau2": 0.2515567541360287, "com_17_tau1": 0.26731908570814555, "com_17_tau2": 0.49388341635827465, "com_18_tau1": 0.3014085152022108, "com_18_tau2": 0.8755842765321675, "com_19_tau1": 0.9939997781330194, "com_19_tau2": 0.9422135137906403, "com_1_tau1": 0.17138999029498675, "com_1_tau2": 0.8658400850136239, "com_20_tau1": 1.0187388306222445, "com_20_tau2": 0.948820608972547, "com_21_tau1": 0.33821174401299137, "com_21_tau2": 0.37563065934521184, "com_22_tau1": 0.8552041250020677, "com_22_tau2": 0.8600361633747166, "com_2_tau1": -0.006216961901597647, "com_2_tau2": 0.5196977126155624, "com_3_tau1": 0.5241456377776689, "com_3_tau2": 0.7166819661398834, "com_4_tau1": 0.5976331100764201, "com_4_tau2": 0.8431537778324413, "com_5_tau1": 0.9142483975762478, "com_5_tau2": 0.42576590504848116, "com_6_tau1": 0.7154015830156868, "com_6_tau2": 0.23290395507804243, "com_7_tau1": 0.7730202669934992, "com_7_tau2": 0.46563927122620846, "com_8_tau1": 0.2836906322344287, "com_8_tau2": 0.10857933898953435, "com_9_tau1": 0.46852867556430994, "com_9_tau2": 0.003770891740493004}, "datetime": {"datetime": "2024-08-22 07:09:14", "elapsed": 18558.642847, "delta": 110.912715}}
{"target": 0.8664575211755686, "params": {"com_0_tau1": 1.088975957713404, "com_0_tau2": 0.30168057310122404, "com_10_tau1": 0.18034280480433412, "com_10_tau2": 0.4076081356949585, "com_11_tau1": 0.21549298209371717, "com_11_tau2": 0.5827387796247258, "com_12_tau1": 0.3181119955003963, "com_12_tau2": 0.4071316312565769, "com_13_tau1": 0.4758005505753329, "com_13_tau2": 1.020692029100488, "com_14_tau1": 0.703617112852777, "com_14_tau2": 0.28449529565819437, "com_15_tau1": 0.22431476865889968, "com_15_tau2": 0.7494946049289192, "com_16_tau1": 0.7666826560296603, "com_16_tau2": 0.20323985776499126, "com_17_tau1": 0.5254594734677022, "com_17_tau2": 0.24024057790327247, "com_18_tau1": 0.26804666596866095, "com_18_tau2": 0.805197274430714, "com_19_tau1": 1.0286988007753464, "com_19_tau2": 0.9301053318573029, "com_1_tau1": -0.020433948040643267, "com_1_tau2": 0.5808904595911243, "com_20_tau1": 0.7569252422620609, "com_20_tau2": 1.1371483409181322, "com_21_tau1": 0.5012181958186817, "com_21_tau2": 0.5540330390052538, "com_22_tau1": 0.8238481932920148, "com_22_tau2": 0.6648252635051827, "com_2_tau1": 0.03395088139388669, "com_2_tau2": 0.6565603516553716, "com_3_tau1": 0.42922074791565856, "com_3_tau2": 0.7505476212951726, "com_4_tau1": 0.8064850098600475, "com_4_tau2": 1.046203187858682, "com_5_tau1": 1.1528017045900296, "com_5_tau2": 0.16167428782886473, "com_6_tau1": 0.5595344684645915, "com_6_tau2": 0.1929351114632721, "com_7_tau1": 0.8378867648281002, "com_7_tau2": 0.33944561053028893, "com_8_tau1": 0.01757556871745826, "com_8_tau2": 0.0672674906182128, "com_9_tau1": 0.25190943499462537, "com_9_tau2": 0.13960339627988863}, "datetime": {"datetime": "2024-08-22 07:11:12", "elapsed": 18676.796275, "delta": 118.153428}}
{"target": 0.9004329482445153, "params": {"com_0_tau1": 1.0602626933661525, "com_0_tau2": 0.4995803107798087, "com_10_tau1": 0.0305728558493463, "com_10_tau2": 0.5349897853913614, "com_11_tau1": 0.14293442660808794, "com_11_tau2": 0.4860495178575264, "com_12_tau1": -0.05841993992880143, "com_12_tau2": 0.4071316312565769, "com_13_tau1": 0.3082738406718131, "com_13_tau2": 1.0150392219491078, "com_14_tau1": 0.756767680078291, "com_14_tau2": 0.31180619572930274, "com_15_tau1": 0.06918937264319995, "com_15_tau2": 0.7494946049289192, "com_16_tau1": 0.6049892367152743, "com_16_tau2": 0.10123094580317199, "com_17_tau1": 0.4439092547015986, "com_17_tau2": 0.3864249024437611, "com_18_tau1": 0.4599040238205898, "com_18_tau2": 0.8795494262456351, "com_19_tau1": 0.903211586051012, "com_19_tau2": 0.9437446599250786, "com_1_tau1": 0.15964417487671212, "com_1_tau2": 0.6684293073813126, "com_20_tau1": 0.8056233882319922, "com_20_tau2": 0.9651483212239634, "com_21_tau1": 0.4122942805279374, "com_21_tau2": 0.5288957181093868, "com_22_tau1": 1.0441215188675885, "com_22_tau2": 0.8162016945196909, "com_2_tau1": 0.1476493883380805, "com_2_tau2": 0.6565603516553716, "com_3_tau1": 0.2850123880093521, "com_3_tau2": 0.8824071257523894, "com_4_tau1": 0.7138945546047871, "com_4_tau2": 0.9723093733505619, "com_5_tau1": 1.1528017045900296, "com_5_tau2": 0.20166390336708867, "com_6_tau1": 0.8121460391894555, "com_6_tau2": 0.17088868348930777, "com_7_tau1": 1.0395695210622475, "com_7_tau2": 0.16126722324044918, "com_8_tau1": 0.10973675120350071, "com_8_tau2": -0.00839273412250099, "com_9_tau1": 0.25190943499462537, "com_9_tau2": 0.12005186628817598}, "datetime": {"datetime": "2024-08-22 07:13:01", "elapsed": 18785.588386, "delta": 108.792111}}
{"target": 0.8663598982862989, "params": {"com_0_tau1": 0.7486046160843987, "com_0_tau2": 0.11128057895455151, "com_10_tau1": 0.07162622287013537, "com_10_tau2": 0.29801029673043156, "com_11_tau1": 0.1674052813819974, "com_11_tau2": 0.4498410551860099, "com_12_tau1": 0.029297764117086456, "com_12_tau2": 0.05330215952316186, "com_13_tau1": 0.4195598131305626, "com_13_tau2": 0.9415404111101111, "com_14_tau1": 0.5176929294741627, "com_14_tau2": 0.007190061562846628, "com_15_tau1": 0.09320228414752352, "com_15_tau2": 0.9457466927466334, "com_16_tau1": 0.44153040470025257, "com_16_tau2": 0.3358111609284318, "com_17_tau1": 0.29514756737986664, "com_17_tau2": 0.43174591210253105, "com_18_tau1": 0.4048126059144127, "com_18_tau2": 1.151038546460137, "com_19_tau1": 1.1987725971122027, "com_19_tau2": 1.1001341625757284, "com_1_tau1": 0.14672801535468583, "com_1_tau2": 0.6854521226402597, "com_20_tau1": 0.7910758629909178, "com_20_tau2": 0.7701119786634367, "com_21_tau1": 0.42921023005829384, "com_21_tau2": 0.560260235126431, "com_22_tau1": 1.0500797331195013, "com_22_tau2": 0.9899965209957161, "com_2_tau1": 0.019957559875708852, "com_2_tau2": 0.3339247887893769, "com_3_tau1": 0.41281624195120636, "com_3_tau2": 0.6850595516876854, "com_4_tau1": 0.3499081654160276, "com_4_tau2": 0.9889057194655959, "com_5_tau1": 0.8654579638682424, "com_5_tau2": 0.6473073705377381, "com_6_tau1": 0.971633732099425, "com_6_tau2": 0.0038779306678966563, "com_7_tau1": 0.7031554502938209, "com_7_tau2": 0.6317597342875231, "com_8_tau1": 0.32321378508557685, "com_8_tau2": 0.11634211008965872, "com_9_tau1": 0.3466554289828681, "com_9_tau2": -0.027136193467998337}, "datetime": {"datetime": "2024-08-22 07:14:56", "elapsed": 18900.871959, "delta": 115.283573}}
{"target": 0.9149295636907645, "params": {"com_0_tau1": 0.6891557315232433, "com_0_tau2": 0.2840844220380007, "com_10_tau1": 0.25596596879050465, "com_10_tau2": 0.621968869393532, "com_11_tau1": 0.18119376392796074, "com_11_tau2": 0.5827387796247258, "com_12_tau1": 0.4092470660060681, "com_12_tau2": 0.24354635367158153, "com_13_tau1": 0.31961735792384827, "com_13_tau2": 0.619712611322011, "com_14_tau1": 0.3349339776726553, "com_14_tau2": 0.3399764089506089, "com_15_tau1": 0.03759740525389014, "com_15_tau2": 1.2494946049289193, "com_16_tau1": 0.5860544956870021, "com_16_tau2": 0.5278183962064061, "com_17_tau1": 0.28162817295166803, "com_17_tau2": 0.5891039639290606, "com_18_tau1": 0.012297228602590637, "com_18_tau2": 0.6511634319269932, "com_19_tau1": 0.9234627224821502, "com_19_tau2": 0.7836653183021237, "com_1_tau1": 0.03176691562436005, "com_1_tau2": 0.754426388853625, "com_20_tau1": 0.9035686383908448, "com_20_tau2": 1.177172857863594, "com_21_tau1": 0.0879361888131881, "com_21_tau2": 0.18897699027877612, "com_22_tau1": 1.0651771307133495, "com_22_tau2": 0.6423454784027092, "com_2_tau1": -0.20424055837223698, "com_2_tau2": 0.15656035165537163, "com_3_tau1": 0.40303857727799913, "com_3_tau2": 0.8431340134046745, "com_4_tau1": 0.30648500986004745, "com_4_tau2": 0.8489590211296164, "com_5_tau1": 1.0505801304940439, "com_5_tau2": 0.23773696774715236, "com_6_tau1": 0.9814087779735243, "com_6_tau2": 0.3812450620040026, "com_7_tau1": 1.108660680924268, "com_7_tau2": 0.13951886526259016, "com_8_tau1": -0.05990940101575781, "com_8_tau2": 0.23907058628359149, "com_9_tau1": 0.3235905512366268, "com_9_tau2": 0.12929931009101317}, "datetime": {"datetime": "2024-08-22 07:16:41", "elapsed": 19005.93799, "delta": 105.066031}}
{"target": 0.846747257480478, "params": {"com_0_tau1": 0.9126878683993025, "com_0_tau2": 0.23078979659591198, "com_10_tau1": 0.0624856086005422, "com_10_tau2": 0.5565895640642673, "com_11_tau1": -0.05639175225472287, "com_11_tau2": 0.15186545930034917, "com_12_tau1": 0.05916812193108134, "com_12_tau2": 0.2712394863749665, "com_13_tau1": 0.4632043259593027, "com_13_tau2": 0.7489130289847115, "com_14_tau1": 0.776955743807385, "com_14_tau2": 0.17231352734769745, "com_15_tau1": 0.20931150381469432, "com_15_tau2": 1.1615491065627541, "com_16_tau1": 0.42211597170906745, "com_16_tau2": 0.24599669489759585, "com_17_tau1": 0.04532858265812756, "com_17_tau2": 0.5541192340376679, "com_18_tau1": 0.04233506202985926, "com_18_tau2": 0.8341509633231938, "com_19_tau1": 0.9414701517573105, "com_19_tau2": 0.784771929984164, "com_1_tau1": 0.23251353088698107, "com_1_tau2": 0.9311050564401819, "com_20_tau1": 0.9336853084438754, "com_20_tau2": 1.0333907800563447, "com_21_tau1": 0.3547312611328375, "com_21_tau2": 0.441763256582321, "com_22_tau1": 0.8459204554212687, "com_22_tau2": 0.8406007490768508, "com_2_tau1": 0.15278306680829667, "com_2_tau2": 0.5772735325493235, "com_3_tau1": 0.2587490683201813, "com_3_tau2": 0.8372697296055547, "com_4_tau1": 0.36107988995658935, "com_4_tau2": 0.6249302579532889, "com_5_tau1": 1.0495729092898478, "com_5_tau2": 0.21882842023008298, "com_6_tau1": 0.7735030035974895, "com_6_tau2": -0.09570055557642249, "com_7_tau1": 0.6499641775162005, "com_7_tau2": 0.2500246693190729, "com_8_tau1": 0.0014495048041316405, "com_8_tau2": -0.10060410067395448, "com_9_tau1": 0.446911538656785, "com_9_tau2": -0.22988349984998557}, "datetime": {"datetime": "2024-08-22 07:18:43", "elapsed": 19127.945313, "delta": 122.007323}}
{"target": 0.8627176727373324, "params": {"com_0_tau1": 0.8836635890761645, "com_0_tau2": 0.3030931984431516, "com_10_tau1": 0.2864988416039745, "com_10_tau2": 0.5900815086360678, "com_11_tau1": 0.030643072068206212, "com_11_tau2": 0.14350841357261024, "com_12_tau1": 0.07180630251582587, "com_12_tau2": 0.08561448642707992, "com_13_tau1": 0.16544653186531932, "com_13_tau2": 0.8200559719068741, "com_14_tau1": 0.6143058822617019, "com_14_tau2": 0.07734191653552736, "com_15_tau1": 0.004541746230239174, "com_15_tau2": 1.0337643080162549, "com_16_tau1": 0.329959763049313, "com_16_tau2": 0.4350338848909026, "com_17_tau1": 0.2309886136748901, "com_17_tau2": 0.649715794430805, "com_18_tau1": 0.2530502885222741, "com_18_tau2": 1.0214807054857742, "com_19_tau1": 0.9222582096945651, "com_19_tau2": 1.075837402760916, "com_1_tau1": 0.2526630542515018, "com_1_tau2": 0.8672187222418912, "com_20_tau1": 0.7040033477276179, "com_20_tau2": 0.6802149000055076, "com_21_tau1": 0.4681056735178847, "com_21_tau2": 0.2939619390397948, "com_22_tau1": 0.9138801593451203, "com_22_tau2": 0.9299219197036375, "com_2_tau1": 0.2102682437276484, "com_2_tau2": 0.5419057965677931, "com_3_tau1": 0.4074756368042072, "com_3_tau2": 0.6765475953486477, "com_4_tau1": 0.806036683608137, "com_4_tau2": 0.734908588664668, "com_5_tau1": 1.0489251458876026, "com_5_tau2": 0.5538234817305421, "com_6_tau1": 0.7895542216942006, "com_6_tau2": -0.042740117310032966, "com_7_tau1": 1.0368439818910355, "com_7_tau2": 0.368966146598221, "com_8_tau1": 0.27189296327433693, "com_8_tau2": -0.06051101458606989, "com_9_tau1": 0.4656840299559441, "com_9_tau2": -0.014738391325576528}, "datetime": {"datetime": "2024-08-22 07:20:39", "elapsed": 19243.713832, "delta": 115.768519}}
{"target": 0.9112009918445683, "params": {"com_0_tau1": 0.6891557315232433, "com_0_tau2": 0.47316324662854287, "com_10_tau1": 0.3638921483799935, "com_10_tau2": 0.621968869393532, "com_11_tau1": 0.11493095266297021, "com_11_tau2": 0.5827387796247258, "com_12_tau1": 0.4092470660060681, "com_12_tau2": 0.2878765209062648, "com_13_tau1": 0.38467455584154703, "com_13_tau2": 0.619712611322011, "com_14_tau1": 0.3349339776726553, "com_14_tau2": 0.3372549753143012, "com_15_tau1": -0.051184345182612265, "com_15_tau2": 1.2494946049289193, "com_16_tau1": 0.7666826560296603, "com_16_tau2": 0.5278183962064061, "com_17_tau1": 0.5254594734677022, "com_17_tau2": 0.6457440800607939, "com_18_tau1": 0.06903527615467389, "com_18_tau2": 0.6511634319269932, "com_19_tau1": 1.088983200860698, "com_19_tau2": 0.9781938485279874, "com_1_tau1": 0.0540922287818532, "com_1_tau2": 0.644613051966132, "com_20_tau1": 0.8054857516459445, "com_20_tau2": 1.1574507114215244, "com_21_tau1": 0.0879361888131881, "com_21_tau2": 0.18897699027877612, "com_22_tau1": 1.0651771307133495, "com_22_tau2": 0.6423454784027092, "com_2_tau1": -0.20424055837223698, "com_2_tau2": 0.15656035165537163, "com_3_tau1": 0.4184191260891857, "com_3_tau2": 0.8361688451937493, "com_4_tau1": 0.30648500986004745, "com_4_tau2": 0.8326843707952742, "com_5_tau1": 1.0462786072763266, "com_5_tau2": 0.2735260308140253, "com_6_tau1": 0.9814087779735243, "com_6_tau2": 0.3851940133722176, "com_7_tau1": 1.108660680924268, "com_7_tau2": 0.13951886526259016, "com_8_tau1": -0.05990940101575781, "com_8_tau2": 0.35302899405337385, "com_9_tau1": 0.36158259718366825, "com_9_tau2": 0.17076760008737943}, "datetime": {"datetime": "2024-08-22 07:22:24", "elapsed": 19348.270019, "delta": 104.556187}}
