{"target": 0.8629985098138727, "params": {"com_0_tau1": 0.5992621165650682, "com_0_tau2": 0.8243351582284749, "com_10_tau1": 0.6352745124953865, "com_10_tau2": 0.02502813048855146, "com_11_tau1": 0.06471290291120096, "com_11_tau2": 0.5622445377434464, "com_12_tau1": 0.7102291410346218, "com_12_tau2": 0.05153619755069627, "com_13_tau1": 0.25637019811242606, "com_13_tau2": 0.5170165714859538, "com_14_tau1": 0.4424112714933065, "com_14_tau2": 0.5327882627010284, "com_15_tau1": 0.2740890276665901, "com_15_tau2": 0.5799686043314154, "com_16_tau1": 0.35621439482552664, "com_16_tau2": 0.5631151418265955, "com_17_tau1": 0.9391934000839741, "com_17_tau2": 0.6155459650818629, "com_1_tau1": -0.015796588873752293, "com_1_tau2": 0.522395636421773, "com_2_tau1": 0.27729966161600067, "com_2_tau2": 0.723251290613558, "com_3_tau1": -0.007778293138029357, "com_3_tau2": 0.9077441551782541, "com_4_tau1": -0.14249250385938145, "com_4_tau2": 0.42507874125521555, "com_5_tau1": -0.04985290632258521, "com_5_tau2": 0.3978655564810986, "com_6_tau1": 0.6831222443064946, "com_6_tau2": 0.5948453744076365, "com_7_tau1": 0.5859517616634351, "com_7_tau2": 0.7002444725180684, "com_8_tau1": 0.424555954191253, "com_8_tau2": 1.0362100569912813, "com_9_tau1": 0.503434614659523, "com_9_tau2": 0.5855268803755422}, "datetime": {"datetime": "2024-12-09 17:28:39", "elapsed": 25043.411198, "delta": 143.48102}}
{"target": 0.9111913104204075, "params": {"com_0_tau1": 0.7519978019809985, "com_0_tau2": 0.6645414002133879, "com_10_tau1": 0.44879519523789607, "com_10_tau2": 0.35017775473595547, "com_11_tau1": -0.00206663692081277, "com_11_tau2": 0.5201316331363492, "com_12_tau1": 0.5988808595192299, "com_12_tau2": -0.02328242515351503, "com_13_tau1": 0.11070757653646501, "com_13_tau2": 0.21112880456489297, "com_14_tau1": 0.6284841687722644, "com_14_tau2": 0.7151222881465793, "com_15_tau1": 0.3392366638879686, "com_15_tau2": 0.8033643580136434, "com_16_tau1": 0.38931659631100085, "com_16_tau2": 0.766814936757237, "com_17_tau1": 0.8355620204911076, "com_17_tau2": 0.7576716089966532, "com_1_tau1": 0.021782373934958077, "com_1_tau2": 0.76470320586267, "com_2_tau1": 0.2483367552435054, "com_2_tau2": 0.6739794277030993, "com_3_tau1": -0.10693907861469404, "com_3_tau2": 0.9608369536750281, "com_4_tau1": 0.032012540133635414, "com_4_tau2": 0.16396212874053612, "com_5_tau1": 0.037277406104494815, "com_5_tau2": 0.561446837124584, "com_6_tau1": 0.6753524283822487, "com_6_tau2": 0.6390828442435187, "com_7_tau1": 0.5588423706721768, "com_7_tau2": 0.8419447480106981, "com_8_tau1": 0.535077047083852, "com_8_tau2": 0.7708537522400474, "com_9_tau1": 0.23132420688469624, "com_9_tau2": 0.41171268086011137}, "datetime": {"datetime": "2024-12-09 17:30:46", "elapsed": 25170.373634, "delta": 126.962436}}
{"target": 0.8855917715187324, "params": {"com_0_tau1": 0.6671577302735423, "com_0_tau2": 0.6986987359734735, "com_10_tau1": 0.44815193587202173, "com_10_tau2": 0.37220933368474357, "com_11_tau1": 0.1542127483261057, "com_11_tau2": 0.7475403551538038, "com_12_tau1": 0.705896340933269, "com_12_tau2": 0.049517142833232386, "com_13_tau1": 0.3550598300163355, "com_13_tau2": 0.3637502934783495, "com_14_tau1": 0.7380807650245058, "com_14_tau2": 0.8217656854124532, "com_15_tau1": 0.3522187103484586, "com_15_tau2": 0.9816669563657425, "com_16_tau1": 0.6296740708154555, "com_16_tau2": 0.5038032962385672, "com_17_tau1": 1.0818582866700657, "com_17_tau2": 0.7941857969804976, "com_1_tau1": -0.16236918030512337, "com_1_tau2": 0.9437090202727952, "com_2_tau1": 0.06840297484049335, "com_2_tau2": 0.5700686876155772, "com_3_tau1": 0.1958232074999025, "com_3_tau2": 1.1090028757143024, "com_4_tau1": -0.16756760182200325, "com_4_tau2": 0.3572660778937883, "com_5_tau1": 0.04535420814076557, "com_5_tau2": 0.32382329739280574, "com_6_tau1": 0.4868174413918234, "com_6_tau2": 0.38491567242475255, "com_7_tau1": 0.4354029978719204, "com_7_tau2": 0.6426615912219459, "com_8_tau1": 0.39471043173813675, "com_8_tau2": 0.8456276546273819, "com_9_tau1": 0.261315026020299, "com_9_tau2": 0.5988886965702032}, "datetime": {"datetime": "2024-12-09 17:33:02", "elapsed": 25305.768861, "delta": 135.395227}}
{"target": 0.9281028724168146, "params": {"com_0_tau1": 0.6222840435527444, "com_0_tau2": 0.9348846225851193, "com_10_tau1": 0.6638588062132936, "com_10_tau2": 0.3509503906886858, "com_11_tau1": 0.23437031803968317, "com_11_tau2": 0.38060389027169056, "com_12_tau1": 0.5963588353827537, "com_12_tau2": 0.15576903802419267, "com_13_tau1": 0.06947164264194153, "com_13_tau2": 0.28781451587312806, "com_14_tau1": 0.68990172123718, "com_14_tau2": 0.5630800766146186, "com_15_tau1": 0.38598830742386464, "com_15_tau2": 0.8438373614219584, "com_16_tau1": 0.5527771241791284, "com_16_tau2": 0.6364395328721509, "com_17_tau1": 0.6951133419955174, "com_17_tau2": 0.6805055913171026, "com_1_tau1": 0.10619163776125269, "com_1_tau2": 0.7237844006746859, "com_2_tau1": 0.0863581893804192, "com_2_tau2": 0.6191488916726224, "com_3_tau1": 0.14290980480258988, "com_3_tau2": 0.9737854006990477, "com_4_tau1": 0.1282224307602783, "com_4_tau2": 0.1162756567847393, "com_5_tau1": 0.16652587749350223, "com_5_tau2": 0.6744767776271845, "com_6_tau1": 0.7247224617669714, "com_6_tau2": 0.7360051996147488, "com_7_tau1": 0.5772396916408312, "com_7_tau2": 0.9316157366500566, "com_8_tau1": 0.499602030389441, "com_8_tau2": 0.9006871296389408, "com_9_tau1": 0.38659573575587264, "com_9_tau2": 0.4507730624612547}, "datetime": {"datetime": "2024-12-09 17:35:07", "elapsed": 25431.320516, "delta": 125.551655}}
{"target": 0.9219922679758155, "params": {"com_0_tau1": 0.5703922468177051, "com_0_tau2": 0.9251913408520681, "com_10_tau1": 0.5806940575531857, "com_10_tau2": 0.24934335510532737, "com_11_tau1": 0.3425773320946536, "com_11_tau2": 0.7874334835539012, "com_12_tau1": 0.3503693426627248, "com_12_tau2": 0.11607113525532044, "com_13_tau1": -0.0680127954887367, "com_13_tau2": 0.11571208966083234, "com_14_tau1": 0.5921355142298738, "com_14_tau2": 0.7033153778773005, "com_15_tau1": 0.1173751492189995, "com_15_tau2": 0.8195786973429858, "com_16_tau1": 0.5953064255615346, "com_16_tau2": 0.9038777866137131, "com_17_tau1": 0.6032822083272649, "com_17_tau2": 0.6122228762631614, "com_1_tau1": 0.18762386866167097, "com_1_tau2": 0.6258174075262483, "com_2_tau1": 0.16764069331131015, "com_2_tau2": 0.47229592570041523, "com_3_tau1": 0.281265448486831, "com_3_tau2": 0.7807743559703886, "com_4_tau1": 0.11079716749883778, "com_4_tau2": -0.05216932462136048, "com_5_tau1": 0.19144963606215273, "com_5_tau2": 0.5604675370115486, "com_6_tau1": 0.8352299617352593, "com_6_tau2": 0.8665635121366466, "com_7_tau1": 0.7075310066425051, "com_7_tau2": 0.6318633629051738, "com_8_tau1": 0.4695049481449073, "com_8_tau2": 1.0444088619195764, "com_9_tau1": 0.3671158808230589, "com_9_tau2": 0.40519072744548945}, "datetime": {"datetime": "2024-12-09 17:37:14", "elapsed": 25558.424753, "delta": 127.104237}}
