{"target": 0.9940325716628375, "params": {"com_0_tau1": 0.8227553993226102, "com_0_tau2": 0.20803085232787777, "com_10_tau1": 0.24251539150708734, "com_10_tau2": 0.1201262844621902, "com_11_tau1": 0.29201689186609703, "com_11_tau2": 0.12545148551683916, "com_12_tau1": 0.6357423131156699, "com_12_tau2": 0.936914439403167, "com_13_tau1": 0.8139158836087103, "com_13_tau2": 0.6994181565016507, "com_14_tau1": 0.734636037790981, "com_14_tau2": 0.8601123396985847, "com_1_tau1": 0.4656569930971005, "com_1_tau2": 0.048056093804351274, "com_2_tau1": 0.11820531524349298, "com_2_tau2": 0.5195228379887582, "com_3_tau1": 0.907385540455928, "com_3_tau2": 0.6958828011677668, "com_4_tau1": 0.5580771649685913, "com_4_tau2": 0.7496895179092292, "com_5_tau1": 0.05898596749651208, "com_5_tau2": 0.5794242600051055, "com_6_tau1": 0.6373177665715323, "com_6_tau2": 0.05461162042589229, "com_7_tau1": 0.4780395341004875, "com_7_tau2": 0.6050672524888923, "com_8_tau1": 0.27609208984111233, "com_8_tau2": 0.7626044388345805, "com_9_tau1": 0.033251135119288344, "com_9_tau2": 0.22134944075489815}, "datetime": {"datetime": "2024-04-23 03:25:45", "elapsed": 10053.415894, "delta": 177.222794}}
{"target": 0.9845888507639822, "params": {"com_0_tau1": 0.16243964569563263, "com_0_tau2": 0.8135620676646979, "com_10_tau1": 0.47956244081919286, "com_10_tau2": 0.8153653489653637, "com_11_tau1": 0.7738597689270753, "com_11_tau2": 0.6499583234732427, "com_12_tau1": 0.9391557315232433, "com_12_tau2": 0.2495803107798087, "com_13_tau1": 0.11389214837999351, "com_13_tau2": 0.371968869393532, "com_14_tau1": 0.04801890305922285, "com_14_tau2": 0.33273877962472576, "com_1_tau1": 0.15924706600606808, "com_1_tau2": 0.15713163125657692, "com_2_tau1": 0.3148551748681724, "com_2_tau2": 0.869712611322011, "com_3_tau1": 0.5849339776726553, "com_3_tau2": 0.14466012966340536, "com_4_tau1": 0.07476104283711615, "com_4_tau2": 0.9994946049289192, "com_5_tau1": 0.5166826560296603, "com_5_tau2": 0.27781839620640614, "com_6_tau1": 0.27545947346770217, "com_6_tau2": 0.49024057790327247, "com_7_tau1": 0.26229722860259064, "com_7_tau2": 0.9011634319269932, "com_8_tau1": 0.9724788115268596, "com_8_tau2": 0.987044019291328, "com_9_tau1": 0.014978935599180065, "com_9_tau2": 0.8308904595911243}, "datetime": {"datetime": "2024-04-23 03:28:49", "elapsed": 10237.955746, "delta": 184.539852}}
{"target": 0.9895295025118968, "params": {"com_0_tau1": 0.8732627108740616, "com_0_tau2": 0.927172857863594, "com_10_tau1": 0.3379361888131881, "com_10_tau2": 0.4389769902787761, "com_11_tau1": 0.8151771307133495, "com_11_tau2": 0.8923454784027092, "com_12_tau1": 0.04575944162776302, "com_12_tau2": 0.40656035165537163, "com_13_tau1": 0.42688203705439576, "com_13_tau2": 0.7292131554634064, "com_14_tau1": 0.5564850098600475, "com_14_tau2": 0.7962031878586819, "com_1_tau1": 0.9028017045900295, "com_1_tau2": 0.4116742878288647, "com_2_tau1": 0.7314087779735243, "com_2_tau2": 0.1351940133722176, "com_3_tau1": 0.858660680924268, "com_3_tau2": 0.38951886526259016, "com_4_tau1": 0.1900905989842422, "com_4_tau2": 0.10302899405337385, "com_5_tau1": 0.5019094349946254, "com_5_tau2": 0.008779389939464477, "com_6_tau1": 0.47966818854329474, "com_6_tau2": 0.8957654640660753, "com_7_tau1": 0.6895247870296455, "com_7_tau2": 0.9547068968349185, "com_8_tau1": 0.190247040185047, "com_8_tau2": 0.11890856643081948, "com_9_tau1": 0.7641899057262527, "com_9_tau2": 0.6435626108973524}, "datetime": {"datetime": "2024-04-23 03:31:50", "elapsed": 10419.012795, "delta": 181.057049}}
{"target": 0.9844897876789372, "params": {"com_0_tau1": 0.9771635435905877, "com_0_tau2": 0.17735378138739666, "com_10_tau1": 0.6988606752838161, "com_10_tau2": 0.10580266145808859, "com_11_tau1": 0.011623297063053983, "com_11_tau2": 0.8167479938806006, "com_12_tau1": 0.6469167974350631, "com_12_tau2": 0.6906835396613674, "com_13_tau1": 0.4400804635226526, "com_13_tau2": 0.611124478605257, "com_14_tau1": 0.1767363022074585, "com_14_tau2": 0.68139924219558, "com_1_tau1": 0.47147878177216174, "com_1_tau2": 0.15319136621971896, "com_2_tau1": 0.809753439351656, "com_2_tau2": 0.6503856944847947, "com_3_tau1": 0.7187848129337944, "com_3_tau2": 0.4860218901368385, "com_4_tau1": 0.2731591821237933, "com_4_tau2": 0.10702164496706912, "com_5_tau1": 0.3986830994888033, "com_5_tau2": 0.8790933309626271, "com_6_tau1": 0.38191201021007537, "com_6_tau2": 0.9556630319575036, "com_7_tau1": 0.8497153348681835, "com_7_tau2": 0.8161713173624419, "com_8_tau1": 0.05774640913445339, "com_8_tau2": 0.1601633255399445, "com_9_tau1": 0.36695300577151513, "com_9_tau2": 0.1558701483798387}, "datetime": {"datetime": "2024-04-23 03:34:54", "elapsed": 10602.948973, "delta": 183.936178}}
{"target": 0.995225150653677, "params": {"com_0_tau1": 0.40717857732835694, "com_0_tau2": 0.38831756682382657, "com_10_tau1": 0.38726360005562444, "com_10_tau2": 0.24741616600969452, "com_11_tau1": 0.8960607901808831, "com_11_tau2": 0.8491692369771179, "com_12_tau1": 0.5609571784964983, "com_12_tau2": 0.3074049044745162, "com_13_tau1": 0.15115923814283272, "com_13_tau2": 0.8851307110040053, "com_14_tau1": 0.9179737048226689, "com_14_tau2": 0.8923758590312504, "com_1_tau1": 0.7226718488165823, "com_1_tau2": 0.08493622557470826, "com_2_tau1": 0.32282128926023723, "com_2_tau2": 0.8611017703947896, "com_3_tau1": 0.11173647712949741, "com_3_tau2": 0.3370333118146164, "com_4_tau1": 0.40691880426841254, "com_4_tau2": 0.5331660833552139, "com_5_tau1": 0.9057448058196756, "com_5_tau2": 0.04395877579834229, "com_6_tau1": 0.6317889626013931, "com_6_tau2": 0.5010517750907246, "com_7_tau1": 0.6305353050175094, "com_7_tau2": 0.6110771956040232, "com_8_tau1": 0.11955015361048282, "com_8_tau2": 0.6192655136443185, "com_9_tau1": 0.8329227539975602, "com_9_tau2": 0.3378703817683967}, "datetime": {"datetime": "2024-04-23 03:37:53", "elapsed": 10781.781389, "delta": 178.832416}}
{"target": 0.9893062519181235, "params": {"com_0_tau1": 0.6650849958361685, "com_0_tau2": 0.04143052760441501, "com_10_tau1": 0.9840409367246449, "com_10_tau2": 0.03132677758238289, "com_11_tau1": 0.24830477071904333, "com_11_tau2": 0.6764024393055079, "com_12_tau1": 0.920239166780046, "com_12_tau2": 0.44995986862940207, "com_13_tau1": 0.3054424761878084, "com_13_tau2": 0.2881651808001633, "com_14_tau1": 0.5883322279514662, "com_14_tau2": 0.6578964869747266, "com_1_tau1": 0.49281409024870015, "com_1_tau2": 0.7257076801662513, "com_2_tau1": 0.5141721088210595, "com_2_tau2": 0.03164176571741362, "com_3_tau1": 0.8818393951002492, "com_3_tau2": 0.338910091737993, "com_4_tau1": 0.29299618865045574, "com_4_tau2": 0.24836811278517223, "com_5_tau1": 0.9584591915526282, "com_5_tau2": 0.3314297757565604, "com_6_tau1": 0.6999883817160167, "com_6_tau2": 0.5223212468481103, "com_7_tau1": 0.38890599597368425, "com_7_tau2": 0.8627006779034123, "com_8_tau1": 0.7203691167764467, "com_8_tau2": 0.933216055899139, "com_9_tau1": 0.11678348231637792, "com_9_tau2": 0.9391345568186942}, "datetime": {"datetime": "2024-04-23 03:40:53", "elapsed": 10961.979262, "delta": 180.197873}}
{"target": 0.9745765702050598, "params": {"com_0_tau1": 0.04667601366264906, "com_0_tau2": 0.07881195350897041, "com_10_tau1": 0.23917253383505677, "com_10_tau2": 0.18965383736342356, "com_11_tau1": 0.3980157893546745, "com_11_tau2": 0.2734547118881838, "com_12_tau1": 0.821506652559698, "com_12_tau2": 0.5965629777712587, "com_13_tau1": 0.1620025607667771, "com_13_tau2": 0.4313272639155805, "com_14_tau1": 0.6287181757578509, "com_14_tau2": 0.46272925013403376, "com_1_tau1": 0.017723000068827655, "com_1_tau2": 0.30376542588983246, "com_2_tau1": 0.03372619646011965, "com_2_tau2": 0.6208876636384212, "com_3_tau1": 0.09028718656120172, "com_3_tau2": 0.37238390233361385, "com_4_tau1": 0.21140637054325762, "com_4_tau2": 0.72848834988359, "com_5_tau1": 0.005783033662514203, "com_5_tau2": 0.33018999516933845, "com_6_tau1": 0.3128437433102649, "com_6_tau2": 0.9733107770377456, "com_7_tau1": 0.3283583381138927, "com_7_tau2": 0.802507006119768, "com_8_tau1": 0.8578065258436658, "com_8_tau2": 0.17532704284791523, "com_9_tau1": 0.8651745534142901, "com_9_tau2": 0.6592316785335283}, "datetime": {"datetime": "2024-04-23 03:44:05", "elapsed": 11153.211113, "delta": 191.231851}}
{"target": 0.994456052735995, "params": {"com_0_tau1": 0.6797270639052938, "com_0_tau2": 0.47926102796754255, "com_10_tau1": 0.2044668668166344, "com_10_tau2": 0.5067762242668885, "com_11_tau1": 0.5036652318694764, "com_11_tau2": 0.6554604747293146, "com_12_tau1": 0.8903762278934486, "com_12_tau2": 0.6827842267830557, "com_13_tau1": 0.7370202341375647, "com_13_tau2": 0.3943581309829731, "com_14_tau1": 0.35697050160748967, "com_14_tau2": 0.7949646120299081, "com_1_tau1": 0.1052933308260191, "com_1_tau2": 0.6530668308092127, "com_2_tau1": 0.33589290843538233, "com_2_tau2": 0.11306044163834927, "com_3_tau1": 0.7268327292897324, "com_3_tau2": 0.8949462756807044, "com_4_tau1": 0.7437919852530194, "com_4_tau2": 0.588913453895854, "com_5_tau1": 0.18825734902087787, "com_5_tau2": 0.13217939650148125, "com_6_tau1": 0.4251335699882538, "com_6_tau2": 0.629395740078382, "com_7_tau1": 0.23838318149144067, "com_7_tau2": 0.3353036512596721, "com_8_tau1": 0.2642637920341644, "com_8_tau2": 0.6551146380849601, "com_9_tau1": 0.17492912199820854, "com_9_tau2": 0.08218380432985195}, "datetime": {"datetime": "2024-04-23 03:47:02", "elapsed": 11330.461285, "delta": 177.250172}}
{"target": 0.9752800696884858, "params": {"com_0_tau1": 0.06005599630815106, "com_0_tau2": 0.41687733266328764, "com_10_tau1": 0.060397308525832694, "com_10_tau2": 0.4346860059392974, "com_11_tau1": 0.794411408765207, "com_11_tau2": 0.5360127789138585, "com_12_tau1": 0.49060908015034077, "com_12_tau2": 0.14432084926889643, "com_13_tau1": 0.5786426987297947, "com_13_tau2": 0.8022683779740747, "com_14_tau1": 0.1082342221389061, "com_14_tau2": 0.7559298167680106, "com_1_tau1": 0.24755674962854168, "com_1_tau2": 0.09579461038677206, "com_2_tau1": 0.8641117233497546, "com_2_tau2": 0.41802808413824166, "com_3_tau1": 0.38611500350582717, "com_3_tau2": 0.3401580994035701, "com_4_tau1": 0.4676939707575185, "com_4_tau2": 0.1530073742199216, "com_5_tau1": 0.5397958040817614, "com_5_tau2": 0.8110328384192741, "com_6_tau1": 0.5029822213550376, "com_6_tau2": 0.8197320861104977, "com_7_tau1": 0.003471834928722606, "com_7_tau2": 0.3697826502345424, "com_8_tau1": 0.23222269591008937, "com_8_tau2": 0.5574992534382331, "com_9_tau1": 0.336226822651262, "com_9_tau2": 0.44356790495211584}, "datetime": {"datetime": "2024-04-23 03:50:12", "elapsed": 11520.364295, "delta": 189.90301}}
{"target": 0.9830702382037969, "params": {"com_0_tau1": 0.021894301019774187, "com_0_tau2": 0.34778197331990146, "com_10_tau1": 0.2925280291994736, "com_10_tau2": 0.8404470367079365, "com_11_tau1": 0.5671913204613966, "com_11_tau2": 0.8442254694000156, "com_12_tau1": 0.01483406614779903, "com_12_tau2": 0.475184206110128, "com_13_tau1": 0.8977307986384182, "com_13_tau2": 0.6502396502540322, "com_14_tau1": 0.3315091610279205, "com_14_tau2": 0.6960430386443497, "com_1_tau1": 0.2518715513725902, "com_1_tau2": 0.263137131644544, "com_2_tau1": 0.941542027392796, "com_2_tau2": 0.09762381419557864, "com_3_tau1": 0.0965695703373094, "com_3_tau2": 0.834097236069686, "com_4_tau1": 0.5919678973457118, "com_4_tau2": 0.10510962995338824, "com_5_tau1": 0.42844287869367936, "com_5_tau2": 0.7700284961870694, "com_6_tau1": 0.2178510371769964, "com_6_tau2": 0.8997584716769437, "com_7_tau1": 0.30114266116972854, "com_7_tau2": 0.9225789385023203, "com_8_tau1": 0.3232621922356037, "com_8_tau2": 0.04540503827403164, "com_9_tau1": 0.40030791596508364, "com_9_tau2": 0.1929702522142991}, "datetime": {"datetime": "2024-04-23 03:53:16", "elapsed": 11704.210971, "delta": 183.846676}}
{"target": 0.9893319143323949, "params": {"com_0_tau1": 0.8296306009847427, "com_0_tau2": 0.6626015767140179, "com_10_tau1": 0.9545409387746555, "com_10_tau2": 0.4758950910991655, "com_11_tau1": 0.35584311883645636, "com_11_tau2": 0.8357529322588225, "com_12_tau1": 0.2068366279648709, "com_12_tau2": 0.6389302288348708, "com_13_tau1": 0.28045833995464275, "com_13_tau2": 0.5965831116956929, "com_14_tau1": 0.37202533205621535, "com_14_tau2": 0.41534021605875193, "com_1_tau1": 0.4077590755863797, "com_1_tau2": 0.47992929697062037, "com_2_tau1": 0.7114903523559603, "com_2_tau2": 0.8793848471318932, "com_3_tau1": 0.393281301532849, "com_3_tau2": 0.2748894409090472, "com_4_tau1": 0.6469159061349296, "com_4_tau2": 0.2524707590246552, "com_5_tau1": 0.6318895392858888, "com_5_tau2": 0.45961375917130487, "com_6_tau1": 0.7500855135121112, "com_6_tau2": 0.4080355055066275, "com_7_tau1": 0.26628731764828306, "com_7_tau2": 0.18088419118933508, "com_8_tau1": 0.840476255889395, "com_8_tau2": 0.7350968017522562, "com_9_tau1": 0.13182822255319382, "com_9_tau2": 0.46352695403692223}, "datetime": {"datetime": "2024-04-23 03:56:19", "elapsed": 11887.205833, "delta": 182.994862}}
{"target": 0.9828381150886921, "params": {"com_0_tau1": 0.33134550245648264, "com_0_tau2": 0.2318575418592015, "com_10_tau1": 0.3948408655100173, "com_10_tau2": 0.6377609188407967, "com_11_tau1": 0.8326016669831129, "com_11_tau2": 0.032890175415799305, "com_12_tau1": 0.6600733505539658, "com_12_tau2": 0.23883700407174768, "com_13_tau1": 0.03942118788414495, "com_13_tau2": 0.8251377242661989, "com_14_tau1": 0.3747568689830493, "com_14_tau2": 0.41746084537946526, "com_1_tau1": 0.4858560956896685, "com_1_tau2": 0.10922347849932568, "com_2_tau1": 0.5139053724720354, "com_2_tau2": 0.4611668721714641, "com_3_tau1": 0.7483185023448696, "com_3_tau2": 0.023548955490232837, "com_4_tau1": 0.3958855971992712, "com_4_tau2": 0.39293646271630034, "com_5_tau1": 0.3370409990109686, "com_5_tau2": 0.4023089486490242, "com_6_tau1": 0.5640223476618422, "com_6_tau2": 0.4881819532157531, "com_7_tau1": 0.18940147929254825, "com_7_tau2": 0.6026680647991624, "com_8_tau1": 0.5795161643822464, "com_8_tau2": 0.46606494599705883, "com_9_tau1": 0.9795293572020117, "com_9_tau2": 0.7595685900553757}, "datetime": {"datetime": "2024-04-23 03:59:23", "elapsed": 12072.019493, "delta": 184.81366}}
{"target": 0.9801242492254965, "params": {"com_0_tau1": 0.870565086665565, "com_0_tau2": 0.6100760908422933, "com_10_tau1": 0.02741948286266349, "com_10_tau2": 0.328107875523718, "com_11_tau1": 0.21340322530349853, "com_11_tau2": 0.7002147345417242, "com_12_tau1": 0.3408907422024916, "com_12_tau2": 0.20072633743379764, "com_13_tau1": 0.1883796393677648, "com_13_tau2": 0.9048705996705566, "com_14_tau1": 0.5916662453963205, "com_14_tau2": 0.5117819271216751, "com_1_tau1": 0.6476474534721053, "com_1_tau2": 0.9397695714198973, "com_2_tau1": 0.13513816546478918, "com_2_tau2": 0.10687171391836703, "com_3_tau1": 0.5630203640597433, "com_3_tau2": 0.8388378883219961, "com_4_tau1": 0.9990739498691975, "com_4_tau2": 0.6450577843226818, "com_5_tau1": 0.12810641088053754, "com_5_tau2": 0.32329214520688054, "com_6_tau1": 0.9436542359935055, "com_6_tau2": 0.3072347745733044, "com_7_tau1": 0.21494315304068945, "com_7_tau2": 0.01802980412906019, "com_8_tau1": 0.5236120059808027, "com_8_tau2": 0.8935821113878714, "com_9_tau1": 0.5743845922223583, "com_9_tau2": 0.628741482774362}, "datetime": {"datetime": "2024-04-23 04:02:31", "elapsed": 12259.215013, "delta": 187.19552}}
{"target": 0.9965429486855282, "params": {"com_0_tau1": 0.6507895009450568, "com_0_tau2": 0.284494880098079, "com_10_tau1": 0.9492462607864931, "com_10_tau2": 0.9627840924446464, "com_11_tau1": 0.7332919130307316, "com_11_tau2": 0.40111739865915763, "com_12_tau1": 0.1657314911643739, "com_12_tau2": 0.32391526807278626, "com_13_tau1": 0.43811873494132636, "com_13_tau2": 0.7106817202943916, "com_14_tau1": 0.6713566061921152, "com_14_tau2": 0.9976949573265464, "com_1_tau1": 0.27473755827398905, "com_1_tau2": 0.8933339590272379, "com_2_tau1": 0.38211263499222203, "com_2_tau2": 0.8420543421765265, "com_3_tau1": 0.8091399921724824, "com_3_tau2": 0.928659068099808, "com_4_tau1": 0.2994110844233907, "com_4_tau2": 0.8012016169001184, "com_5_tau1": 0.5072573358010958, "com_5_tau2": 0.7620619556056552, "com_6_tau1": 0.5993258389909113, "com_6_tau2": 0.8812968819206014, "com_7_tau1": 0.13992616414529424, "com_7_tau2": 0.07387024896203087, "com_8_tau1": 0.7355611875671793, "com_8_tau2": 0.3607526933702282, "com_9_tau1": 0.07813814092169158, "com_9_tau2": 0.698741888046758}, "datetime": {"datetime": "2024-04-23 04:05:27", "elapsed": 12435.960687, "delta": 176.745674}}
{"target": 0.9759710714030585, "params": {"com_0_tau1": 0.5157033603875695, "com_0_tau2": 0.8723062169643132, "com_10_tau1": 0.436869287283176, "com_10_tau2": 0.985789754652876, "com_11_tau1": 0.6909631456226872, "com_11_tau2": 0.5394381681607211, "com_12_tau1": 0.5411178899101738, "com_12_tau2": 0.9125261228764576, "com_13_tau1": 0.3497985933424268, "com_13_tau2": 0.2887949832077491, "com_14_tau1": 0.11014394562863206, "com_14_tau2": 0.7887115301225787, "com_1_tau1": 0.3147469170339474, "com_1_tau2": 0.9179636379212536, "com_2_tau1": 0.7140286154487906, "com_2_tau2": 0.4984651554230659, "com_3_tau1": 0.5308252112515878, "com_3_tau2": 0.5483329228398026, "com_4_tau1": 0.2785840272179283, "com_4_tau2": 0.2278902289264534, "com_5_tau1": 0.2972124399380871, "com_5_tau2": 0.6762796494475409, "com_6_tau1": 0.0021705190957295173, "com_6_tau2": 0.9454143846925085, "com_7_tau1": 0.6449426165587593, "com_7_tau2": 0.2879936437058723, "com_8_tau1": 0.3258367015720799, "com_8_tau2": 0.970258514952981, "com_9_tau1": 0.6425849778071061, "com_9_tau2": 0.24205083660267368}, "datetime": {"datetime": "2024-04-23 04:08:37", "elapsed": 12625.947429, "delta": 189.986742}}
{"target": 0.9946107085527114, "params": {"com_0_tau1": 0.4165983818457415, "com_0_tau2": 0.5621951186734135, "com_10_tau1": 0.3089642042022849, "com_10_tau2": 0.7853878954841882, "com_11_tau1": 0.7572769181980965, "com_11_tau2": 0.41520774150978523, "com_12_tau1": 0.4670707352970269, "com_12_tau2": 0.5905293450911916, "com_13_tau1": 0.3841781177892327, "com_13_tau2": 0.3311823797172856, "com_14_tau1": 0.4714651737363802, "com_14_tau2": 0.7911045575294383, "com_1_tau1": 0.8339726861189414, "com_1_tau2": 0.8542386219792486, "com_2_tau1": 0.43566567539346013, "com_2_tau2": 0.6664162200991957, "com_3_tau1": 0.3274610897490313, "com_3_tau2": 0.9050509749914042, "com_4_tau1": 0.9620384295393947, "com_4_tau2": 0.8209975486572711, "com_5_tau1": 0.3647136266272363, "com_5_tau2": 0.08598578686936276, "com_6_tau1": 0.7922613824694852, "com_6_tau2": 0.7453489668024936, "com_7_tau1": 0.9812266706946882, "com_7_tau2": 0.31269757022497735, "com_8_tau1": 0.06410069360389203, "com_8_tau2": 0.7120465960858544, "com_9_tau1": 0.676272456863985, "com_9_tau2": 0.2471448961735373}, "datetime": {"datetime": "2024-04-23 04:11:33", "elapsed": 12801.362728, "delta": 175.415299}}
{"target": 0.9908957543892258, "params": {"com_0_tau1": 0.7701797334230484, "com_0_tau2": 0.0461072577401368, "com_10_tau1": 0.42426938103250833, "com_10_tau2": 0.13395348912349325, "com_11_tau1": 0.5303802787521075, "com_11_tau2": 0.9088658511188916, "com_12_tau1": 0.6238583944782886, "com_12_tau2": 0.48347732479928085, "com_13_tau1": 0.8850488725900685, "com_13_tau2": 0.21523681411226714, "com_14_tau1": 0.8626672989871681, "com_14_tau2": 0.907289692260809, "com_1_tau1": 0.44698928043909036, "com_1_tau2": 0.4041544636203783, "com_2_tau1": 0.8153612655901705, "com_2_tau2": 0.1363661415243811, "com_3_tau1": 0.44659141669117375, "com_3_tau2": 0.532812864757763, "com_4_tau1": 0.266326208283432, "com_4_tau2": 0.42782372860354057, "com_5_tau1": 0.789698783086586, "com_5_tau2": 0.1984006895121595, "com_6_tau1": 0.04162429236782561, "com_6_tau2": 0.3391748820355187, "com_7_tau1": 0.42129246953846167, "com_7_tau2": 0.7849856162554669, "com_8_tau1": 0.8105168416642006, "com_8_tau2": 0.6571881884858911, "com_9_tau1": 0.3856978324847501, "com_9_tau2": 0.2562260069805993}, "datetime": {"datetime": "2024-04-23 04:14:34", "elapsed": 12982.672685, "delta": 181.309957}}
{"target": 0.9905276896885213, "params": {"com_0_tau1": 0.14693108775010977, "com_0_tau2": 0.25797115503197066, "com_10_tau1": 0.3421124345729559, "com_10_tau2": 0.9936472187242974, "com_11_tau1": 0.8912502007971383, "com_11_tau2": 0.6627249344673163, "com_12_tau1": 0.22822575936264655, "com_12_tau2": 0.04072363286058012, "com_13_tau1": 0.8393832244134695, "com_13_tau2": 0.9451287418271914, "com_14_tau1": 0.6625601068691589, "com_14_tau2": 0.6327053411681212, "com_1_tau1": 0.3230001016995301, "com_1_tau2": 0.45478738724850953, "com_2_tau1": 0.7950588706015358, "com_2_tau2": 0.026710601401593537, "com_3_tau1": 0.15654162136108662, "com_3_tau2": 0.712098707027831, "com_4_tau1": 0.8272187616855504, "com_4_tau2": 0.8345935488303087, "com_5_tau1": 0.3510970090174861, "com_5_tau2": 0.6450221032646666, "com_6_tau1": 0.5725489031441001, "com_6_tau2": 0.9817773953987632, "com_7_tau1": 0.41491612390259247, "com_7_tau2": 0.42291857494467566, "com_8_tau1": 0.2681142526438094, "com_8_tau2": 0.6851217376998301, "com_9_tau1": 0.4246756245458664, "com_9_tau2": 0.8618387493042429}, "datetime": {"datetime": "2024-04-23 04:17:34", "elapsed": 13162.531416, "delta": 179.858731}}
