{"target": 0.9243248034982973, "params": {"com_0_tau1": 0.4290096450269129, "com_0_tau2": 0.9672486796159341, "com_10_tau1": 0.5783403404395542, "com_10_tau2": 0.3415280802138153, "com_11_tau1": 0.30796939254618594, "com_11_tau2": 0.43492277143936126, "com_12_tau1": 0.5447615222144027, "com_12_tau2": 0.007777445545914762, "com_13_tau1": 0.1175874926705542, "com_13_tau2": 0.2296445894937921, "com_14_tau1": 0.767775718540778, "com_14_tau2": 0.6511835672888892, "com_15_tau1": 0.4237046072576746, "com_15_tau2": 0.9262938683648805, "com_16_tau1": 0.37980150250194605, "com_16_tau2": 0.7030986498170889, "com_17_tau1": 0.7849649499036688, "com_17_tau2": 0.6734396857586312, "com_1_tau1": 0.1685854775047627, "com_1_tau2": 0.7546963621712186, "com_2_tau1": 0.1242789389843382, "com_2_tau2": 0.8877707747528645, "com_3_tau1": 0.06485449051724552, "com_3_tau2": 0.8397347066786911, "com_4_tau1": 0.018589147698952126, "com_4_tau2": 0.06407664339365819, "com_5_tau1": 0.24455085977181756, "com_5_tau2": 0.6663130221348259, "com_6_tau1": 0.7902307207428001, "com_6_tau2": 0.7111674162551515, "com_7_tau1": 0.6220689942469497, "com_7_tau2": 0.9487389626037319, "com_8_tau1": 0.34591115463517624, "com_8_tau2": 1.0404158049988963, "com_9_tau1": 0.4290373811335407, "com_9_tau2": 0.48005706440703655}, "datetime": {"datetime": "2024-12-09 16:56:29", "elapsed": 23113.42858, "delta": 124.044213}}
{"target": 0.8989113254978155, "params": {"com_0_tau1": 0.5553046075251431, "com_0_tau2": 0.8223772517577219, "com_10_tau1": 0.7667163318706592, "com_10_tau2": 0.5140528945718477, "com_11_tau1": 0.3425773320946536, "com_11_tau2": 0.7829145044493662, "com_12_tau1": 0.5060825668447438, "com_12_tau2": 0.03853095712557456, "com_13_tau1": -0.027595473792162154, "com_13_tau2": 0.23676157799668002, "com_14_tau1": 0.5657791345215297, "com_14_tau2": 0.7409444173068822, "com_15_tau1": 0.1173751492189995, "com_15_tau2": 0.9025161996536296, "com_16_tau1": 0.4676309247988838, "com_16_tau2": 0.8462596079077158, "com_17_tau1": 0.6032822083272649, "com_17_tau2": 0.8783630157754159, "com_1_tau1": 0.03172046844537401, "com_1_tau2": 0.7071260580410881, "com_2_tau1": -0.01670620303000241, "com_2_tau2": 0.5679791607253967, "com_3_tau1": 0.1864574492895251, "com_3_tau2": 0.8891824859404471, "com_4_tau1": 0.12119588693068553, "com_4_tau2": -0.05216932462136048, "com_5_tau1": 0.2730736880815869, "com_5_tau2": 0.5841321377564651, "com_6_tau1": 0.6072635998174039, "com_6_tau2": 0.8665635121366466, "com_7_tau1": 0.5909504130717101, "com_7_tau2": 0.7275975744294931, "com_8_tau1": 0.5138091600552894, "com_8_tau2": 1.0989710564186566, "com_9_tau1": 0.5289386231343941, "com_9_tau2": 0.576847570633664}, "datetime": {"datetime": "2024-12-09 16:58:42", "elapsed": 23246.300507, "delta": 132.871927}}
{"target": 0.9236826136860657, "params": {"com_0_tau1": 0.4253251665363585, "com_0_tau2": 1.0544464691448328, "com_10_tau1": 0.5650644159323222, "com_10_tau2": 0.30121678272104485, "com_11_tau1": 0.3425773320946536, "com_11_tau2": 0.537308913351999, "com_12_tau1": 0.4419218675094678, "com_12_tau2": 0.16210980461041655, "com_13_tau1": 0.026977745793356954, "com_13_tau2": 0.24007444090000532, "com_14_tau1": 0.767775718540778, "com_14_tau2": 0.569702656842017, "com_15_tau1": 0.21439749090407267, "com_15_tau2": 0.7673732500714449, "com_16_tau1": 0.4690738253209591, "com_16_tau2": 0.7995037999792932, "com_17_tau1": 0.6032822083272649, "com_17_tau2": 0.7215266598878914, "com_1_tau1": 0.14481971308357627, "com_1_tau2": 0.5884714520486054, "com_2_tau1": 0.20807732299635467, "com_2_tau2": 0.6645982220011463, "com_3_tau1": 0.19690225850207005, "com_3_tau2": 0.9046924571719754, "com_4_tau1": 0.1270485689758213, "com_4_tau2": 0.041051675710039946, "com_5_tau1": 0.11615157485534515, "com_5_tau2": 0.4665759333649716, "com_6_tau1": 0.6492372564871367, "com_6_tau2": 0.827561968980083, "com_7_tau1": 0.6417691127003351, "com_7_tau2": 0.7728017728681796, "com_8_tau1": 0.4205615148542605, "com_8_tau2": 1.0176048964328013, "com_9_tau1": 0.43586308493419923, "com_9_tau2": 0.45513679103728033}, "datetime": {"datetime": "2024-12-09 17:00:46", "elapsed": 23370.093312, "delta": 123.792805}}
{"target": 0.9191347996622731, "params": {"com_0_tau1": 0.5561800868069473, "com_0_tau2": 0.9189340689507702, "com_10_tau1": 0.5460704892822555, "com_10_tau2": 0.3274218855685934, "com_11_tau1": 0.18327281268560436, "com_11_tau2": 0.5174785770565962, "com_12_tau1": 0.5084865924069741, "com_12_tau2": 0.15426727068570972, "com_13_tau1": 0.09110555673975096, "com_13_tau2": 0.25956685490609965, "com_14_tau1": 0.6267114141873866, "com_14_tau2": 0.6776475113101496, "com_15_tau1": 0.3209881281518888, "com_15_tau2": 0.7944137753596285, "com_16_tau1": 0.5174885288874658, "com_16_tau2": 0.8133293874989357, "com_17_tau1": 0.901244427600034, "com_17_tau2": 0.7814435205988081, "com_1_tau1": 0.23448549755051037, "com_1_tau2": 0.6850790445630774, "com_2_tau1": 0.1969912710942368, "com_2_tau2": 0.7511746340654273, "com_3_tau1": 0.20334713963272164, "com_3_tau2": 1.0122202810608913, "com_4_tau1": 0.1595732917153958, "com_4_tau2": 0.12286203550385584, "com_5_tau1": 0.1140328017165008, "com_5_tau2": 0.5779830690598304, "com_6_tau1": 0.7362130312890167, "com_6_tau2": 0.6624732972660679, "com_7_tau1": 0.5626681119937312, "com_7_tau2": 0.9481954391757765, "com_8_tau1": 0.4714870272603089, "com_8_tau2": 1.0984132324814602, "com_9_tau1": 0.4209637963474065, "com_9_tau2": 0.4676318312508758}, "datetime": {"datetime": "2024-12-09 17:02:53", "elapsed": 23496.846728, "delta": 126.753416}}
{"target": 0.9299672343461712, "params": {"com_0_tau1": 0.507430588574425, "com_0_tau2": 0.9364175488663005, "com_10_tau1": 0.5887914674624963, "com_10_tau2": 0.3401437813749157, "com_11_tau1": 0.23133352636285126, "com_11_tau2": 0.3927081326719619, "com_12_tau1": 0.5452917301790907, "com_12_tau2": 0.04762889466824576, "com_13_tau1": 0.18983642117174446, "com_13_tau2": 0.3896054114282123, "com_14_tau1": 0.6227266240901972, "com_14_tau2": 0.5817949150286257, "com_15_tau1": 0.3148799645056015, "com_15_tau2": 0.8157371900602158, "com_16_tau1": 0.44905923683019566, "com_16_tau2": 0.6642813531916512, "com_17_tau1": 0.8510897207794288, "com_17_tau2": 0.6092078838806244, "com_1_tau1": 0.05570548230462364, "com_1_tau2": 0.6724739518125128, "com_2_tau1": 0.2112202511525091, "com_2_tau2": 0.6388318231409511, "com_3_tau1": 0.08140411143940877, "com_3_tau2": 0.9633606394580724, "com_4_tau1": -0.003850559030876645, "com_4_tau2": 0.22869783629763077, "com_5_tau1": 0.12213530968056406, "com_5_tau2": 0.6265546497588852, "com_6_tau1": 0.6548694263582973, "com_6_tau2": 0.7042774862201631, "com_7_tau1": 0.6057533412258568, "com_7_tau2": 0.8757638775641924, "com_8_tau1": 0.44364129309103467, "com_8_tau2": 0.9283445891419828, "com_9_tau1": 0.49829810089486026, "com_9_tau2": 0.461884034741699}, "datetime": {"datetime": "2024-12-09 17:04:56", "elapsed": 23619.801697, "delta": 122.954969}}
{"target": 0.91853839426961, "params": {"com_0_tau1": 0.46729427385371153, "com_0_tau2": 1.0387816765917937, "com_10_tau1": 0.6307235930803641, "com_10_tau2": 0.3744892515785669, "com_11_tau1": 0.3425773320946536, "com_11_tau2": 0.7794024626004935, "com_12_tau1": 0.448307320697871, "com_12_tau2": 0.13565521658710206, "com_13_tau1": -0.05072615579344186, "com_13_tau2": 0.26043102133561613, "com_14_tau1": 0.4430038224292881, "com_14_tau2": 0.6602563460000285, "com_15_tau1": 0.1173751492189995, "com_15_tau2": 0.6321506060283578, "com_16_tau1": 0.5733441939464424, "com_16_tau2": 0.9496987657895907, "com_17_tau1": 0.6032822083272649, "com_17_tau2": 0.7905612261735729, "com_1_tau1": 0.1829776317108604, "com_1_tau2": 0.5243722502779614, "com_2_tau1": 0.26342445447223806, "com_2_tau2": 0.5617602701531476, "com_3_tau1": 0.3223299585766751, "com_3_tau2": 1.0669385477620026, "com_4_tau1": 0.08059618109846702, "com_4_tau2": 0.005131683793969934, "com_5_tau1": 0.16969560919143753, "com_5_tau2": 0.42375556240844825, "com_6_tau1": 0.5662229493040146, "com_6_tau2": 0.8665635121366466, "com_7_tau1": 0.6123391816571132, "com_7_tau2": 0.6803272420143468, "com_8_tau1": 0.5916301758492082, "com_8_tau2": 1.093726156524854, "com_9_tau1": 0.5823204713980702, "com_9_tau2": 0.48799798975623976}, "datetime": {"datetime": "2024-12-09 17:07:05", "elapsed": 23748.745368, "delta": 128.943671}}
{"target": 0.9128012240125052, "params": {"com_0_tau1": 0.8102351408993838, "com_0_tau2": 0.8442283631787223, "com_10_tau1": 0.40925377513783834, "com_10_tau2": 0.22230347095080394, "com_11_tau1": 0.20162579956424392, "com_11_tau2": 0.7007828466121666, "com_12_tau1": 0.408649887693053, "com_12_tau2": 0.2351079232408076, "com_13_tau1": 0.26497591677433224, "com_13_tau2": 0.3643607369121187, "com_14_tau1": 0.4933759568460484, "com_14_tau2": 0.7132382605032348, "com_15_tau1": 0.12018985223739614, "com_15_tau2": 0.758415245407553, "com_16_tau1": 0.745022248002121, "com_16_tau2": 0.9078144180024081, "com_17_tau1": 0.6168073882920001, "com_17_tau2": 0.5528499672494837, "com_1_tau1": 0.07432837652396962, "com_1_tau2": 0.7003518888913143, "com_2_tau1": 0.17476503666462245, "com_2_tau2": 0.6938715868450821, "com_3_tau1": 0.1613139290578784, "com_3_tau2": 0.8325166683188967, "com_4_tau1": -0.09699350571913867, "com_4_tau2": 0.3897342494653457, "com_5_tau1": -0.12383822759294966, "com_5_tau2": 0.7805864776028814, "com_6_tau1": 0.6727792843813774, "com_6_tau2": 0.6340567618574531, "com_7_tau1": 0.47755499328838225, "com_7_tau2": 0.7739153271373245, "com_8_tau1": 0.22075169627511315, "com_8_tau2": 1.0293862340224715, "com_9_tau1": 0.20446698181648626, "com_9_tau2": 0.23895389267408412}, "datetime": {"datetime": "2024-12-09 17:09:11", "elapsed": 23874.660366, "delta": 125.914998}}
{"target": 0.9189093212698509, "params": {"com_0_tau1": 0.5400480633935015, "com_0_tau2": 0.8792968950748332, "com_10_tau1": 0.5167734118598352, "com_10_tau2": 0.19827217205907977, "com_11_tau1": 0.2819833626404065, "com_11_tau2": 0.639427854103103, "com_12_tau1": 0.3503693426627248, "com_12_tau2": 0.06484530811660204, "com_13_tau1": 0.2541916716956623, "com_13_tau2": 0.21394263695248417, "com_14_tau1": 0.767775718540778, "com_14_tau2": 0.6287382945249587, "com_15_tau1": 0.31862799917680185, "com_15_tau2": 0.9155100612242898, "com_16_tau1": 0.38384905293448035, "com_16_tau2": 0.9202506421057947, "com_17_tau1": 0.7011404133513732, "com_17_tau2": 0.5374453133626812, "com_1_tau1": 0.18707773729148658, "com_1_tau2": 0.7453414227536946, "com_2_tau1": 0.19728696422681516, "com_2_tau2": 0.7262926295942745, "com_3_tau1": -0.02276762889475978, "com_3_tau2": 0.7533289870977531, "com_4_tau1": -0.11234791579047862, "com_4_tau2": 0.12308421472710718, "com_5_tau1": 0.21912651458219704, "com_5_tau2": 0.7778988305938817, "com_6_tau1": 0.8426959198346808, "com_6_tau2": 0.7816491498511672, "com_7_tau1": 0.5762883181082098, "com_7_tau2": 0.8223855409470319, "com_8_tau1": 0.34195104779512203, "com_8_tau2": 1.016821682239022, "com_9_tau1": 0.34180631988006094, "com_9_tau2": 0.2740004573347931}, "datetime": {"datetime": "2024-12-09 17:11:18", "elapsed": 24001.942501, "delta": 127.282135}}
{"target": 0.8811985278870894, "params": {"com_0_tau1": 0.5752149333180543, "com_0_tau2": 0.9680542389265057, "com_10_tau1": 0.5178185296697683, "com_10_tau2": 0.07317610798107421, "com_11_tau1": 0.1974004706218841, "com_11_tau2": 0.5121257624519812, "com_12_tau1": 0.6692296084832015, "com_12_tau2": 0.161662616803387, "com_13_tau1": 0.26329944072242456, "com_13_tau2": 0.22475935322635493, "com_14_tau1": 0.6063608522919208, "com_14_tau2": 0.3864136931438054, "com_15_tau1": 0.4364338638608362, "com_15_tau2": 0.615797390186381, "com_16_tau1": 0.43080349335683094, "com_16_tau2": 0.643546237138527, "com_17_tau1": 0.6133360787349615, "com_17_tau2": 0.8695092935241902, "com_1_tau1": -0.13254665355050022, "com_1_tau2": 0.9579859198923527, "com_2_tau1": 0.2587263908970637, "com_2_tau2": 0.7393861025403319, "com_3_tau1": -0.01599059839840783, "com_3_tau2": 0.8738189799551956, "com_4_tau1": -0.11582160447837825, "com_4_tau2": 0.14923704460473836, "com_5_tau1": 0.2589680010809859, "com_5_tau2": 0.317091697861634, "com_6_tau1": 0.7968543219979876, "com_6_tau2": 0.426996969047165, "com_7_tau1": 0.5104017821465769, "com_7_tau2": 0.8574244822438852, "com_8_tau1": 0.30225657891217733, "com_8_tau2": 0.8860325099474766, "com_9_tau1": 0.5246457656325116, "com_9_tau2": 0.5587189368644719}, "datetime": {"datetime": "2024-12-09 17:13:34", "elapsed": 24138.483171, "delta": 136.54067}}
{"target": 0.8923976080853777, "params": {"com_0_tau1": 0.5103961767536809, "com_0_tau2": 0.6938768019397231, "com_10_tau1": 0.7773529620311199, "com_10_tau2": 0.13402641769956192, "com_11_tau1": -0.04352147376141985, "com_11_tau2": 0.41159667590107296, "com_12_tau1": 0.7734550692353948, "com_12_tau2": 0.11891967836433553, "com_13_tau1": -0.044850442689949255, "com_13_tau2": 0.19690090600792653, "com_14_tau1": 0.7136975421053262, "com_14_tau2": 0.6909357567920758, "com_15_tau1": 0.4164543790109691, "com_15_tau2": 0.949118699873217, "com_16_tau1": 0.6274321674621774, "com_16_tau2": 0.9556575924512682, "com_17_tau1": 0.9896193613690698, "com_17_tau2": 0.6096675349121431, "com_1_tau1": 0.04867746188646249, "com_1_tau2": 0.564687944272235, "com_2_tau1": 0.25669470426608454, "com_2_tau2": 0.7722063711725095, "com_3_tau1": -0.07021333875041824, "com_3_tau2": 0.8100675049350127, "com_4_tau1": 0.09599801117280049, "com_4_tau2": 0.061174684165789195, "com_5_tau1": -0.16058075467705896, "com_5_tau2": 0.4925435791774794, "com_6_tau1": 0.9250411407195975, "com_6_tau2": 0.5510503618766085, "com_7_tau1": 0.3740941796510779, "com_7_tau2": 0.9048696383212925, "com_8_tau1": 0.36596902117825536, "com_8_tau2": 0.9883079950771791, "com_9_tau1": 0.450991491622128, "com_9_tau2": 0.6187973158413632}, "datetime": {"datetime": "2024-12-09 17:15:47", "elapsed": 24270.640278, "delta": 132.157107}}
{"target": 0.9195060310345955, "params": {"com_0_tau1": 0.649373284038982, "com_0_tau2": 0.9216080414996296, "com_10_tau1": 0.5641734439627272, "com_10_tau2": 0.2916956528422973, "com_11_tau1": 0.10197512891255624, "com_11_tau2": 0.3801705064473488, "com_12_tau1": 0.6466435979179971, "com_12_tau2": 0.10451042005441463, "com_13_tau1": 0.34438162640868963, "com_13_tau2": 0.29943561745812153, "com_14_tau1": 0.6743461557379401, "com_14_tau2": 0.6753212008385936, "com_15_tau1": 0.36367648855100027, "com_15_tau2": 0.876218095266519, "com_16_tau1": 0.5112078257159861, "com_16_tau2": 0.6864450409827296, "com_17_tau1": 0.8910587450408795, "com_17_tau2": 0.6906864112491801, "com_1_tau1": 0.22034613921094337, "com_1_tau2": 0.6075023004008324, "com_2_tau1": 0.3145992488429234, "com_2_tau2": 0.6650666591410327, "com_3_tau1": 0.13397677668500424, "com_3_tau2": 1.0995931379399444, "com_4_tau1": -0.07467230369593997, "com_4_tau2": 0.33342809542849305, "com_5_tau1": 0.1467610922003006, "com_5_tau2": 0.7725809806744034, "com_6_tau1": 0.7450598950124131, "com_6_tau2": 0.5621996399036802, "com_7_tau1": 0.5278501232627403, "com_7_tau2": 0.9778132938333941, "com_8_tau1": 0.3821953098031342, "com_8_tau2": 0.8225312244743874, "com_9_tau1": 0.34646281080419683, "com_9_tau2": 0.3492537237003219}, "datetime": {"datetime": "2024-12-09 17:17:53", "elapsed": 24397.101101, "delta": 126.460823}}
{"target": 0.9095233435293835, "params": {"com_0_tau1": 0.4024952777471304, "com_0_tau2": 0.652130017232009, "com_10_tau1": 0.6997680865533022, "com_10_tau2": 0.08098273694969882, "com_11_tau1": 0.09821816978371628, "com_11_tau2": 0.35374041114268806, "com_12_tau1": 0.8084927633307921, "com_12_tau2": 0.403620897497181, "com_13_tau1": 0.33400999548058785, "com_13_tau2": 0.31021479682831765, "com_14_tau1": 0.6577824381925237, "com_14_tau2": 0.6295690279244035, "com_15_tau1": 0.5618910530727433, "com_15_tau2": 0.8416489079677196, "com_16_tau1": 0.6428599980409904, "com_16_tau2": 0.48232646278303815, "com_17_tau1": 0.7018857021549956, "com_17_tau2": 0.8763210734755503, "com_1_tau1": 0.27653630778394117, "com_1_tau2": 0.6318361202798375, "com_2_tau1": 0.37573062835134824, "com_2_tau2": 0.6337956840598028, "com_3_tau1": -0.09613515362644215, "com_3_tau2": 1.2101460977698755, "com_4_tau1": 0.2770125135204246, "com_4_tau2": 0.2636250339608692, "com_5_tau1": 0.2858483172532818, "com_5_tau2": 0.4023899828513394, "com_6_tau1": 0.8821363458644219, "com_6_tau2": 0.7568238693273209, "com_7_tau1": 0.7200762399641415, "com_7_tau2": 0.850402620620066, "com_8_tau1": 0.24500752460064235, "com_8_tau2": 0.9812838331888964, "com_9_tau1": 0.5646471250733971, "com_9_tau2": 0.6924804892046685}, "datetime": {"datetime": "2024-12-09 17:19:59", "elapsed": 24523.302643, "delta": 126.201542}}
{"target": 0.9251634533771398, "params": {"com_0_tau1": 0.5177366682282872, "com_0_tau2": 1.0644708227816349, "com_10_tau1": 0.7346229372659518, "com_10_tau2": 0.31692122341261214, "com_11_tau1": 0.3425773320946536, "com_11_tau2": 0.5339032525128062, "com_12_tau1": 0.5448491690240481, "com_12_tau2": 0.03173451317166551, "com_13_tau1": 0.04634198515669792, "com_13_tau2": 0.20692555228219997, "com_14_tau1": 0.767775718540778, "com_14_tau2": 0.625247629405658, "com_15_tau1": 0.1793402611419858, "com_15_tau2": 0.9200652700476919, "com_16_tau1": 0.4372459563978245, "com_16_tau2": 0.6209844983006637, "com_17_tau1": 0.7329123550283854, "com_17_tau2": 0.6259274625340246, "com_1_tau1": 0.13082879020963997, "com_1_tau2": 0.6133663151052945, "com_2_tau1": 0.14963947355931767, "com_2_tau2": 0.6334772546196943, "com_3_tau1": 0.1238466539656083, "com_3_tau2": 0.8324527833453466, "com_4_tau1": 0.11271572461243907, "com_4_tau2": -0.05216932462136048, "com_5_tau1": 0.2912016144972053, "com_5_tau2": 0.6050196635654187, "com_6_tau1": 0.9002516170403656, "com_6_tau2": 0.8665635121366466, "com_7_tau1": 0.7649704540099801, "com_7_tau2": 0.983963059870745, "com_8_tau1": 0.2742328555250392, "com_8_tau2": 0.8679713991527944, "com_9_tau1": 0.564924639143583, "com_9_tau2": 0.48992287801080536}, "datetime": {"datetime": "2024-12-09 17:22:04", "elapsed": 24647.616139, "delta": 124.313496}}
{"target": 0.9300581696526569, "params": {"com_0_tau1": 0.5519305481297521, "com_0_tau2": 0.8934254895077289, "com_10_tau1": 0.6888332293303568, "com_10_tau2": 0.36876000008270854, "com_11_tau1": 0.3425773320946536, "com_11_tau2": 0.5341728593253943, "com_12_tau1": 0.517800826884112, "com_12_tau2": 0.08797215345438741, "com_13_tau1": 0.0640339664112241, "com_13_tau2": 0.2804010700806396, "com_14_tau1": 0.6931082595130509, "com_14_tau2": 0.6979502567103618, "com_15_tau1": 0.3516476682685094, "com_15_tau2": 0.7889761987656952, "com_16_tau1": 0.5588849848921507, "com_16_tau2": 0.8038114054729367, "com_17_tau1": 0.6839984443338736, "com_17_tau2": 0.6543073697639604, "com_1_tau1": 0.05310024489749316, "com_1_tau2": 0.6592745477882493, "com_2_tau1": 0.07593594960457685, "com_2_tau2": 0.7522245253897172, "com_3_tau1": 0.12666389404937428, "com_3_tau2": 1.0198605280123143, "com_4_tau1": 0.011097416435979102, "com_4_tau2": 0.1253992011816675, "com_5_tau1": 0.07607260459075886, "com_5_tau2": 0.5814189732394943, "com_6_tau1": 0.8039667736666088, "com_6_tau2": 0.8665635121366466, "com_7_tau1": 0.6912784600714609, "com_7_tau2": 0.8655197934037383, "com_8_tau1": 0.3692633921225909, "com_8_tau2": 0.948977592470085, "com_9_tau1": 0.4863422564175842, "com_9_tau2": 0.44676344341296825}, "datetime": {"datetime": "2024-12-09 17:24:09", "elapsed": 24773.115916, "delta": 125.499777}}
{"target": 0.9232686323167467, "params": {"com_0_tau1": 0.5019100291213856, "com_0_tau2": 1.1163008929452614, "com_10_tau1": 0.7113396890887508, "com_10_tau2": 0.407581686811819, "com_11_tau1": 0.3425773320946536, "com_11_tau2": 0.4046675739447009, "com_12_tau1": 0.5821617286377122, "com_12_tau2": -0.022179186984165634, "com_13_tau1": 0.014504264549158787, "com_13_tau2": 0.20798315664902342, "com_14_tau1": 0.767775718540778, "com_14_tau2": 0.6251695905507996, "com_15_tau1": 0.29384858792688834, "com_15_tau2": 0.8777724097605248, "com_16_tau1": 0.4987235587565076, "com_16_tau2": 0.5571046236190242, "com_17_tau1": 0.6498239498544479, "com_17_tau2": 0.8409785016002521, "com_1_tau1": 0.16563730211396865, "com_1_tau2": 0.6518466337319094, "com_2_tau1": 0.10881407858751858, "com_2_tau2": 0.8582837199286079, "com_3_tau1": 0.221802496614012, "com_3_tau2": 1.0411146956223043, "com_4_tau1": 0.0587563333388614, "com_4_tau2": -0.0028773860751187823, "com_5_tau1": 0.1629705944975527, "com_5_tau2": 0.5501129924792924, "com_6_tau1": 0.6540245046420216, "com_6_tau2": 0.8665635121366466, "com_7_tau1": 0.7649704540099801, "com_7_tau2": 0.8915382386216518, "com_8_tau1": 0.3114566084309547, "com_8_tau2": 0.8932398402780316, "com_9_tau1": 0.6291625689245802, "com_9_tau2": 0.7168595668231716}, "datetime": {"datetime": "2024-12-09 17:26:16", "elapsed": 24899.930178, "delta": 126.814262}}
