{"target": 0.9963709401242059, "params": {"com_0_tau1": 0.15078950094505683, "com_0_tau2": 0.35855670045660004, "com_10_tau1": 0.4492462607864931, "com_10_tau2": 0.7261451017386223, "com_11_tau1": 1.0604830346733063, "com_11_tau2": 0.9011173986591576, "com_12_tau1": 0.6657314911643739, "com_12_tau2": 0.8239152680727863, "com_13_tau1": 0.43811873494132636, "com_13_tau2": 0.7106817202943916, "com_14_tau1": 0.8086875389648228, "com_14_tau2": 1.25, "com_1_tau1": 0.7603595901780552, "com_1_tau2": 0.3933339590272379, "com_2_tau1": 0.38211263499222203, "com_2_tau2": 0.75, "com_3_tau1": 0.3551759522451491, "com_3_tau2": 0.928659068099808, "com_4_tau1": 0.542460430206473, "com_4_tau2": 1.25, "com_5_tau1": 0.5072573358010958, "com_5_tau2": 0.26206195560565515, "com_6_tau1": 0.0993258389909113, "com_6_tau2": 0.8812968819206014, "com_7_tau1": 0.6399261641452942, "com_7_tau2": 0.10974430118018406, "com_8_tau1": 0.23556118756717925, "com_8_tau2": 0.3607526933702282, "com_9_tau1": 0.5781381409216916, "com_9_tau2": 0.19874188804675796}, "datetime": {"datetime": "2024-04-23 08:06:56", "elapsed": 26924.169248, "delta": 183.203201}}
{"target": 0.9965594495444378, "params": {"com_0_tau1": 0.6507895009450568, "com_0_tau2": 0.30081244307619315, "com_10_tau1": 0.4492462607864931, "com_10_tau2": 1.2261451017386222, "com_11_tau1": 0.5604830346733063, "com_11_tau2": 0.5977370247771214, "com_12_tau1": 0.6657314911643739, "com_12_tau2": 0.8239152680727863, "com_13_tau1": 0.43811873494132636, "com_13_tau2": 0.8386015506250666, "com_14_tau1": 0.34298697975007214, "com_14_tau2": 1.25, "com_1_tau1": 0.7603595901780552, "com_1_tau2": 0.8933339590272379, "com_2_tau1": 0.38211263499222203, "com_2_tau2": 0.75, "com_3_tau1": 0.8551759522451491, "com_3_tau2": 0.428659068099808, "com_4_tau1": 0.542460430206473, "com_4_tau2": 1.25, "com_5_tau1": 0.5072573358010958, "com_5_tau2": 0.26206195560565515, "com_6_tau1": 0.19780771885018086, "com_6_tau2": 0.8812968819206014, "com_7_tau1": 0.6399261641452942, "com_7_tau2": 0.22829505822624244, "com_8_tau1": 0.23556118756717925, "com_8_tau2": 0.3607526933702282, "com_9_tau1": 0.5781381409216916, "com_9_tau2": 0.698741888046758}, "datetime": {"datetime": "2024-04-23 08:09:56", "elapsed": 27104.198966, "delta": 180.029718}}
{"target": 0.9876814027131038, "params": {"com_0_tau1": 0.6507895009450568, "com_0_tau2": 0.3203132002353741, "com_10_tau1": 0.4492462607864931, "com_10_tau2": 1.2261451017386222, "com_11_tau1": 0.5604830346733063, "com_11_tau2": 0.9011173986591576, "com_12_tau1": 0.6657314911643739, "com_12_tau2": 0.32391526807278626, "com_13_tau1": 0.43811873494132636, "com_13_tau2": 1.0445616307191268, "com_14_tau1": 0.8086875389648228, "com_14_tau2": 1.25, "com_1_tau1": 0.7603595901780552, "com_1_tau2": 0.3933339590272379, "com_2_tau1": 0.3001434367679493, "com_2_tau2": 0.75, "com_3_tau1": 0.3551759522451491, "com_3_tau2": 0.928659068099808, "com_4_tau1": 0.05385992194161391, "com_4_tau2": 0.7584384597123613, "com_5_tau1": 0.5072573358010958, "com_5_tau2": 0.26206195560565515, "com_6_tau1": 0.0993258389909113, "com_6_tau2": 0.8812968819206014, "com_7_tau1": 0.6399261641452942, "com_7_tau2": 0.5738702489620309, "com_8_tau1": 0.5195901722508373, "com_8_tau2": -0.07641683693432869, "com_9_tau1": 0.5781381409216916, "com_9_tau2": 0.43762090125592024}, "datetime": {"datetime": "2024-04-23 08:13:01", "elapsed": 27289.989588, "delta": 185.790622}}
{"target": 0.9965530074446736, "params": {"com_0_tau1": 0.19968430752594674, "com_0_tau2": 0.784494880098079, "com_10_tau1": 0.4492462607864931, "com_10_tau2": 0.7261451017386223, "com_11_tau1": 1.0604830346733063, "com_11_tau2": 0.40111739865915763, "com_12_tau1": 0.5255659073650193, "com_12_tau2": 0.8239152680727863, "com_13_tau1": 0.43811873494132636, "com_13_tau2": 0.7106817202943916, "com_14_tau1": 0.6008045456248807, "com_14_tau2": 1.25, "com_1_tau1": 0.7603595901780552, "com_1_tau2": 0.8933339590272379, "com_2_tau1": 0.38211263499222203, "com_2_tau2": 0.75, "com_3_tau1": 0.8551759522451491, "com_3_tau2": 0.6968198474793703, "com_4_tau1": 0.542460430206473, "com_4_tau2": 1.25, "com_5_tau1": 1.0072573358010959, "com_5_tau2": 0.26206195560565515, "com_6_tau1": 0.0993258389909113, "com_6_tau2": 0.839696568093825, "com_7_tau1": 0.13992616414529424, "com_7_tau2": 0.07387024896203087, "com_8_tau1": 0.23556118756717925, "com_8_tau2": 0.3607526933702282, "com_9_tau1": 0.5781381409216916, "com_9_tau2": 0.19874188804675796}, "datetime": {"datetime": "2024-04-23 08:16:04", "elapsed": 27472.494195, "delta": 182.504607}}
{"target": 0.9963354516608048, "params": {"com_0_tau1": 0.6507895009450568, "com_0_tau2": 0.664995098922675, "com_10_tau1": 0.9492462607864931, "com_10_tau2": 0.7261451017386223, "com_11_tau1": 1.0604830346733063, "com_11_tau2": 0.40111739865915763, "com_12_tau1": 0.6657314911643739, "com_12_tau2": 0.8239152680727863, "com_13_tau1": 0.43811873494132636, "com_13_tau2": 0.7106817202943916, "com_14_tau1": 0.8086875389648228, "com_14_tau2": 1.25, "com_1_tau1": 0.2603595901780552, "com_1_tau2": 0.8933339590272379, "com_2_tau1": 0.38211263499222203, "com_2_tau2": 0.75, "com_3_tau1": 0.8551759522451491, "com_3_tau2": 0.928659068099808, "com_4_tau1": 0.542460430206473, "com_4_tau2": 1.0016430540832244, "com_5_tau1": 0.5072573358010958, "com_5_tau2": 0.26206195560565515, "com_6_tau1": 0.0993258389909113, "com_6_tau2": 0.5595095837688078, "com_7_tau1": 0.6399261641452942, "com_7_tau2": 0.07387024896203087, "com_8_tau1": 0.23556118756717925, "com_8_tau2": 0.3607526933702282, "com_9_tau1": 0.5781381409216916, "com_9_tau2": 0.698741888046758}, "datetime": {"datetime": "2024-04-23 08:19:09", "elapsed": 27657.51615, "delta": 185.021955}}
{"target": 0.9963515723659215, "params": {"com_0_tau1": 0.6507895009450568, "com_0_tau2": 0.3785109147764054, "com_10_tau1": 0.9492462607864931, "com_10_tau2": 0.7261451017386223, "com_11_tau1": 0.5604830346733063, "com_11_tau2": 0.40111739865915763, "com_12_tau1": 0.6657314911643739, "com_12_tau2": 0.8239152680727863, "com_13_tau1": -0.06188126505867364, "com_13_tau2": 0.8061379649764463, "com_14_tau1": 0.3086875389648228, "com_14_tau2": 1.25, "com_1_tau1": 0.32930722079012253, "com_1_tau2": 0.8933339590272379, "com_2_tau1": 0.38211263499222203, "com_2_tau2": 0.75, "com_3_tau1": 0.6364889878371854, "com_3_tau2": 0.428659068099808, "com_4_tau1": 0.542460430206473, "com_4_tau2": 1.25, "com_5_tau1": 0.5072573358010958, "com_5_tau2": 0.7620619556056552, "com_6_tau1": 0.4524763326404657, "com_6_tau2": 0.3812968819206014, "com_7_tau1": 0.13992616414529424, "com_7_tau2": 0.07387024896203087, "com_8_tau1": 0.23556118756717925, "com_8_tau2": 0.3607526933702282, "com_9_tau1": 0.5781381409216916, "com_9_tau2": 0.698741888046758}, "datetime": {"datetime": "2024-04-23 08:22:12", "elapsed": 27840.374743, "delta": 182.858593}}
{"target": 0.9871875418998425, "params": {"com_0_tau1": 0.15078950094505683, "com_0_tau2": 0.284494880098079, "com_10_tau1": 0.9492462607864931, "com_10_tau2": 0.7261451017386223, "com_11_tau1": 1.0604830346733063, "com_11_tau2": 0.40111739865915763, "com_12_tau1": 0.6657314911643739, "com_12_tau2": 0.8239152680727863, "com_13_tau1": 0.43811873494132636, "com_13_tau2": 0.7106817202943916, "com_14_tau1": 0.8086875389648228, "com_14_tau2": 1.25, "com_1_tau1": 0.7603595901780552, "com_1_tau2": 0.8933339590272379, "com_2_tau1": 0.38211263499222203, "com_2_tau2": 0.75, "com_3_tau1": 0.6190646467472959, "com_3_tau2": 0.428659068099808, "com_4_tau1": 0.042460430206473, "com_4_tau2": 1.25, "com_5_tau1": 1.0072573358010959, "com_5_tau2": 0.26206195560565515, "com_6_tau1": 0.1613909568369252, "com_6_tau2": 0.3812968819206014, "com_7_tau1": 0.6399261641452942, "com_7_tau2": 0.11132730934232134, "com_8_tau1": 0.23556118756717925, "com_8_tau2": -0.1392473066297718, "com_9_tau1": 0.5781381409216916, "com_9_tau2": 0.5391056447982032}, "datetime": {"datetime": "2024-04-23 08:25:19", "elapsed": 28027.804619, "delta": 187.429876}}
{"target": 0.9966091501968777, "params": {"com_0_tau1": 0.521402920688302, "com_0_tau2": 0.784494880098079, "com_10_tau1": 0.5550612627526457, "com_10_tau2": 1.032120482033421, "com_11_tau1": 0.5761155539302462, "com_11_tau2": 0.40111739865915763, "com_12_tau1": 0.6657314911643739, "com_12_tau2": 0.8239152680727863, "com_13_tau1": 0.43811873494132636, "com_13_tau2": 0.7106817202943916, "com_14_tau1": 0.8086875389648228, "com_14_tau2": 1.25, "com_1_tau1": 0.2603595901780552, "com_1_tau2": 0.3933339590272379, "com_2_tau1": 0.38211263499222203, "com_2_tau2": 0.75, "com_3_tau1": 0.8551759522451491, "com_3_tau2": 0.5838453857807051, "com_4_tau1": 0.542460430206473, "com_4_tau2": 1.25, "com_5_tau1": 0.5072573358010958, "com_5_tau2": 0.26206195560565515, "com_6_tau1": 0.37323026213038907, "com_6_tau2": 0.8812968819206014, "com_7_tau1": 0.13992616414529424, "com_7_tau2": 0.07387024896203087, "com_8_tau1": 0.23556118756717925, "com_8_tau2": 0.3607526933702282, "com_9_tau1": 0.5781381409216916, "com_9_tau2": 0.5288684361061565}, "datetime": {"datetime": "2024-04-23 08:28:22", "elapsed": 28211.102232, "delta": 183.297613}}
{"target": 0.9962265631550575, "params": {"com_0_tau1": 0.6507895009450568, "com_0_tau2": 0.5350406481329254, "com_10_tau1": 0.4492462607864931, "com_10_tau2": 0.7261451017386223, "com_11_tau1": 0.9191755335964259, "com_11_tau2": 0.40111739865915763, "com_12_tau1": 0.6657314911643739, "com_12_tau2": 0.8239152680727863, "com_13_tau1": 0.43811873494132636, "com_13_tau2": 0.956290980065833, "com_14_tau1": 0.5377441603251596, "com_14_tau2": 1.25, "com_1_tau1": 0.7603595901780552, "com_1_tau2": 0.3933339590272379, "com_2_tau1": 0.38211263499222203, "com_2_tau2": 0.75, "com_3_tau1": 0.8551759522451491, "com_3_tau2": 0.928659068099808, "com_4_tau1": 0.542460430206473, "com_4_tau2": 1.25, "com_5_tau1": 0.5072573358010958, "com_5_tau2": 0.7620619556056552, "com_6_tau1": 0.0993258389909113, "com_6_tau2": 0.3812968819206014, "com_7_tau1": 0.2219827032469118, "com_7_tau2": 0.07387024896203087, "com_8_tau1": 0.23556118756717925, "com_8_tau2": 0.3607526933702282, "com_9_tau1": 0.07813814092169158, "com_9_tau2": 0.19874188804675796}, "datetime": {"datetime": "2024-04-23 08:31:24", "elapsed": 28392.495176, "delta": 181.392944}}
{"target": 0.9964474740064228, "params": {"com_0_tau1": 0.5387975579278605, "com_0_tau2": 0.284494880098079, "com_10_tau1": 0.6325913831951799, "com_10_tau2": 1.127918373680496, "com_11_tau1": 1.0604830346733063, "com_11_tau2": 0.40111739865915763, "com_12_tau1": 0.6657314911643739, "com_12_tau2": 0.8239152680727863, "com_13_tau1": 0.43811873494132636, "com_13_tau2": 0.8354544798736503, "com_14_tau1": 0.40923247243601973, "com_14_tau2": 1.25, "com_1_tau1": 0.7603595901780552, "com_1_tau2": 0.3933339590272379, "com_2_tau1": 0.38211263499222203, "com_2_tau2": 1.25, "com_3_tau1": 0.8551759522451491, "com_3_tau2": 0.928659068099808, "com_4_tau1": 0.542460430206473, "com_4_tau2": 1.0492582145856924, "com_5_tau1": 0.8891797183339458, "com_5_tau2": 0.26206195560565515, "com_6_tau1": 0.5388173841159682, "com_6_tau2": 0.6458700995478972, "com_7_tau1": 0.13992616414529424, "com_7_tau2": 0.35822018802121086, "com_8_tau1": 0.23556118756717925, "com_8_tau2": 0.3607526933702282, "com_9_tau1": 0.5781381409216916, "com_9_tau2": 0.698741888046758}, "datetime": {"datetime": "2024-04-23 08:34:29", "elapsed": 28577.190355, "delta": 184.695179}}
{"target": 0.9964737412415775, "params": {"com_0_tau1": 0.5384388668691662, "com_0_tau2": 0.784494880098079, "com_10_tau1": 0.9492462607864931, "com_10_tau2": 0.7261451017386223, "com_11_tau1": 0.5604830346733063, "com_11_tau2": 0.40111739865915763, "com_12_tau1": 0.6657314911643739, "com_12_tau2": 0.8239152680727863, "com_13_tau1": -0.06188126505867364, "com_13_tau2": 1.2106817202943916, "com_14_tau1": 0.3086875389648228, "com_14_tau2": 0.8971236526230323, "com_1_tau1": 0.7603595901780552, "com_1_tau2": 0.3933339590272379, "com_2_tau1": 0.38211263499222203, "com_2_tau2": 1.25, "com_3_tau1": 0.8551759522451491, "com_3_tau2": 0.428659068099808, "com_4_tau1": 0.542460430206473, "com_4_tau2": 1.0973492372872007, "com_5_tau1": 0.5072573358010958, "com_5_tau2": 0.26206195560565515, "com_6_tau1": 0.5993258389909113, "com_6_tau2": 0.8812968819206014, "com_7_tau1": 0.6399261641452942, "com_7_tau2": 0.38201572450318355, "com_8_tau1": 0.23556118756717925, "com_8_tau2": 0.3607526933702282, "com_9_tau1": 0.5781381409216916, "com_9_tau2": 0.19874188804675796}, "datetime": {"datetime": "2024-04-23 08:37:32", "elapsed": 28760.313672, "delta": 183.123317}}
{"target": 0.996291736428472, "params": {"com_0_tau1": 0.15078950094505683, "com_0_tau2": 0.284494880098079, "com_10_tau1": 0.4492462607864931, "com_10_tau2": 1.2261451017386222, "com_11_tau1": 0.5604830346733063, "com_11_tau2": 0.40111739865915763, "com_12_tau1": 0.6657314911643739, "com_12_tau2": 0.8239152680727863, "com_13_tau1": -0.06188126505867364, "com_13_tau2": 1.1893474096997143, "com_14_tau1": 0.3086875389648228, "com_14_tau2": 1.25, "com_1_tau1": 0.7603595901780552, "com_1_tau2": 0.3933339590272379, "com_2_tau1": 0.38211263499222203, "com_2_tau2": 0.75, "com_3_tau1": 0.3551759522451491, "com_3_tau2": 0.428659068099808, "com_4_tau1": 0.542460430206473, "com_4_tau2": 1.25, "com_5_tau1": 0.5072573358010958, "com_5_tau2": 0.26206195560565515, "com_6_tau1": 0.5993258389909113, "com_6_tau2": 0.3812968819206014, "com_7_tau1": 0.13992616414529424, "com_7_tau2": 0.5738702489620309, "com_8_tau1": 0.23556118756717925, "com_8_tau2": 0.3607526933702282, "com_9_tau1": 0.5781381409216916, "com_9_tau2": 0.19874188804675796}, "datetime": {"datetime": "2024-04-23 08:40:35", "elapsed": 28943.24947, "delta": 182.935798}}
{"target": 0.996421015319226, "params": {"com_0_tau1": 0.6507895009450568, "com_0_tau2": 0.784494880098079, "com_10_tau1": 0.9492462607864931, "com_10_tau2": 1.2261451017386222, "com_11_tau1": 0.5604830346733063, "com_11_tau2": 0.40111739865915763, "com_12_tau1": 0.6657314911643739, "com_12_tau2": 0.8239152680727863, "com_13_tau1": 0.43811873494132636, "com_13_tau2": 0.9729800843528162, "com_14_tau1": 0.3086875389648228, "com_14_tau2": 1.25, "com_1_tau1": 0.7603595901780552, "com_1_tau2": 0.3933339590272379, "com_2_tau1": 0.38211263499222203, "com_2_tau2": 0.75, "com_3_tau1": 0.8551759522451491, "com_3_tau2": 0.428659068099808, "com_4_tau1": 0.542460430206473, "com_4_tau2": 0.8668138567508883, "com_5_tau1": 1.0072573358010959, "com_5_tau2": 0.26206195560565515, "com_6_tau1": 0.46040130844714444, "com_6_tau2": 0.3812968819206014, "com_7_tau1": 0.3886901528032054, "com_7_tau2": 0.07387024896203087, "com_8_tau1": 0.23556118756717925, "com_8_tau2": 0.3607526933702282, "com_9_tau1": 0.1490722303338467, "com_9_tau2": 0.19874188804675796}, "datetime": {"datetime": "2024-04-23 08:43:36", "elapsed": 29124.407101, "delta": 181.157631}}
{"target": 0.9964273209378479, "params": {"com_0_tau1": 0.6507895009450568, "com_0_tau2": 0.784494880098079, "com_10_tau1": 0.9492462607864931, "com_10_tau2": 0.7261451017386223, "com_11_tau1": 0.5604830346733063, "com_11_tau2": 0.40111739865915763, "com_12_tau1": 0.6657314911643739, "com_12_tau2": 0.32391526807278626, "com_13_tau1": -0.06188126505867364, "com_13_tau2": 0.7575578209437909, "com_14_tau1": 0.8086875389648228, "com_14_tau2": 1.25, "com_1_tau1": 0.7603595901780552, "com_1_tau2": 0.3933339590272379, "com_2_tau1": 0.38211263499222203, "com_2_tau2": 0.75, "com_3_tau1": 0.3551759522451491, "com_3_tau2": 0.428659068099808, "com_4_tau1": 0.542460430206473, "com_4_tau2": 0.75, "com_5_tau1": 1.0072573358010959, "com_5_tau2": 0.26206195560565515, "com_6_tau1": 0.5993258389909113, "com_6_tau2": 0.4575133664667976, "com_7_tau1": 0.13992616414529424, "com_7_tau2": 0.5738702489620309, "com_8_tau1": 0.23556118756717925, "com_8_tau2": 0.3607526933702282, "com_9_tau1": 0.5781381409216916, "com_9_tau2": 0.19874188804675796}, "datetime": {"datetime": "2024-04-23 08:46:35", "elapsed": 29303.826875, "delta": 179.419774}}
{"target": 0.9967443412495228, "params": {"com_0_tau1": 0.15078950094505683, "com_0_tau2": 0.784494880098079, "com_10_tau1": 0.9492462607864931, "com_10_tau2": 0.7529117471680731, "com_11_tau1": 0.5604830346733063, "com_11_tau2": 0.9011173986591576, "com_12_tau1": 0.6657314911643739, "com_12_tau2": 0.8239152680727863, "com_13_tau1": 0.43811873494132636, "com_13_tau2": 0.852916419088369, "com_14_tau1": 0.3086875389648228, "com_14_tau2": 1.25, "com_1_tau1": 0.7603595901780552, "com_1_tau2": 0.3933339590272379, "com_2_tau1": 0.38211263499222203, "com_2_tau2": 1.25, "com_3_tau1": 0.5556643457174286, "com_3_tau2": 0.8531647081326359, "com_4_tau1": 0.542460430206473, "com_4_tau2": 1.25, "com_5_tau1": 0.5072573358010958, "com_5_tau2": 0.26206195560565515, "com_6_tau1": 0.3245435453588828, "com_6_tau2": 0.3812968819206014, "com_7_tau1": 0.13992616414529424, "com_7_tau2": 0.07387024896203087, "com_8_tau1": 0.23556118756717925, "com_8_tau2": 0.3607526933702282, "com_9_tau1": 0.5781381409216916, "com_9_tau2": 0.19874188804675796}, "datetime": {"datetime": "2024-04-23 08:49:40", "elapsed": 29488.20405, "delta": 184.377175}}
{"target": 0.996354972085032, "params": {"com_0_tau1": 0.15078950094505683, "com_0_tau2": 0.784494880098079, "com_10_tau1": 0.7200416880260503, "com_10_tau2": 1.2261451017386222, "com_11_tau1": 0.6477683176920837, "com_11_tau2": 0.40111739865915763, "com_12_tau1": 0.6657314911643739, "com_12_tau2": 0.8239152680727863, "com_13_tau1": 0.43811873494132636, "com_13_tau2": 1.2106817202943916, "com_14_tau1": 0.8086875389648228, "com_14_tau2": 0.75, "com_1_tau1": 0.7603595901780552, "com_1_tau2": 0.3933339590272379, "com_2_tau1": 0.38211263499222203, "com_2_tau2": 1.25, "com_3_tau1": 0.8551759522451491, "com_3_tau2": 0.928659068099808, "com_4_tau1": 0.542460430206473, "com_4_tau2": 1.25, "com_5_tau1": 1.0072573358010959, "com_5_tau2": 0.26206195560565515, "com_6_tau1": 0.0993258389909113, "com_6_tau2": 0.8615419212013682, "com_7_tau1": 0.4078196253549091, "com_7_tau2": 0.351664207751062, "com_8_tau1": 0.23556118756717925, "com_8_tau2": 0.3607526933702282, "com_9_tau1": 0.5781381409216916, "com_9_tau2": 0.19874188804675796}, "datetime": {"datetime": "2024-04-23 08:52:42", "elapsed": 29670.991885, "delta": 182.787835}}
{"target": 0.996282007035538, "params": {"com_0_tau1": 0.6507895009450568, "com_0_tau2": 0.33282005677153215, "com_10_tau1": 0.8600156868716679, "com_10_tau2": 0.7261451017386223, "com_11_tau1": 0.5604830346733063, "com_11_tau2": 0.40111739865915763, "com_12_tau1": 0.6657314911643739, "com_12_tau2": 0.8239152680727863, "com_13_tau1": 0.36492715096812056, "com_13_tau2": 1.0886619236423336, "com_14_tau1": 0.3086875389648228, "com_14_tau2": 1.25, "com_1_tau1": 0.7603595901780552, "com_1_tau2": 0.8933339590272379, "com_2_tau1": 0.38211263499222203, "com_2_tau2": 1.25, "com_3_tau1": 0.3551759522451491, "com_3_tau2": 0.428659068099808, "com_4_tau1": 0.542460430206473, "com_4_tau2": 1.25, "com_5_tau1": 1.0072573358010959, "com_5_tau2": 0.26206195560565515, "com_6_tau1": 0.0993258389909113, "com_6_tau2": 0.8812968819206014, "com_7_tau1": 0.13992616414529424, "com_7_tau2": 0.5738702489620309, "com_8_tau1": 0.23556118756717925, "com_8_tau2": 0.3607526933702282, "com_9_tau1": 0.07813814092169158, "com_9_tau2": 0.19874188804675796}, "datetime": {"datetime": "2024-04-23 08:55:43", "elapsed": 29851.444273, "delta": 180.452388}}
{"target": 0.9965697948414025, "params": {"com_0_tau1": 0.6507895009450568, "com_0_tau2": 0.784494880098079, "com_10_tau1": 0.9492462607864931, "com_10_tau2": 0.7261451017386223, "com_11_tau1": 0.5604830346733063, "com_11_tau2": 0.44498835013224547, "com_12_tau1": 0.6657314911643739, "com_12_tau2": 0.32391526807278626, "com_13_tau1": 0.43811873494132636, "com_13_tau2": 1.2106817202943916, "com_14_tau1": 0.3086875389648228, "com_14_tau2": 1.2036768404857687, "com_1_tau1": 0.7603595901780552, "com_1_tau2": 0.8933339590272379, "com_2_tau1": 0.38211263499222203, "com_2_tau2": 1.25, "com_3_tau1": 0.8551759522451491, "com_3_tau2": 0.928659068099808, "com_4_tau1": 0.542460430206473, "com_4_tau2": 1.25, "com_5_tau1": 0.8423612266940573, "com_5_tau2": 0.26206195560565515, "com_6_tau1": 0.4161635711249312, "com_6_tau2": 0.8812968819206014, "com_7_tau1": 0.13992616414529424, "com_7_tau2": 0.07387024896203087, "com_8_tau1": 0.23556118756717925, "com_8_tau2": 0.3607526933702282, "com_9_tau1": 0.5781381409216916, "com_9_tau2": 0.698741888046758}, "datetime": {"datetime": "2024-04-23 08:58:45", "elapsed": 30033.163583, "delta": 181.71931}}
{"target": 0.9965464056179659, "params": {"com_0_tau1": 0.6507895009450568, "com_0_tau2": 0.784494880098079, "com_10_tau1": 0.4492462607864931, "com_10_tau2": 0.7261451017386223, "com_11_tau1": 0.5604830346733063, "com_11_tau2": 0.9011173986591576, "com_12_tau1": 0.6657314911643739, "com_12_tau2": 0.8239152680727863, "com_13_tau1": 0.43811873494132636, "com_13_tau2": 1.2106817202943916, "com_14_tau1": 0.3086875389648228, "com_14_tau2": 1.25, "com_1_tau1": 0.7603595901780552, "com_1_tau2": 0.3933339590272379, "com_2_tau1": 0.38211263499222203, "com_2_tau2": 1.25, "com_3_tau1": 0.8551759522451491, "com_3_tau2": 0.428659068099808, "com_4_tau1": 0.542460430206473, "com_4_tau2": 1.25, "com_5_tau1": 1.0072573358010959, "com_5_tau2": 0.26206195560565515, "com_6_tau1": 0.0993258389909113, "com_6_tau2": 0.8812968819206014, "com_7_tau1": 0.13992616414529424, "com_7_tau2": 0.07387024896203087, "com_8_tau1": 0.7355611875671793, "com_8_tau2": 0.3607526933702282, "com_9_tau1": 0.5781381409216916, "com_9_tau2": 0.19874188804675796}, "datetime": {"datetime": "2024-04-23 09:01:46", "elapsed": 30214.951098, "delta": 181.787515}}
