{"target": 0.9387246858181808, "params": {"com_0_tau1": 0.2752099963588893, "com_0_tau2": 0.7894711715792315, "com_10_tau1": 0.05041272700965371, "com_10_tau2": 0.51916791093307, "com_11_tau1": 0.5173674102667509, "com_11_tau2": 0.5367880268131217, "com_12_tau1": 0.39183219650733037, "com_12_tau2": 0.9813621401086928, "com_13_tau1": 0.5960595150411644, "com_13_tau2": 0.18114573840352566, "com_14_tau1": 0.423019727872486, "com_14_tau2": 0.21576090905595535, "com_1_tau1": 0.5192909329407103, "com_1_tau2": 0.012117215378942947, "com_2_tau1": 0.62088453386424, "com_2_tau2": 0.4741224415611941, "com_3_tau1": 0.26366410999873524, "com_3_tau2": 0.5804732301637944, "com_4_tau1": 0.18637874699164225, "com_4_tau2": 0.03714731187804765, "com_5_tau1": 0.9092418048199921, "com_5_tau2": 0.9979463569794972, "com_6_tau1": 0.2354235996847529, "com_6_tau2": 0.5955697556517049, "com_7_tau1": 0.2956603671111331, "com_7_tau2": 0.7597835242267545, "com_8_tau1": 0.21866283601661785, "com_8_tau2": 0.06850193679382521, "com_9_tau1": 0.6238449964372197, "com_9_tau2": 0.3783875473230288}, "datetime": {"datetime": "2024-05-08 22:39:53", "elapsed": 15899.855424, "delta": 188.135499}}
{"target": 0.9331363172956517, "params": {"com_0_tau1": 0.7662729674917279, "com_0_tau2": 0.8427456793662563, "com_10_tau1": 0.42205998268287004, "com_10_tau2": 0.337607888631685, "com_11_tau1": 0.14520587635796622, "com_11_tau2": 0.6802777089499188, "com_12_tau1": 0.3500361627056757, "com_12_tau2": 0.006459029667610694, "com_13_tau1": 0.2523673447531988, "com_13_tau2": 0.1514065703698787, "com_14_tau1": 0.427834341584419, "com_14_tau2": 0.30272661794980127, "com_1_tau1": 0.9497737553889287, "com_1_tau2": 0.4105748502005181, "com_2_tau1": 0.05956027813675935, "com_2_tau2": 0.1652035874534794, "com_3_tau1": 0.9589788732106147, "com_3_tau2": 0.46459719138084354, "com_4_tau1": 0.5608487715870184, "com_4_tau2": 0.9670983410230763, "com_5_tau1": 0.46748274524488265, "com_5_tau2": 0.8619014763699312, "com_6_tau1": 0.09462249354097507, "com_6_tau2": 0.0011774794349020956, "com_7_tau1": 0.8959491501933784, "com_7_tau2": 0.3110752738771544, "com_8_tau1": 0.5048847547652379, "com_8_tau2": 0.32836170028964395, "com_9_tau1": 0.6920684770251477, "com_9_tau2": 0.9091563025320751}, "datetime": {"datetime": "2024-05-08 22:43:04", "elapsed": 16091.044597, "delta": 191.189173}}
{"target": 0.9417467425437761, "params": {"com_0_tau1": 0.5083271882826326, "com_0_tau2": 0.8471008220825667, "com_10_tau1": 0.6151697916210632, "com_10_tau2": 0.8288777247886089, "com_11_tau1": 0.4524735513322008, "com_11_tau2": 0.4511469871136975, "com_12_tau1": 0.9135376918114713, "com_12_tau2": 0.19179560592672373, "com_13_tau1": 0.8165947423437724, "com_13_tau2": 0.48899526935488147, "com_14_tau1": 0.12106564950266807, "com_14_tau2": 0.17619773196284816, "com_1_tau1": 0.13184579060354762, "com_1_tau2": 0.1818277427383712, "com_2_tau1": 0.7722505339236538, "com_2_tau2": 0.10554708946005553, "com_3_tau1": 0.34459493183564405, "com_3_tau2": 0.6359074930748695, "com_4_tau1": 0.9118445799231154, "com_4_tau2": 0.7681535002679699, "com_5_tau1": 0.5373294230455656, "com_5_tau2": 0.9243320437154273, "com_6_tau1": 0.006678256470859512, "com_6_tau2": 0.8672528200416836, "com_7_tau1": 0.29900317050498004, "com_7_tau2": 0.2510880962556221, "com_8_tau1": 0.30473080316453605, "com_8_tau2": 0.6714190935722822, "com_9_tau1": 0.6274377724205794, "com_9_tau2": 0.5017830625864584}, "datetime": {"datetime": "2024-05-08 22:46:12", "elapsed": 16279.192908, "delta": 188.148311}}
{"target": 0.9564349174048273, "params": {"com_0_tau1": 0.15482942960584745, "com_0_tau2": 0.8951040992403204, "com_10_tau1": 0.5015854646989857, "com_10_tau2": 0.2478828227414166, "com_11_tau1": 0.48964265775671245, "com_11_tau2": 0.36045905427946723, "com_12_tau1": 0.2560411168794956, "com_12_tau2": 0.762700217651748, "com_13_tau1": 0.13121475499508617, "com_13_tau2": 0.450464593992556, "com_14_tau1": 0.601949354297873, "com_14_tau2": 0.24003132966018603, "com_1_tau1": 0.05678025588318525, "com_1_tau2": 0.45301501036150527, "com_2_tau1": 0.5539421213094677, "com_2_tau2": 0.9760033492958384, "com_3_tau1": 0.21907953883362208, "com_3_tau2": 0.48945151842032353, "com_4_tau1": 0.8708816578304572, "com_4_tau2": 0.6858105190469944, "com_5_tau1": 0.17906082529465162, "com_5_tau2": 0.6294878945651091, "com_6_tau1": 0.7557652618493907, "com_6_tau2": 0.786939022928792, "com_7_tau1": 0.8947626844741332, "com_7_tau2": 0.44398041466502514, "com_8_tau1": 0.5173202110587464, "com_8_tau2": 0.6062877182964967, "com_9_tau1": 0.20910381267338596, "com_9_tau2": 0.2618109912555967}, "datetime": {"datetime": "2024-05-08 22:49:11", "elapsed": 16457.387557, "delta": 178.194649}}
{"target": 0.952435934612409, "params": {"com_0_tau1": 0.7819361845832226, "com_0_tau2": 0.37917721548794847, "com_10_tau1": 0.7602756605302905, "com_10_tau2": 0.10223349381344682, "com_11_tau1": 0.2798860391977448, "com_11_tau2": 0.564638345431051, "com_12_tau1": 0.9435451589769223, "com_12_tau2": 0.7704283308537383, "com_13_tau1": 0.6525059514211462, "com_13_tau2": 0.01810445818039519, "com_14_tau1": 0.027758214760792543, "com_14_tau2": 0.4712413209861045, "com_1_tau1": 0.9832356292903807, "com_1_tau2": 0.4111402731011976, "com_2_tau1": 0.5404249621997835, "com_2_tau2": 0.15470957867187607, "com_3_tau1": 0.6080517591975706, "com_3_tau2": 0.46928775567528747, "com_4_tau1": 0.47387374462061627, "com_4_tau2": 0.25153937437371043, "com_5_tau1": 0.9896647949813637, "com_5_tau2": 0.2655359870133709, "com_6_tau1": 0.7876726844896194, "com_6_tau2": 0.23334930731337855, "com_7_tau1": 0.3662387382466954, "com_7_tau2": 0.8770891962470859, "com_8_tau1": 0.5729914950826532, "com_8_tau2": 0.6477145108356931, "com_9_tau1": 0.16249602166219212, "com_9_tau2": 0.737638283184677}, "datetime": {"datetime": "2024-05-08 22:52:13", "elapsed": 16639.683196, "delta": 182.295639}}
{"target": 0.946656960225169, "params": {"com_0_tau1": 0.8497611081835487, "com_0_tau2": 0.9877816135055528, "com_10_tau1": 0.23301432423690815, "com_10_tau2": 0.9690557027412838, "com_11_tau1": 0.6225894944705598, "com_11_tau2": 0.8776236031966441, "com_12_tau1": 0.16912127116489573, "com_12_tau2": 0.07307515571593348, "com_13_tau1": 0.23796253714444326, "com_13_tau2": 0.19331221094030282, "com_14_tau1": 0.27427453027740656, "com_14_tau2": 0.77215024609239, "com_1_tau1": 0.1961599951333628, "com_1_tau2": 0.28836085285496993, "com_2_tau1": 0.9747700216167839, "com_2_tau2": 0.5603316646566521, "com_3_tau1": 0.009350094848851853, "com_3_tau2": 0.5543336361447104, "com_4_tau1": 0.38752384724958644, "com_4_tau2": 0.6881514430142063, "com_5_tau1": 0.5991128080938084, "com_5_tau2": 0.20430617452899802, "com_6_tau1": 0.9569176668166857, "com_6_tau2": 0.22569128598722477, "com_7_tau1": 0.20388304662293266, "com_7_tau2": 0.3029608170277781, "com_8_tau1": 0.985935867511082, "com_8_tau2": 0.9228787279247249, "com_9_tau1": 0.7648159388725837, "com_9_tau2": 0.5544047233205964}, "datetime": {"datetime": "2024-05-08 22:55:17", "elapsed": 16824.101657, "delta": 184.418461}}
{"target": 0.9384167591962999, "params": {"com_0_tau1": 0.3697329947209306, "com_0_tau2": 0.30222346218910023, "com_10_tau1": 0.6121412570185621, "com_10_tau2": 0.6765207019912063, "com_11_tau1": 0.728217233121658, "com_11_tau2": 0.7826857528652758, "com_12_tau1": 0.5144058883986691, "com_12_tau2": 0.018752595148074924, "com_13_tau1": 0.39247154587069943, "com_13_tau2": 0.2090728038891485, "com_14_tau1": 0.5903517457351943, "com_14_tau2": 0.007936416152416137, "com_1_tau1": 0.2382668414427438, "com_1_tau2": 0.8425184112542949, "com_2_tau1": 0.17063562820244393, "com_2_tau2": 0.23087871301452756, "com_3_tau1": 0.19487645038329338, "com_3_tau2": 0.18618420553653625, "com_4_tau1": 0.046053145934378814, "com_4_tau2": 0.4128221566260538, "com_5_tau1": 0.6263137080466671, "com_5_tau2": 0.31079324755290316, "com_6_tau1": 0.48713786861016395, "com_6_tau2": 0.7110851832631266, "com_7_tau1": 0.24090465500815272, "com_7_tau2": 0.8580720808129091, "com_8_tau1": 0.637986820413104, "com_8_tau2": 0.7493480777985749, "com_9_tau1": 0.9674904995403505, "com_9_tau2": 0.11969140592523597}, "datetime": {"datetime": "2024-05-08 22:58:27", "elapsed": 17014.198781, "delta": 190.097124}}
{"target": 0.9793448267284556, "params": {"com_0_tau1": 0.04039939807004134, "com_0_tau2": 0.8274740813401265, "com_10_tau1": 0.4230151157236838, "com_10_tau2": 0.10305031804877485, "com_11_tau1": 0.8412983893855777, "com_11_tau2": 0.39979811749911376, "com_12_tau1": 0.7518223736198557, "com_12_tau2": 0.5875295246291613, "com_13_tau1": 0.6095045399290953, "com_13_tau2": 0.5963204721429759, "com_14_tau1": 0.9651755285257673, "com_14_tau2": 0.8419351282163128, "com_1_tau1": 0.9973978135978385, "com_1_tau2": 0.8470342619627341, "com_2_tau1": 0.3803087040820986, "com_2_tau2": 0.4557308463400346, "com_3_tau1": 0.558633837189313, "com_3_tau2": 0.6043363810459387, "com_4_tau1": 0.3052028738682926, "com_4_tau2": 0.23741583527798404, "com_5_tau1": 0.7060757658643138, "com_5_tau2": 0.2959337476948347, "com_6_tau1": 0.4728589577705633, "com_6_tau2": 0.08321233029315578, "com_7_tau1": 0.4219041293269702, "com_7_tau2": 0.9770985717401618, "com_8_tau1": 0.8503678446272522, "com_8_tau2": 0.9684984861492166, "com_9_tau1": 0.6852441281935487, "com_9_tau2": 0.6373436022641829}, "datetime": {"datetime": "2024-05-08 23:01:13", "elapsed": 17179.563214, "delta": 165.364433}}
{"target": 0.966722191892471, "params": {"com_0_tau1": 0.7827269951949352, "com_0_tau2": 0.21900586310753833, "com_10_tau1": 0.3861556803135331, "com_10_tau2": 0.28115963000952726, "com_11_tau1": 0.5816473624318287, "com_11_tau2": 0.5963292933892705, "com_12_tau1": 0.871398417747431, "com_12_tau2": 0.36881178421368255, "com_13_tau1": 0.41866403090263304, "com_13_tau2": 0.9771145176158772, "com_14_tau1": 0.5546183795609597, "com_14_tau2": 0.5782602948065299, "com_1_tau1": 0.17727008539314726, "com_1_tau2": 0.8201436397587332, "com_2_tau1": 0.12695359267618067, "com_2_tau2": 0.7066109228815359, "com_3_tau1": 0.9720775021993767, "com_3_tau2": 0.31676214503416034, "com_4_tau1": 0.9870477297884536, "com_4_tau2": 0.9336947784729177, "com_5_tau1": 0.29781240591250746, "com_5_tau2": 0.5805718743124365, "com_6_tau1": 0.45067290416091665, "com_6_tau2": 0.5052308488520084, "com_7_tau1": 0.5610901678617959, "com_7_tau2": 0.6025695384166506, "com_8_tau1": 0.41671866697057347, "com_8_tau2": 0.5880147733377981, "com_9_tau1": 0.4361239613721509, "com_9_tau2": 0.22687726116803764}, "datetime": {"datetime": "2024-05-08 23:04:04", "elapsed": 17350.846723, "delta": 171.283509}}
{"target": 0.9546562462592433, "params": {"com_0_tau1": 0.19713345308165753, "com_0_tau2": 0.5757784627700875, "com_10_tau1": 0.3815426540374378, "com_10_tau2": 0.733330077181017, "com_11_tau1": 0.05831570732399283, "com_11_tau2": 0.1779800900907591, "com_12_tau1": 0.5043625627623162, "com_12_tau2": 0.20846295228867784, "com_13_tau1": 0.422045948843248, "com_13_tau2": 0.4919173824696177, "com_14_tau1": 0.9681716234220423, "com_14_tau2": 0.2787686165360336, "com_1_tau1": 0.6221736775072397, "com_1_tau2": 0.3506909234378326, "com_2_tau1": 0.39010537079842655, "com_2_tau2": 0.08075403610248255, "com_3_tau1": 0.45303018090172575, "com_3_tau2": 0.16159334061773312, "com_4_tau1": 0.0778706321219017, "com_4_tau2": 0.45060317366964353, "com_5_tau1": 0.8321763957235512, "com_5_tau2": 0.6203210811482242, "com_6_tau1": 0.14811577042311208, "com_6_tau2": 0.8552391353376503, "com_7_tau1": 0.7825351463598175, "com_7_tau2": 0.06086074493342908, "com_8_tau1": 0.014847274672866173, "com_8_tau2": 0.38311526928009154, "com_9_tau1": 0.5534122841022839, "com_9_tau2": 0.831964536111058}, "datetime": {"datetime": "2024-05-08 23:07:02", "elapsed": 17528.687985, "delta": 177.841262}}
{"target": 0.9929286967046206, "params": {"com_0_tau1": 0.4894429545699793, "com_0_tau2": 0.41354250649715024, "com_10_tau1": 0.6232931802842183, "com_10_tau2": 0.6328951682421798, "com_11_tau1": 0.6211826054642068, "com_11_tau2": 0.5693758250263755, "com_12_tau1": 0.35981083155717497, "com_12_tau2": 0.6785118637619015, "com_13_tau1": 0.6395433426320685, "com_13_tau2": 0.9831850938254277, "com_14_tau1": 1.0, "com_14_tau2": 1.0, "com_1_tau1": 0.5560474813953037, "com_1_tau2": 0.44135020863479607, "com_2_tau1": 0.4726970171992902, "com_2_tau2": 0.5318417603578793, "com_3_tau1": 0.49024486926110555, "com_3_tau2": 0.5669098742636892, "com_4_tau1": 0.5221520686912892, "com_4_tau2": 0.6515215040410971, "com_5_tau1": 0.4390521755251638, "com_5_tau2": 0.3692110565979731, "com_6_tau1": 0.5108805187932718, "com_6_tau2": 0.30191621211145503, "com_7_tau1": 0.23960591150213997, "com_7_tau2": 0.722490451653674, "com_8_tau1": 0.5932356058320087, "com_8_tau2": 0.5932607965589544, "com_9_tau1": 0.5062982890046743, "com_9_tau2": 0.23072332119087033}, "datetime": {"datetime": "2024-05-08 23:09:42", "elapsed": 17688.479025, "delta": 159.79104}}
{"target": 0.99398415628944, "params": {"com_0_tau1": 0.48089942141061576, "com_0_tau2": 0.5719562247457602, "com_10_tau1": 0.8246268194747426, "com_10_tau2": 1.0340267703893942, "com_11_tau1": 0.509864839024412, "com_11_tau2": 0.5454056925541443, "com_12_tau1": 0.5344171353015864, "com_12_tau2": 0.46775517184125914, "com_13_tau1": 0.5860110213875902, "com_13_tau2": 1.0157483489598242, "com_14_tau1": 0.859250852171703, "com_14_tau2": 1.0452129821734846, "com_1_tau1": 0.28739685704734125, "com_1_tau2": 0.42290013787145814, "com_2_tau1": 0.2456294174209718, "com_2_tau2": 0.7937936103600164, "com_3_tau1": 0.7294142105777826, "com_3_tau2": 0.9171979018564166, "com_4_tau1": 0.40139457454605776, "com_4_tau2": 0.6401755496268773, "com_5_tau1": 0.20999226214342134, "com_5_tau2": 0.8508654622192139, "com_6_tau1": 0.5629363027863397, "com_6_tau2": 0.41075118538592326, "com_7_tau1": 0.12059874448098891, "com_7_tau2": 0.5930055946809291, "com_8_tau1": 0.5874506161672598, "com_8_tau2": 0.544138625569628, "com_9_tau1": 0.40639309846884886, "com_9_tau2": 0.6028063015903953}, "datetime": {"datetime": "2024-05-08 23:12:21", "elapsed": 17847.433702, "delta": 158.954677}}
{"target": 0.9887911731622442, "params": {"com_0_tau1": 0.1732934233283731, "com_0_tau2": 0.2557524154680669, "com_10_tau1": 0.9685650498209338, "com_10_tau2": 1.0940599375210422, "com_11_tau1": 0.7851892487699241, "com_11_tau2": 0.27156461525187575, "com_12_tau1": 0.2764401273033134, "com_12_tau2": 0.7544196089772253, "com_13_tau1": 0.30184773461233544, "com_13_tau2": 0.8736745262685209, "com_14_tau1": 0.7680844628483825, "com_14_tau2": 1.1003354491454402, "com_1_tau1": 0.5332582994424951, "com_1_tau2": 0.47914641463393554, "com_2_tau1": 0.5901170605776792, "com_2_tau2": 0.4800854727702814, "com_3_tau1": 1.0, "com_3_tau2": 0.7821198013137739, "com_4_tau1": 0.1675456886587695, "com_4_tau2": 0.9342852564964328, "com_5_tau1": 0.0, "com_5_tau2": 0.6897102495471465, "com_6_tau1": 0.9007102096330835, "com_6_tau2": 0.6002153709596094, "com_7_tau1": 0.4797580412120572, "com_7_tau2": 0.3227228713632247, "com_8_tau1": 0.26668769840107087, "com_8_tau2": 0.21959298424261403, "com_9_tau1": 0.1026694979910669, "com_9_tau2": 0.2590574104872198}, "datetime": {"datetime": "2024-05-08 23:15:04", "elapsed": 18010.955553, "delta": 163.521851}}
{"target": 0.9680206129893297, "params": {"com_0_tau1": 0.6474919378672237, "com_0_tau2": 0.8970940299960144, "com_10_tau1": 0.6853940892440186, "com_10_tau2": 0.846389839753357, "com_11_tau1": 0.27328855898358323, "com_11_tau2": 0.7410279334492902, "com_12_tau1": 0.7819049807322037, "com_12_tau2": 0.20975717841888958, "com_13_tau1": 0.8417579794853195, "com_13_tau2": 1.1012064785800164, "com_14_tau1": 1.0292944342773747, "com_14_tau2": 1.1175625533395703, "com_1_tau1": 0.5922178983973113, "com_1_tau2": 0.14885567303644426, "com_2_tau1": 0.0026875659054984426, "com_2_tau2": 1.0057281432646274, "com_3_tau1": 0.4060242555512251, "com_3_tau2": 0.5527492967431326, "com_4_tau1": 0.49999637302077987, "com_4_tau2": 0.4416392402788707, "com_5_tau1": 0.5267380755260994, "com_5_tau2": 0.5128975498677386, "com_6_tau1": 0.3495014124364787, "com_6_tau2": 0.2770588110143845, "com_7_tau1": 0.16208599150755446, "com_7_tau2": 0.9030246449205686, "com_8_tau1": 0.5278471489102406, "com_8_tau2": 0.8362297027639406, "com_9_tau1": 0.6797443388988527, "com_9_tau2": 0.30090929934550725}, "datetime": {"datetime": "2024-05-08 23:17:58", "elapsed": 18185.073921, "delta": 174.118368}}
{"target": 0.9906751943132115, "params": {"com_0_tau1": 0.41836139055146226, "com_0_tau2": 0.3421754692275687, "com_10_tau1": 0.805075633426311, "com_10_tau2": 0.7053280955643326, "com_11_tau1": 0.759864839024412, "com_11_tau2": 0.5032581224276164, "com_12_tau1": 0.2844171353015864, "com_12_tau2": 0.7177551718412591, "com_13_tau1": 0.4007806135568314, "com_13_tau2": 0.7746955651662223, "com_14_tau1": 0.8234874688749859, "com_14_tau2": 1.1330669471142876, "com_1_tau1": 0.21778809848038067, "com_1_tau2": 0.6729001378714581, "com_2_tau1": 0.528598206271307, "com_2_tau2": 0.5198450094561655, "com_3_tau1": 0.7835294462043684, "com_3_tau2": 0.5735883354879214, "com_4_tau1": 0.5342587810712459, "com_4_tau2": 0.8901755496268773, "com_5_tau1": 0.31118817176893715, "com_5_tau2": 0.7379077985692533, "com_6_tau1": 0.5194533943075527, "com_6_tau2": 0.441738778650402, "com_7_tau1": 0.19882063765207722, "com_7_tau2": 0.5198215387193469, "com_8_tau1": 0.6470144158711226, "com_8_tau2": 0.28125665609474665, "com_9_tau1": 0.22873478848223544, "com_9_tau2": 0.4970963060677464}, "datetime": {"datetime": "2024-05-08 23:20:39", "elapsed": 18345.940438, "delta": 160.866517}}
{"target": 0.9872982527600641, "params": {"com_0_tau1": 0.22532178798743907, "com_0_tau2": 0.3085946024930544, "com_10_tau1": 1.0309470033853363, "com_10_tau2": 1.1409303218406026, "com_11_tau1": 0.25986483902441204, "com_11_tau2": 0.5674495379648876, "com_12_tau1": 0.2844171353015864, "com_12_tau2": 0.6622041632983705, "com_13_tau1": 0.8360110213875902, "com_13_tau2": 1.1309733408009968, "com_14_tau1": 0.9313524420046247, "com_14_tau2": 1.147020901511533, "com_1_tau1": 0.03739685704734122, "com_1_tau2": 0.17290013787145816, "com_2_tau1": 0.5003013273862735, "com_2_tau2": 0.5325501890285498, "com_3_tau1": 0.8382484065203492, "com_3_tau2": 1.082360731038297, "com_4_tau1": 0.13973202085195535, "com_4_tau2": 0.3901755496268773, "com_5_tau1": -0.016721814508304678, "com_5_tau2": 0.9419280302985906, "com_6_tau1": 0.8004901208625596, "com_6_tau2": 0.16075118538592328, "com_7_tau1": 0.09815341173669252, "com_7_tau2": 0.625080881196356, "com_8_tau1": 0.8374506161672598, "com_8_tau2": 0.794138625569628, "com_9_tau1": 0.6563930984688489, "com_9_tau2": 0.8533992432046102}, "datetime": {"datetime": "2024-05-08 23:23:23", "elapsed": 18509.409154, "delta": 163.468716}}
{"target": 0.9894138792240551, "params": {"com_0_tau1": 0.4083978583489093, "com_0_tau2": 0.32195622474576024, "com_10_tau1": 0.5440836440205399, "com_10_tau2": 0.9099164941521172, "com_11_tau1": 0.6208881564407115, "com_11_tau2": 0.3154744805917722, "com_12_tau1": 0.2844171353015864, "com_12_tau2": 0.7177551718412591, "com_13_tau1": 0.5847036904730618, "com_13_tau2": 0.7885867716672633, "com_14_tau1": 0.85118361111742, "com_14_tau2": 1.159579460469054, "com_1_tau1": 0.5373968570473413, "com_1_tau2": 0.5055620614814654, "com_2_tau1": 0.4956294174209718, "com_2_tau2": 0.5437936103600164, "com_3_tau1": 0.7702902240731727, "com_3_tau2": 1.0949845530272881, "com_4_tau1": 0.2551823460273057, "com_4_tau2": 0.5291464411863626, "com_5_tau1": 0.1684710788741095, "com_5_tau2": 0.5569445839842849, "com_6_tau1": 0.7732949748279295, "com_6_tau2": 0.4974948345495067, "com_7_tau1": 0.28339852705125296, "com_7_tau2": 0.3436760985475204, "com_8_tau1": 0.5340980686929536, "com_8_tau2": 0.7718174005923539, "com_9_tau1": 0.4097027272886969, "com_9_tau2": 0.3751158360884619}, "datetime": {"datetime": "2024-05-08 23:26:05", "elapsed": 18671.739765, "delta": 162.330611}}
{"target": 0.9929055759905171, "params": {"com_0_tau1": 0.29481290595823323, "com_0_tau2": 0.32505150782951475, "com_10_tau1": 1.0223686451464324, "com_10_tau2": 0.9008027248591358, "com_11_tau1": 0.759864839024412, "com_11_tau2": 0.6003430154023229, "com_12_tau1": 0.2844171353015864, "com_12_tau2": 0.4652536395242177, "com_13_tau1": 0.3360110213875902, "com_13_tau2": 1.083295970490342, "com_14_tau1": 0.8760371101750506, "com_14_tau2": 1.1708821635308229, "com_1_tau1": 0.4615087239229556, "com_1_tau2": 0.32296778620142885, "com_2_tau1": 0.48883875723380243, "com_2_tau2": 0.6634580578630114, "com_3_tau1": 0.5404029897932636, "com_3_tau2": 0.7436971571678869, "com_4_tau1": 0.16667086180446686, "com_4_tau2": 0.581465596336824, "com_5_tau1": 0.45999226214342137, "com_5_tau2": 0.5687933986968171, "com_6_tau1": 0.6294727894490774, "com_6_tau2": 0.4792398712428875, "com_7_tau1": 0.4103630216815125, "com_7_tau2": 0.5082002822264753, "com_8_tau1": 0.4898842588114983, "com_8_tau2": 0.3032810343931878, "com_9_tau1": 0.6563930984688489, "com_9_tau2": 0.7498869332083667}, "datetime": {"datetime": "2024-05-08 23:28:45", "elapsed": 18831.421827, "delta": 159.682062}}
