{"target": 0.8942915452160323, "params": {"com_0_tau1": 0.34944164156100166, "com_0_tau2": 0.18529908944759688, "com_10_tau1": 0.41107523432258253, "com_10_tau2": 0.007386040331549104, "com_11_tau1": 0.5163007294590579, "com_11_tau2": 0.10807655191154586, "com_12_tau1": 0.7259775367087257, "com_12_tau2": 0.9339561325886353, "com_13_tau1": 0.36164195433606194, "com_13_tau2": 0.7366662331940163, "com_14_tau1": 0.6586551425655051, "com_14_tau2": 0.2595519971768767, "com_15_tau1": 0.458036162795871, "com_15_tau2": 0.12355514219254293, "com_16_tau1": 0.29646210590143873, "com_16_tau2": 0.7212206045227053, "com_17_tau1": 0.46491122248914907, "com_17_tau2": 0.9601852603852905, "com_18_tau1": 0.35125306540078094, "com_18_tau2": 0.8308576421584628, "com_19_tau1": 0.2671794360597829, "com_19_tau2": 0.12171110774234817, "com_1_tau1": 0.3794647382858507, "com_1_tau2": 0.17359263501062128, "com_20_tau1": 0.8363028606631194, "com_20_tau2": 0.9901222359093289, "com_21_tau1": 0.14965504341674307, "com_21_tau2": 0.7977878743222723, "com_22_tau1": 0.05431761065501595, "com_22_tau2": 0.05671619563920649, "com_2_tau1": 0.6472601598575506, "com_2_tau2": 0.15079374313305727, "com_3_tau1": 0.8146540126837195, "com_3_tau2": 0.16200969336402393, "com_4_tau1": 0.23797924557815608, "com_4_tau2": 0.8273539049661885, "com_5_tau1": 0.7467255379229669, "com_5_tau2": 0.6348382691329831, "com_6_tau1": 0.697218954351733, "com_6_tau2": 0.933787984519231, "com_7_tau1": 0.9099903760103303, "com_7_tau2": 0.12760319694537903, "com_8_tau1": 0.6391969681580736, "com_8_tau2": 0.43485103149330295, "com_9_tau1": 0.6980390532903681, "com_9_tau2": 0.7361820395990739}, "datetime": {"datetime": "2024-08-22 04:24:29", "elapsed": 8673.924886, "delta": 102.453154}}
{"target": 0.8954644555314237, "params": {"com_0_tau1": 0.9826707588906766, "com_0_tau2": 0.9140077310943128, "com_10_tau1": 0.24145682478134223, "com_10_tau2": 0.7971098446818843, "com_11_tau1": 0.04775536498008981, "com_11_tau2": 0.8005555900549429, "com_12_tau1": 0.8921573309696463, "com_12_tau2": 0.6470915504099493, "com_13_tau1": 0.9371523322310302, "com_13_tau2": 0.6444121631991921, "com_14_tau1": 0.4620038416921498, "com_14_tau2": 0.946605233327574, "com_15_tau1": 0.13813759573625728, "com_15_tau2": 0.9201286200665907, "com_16_tau1": 0.7169751072885919, "com_16_tau2": 0.987266773200974, "com_17_tau1": 0.3673683015140168, "com_17_tau2": 0.7656693305422939, "com_18_tau1": 0.009411165481421846, "com_18_tau2": 0.7666403510796934, "com_19_tau1": 0.5632677378043511, "com_19_tau2": 0.06115404661771784, "com_1_tau1": 0.45013329665041335, "com_1_tau2": 0.6329540485764115, "com_20_tau1": 0.5459303973346656, "com_20_tau2": 0.4279013822759795, "com_21_tau1": 0.37245450419802506, "com_21_tau2": 0.8427995889661053, "com_22_tau1": 0.09983439028042385, "com_22_tau2": 0.7659657305346692, "com_2_tau1": 0.18615710107184213, "com_2_tau2": 0.10865779218324645, "com_3_tau1": 0.3876487974535079, "com_3_tau2": 0.07943963689501499, "com_4_tau1": 0.4116567114762617, "com_4_tau2": 0.7165215249277537, "com_5_tau1": 0.8008569398118035, "com_5_tau2": 0.6553495713084122, "com_6_tau1": 0.05796824956149016, "com_6_tau2": 0.5213494076894405, "com_7_tau1": 0.3662739598496437, "com_7_tau2": 0.6050544194793449, "com_8_tau1": 0.07603478771347105, "com_8_tau2": 0.7636025934223445, "com_9_tau1": 0.5365634829380987, "com_9_tau2": 0.4534043501729911}, "datetime": {"datetime": "2024-08-22 04:26:13", "elapsed": 8777.671348, "delta": 103.746462}}
{"target": 0.8956272928278339, "params": {"com_0_tau1": 0.489838236028163, "com_0_tau2": 0.9646865373792931, "com_10_tau1": 0.4845875804204983, "com_10_tau2": 0.1115675492113396, "com_11_tau1": 0.36078538560664075, "com_11_tau2": 0.655777589778954, "com_12_tau1": 0.13539146177628303, "com_12_tau2": 0.9224342536849863, "com_13_tau1": 0.8705590001891987, "com_13_tau2": 0.29622757749721473, "com_14_tau1": 0.19092887705459471, "com_14_tau2": 0.7806335539557204, "com_15_tau1": 0.42632548962411265, "com_15_tau2": 0.9984626500713025, "com_16_tau1": 0.5377229588252422, "com_16_tau2": 0.15441771234449775, "com_17_tau1": 0.3757638082698156, "com_17_tau2": 0.8374566720356708, "com_18_tau1": 0.4319178537524244, "com_18_tau2": 0.4801580500089634, "com_19_tau1": 0.6809803814806559, "com_19_tau2": 0.11002440035558092, "com_1_tau1": 0.8962370318704448, "com_1_tau2": 0.6417224863635055, "com_20_tau1": 0.8062989193928385, "com_20_tau2": 0.8135253673298203, "com_21_tau1": 0.5516287272340288, "com_21_tau2": 0.8600505401543784, "com_22_tau1": 0.3407457889141273, "com_22_tau2": 0.18926691181308053, "com_2_tau1": 0.2298491980056918, "com_2_tau2": 0.6957289789946575, "com_3_tau1": 0.990936919343876, "com_3_tau2": 0.9675973820187528, "com_4_tau1": 0.1463074317775377, "com_4_tau2": 0.1093648874855736, "com_5_tau1": 0.46179738130635917, "com_5_tau2": 0.560594887166285, "com_6_tau1": 0.07022958262374424, "com_6_tau2": 0.7501245749643192, "com_7_tau1": 0.3247444960321745, "com_7_tau2": 0.7729113404570308, "com_8_tau1": 0.16800477569183903, "com_8_tau2": 0.02752860490478981, "com_9_tau1": 0.7959121845651522, "com_9_tau2": 0.6756098512736001}, "datetime": {"datetime": "2024-08-22 04:27:57", "elapsed": 8881.912289, "delta": 104.240941}}
{"target": 0.8973932438060944, "params": {"com_0_tau1": 0.042278776818919894, "com_0_tau2": 0.3998874252530099, "com_10_tau1": 0.47399173420723384, "com_10_tau2": 0.08907488874526437, "com_11_tau1": 0.826488996283161, "com_11_tau2": 0.32288839561265137, "com_12_tau1": 0.9983532567272893, "com_12_tau2": 0.12571131148918924, "com_13_tau1": 0.8387544151677078, "com_13_tau2": 0.4506725273033808, "com_14_tau1": 0.19389897998176164, "com_14_tau2": 0.29443505654329705, "com_15_tau1": 0.5032331304671365, "com_15_tau2": 0.15085370463392178, "com_16_tau1": 0.7299492430674135, "com_16_tau2": 0.7569061304715188, "com_17_tau1": 0.43273142056728975, "com_17_tau2": 0.842282846851608, "com_18_tau1": 0.020914860310850214, "com_18_tau2": 0.9009872696875003, "com_19_tau1": 0.8265526162235614, "com_19_tau2": 0.7579532179948456, "com_1_tau1": 0.25951957508492984, "com_1_tau2": 0.4649418194643148, "com_20_tau1": 0.8339927571260208, "com_20_tau2": 0.16033110167141595, "com_21_tau1": 0.20264614812793735, "com_21_tau2": 0.6455381984102065, "com_22_tau1": 0.13893127615631307, "com_22_tau2": 0.7805831454634871, "com_2_tau1": 0.06097689788142158, "com_2_tau2": 0.7083507629103669, "com_3_tau1": 0.28478840005886785, "com_3_tau2": 0.46275996453987644, "com_4_tau1": 0.9385589669990589, "com_4_tau2": 0.5988848598676378, "com_5_tau1": 0.9331053486674571, "com_5_tau2": 0.22229247994969392, "com_6_tau1": 0.4868921206784269, "com_6_tau2": 0.7834957719097082, "com_7_tau1": 0.2886485527454926, "com_7_tau2": 0.23650580452099168, "com_8_tau1": 0.2804962662798346, "com_8_tau2": 0.44119883003203497, "com_9_tau1": 0.08440563900104081, "com_9_tau2": 0.4837341115487547}, "datetime": {"datetime": "2024-08-22 04:29:39", "elapsed": 8984.154764, "delta": 102.242475}}
{"target": 0.8940287017906374, "params": {"com_0_tau1": 0.47831766926768693, "com_0_tau2": 0.6124432702286017, "com_10_tau1": 0.5250159577553598, "com_10_tau2": 0.09882069267647553, "com_11_tau1": 0.44878366726857644, "com_11_tau2": 0.5035526762744672, "com_12_tau1": 0.5646611241002427, "com_12_tau2": 0.9066298985292583, "com_13_tau1": 0.7533908514906622, "com_13_tau2": 0.32195802438691123, "com_14_tau1": 0.970710320023319, "com_14_tau2": 0.2959724314686619, "com_15_tau1": 0.4362310885430818, "com_15_tau2": 0.8898083340801152, "com_16_tau1": 0.9683880868940989, "com_16_tau2": 0.8517669079372553, "com_17_tau1": 0.334381406380729, "com_17_tau2": 0.36586907727815055, "com_18_tau1": 0.2036033394686072, "com_18_tau2": 0.14567700333400313, "com_19_tau1": 0.45929885931937864, "com_19_tau2": 0.17181851370343892, "com_1_tau1": 0.883307024087792, "com_1_tau2": 0.5475818526655402, "com_20_tau1": 0.006216060372117194, "com_20_tau2": 0.43279772347842804, "com_21_tau1": 0.9483946169076499, "com_21_tau2": 0.24344434396295722, "com_22_tau1": 0.9335615821326766, "com_22_tau2": 0.23789201748200017, "com_2_tau1": 0.27818254850887925, "com_2_tau2": 0.18787657460188323, "com_3_tau1": 0.13244373292854994, "com_3_tau2": 0.9092086991588068, "com_4_tau1": 0.5899202520111183, "com_4_tau2": 0.9830626982019607, "com_5_tau1": 0.7345786683937096, "com_5_tau2": 0.021064123082801034, "com_6_tau1": 0.19823406794257692, "com_6_tau2": 0.20669412512708463, "com_7_tau1": 0.041716593118061196, "com_7_tau2": 0.30221859947688146, "com_8_tau1": 0.09323346471065852, "com_8_tau2": 0.29122697927678187, "com_9_tau1": 0.7628308011515533, "com_9_tau2": 0.1867087128693149}, "datetime": {"datetime": "2024-08-22 04:31:23", "elapsed": 9087.607082, "delta": 103.452318}}
{"target": 0.8756954021113492, "params": {"com_0_tau1": 0.9935323094228677, "com_0_tau2": 0.07721749442123549, "com_10_tau1": 0.8188416110925024, "com_10_tau2": 0.4212604328534605, "com_11_tau1": 0.8301392222632817, "com_11_tau2": 0.3843512515577411, "com_12_tau1": 0.6629236543247989, "com_12_tau2": 0.5075289868929346, "com_13_tau1": 0.8923572942087065, "com_13_tau2": 0.6409909971970403, "com_14_tau1": 0.5581033527970908, "com_14_tau2": 0.7176153712325747, "com_15_tau1": 0.23061983893089189, "com_15_tau2": 0.9325683144588851, "com_16_tau1": 0.400741933694463, "com_16_tau2": 0.08361336318554213, "com_17_tau1": 0.3712967257755848, "com_17_tau2": 0.6038137512283823, "com_18_tau1": 0.4270721138511341, "com_18_tau2": 0.09634239525954658, "com_19_tau1": 0.28004438189251357, "com_19_tau2": 0.63565646269715, "com_1_tau1": 0.9952755755051366, "com_1_tau2": 0.08820697202968641, "com_20_tau1": 0.11451468284691191, "com_20_tau2": 0.03091455779810881, "com_21_tau1": 0.4071668012992544, "com_21_tau2": 0.6963931688294185, "com_22_tau1": 0.8318194314425247, "com_22_tau2": 0.0879021177529985, "com_2_tau1": 0.47314180960438035, "com_2_tau2": 0.26603209749446943, "com_3_tau1": 0.8387407188452407, "com_3_tau2": 0.5867672954186394, "com_4_tau1": 0.1412795669041309, "com_4_tau2": 0.9608724208876741, "com_5_tau1": 0.5210836951856395, "com_5_tau2": 0.0059955047070200385, "com_6_tau1": 0.6251340052237159, "com_6_tau2": 0.557143247048928, "com_7_tau1": 0.7522535743969178, "com_7_tau2": 0.40268683236569813, "com_8_tau1": 0.2553640694095469, "com_8_tau2": 0.2724836537633477, "com_9_tau1": 0.5257497373166852, "com_9_tau2": 0.08832169511323973}, "datetime": {"datetime": "2024-08-22 04:33:11", "elapsed": 9195.938057, "delta": 108.330975}}
{"target": 0.8979481944965999, "params": {"com_0_tau1": 0.22995253729267529, "com_0_tau2": 0.7801347839906195, "com_10_tau1": 0.8245728081999353, "com_10_tau2": 0.43640827724319564, "com_11_tau1": 0.32785039166371177, "com_11_tau2": 0.19157231477830505, "com_12_tau1": 0.6174698201861032, "com_12_tau2": 0.22275518774800118, "com_13_tau1": 0.15432668345897083, "com_13_tau2": 0.6560363773632272, "com_14_tau1": 0.797383692248141, "com_14_tau2": 0.17545052047583953, "com_15_tau1": 0.27551699440199273, "com_15_tau2": 0.1280484105535078, "com_16_tau1": 0.6178098539336202, "com_16_tau2": 0.6411296026143107, "com_17_tau1": 0.7741955632374091, "com_17_tau2": 0.19810450037300698, "com_18_tau1": 0.6692836569150737, "com_18_tau2": 0.6344641769265708, "com_19_tau1": 0.1827652496221548, "com_19_tau2": 0.3837907033947706, "com_1_tau1": 0.2336701675129096, "com_1_tau2": 0.7829969891809279, "com_20_tau1": 0.4484533314320288, "com_20_tau2": 0.2573693442609183, "com_21_tau1": 0.32660607848693946, "com_21_tau2": 0.2043554446591036, "com_22_tau1": 0.5438948154897743, "com_22_tau2": 0.26352687133177577, "com_2_tau1": 0.5574810531920452, "com_2_tau2": 0.6551051367581283, "com_3_tau1": 0.24141266635767833, "com_3_tau2": 0.9863833367446465, "com_4_tau1": 0.9163566797372903, "com_4_tau2": 0.2379819659956114, "com_5_tau1": 0.6641645103157012, "com_5_tau2": 0.6862730596732807, "com_6_tau1": 0.10429649349961823, "com_6_tau2": 0.9972275862429404, "com_7_tau1": 0.8410410742691009, "com_7_tau2": 0.5959020923154317, "com_8_tau1": 0.8685418283591044, "com_8_tau2": 0.1875636275374143, "com_9_tau1": 0.7885792879838088, "com_9_tau2": 0.31321539965916534}, "datetime": {"datetime": "2024-08-22 04:34:54", "elapsed": 9298.300354, "delta": 102.362297}}
{"target": 0.8899795233450958, "params": {"com_0_tau1": 0.6489950350164218, "com_0_tau2": 0.6699634517186773, "com_10_tau1": 0.0709785479318461, "com_10_tau2": 0.8081638067065207, "com_11_tau1": 0.6616046097741349, "com_11_tau2": 0.37727373567922173, "com_12_tau1": 0.8224374505077772, "com_12_tau2": 0.9916522219817709, "com_13_tau1": 0.25158750202003977, "com_13_tau2": 0.85495414982939, "com_14_tau1": 0.7812422930917647, "com_14_tau2": 0.7411011866591248, "com_15_tau1": 0.7037570158424764, "com_15_tau2": 0.22362475995162312, "com_16_tau1": 0.4574707645618732, "com_16_tau2": 0.9849112030691846, "com_17_tau1": 0.796697584707532, "com_17_tau2": 0.30875778898207107, "com_18_tau1": 0.9562131009721933, "com_18_tau2": 0.8357645901215262, "com_19_tau1": 0.16542277637894243, "com_19_tau2": 0.8148008444191733, "com_1_tau1": 0.9249007501504771, "com_1_tau2": 0.20180389035174506, "com_20_tau1": 0.8231607953518216, "com_20_tau2": 0.8978436856727454, "com_21_tau1": 0.37512507954087737, "com_21_tau2": 0.3969953635520562, "com_22_tau1": 0.09135940395987696, "com_22_tau2": 0.6530211147767904, "com_2_tau1": 0.12734171924631876, "com_2_tau2": 0.9903111242853632, "com_3_tau1": 0.3265907746044402, "com_3_tau2": 0.5397053680991258, "com_4_tau1": 0.9612333639897743, "com_4_tau2": 0.13628224718669069, "com_5_tau1": 0.9922143831230483, "com_5_tau2": 0.8835183263717645, "com_6_tau1": 0.010239942406820912, "com_6_tau2": 0.3346405308011242, "com_7_tau1": 0.45101008789880614, "com_7_tau2": 0.5719024571377817, "com_8_tau1": 0.8182257568612281, "com_8_tau2": 0.208419965647617, "com_9_tau1": 0.7591216734836167, "com_9_tau2": 0.5853315394320435}, "datetime": {"datetime": "2024-08-22 04:36:38", "elapsed": 9402.585761, "delta": 104.285407}}
{"target": 0.9054533211010868, "params": {"com_0_tau1": 0.5650511368107501, "com_0_tau2": 0.8168636665166426, "com_10_tau1": 0.06524784129365113, "com_10_tau2": 0.6045939963147945, "com_11_tau1": 0.8223729954993215, "com_11_tau2": 0.22348520808329309, "com_12_tau1": 0.5471062502418684, "com_12_tau2": 0.31917899751002854, "com_13_tau1": 0.9461059705809557, "com_13_tau2": 0.870831395412689, "com_14_tau1": 0.12328940297518287, "com_14_tau2": 0.625853464356762, "com_15_tau1": 0.347698811632574, "com_15_tau2": 0.7340573882330734, "com_16_tau1": 0.5001113355869575, "com_16_tau2": 0.518043054040864, "com_17_tau1": 0.23075351822068724, "com_17_tau2": 0.5929050326935426, "com_18_tau1": 0.975323744452238, "com_18_tau2": 0.9932212659477451, "com_19_tau1": 0.8147783794677641, "com_19_tau2": 0.3143097981049007, "com_1_tau1": 0.08469074258504894, "com_1_tau2": 0.25154441704530006, "com_20_tau1": 0.14099083089536502, "com_20_tau2": 0.6250041719231727, "com_21_tau1": 0.36951161948472333, "com_21_tau2": 0.29808735461608005, "com_22_tau1": 0.37443185640031607, "com_22_tau2": 0.058469311710746874, "com_2_tau1": 0.947600263148809, "com_2_tau2": 0.5509371548515855, "com_3_tau1": 0.6759143814953533, "com_3_tau2": 0.581172676476863, "com_4_tau1": 0.9300427680133578, "com_4_tau2": 0.8471284463129013, "com_5_tau1": 0.515626402909481, "com_5_tau2": 0.632512034315012, "com_6_tau1": 0.9645794365196274, "com_6_tau2": 0.1429221208929392, "com_7_tau1": 0.8680857447512801, "com_7_tau2": 0.9699971316818755, "com_8_tau1": 0.0948258591388117, "com_8_tau2": 0.5211600649187268, "com_9_tau1": 0.5869484832962304, "com_9_tau2": 0.265150954367528}, "datetime": {"datetime": "2024-08-22 04:38:19", "elapsed": 9503.464599, "delta": 100.878838}}
{"target": 0.8957112579440449, "params": {"com_0_tau1": 0.045599291280934984, "com_0_tau2": 0.8683903246430965, "com_10_tau1": 0.6985166036856837, "com_10_tau2": 0.2634979711920704, "com_11_tau1": 0.06580068811770656, "com_11_tau2": 0.8456145194519318, "com_12_tau1": 0.2948478550689426, "com_12_tau2": 0.08524347962962031, "com_13_tau1": 0.2698628036003755, "com_13_tau2": 0.1856795140926637, "com_14_tau1": 0.15846173312567824, "com_14_tau2": 0.14528869430262192, "com_15_tau1": 0.9162046889408606, "com_15_tau2": 0.22973299813133974, "com_16_tau1": 0.11087055610053564, "com_16_tau2": 0.9119510687059926, "com_17_tau1": 0.5064191818283827, "com_17_tau2": 0.9110051076308285, "com_18_tau1": 0.5211507330734144, "com_18_tau2": 0.9218947812357398, "com_19_tau1": 0.3876616651422371, "com_19_tau2": 0.06504221762085727, "com_1_tau1": 0.9290292377332929, "com_1_tau2": 0.5985158740881714, "com_20_tau1": 0.5222992462076494, "com_20_tau2": 0.18381164978760534, "com_21_tau1": 0.1741368906830606, "com_21_tau2": 0.329374076023882, "com_22_tau1": 0.054302857164202356, "com_22_tau2": 0.8566063550441625, "com_2_tau1": 0.9004894988883121, "com_2_tau2": 0.038022345529880375, "com_3_tau1": 0.5083035086512657, "com_3_tau2": 0.7609549657182958, "com_4_tau1": 0.017439423396741094, "com_4_tau2": 0.49526643673545445, "com_5_tau1": 0.6167505148859704, "com_5_tau2": 0.7722448174496105, "com_6_tau1": 0.8287950962486093, "com_6_tau2": 0.3751912483577122, "com_7_tau1": 0.47727323917776554, "com_7_tau2": 0.2806215967475806, "com_8_tau1": 0.18919590865813096, "com_8_tau2": 0.9004477339300452, "com_9_tau1": 0.7465196150645952, "com_9_tau2": 0.01605565630578365}, "datetime": {"datetime": "2024-08-22 04:40:02", "elapsed": 9606.974355, "delta": 103.509756}}
{"target": 0.8947690082611154, "params": {"com_0_tau1": 0.5357561941170583, "com_0_tau2": 0.7100276946636939, "com_10_tau1": 0.29518024290355316, "com_10_tau2": 0.5961278389973242, "com_11_tau1": 0.6052114153800706, "com_11_tau2": 0.3081869596481348, "com_12_tau1": 0.5402957917192188, "com_12_tau2": 0.6099653730517564, "com_13_tau1": 0.8405678029047301, "com_13_tau2": 0.5403987033317302, "com_14_tau1": 0.8190991726140832, "com_14_tau2": 0.8445090525209056, "com_15_tau1": 0.23228864863217769, "com_15_tau2": 0.3506349317252625, "com_16_tau1": 0.48433100330374956, "com_16_tau2": 0.607634817449386, "com_17_tau1": 0.6314355259022505, "com_17_tau2": 0.7376919139431299, "com_18_tau1": 0.6649750852750024, "com_18_tau2": 0.8706269962932021, "com_19_tau1": 0.5662656005545664, "com_19_tau2": 0.05057526692256087, "com_1_tau1": 0.3130150432387442, "com_1_tau2": 0.2109908573234679, "com_20_tau1": 0.4464302206456704, "com_20_tau2": 0.2820518196391434, "com_21_tau1": 0.23561935757569863, "com_21_tau2": 0.49649346624187674, "com_22_tau1": 0.4637004113907931, "com_22_tau2": 0.7011380008980379, "com_2_tau1": 0.9706395265593957, "com_2_tau2": 0.47809097454365224, "com_3_tau1": 0.07301439219087125, "com_3_tau2": 0.7944957244359476, "com_4_tau1": 0.11226303036918095, "com_4_tau2": 0.7498009513649301, "com_5_tau1": 0.7283539442836174, "com_5_tau2": 0.9578919014969336, "com_6_tau1": 0.0272417466374808, "com_6_tau2": 0.9377583436528742, "com_7_tau1": 0.481037154396622, "com_7_tau2": 0.0027451174933038613, "com_8_tau1": 0.6801591086836494, "com_8_tau2": 0.47078209924869086, "com_9_tau1": 0.19907271236641932, "com_9_tau2": 0.7860416705057294}, "datetime": {"datetime": "2024-08-22 04:41:46", "elapsed": 9710.216769, "delta": 103.242414}}
{"target": 0.8942627685545608, "params": {"com_0_tau1": 0.27602050787349, "com_0_tau2": 0.6570684414331197, "com_10_tau1": 0.25242248148870816, "com_10_tau2": 0.6847678937930787, "com_11_tau1": 0.017185025260480158, "com_11_tau2": 0.9511541514459876, "com_12_tau1": 0.44610826965825645, "com_12_tau2": 0.41593599415025706, "com_13_tau1": 0.7754570959385279, "com_13_tau2": 0.49498705187539693, "com_14_tau1": 0.6533798770191704, "com_14_tau2": 0.482796645935783, "com_15_tau1": 0.32582614754611683, "com_15_tau2": 0.05040856743939637, "com_16_tau1": 0.06922232367819003, "com_16_tau2": 0.6431700466365119, "com_17_tau1": 0.665490279901611, "com_17_tau2": 0.0030146012920788667, "com_18_tau1": 0.8823620040274668, "com_18_tau2": 0.7765732314130351, "com_19_tau1": 0.48207661012271574, "com_19_tau2": 0.3877135929112697, "com_1_tau1": 0.6278771834257654, "com_1_tau2": 0.5871948611013827, "com_20_tau1": 0.7664683324464672, "com_20_tau2": 0.03900761018808818, "com_21_tau1": 0.42663218135613934, "com_21_tau2": 0.37076891131844125, "com_22_tau1": 0.9245772688366893, "com_22_tau2": 0.2685319984336232, "com_2_tau1": 0.554880586820215, "com_2_tau2": 0.46294822376149203, "com_3_tau1": 0.22078272719486558, "com_3_tau2": 0.5442594639077252, "com_4_tau1": 0.8403245450687586, "com_4_tau2": 0.5329528843913457, "com_5_tau1": 0.9835376648238863, "com_5_tau2": 0.9210324568334437, "com_6_tau1": 0.25104431392551674, "com_6_tau2": 0.30560907090422196, "com_7_tau1": 0.12647314214104355, "com_7_tau2": 0.32077859488218374, "com_8_tau1": 0.09635254585847675, "com_8_tau2": 0.47547076633940866, "com_9_tau1": 0.5550969351469183, "com_9_tau2": 0.12401378782478722}, "datetime": {"datetime": "2024-08-22 04:43:28", "elapsed": 9812.716449, "delta": 102.49968}}
