{"target": 0.886564114126312, "params": {"com_0_tau1": 0.623438979310085, "com_0_tau2": 0.8434209160435683, "com_10_tau1": 0.7481969225907241, "com_10_tau2": 0.08454828557770803, "com_11_tau1": 0.25895513761561917, "com_11_tau2": 0.5367242087859443, "com_12_tau1": 0.7169363148921466, "com_12_tau2": 0.3317739383741632, "com_13_tau1": 0.23275648121004414, "com_13_tau2": 0.33765497404961475, "com_14_tau1": 0.5044294723059503, "com_14_tau2": 0.7724604912989523, "com_15_tau1": 0.6143397175728553, "com_15_tau2": 0.7313219840691841, "com_16_tau1": 0.2803784343144635, "com_16_tau2": 0.5093382354998582, "com_17_tau1": 1.0414541187312256, "com_17_tau2": 0.6516097794064406, "com_1_tau1": 0.3572576619825174, "com_1_tau2": 0.6562105572593037, "com_2_tau1": 0.2652559037449174, "com_2_tau2": 0.4797289000491298, "com_3_tau1": -0.07066977603624461, "com_3_tau2": 1.091249976385914, "com_4_tau1": 0.008497387073771678, "com_4_tau2": -0.015608254389752108, "com_5_tau1": -0.03141810339574652, "com_5_tau2": 0.45171796836183103, "com_6_tau1": 0.6045538352723894, "com_6_tau2": 0.8107462004709407, "com_7_tau1": 0.6155146360208048, "com_7_tau2": 0.9591624814475876, "com_8_tau1": 0.42723117464624727, "com_8_tau2": 1.0440202847003042, "com_9_tau1": 0.3172625569531836, "com_9_tau2": 0.4005454409402619}, "datetime": {"datetime": "2024-12-09 14:16:02", "elapsed": 13485.614345, "delta": 133.611116}}
{"target": 0.9136944577866778, "params": {"com_0_tau1": 0.8462395462731612, "com_0_tau2": 0.7764712361533115, "com_10_tau1": 0.4833818246670236, "com_10_tau2": 0.05173726581818219, "com_11_tau1": 0.05569132270420851, "com_11_tau2": 0.7748898179779684, "com_12_tau1": 0.4247335511764381, "com_12_tau2": 0.09936452658923411, "com_13_tau1": 0.2646611286544918, "com_13_tau2": 0.14612904777498484, "com_14_tau1": 0.35953873705997386, "com_14_tau2": 0.49271623441387197, "com_15_tau1": 0.15045375713708792, "com_15_tau2": 0.9478401194651174, "com_16_tau1": 0.5981613608688681, "com_16_tau2": 0.6127655813861423, "com_17_tau1": 0.6844912150765776, "com_17_tau2": 0.7002810406737615, "com_1_tau1": 0.06110832883858508, "com_1_tau2": 0.9216579513347951, "com_2_tau1": 0.09399285218905884, "com_2_tau2": 0.6585260033607405, "com_3_tau1": 0.04779501588492463, "com_3_tau2": 0.6515181015728021, "com_4_tau1": -0.0985878710301043, "com_4_tau2": 0.028738233018640175, "com_5_tau1": -0.038240437737342314, "com_5_tau2": 0.39753285544775574, "com_6_tau1": 0.8110162448889351, "com_6_tau2": 0.8129384224441332, "com_7_tau1": 0.4510503492323302, "com_7_tau2": 0.6026516493273677, "com_8_tau1": 0.43376981335896403, "com_8_tau2": 1.1065858673193198, "com_9_tau1": 0.4716183151045167, "com_9_tau2": 0.2576429211550394}, "datetime": {"datetime": "2024-12-09 14:18:05", "elapsed": 13608.936153, "delta": 123.321808}}
{"target": 0.926659609205152, "params": {"com_0_tau1": 0.5776120975869286, "com_0_tau2": 1.070909916348697, "com_10_tau1": 0.7418091969179819, "com_10_tau2": 0.45060805616587873, "com_11_tau1": 0.3900921580492879, "com_11_tau2": 0.4302033909087731, "com_12_tau1": 0.6291655441089044, "com_12_tau2": 0.0914869236260007, "com_13_tau1": 0.07250442455934572, "com_13_tau2": 0.3294194896176825, "com_14_tau1": 0.734947521038245, "com_14_tau2": 0.6238374483980023, "com_15_tau1": 0.29409831422891086, "com_15_tau2": 0.7768258320066156, "com_16_tau1": 0.5054933742661712, "com_16_tau2": 0.5248379478498043, "com_17_tau1": 0.9004751034131834, "com_17_tau2": 0.9115901824458772, "com_1_tau1": 0.08665948577627994, "com_1_tau2": 0.6422395913662917, "com_2_tau1": 0.06061090759877469, "com_2_tau2": 0.815369968268584, "com_3_tau1": 0.018390858160546447, "com_3_tau2": 0.7243374463850267, "com_4_tau1": 0.2768995042509491, "com_4_tau2": -0.035798657701365144, "com_5_tau1": 0.2561952112038229, "com_5_tau2": 0.5628152767684718, "com_6_tau1": 0.7305394650911471, "com_6_tau2": 0.7780543205108875, "com_7_tau1": 0.729704529804295, "com_7_tau2": 0.9066912357492254, "com_8_tau1": 0.25995834763090153, "com_8_tau2": 0.7183225210482753, "com_9_tau1": 0.5150618578316117, "com_9_tau2": 0.6847505887886043}, "datetime": {"datetime": "2024-12-09 14:20:06", "elapsed": 13730.464147, "delta": 121.527994}}
{"target": 0.8857050283546343, "params": {"com_0_tau1": 0.7768847671877209, "com_0_tau2": 0.6042508683718915, "com_10_tau1": 0.4720033467389547, "com_10_tau2": 0.49703992262094543, "com_11_tau1": 0.08275647343082937, "com_11_tau2": 0.4201328684287384, "com_12_tau1": 0.6476424183636663, "com_12_tau2": 0.25331461010254874, "com_13_tau1": -0.057743688942023, "com_13_tau2": 0.0749180438030761, "com_14_tau1": 0.6152197436317519, "com_14_tau2": 0.7953562138106416, "com_15_tau1": 0.46147423404857835, "com_15_tau2": 0.6372201454389573, "com_16_tau1": 0.5026657379264455, "com_16_tau2": 0.599640222093577, "com_17_tau1": 0.9934724928179852, "com_17_tau2": 0.6851089813087151, "com_1_tau1": -0.0656800989664097, "com_1_tau2": 0.936168639493334, "com_2_tau1": 0.35959079399027705, "com_2_tau2": 0.4093133019143797, "com_3_tau1": 0.16333165129646032, "com_3_tau2": 0.8469639893771757, "com_4_tau1": 0.18157523381236224, "com_4_tau2": 0.40069261295342906, "com_5_tau1": 0.3457517850139378, "com_5_tau2": 0.2926592964572719, "com_6_tau1": 0.46343176584479717, "com_6_tau2": 0.644732555587826, "com_7_tau1": 0.27172873427376365, "com_7_tau2": 0.6451367012587846, "com_8_tau1": 0.32149996961560945, "com_8_tau2": 1.1218134603592163, "com_9_tau1": 0.4357612904130295, "com_9_tau2": 0.5249830452745987}, "datetime": {"datetime": "2024-12-09 14:22:22", "elapsed": 13865.636837, "delta": 135.17269}}
{"target": 0.9286628364434882, "params": {"com_0_tau1": 0.48138342998955536, "com_0_tau2": 0.836965609131872, "com_10_tau1": 0.621805840235525, "com_10_tau2": 0.3180141646318042, "com_11_tau1": 0.301920828377495, "com_11_tau2": 0.7669216418062561, "com_12_tau1": 0.4701639148704902, "com_12_tau2": 0.2930377842637867, "com_13_tau1": 0.00997769185217906, "com_13_tau2": 0.2740423167857595, "com_14_tau1": 0.4570734037810464, "com_14_tau2": 0.7766817375191534, "com_15_tau1": 0.1347022398880425, "com_15_tau2": 0.7130113617470214, "com_16_tau1": 0.6098059881749851, "com_16_tau2": 0.8208142120855553, "com_17_tau1": 0.6128837613948157, "com_17_tau2": 0.7906909428482835, "com_1_tau1": 0.0472587030214803, "com_1_tau2": 0.5899017183181171, "com_2_tau1": 0.14311043431481216, "com_2_tau2": 0.41747361198694266, "com_3_tau1": 0.22927305911007212, "com_3_tau2": 0.9597596067650953, "com_4_tau1": 0.02575056990368535, "com_4_tau2": -0.02826464202407772, "com_5_tau1": 0.19741119839763083, "com_5_tau2": 0.540284125773349, "com_6_tau1": 0.6307005508082291, "com_6_tau2": 0.7952063632543166, "com_7_tau1": 0.5952797638213401, "com_7_tau2": 0.7453041435636807, "com_8_tau1": 0.5103658956719237, "com_8_tau2": 1.1307952503806982, "com_9_tau1": 0.4719902178394295, "com_9_tau2": 0.585818931701539}, "datetime": {"datetime": "2024-12-09 14:24:21", "elapsed": 13984.72138, "delta": 119.084543}}
{"target": 0.9305892496279706, "params": {"com_0_tau1": 0.5887074887204885, "com_0_tau2": 0.9123350379284393, "com_10_tau1": 0.6107848458889428, "com_10_tau2": 0.3057577021248283, "com_11_tau1": 0.20404188068454554, "com_11_tau2": 0.6146661470604895, "com_12_tau1": 0.5343995452459354, "com_12_tau2": 0.1864615836676054, "com_13_tau1": 0.09790877531997857, "com_13_tau2": 0.28887045937977246, "com_14_tau1": 0.5260238019887955, "com_14_tau2": 0.6720339488192341, "com_15_tau1": 0.24433176161053566, "com_15_tau2": 0.7721452078525887, "com_16_tau1": 0.5812585144002406, "com_16_tau2": 0.7477046175761111, "com_17_tau1": 0.7554629218389635, "com_17_tau2": 0.7975067590488624, "com_1_tau1": 0.04346806688704849, "com_1_tau2": 0.648302558762617, "com_2_tau1": 0.14367582373649018, "com_2_tau2": 0.58447717229387, "com_3_tau1": 0.11794520635031516, "com_3_tau2": 0.9228059101729639, "com_4_tau1": 0.06287536030443071, "com_4_tau2": 0.0547785232834593, "com_5_tau1": 0.12898260812234877, "com_5_tau2": 0.5444226650783214, "com_6_tau1": 0.6809446209396418, "com_6_tau2": 0.714703141072001, "com_7_tau1": 0.5670856785125066, "com_7_tau2": 0.8159283258807799, "com_8_tau1": 0.4350223119578734, "com_8_tau2": 0.9937057482553631, "com_9_tau1": 0.46755423499393417, "com_9_tau2": 0.5295494764140448}, "datetime": {"datetime": "2024-12-09 14:26:19", "elapsed": 14103.320462, "delta": 118.599082}}
{"target": 0.9013304982792868, "params": {"com_0_tau1": 0.684829003764676, "com_0_tau2": 0.9514273697440163, "com_10_tau1": 0.48832276196294944, "com_10_tau2": 0.06671162830237212, "com_11_tau1": 0.13380331687576902, "com_11_tau2": 0.3250871640649693, "com_12_tau1": 0.8466829523526427, "com_12_tau2": 0.3500777082546152, "com_13_tau1": 0.4114378127234256, "com_13_tau2": 0.3113067077973134, "com_14_tau1": 0.7370889116014562, "com_14_tau2": 0.434056194380618, "com_15_tau1": 0.2833730795427999, "com_15_tau2": 0.723727486306233, "com_16_tau1": 0.446175063110656, "com_16_tau2": 0.6766162811418603, "com_17_tau1": 0.9775145336801034, "com_17_tau2": 0.5852401362454049, "com_1_tau1": 0.31906817242516616, "com_1_tau2": 0.5038072598385603, "com_2_tau1": 0.42494409629117325, "com_2_tau2": 0.5444130077423066, "com_3_tau1": -0.12285563691606588, "com_3_tau2": 0.6852438984417362, "com_4_tau1": 0.2140415781957466, "com_4_tau2": 0.0021795539991601998, "com_5_tau1": 0.32740936079393695, "com_5_tau2": 0.417795855774077, "com_6_tau1": 0.5182611495047527, "com_6_tau2": 0.7382094695939851, "com_7_tau1": 0.4098775894700087, "com_7_tau2": 0.8629814999052097, "com_8_tau1": 0.5137341884237887, "com_8_tau2": 0.8009229025657263, "com_9_tau1": 0.17861684652040338, "com_9_tau2": 0.45617389564287864}, "datetime": {"datetime": "2024-12-09 14:28:26", "elapsed": 14229.967364, "delta": 126.646902}}
{"target": 0.9294259899800341, "params": {"com_0_tau1": 0.6582109291029031, "com_0_tau2": 1.0248684944244706, "com_10_tau1": 0.6215506648492788, "com_10_tau2": 0.3435498392240155, "com_11_tau1": 0.17963203590034682, "com_11_tau2": 0.46442758546954405, "com_12_tau1": 0.5880654024197036, "com_12_tau2": 0.07534843641055484, "com_13_tau1": 0.13679694598112815, "com_13_tau2": 0.3092617644094031, "com_14_tau1": 0.6303137118800938, "com_14_tau2": 0.587915821448311, "com_15_tau1": 0.31222151153417593, "com_15_tau2": 0.8062282682937012, "com_16_tau1": 0.5633282966310705, "com_16_tau2": 0.6737415911213455, "com_17_tau1": 0.8819101405459904, "com_17_tau2": 0.8346995396759271, "com_1_tau1": 0.04318421615973372, "com_1_tau2": 0.6626064419850505, "com_2_tau1": 0.11407049071601803, "com_2_tau2": 0.7440486995319833, "com_3_tau1": 0.014459053665066439, "com_3_tau2": 0.865839775356994, "com_4_tau1": 0.12892792993393348, "com_4_tau2": 0.07265987177147225, "com_5_tau1": 0.1207199220091221, "com_5_tau2": 0.563936308630087, "com_6_tau1": 0.7238311356145305, "com_6_tau2": 0.6739604492120257, "com_7_tau1": 0.5804941257823334, "com_7_tau2": 0.8848318918047022, "com_8_tau1": 0.34549379849831147, "com_8_tau2": 0.8422596025528332, "com_9_tau1": 0.4812584564557521, "com_9_tau2": 0.5281736298718509}, "datetime": {"datetime": "2024-12-09 14:30:26", "elapsed": 14349.946054, "delta": 119.97869}}
{"target": 0.8701059687092878, "params": {"com_0_tau1": 0.8219908659000328, "com_0_tau2": 0.7526589805627806, "com_10_tau1": 0.5612463373361656, "com_10_tau2": 0.20508198056181914, "com_11_tau1": 0.14491443007303617, "com_11_tau2": 0.37126286021397037, "com_12_tau1": 0.36608543885881084, "com_12_tau2": 0.09582731200637286, "com_13_tau1": 0.02543313260097177, "com_13_tau2": 0.09544805192618605, "com_14_tau1": 0.34619146865531825, "com_14_tau2": 0.5274750113084905, "com_15_tau1": 0.4363582881827695, "com_15_tau2": 0.8464317114480917, "com_16_tau1": 0.5447142335448123, "com_16_tau2": 0.6910412936736802, "com_17_tau1": 0.7843619505246106, "com_17_tau2": 0.995823137817686, "com_1_tau1": -0.08541111057435063, "com_1_tau2": 0.6525640161720454, "com_2_tau1": 0.44929749412027087, "com_2_tau2": 0.7915716011269636, "com_3_tau1": 0.17767748656522364, "com_3_tau2": 0.6905638203912527, "com_4_tau1": 0.23314364665748172, "com_4_tau2": 0.07123616630852353, "com_5_tau1": -0.039299648816846555, "com_5_tau2": 0.4819928081921892, "com_6_tau1": 0.48736853433650706, "com_6_tau2": 0.6716312016628228, "com_7_tau1": 0.7499215495666312, "com_7_tau2": 1.0898119146107028, "com_8_tau1": 0.44047620143568045, "com_8_tau2": 0.672521388994036, "com_9_tau1": 0.46443873689600534, "com_9_tau2": 0.30060426905406856}, "datetime": {"datetime": "2024-12-09 14:32:45", "elapsed": 14489.2963, "delta": 139.350246}}
{"target": 0.868228755869937, "params": {"com_0_tau1": 0.5570520005711266, "com_0_tau2": 0.9285423248849473, "com_10_tau1": 0.5066136543013131, "com_10_tau2": 0.38781317661272985, "com_11_tau1": -0.06297658315051816, "com_11_tau2": 0.7420416497478787, "com_12_tau1": 0.4896404999646984, "com_12_tau2": 0.31736063030173156, "com_13_tau1": 0.3324916320686645, "com_13_tau2": 0.4795784515078521, "com_14_tau1": 0.3611639200840928, "com_14_tau2": 0.7138302464265371, "com_15_tau1": 0.1873254540220104, "com_15_tau2": 0.7272583750783662, "com_16_tau1": 0.7600565939898958, "com_16_tau2": 0.4859135127727375, "com_17_tau1": 0.6247538997709294, "com_17_tau2": 0.6710581726826573, "com_1_tau1": -0.003500761097004812, "com_1_tau2": 0.7124395462626508, "com_2_tau1": 0.009104846142656622, "com_2_tau2": 0.8045335387195008, "com_3_tau1": 0.23438217378584847, "com_3_tau2": 0.7616651375734634, "com_4_tau1": -0.07983364369109908, "com_4_tau2": 0.1811141097742709, "com_5_tau1": 0.3146487842057067, "com_5_tau2": 0.4980273553457331, "com_6_tau1": 0.8925664824505105, "com_6_tau2": 0.5900622215616729, "com_7_tau1": 0.5431507804540885, "com_7_tau2": 0.8012408404462817, "com_8_tau1": 0.3914670327312905, "com_8_tau2": 1.0813179766471355, "com_9_tau1": 0.5421142293133994, "com_9_tau2": 0.47616509868366674}, "datetime": {"datetime": "2024-12-09 14:35:07", "elapsed": 14630.731927, "delta": 141.435627}}
{"target": 0.930062705541116, "params": {"com_0_tau1": 0.5878159915840084, "com_0_tau2": 0.96596880123073, "com_10_tau1": 0.6528857132691174, "com_10_tau2": 0.3143667141476032, "com_11_tau1": 0.2168122457936546, "com_11_tau2": 0.5177207728033452, "com_12_tau1": 0.6495061004200785, "com_12_tau2": 0.13795769073433656, "com_13_tau1": 0.1124024116078691, "com_13_tau2": 0.3049530146410916, "com_14_tau1": 0.652784308046184, "com_14_tau2": 0.6371665700842811, "com_15_tau1": 0.3101628258229266, "com_15_tau2": 0.7927501501663313, "com_16_tau1": 0.5188738246753272, "com_16_tau2": 0.8064163190757514, "com_17_tau1": 0.879327985901402, "com_17_tau2": 0.791269716598956, "com_1_tau1": 0.06022595802164887, "com_1_tau2": 0.6704779595666418, "com_2_tau1": 0.15327007951593757, "com_2_tau2": 0.5843660771593839, "com_3_tau1": 0.032252841249162764, "com_3_tau2": 1.0155184603895013, "com_4_tau1": 0.11959840928087603, "com_4_tau2": 0.12895337390345574, "com_5_tau1": 0.08138546766469656, "com_5_tau2": 0.5825147534487813, "com_6_tau1": 0.675662214268889, "com_6_tau2": 0.6680835997686336, "com_7_tau1": 0.5128101580529246, "com_7_tau2": 0.8321201237685942, "com_8_tau1": 0.40968331582575657, "com_8_tau2": 0.9304533732000808, "com_9_tau1": 0.4314225690581564, "com_9_tau2": 0.5825899443468103}, "datetime": {"datetime": "2024-12-09 14:37:08", "elapsed": 14752.035862, "delta": 121.303935}}
{"target": 0.8550102632956827, "params": {"com_0_tau1": 0.72286460950354, "com_0_tau2": 0.9824724190976739, "com_10_tau1": 0.6152513592278206, "com_10_tau2": 0.19784488726318278, "com_11_tau1": -0.01094003248117248, "com_11_tau2": 0.4042135797362152, "com_12_tau1": 0.8241771157408186, "com_12_tau2": 0.0783793498687787, "com_13_tau1": -0.039558541111462606, "com_13_tau2": 0.45246662891203715, "com_14_tau1": 0.2813287813316912, "com_14_tau2": 0.5645019004814547, "com_15_tau1": 0.29246546399369877, "com_15_tau2": 0.6126701321923768, "com_16_tau1": 0.5943738685047685, "com_16_tau2": 0.8889568504507954, "com_17_tau1": 0.7410206022849586, "com_17_tau2": 0.9559149275270072, "com_1_tau1": -0.006938641224230713, "com_1_tau2": 0.9554493960318238, "com_2_tau1": 0.29215795763143204, "com_2_tau2": 0.47777200709131, "com_3_tau1": 0.0026249262780033145, "com_3_tau2": 0.7374841253334812, "com_4_tau1": -0.1297134922234331, "com_4_tau2": 0.21334231292267009, "com_5_tau1": -0.051603271810553464, "com_5_tau2": 0.5533011328814044, "com_6_tau1": 0.8613151466593799, "com_6_tau2": 0.5420128535132152, "com_7_tau1": 0.4884912075300368, "com_7_tau2": 0.8653785963762034, "com_8_tau1": 0.25084318548695766, "com_8_tau2": 1.097795386107192, "com_9_tau1": 0.3597206974270982, "com_9_tau2": 0.5196000540206207}, "datetime": {"datetime": "2024-12-09 14:39:34", "elapsed": 14898.024577, "delta": 145.988715}}
{"target": 0.9299004735618085, "params": {"com_0_tau1": 0.6475756226915113, "com_0_tau2": 0.9129921398654793, "com_10_tau1": 0.5957565045045762, "com_10_tau2": 0.2806171350134161, "com_11_tau1": 0.18310231213227693, "com_11_tau2": 0.5888602833821663, "com_12_tau1": 0.5189950304247211, "com_12_tau2": 0.14004119298633405, "com_13_tau1": 0.20652861395856503, "com_13_tau2": 0.2293913520255093, "com_14_tau1": 0.640814338041053, "com_14_tau2": 0.6176223346123489, "com_15_tau1": 0.3132173463086804, "com_15_tau2": 0.8757150186931758, "com_16_tau1": 0.5345435757508965, "com_16_tau2": 0.6997028794442176, "com_17_tau1": 0.8793103531906932, "com_17_tau2": 0.7229593984106725, "com_1_tau1": 0.0653498043777151, "com_1_tau2": 0.6465054333159524, "com_2_tau1": 0.1173903009256318, "com_2_tau2": 0.6759007758898635, "com_3_tau1": 0.04571799934157907, "com_3_tau2": 0.9904126318785573, "com_4_tau1": 0.11629328629093061, "com_4_tau2": 0.0938629394131678, "com_5_tau1": 0.08042944051378291, "com_5_tau2": 0.53515575660888, "com_6_tau1": 0.6566201239849191, "com_6_tau2": 0.7113274315538867, "com_7_tau1": 0.5136563898863672, "com_7_tau2": 0.8112540349868171, "com_8_tau1": 0.4521522196758738, "com_8_tau2": 0.9164577931220943, "com_9_tau1": 0.46735351034637285, "com_9_tau2": 0.4664757118537396}, "datetime": {"datetime": "2024-12-09 14:41:37", "elapsed": 15020.753825, "delta": 122.729248}}
{"target": 0.8890995405472049, "params": {"com_0_tau1": 0.6553023005691154, "com_0_tau2": 0.821621129952144, "com_10_tau1": 0.4596880731902449, "com_10_tau2": 0.19227674504451808, "com_11_tau1": -0.11682690853412614, "com_11_tau2": 0.4539342354151743, "com_12_tau1": 0.48136520529550697, "com_12_tau2": 0.2619317987911792, "com_13_tau1": -0.015147307176895275, "com_13_tau2": 0.22307869293094157, "com_14_tau1": 0.32260999752097513, "com_14_tau2": 0.5844271837688066, "com_15_tau1": 0.6053549072379771, "com_15_tau2": 0.7480355225131364, "com_16_tau1": 0.7733271888838869, "com_16_tau2": 0.9776405011119074, "com_17_tau1": 0.6798658844884058, "com_17_tau2": 0.5772360528678213, "com_1_tau1": 0.23430178485440986, "com_1_tau2": 0.8503830329013015, "com_2_tau1": 0.19476178916675924, "com_2_tau2": 0.4675593328109943, "com_3_tau1": 0.1659963055134418, "com_3_tau2": 1.0026109578883828, "com_4_tau1": 0.026362995192350136, "com_4_tau2": 0.4439138436047536, "com_5_tau1": 0.0004112443760981854, "com_5_tau2": 0.4089539928598298, "com_6_tau1": 0.659272702256789, "com_6_tau2": 0.6270800067937299, "com_7_tau1": 0.5634171212039258, "com_7_tau2": 0.8056790156235795, "com_8_tau1": 0.45197163747852903, "com_8_tau2": 0.9995349282221417, "com_9_tau1": 0.3001236709469778, "com_9_tau2": 0.4306963437560681}, "datetime": {"datetime": "2024-12-09 14:43:49", "elapsed": 15152.619518, "delta": 131.865693}}
{"target": 0.9284836338699668, "params": {"com_0_tau1": 0.5417931606925414, "com_0_tau2": 0.9327291215341802, "com_10_tau1": 0.69834991272321, "com_10_tau2": 0.38272496969428055, "com_11_tau1": 0.3058238329110949, "com_11_tau2": 0.5534394142404847, "com_12_tau1": 0.5884273132829108, "com_12_tau2": 0.20222821757742163, "com_13_tau1": 0.11953404760009348, "com_13_tau2": 0.30317591193498, "com_14_tau1": 0.6454396666290201, "com_14_tau2": 0.6939390912221586, "com_15_tau1": 0.31577401401975375, "com_15_tau2": 0.7853875053672519, "com_16_tau1": 0.5005182357794242, "com_16_tau2": 0.6224862342431015, "com_17_tau1": 0.8613585352356633, "com_17_tau2": 0.8103706679063756, "com_1_tau1": 0.06577854745390267, "com_1_tau2": 0.6186358982476707, "com_2_tau1": 0.13514443519199315, "com_2_tau2": 0.6864447579652938, "com_3_tau1": 0.09185321194789073, "com_3_tau2": 0.915205478786069, "com_4_tau1": 0.19749995310381477, "com_4_tau2": 0.054464558078718785, "com_5_tau1": 0.1891927059477363, "com_5_tau2": 0.5556429305588744, "com_6_tau1": 0.6548863922215005, "com_6_tau2": 0.7297999001626001, "com_7_tau1": 0.6351264910325167, "com_7_tau2": 0.885177484182428, "com_8_tau1": 0.3919384365015088, "com_8_tau2": 0.8620771856807407, "com_9_tau1": 0.47873265001798215, "com_9_tau2": 0.6051454223363232}, "datetime": {"datetime": "2024-12-09 14:45:52", "elapsed": 15275.782975, "delta": 123.163457}}
