{"target": 0.8846359418358362, "params": {"com_0_tau1": 0.36146701736653997, "com_0_tau2": 0.727220734682795, "com_10_tau1": 0.8552193705888167, "com_10_tau2": 0.3134966726086431, "com_11_tau1": 0.15297245059075182, "com_11_tau2": 0.13624078072187318, "com_12_tau1": 0.973293634207294, "com_12_tau2": 0.6486522227050866, "com_13_tau1": 0.6984551891545412, "com_13_tau2": 0.14840975663059197, "com_14_tau1": 0.3718756882351115, "com_14_tau2": 0.7195272868685006, "com_15_tau1": 0.9881145300713803, "com_15_tau2": 0.44884307107273613, "com_16_tau1": 0.6992845656896688, "com_16_tau2": 0.8470231313390196, "com_17_tau1": 0.8694243313114359, "com_17_tau2": 0.6062152707993897, "com_18_tau1": 0.7915648854737162, "com_18_tau2": 0.761585059104847, "com_19_tau1": 0.8729970203094992, "com_19_tau2": 0.2830033612241438, "com_1_tau1": 0.197042197107273, "com_1_tau2": 0.004941457790227033, "com_20_tau1": 0.9150377978177404, "com_20_tau2": 0.2944261636755896, "com_21_tau1": 0.8693794469112496, "com_21_tau2": 0.04321419254168246, "com_22_tau1": 0.972366035502891, "com_22_tau2": 0.9268444446380759, "com_2_tau1": 0.1169405103062614, "com_2_tau2": 0.6187172685613821, "com_3_tau1": 0.5256561516578842, "com_3_tau2": 0.26832317145820905, "com_4_tau1": 0.8510356382078484, "com_4_tau2": 0.36426688543071273, "com_5_tau1": 0.38512393382377674, "com_5_tau2": 0.8103641594108191, "com_6_tau1": 0.09293715771212407, "com_6_tau2": 0.23217365075324992, "com_7_tau1": 0.10350423176202739, "com_7_tau2": 0.09479042942855953, "com_8_tau1": 0.607449749490232, "com_8_tau2": 0.6619655287311068, "com_9_tau1": 0.5668204416941098, "com_9_tau2": 0.3441498325751603}, "datetime": {"datetime": "2024-08-22 04:03:40", "elapsed": 7424.610332, "delta": 106.522228}}
{"target": 0.8955225482437473, "params": {"com_0_tau1": 0.4300608480424092, "com_0_tau2": 0.5547545234538553, "com_10_tau1": 0.4355619605463412, "com_10_tau2": 0.6528577532710783, "com_11_tau1": 0.924362795906743, "com_11_tau2": 0.1496963726524887, "com_12_tau1": 0.522345771928329, "com_12_tau2": 0.1558127827782001, "com_13_tau1": 0.23418163327935226, "com_13_tau2": 0.08281147843340653, "com_14_tau1": 0.010226193919008364, "com_14_tau2": 0.06800349729633393, "com_15_tau1": 0.9385746882075822, "com_15_tau2": 0.9971000787709712, "com_16_tau1": 0.502010773762561, "com_16_tau2": 0.3698687936756392, "com_17_tau1": 0.7080075378368327, "com_17_tau2": 0.6296619830286145, "com_18_tau1": 0.40839915892518996, "com_18_tau2": 0.042469280018035405, "com_19_tau1": 0.33916572464145556, "com_19_tau2": 0.01886920883716936, "com_1_tau1": 0.730691432164853, "com_1_tau2": 0.3570800917335628, "com_20_tau1": 0.688245851950517, "com_20_tau2": 0.8519437519746139, "com_21_tau1": 0.7520297053237863, "com_21_tau2": 0.2192372032856741, "com_22_tau1": 0.035363722843490875, "com_22_tau2": 0.5182689331743694, "com_2_tau1": 0.259732692411085, "com_2_tau2": 0.8637100429048592, "com_3_tau1": 0.8872353101179574, "com_3_tau2": 0.11158991322705791, "com_4_tau1": 0.37749603443930013, "com_4_tau2": 0.6879922530719309, "com_5_tau1": 0.9330675985295613, "com_5_tau2": 0.09472677487137593, "com_6_tau1": 0.971434663094161, "com_6_tau2": 0.4919720282856648, "com_7_tau1": 0.17648887340513097, "com_7_tau2": 0.28217937646684876, "com_8_tau1": 0.515424740636066, "com_8_tau2": 0.6393797031598292, "com_9_tau1": 0.49487389574882157, "com_9_tau2": 0.11325547597673413}, "datetime": {"datetime": "2024-08-22 04:05:24", "elapsed": 7528.391797, "delta": 103.781465}}
{"target": 0.882284803506607, "params": {"com_0_tau1": 0.1630433474729569, "com_0_tau2": 0.509142313580344, "com_10_tau1": 0.939659502866461, "com_10_tau2": 0.8387646595687891, "com_11_tau1": 0.38750967929273683, "com_11_tau2": 0.8969379333206223, "com_12_tau1": 0.05240160796579285, "com_12_tau2": 0.7655009335397787, "com_13_tau1": 0.5126638049438176, "com_13_tau2": 0.12115404078427594, "com_14_tau1": 0.40913623650350306, "com_14_tau2": 0.6466924716855131, "com_15_tau1": 0.6162168079477082, "com_15_tau2": 0.31541247014727336, "com_16_tau1": 0.8750920761069462, "com_16_tau2": 0.8404234530491141, "com_17_tau1": 0.634521956714597, "com_17_tau2": 0.6539632027667498, "com_18_tau1": 0.7167532654005454, "com_18_tau2": 0.8587653987587512, "com_19_tau1": 0.4251170686678971, "com_19_tau2": 0.3810395241728415, "com_1_tau1": 0.7431222696787531, "com_1_tau2": 0.5747851300848182, "com_20_tau1": 0.19227838759437654, "com_20_tau2": 0.7735991125762203, "com_21_tau1": 0.5974693863445665, "com_21_tau2": 0.9777830251459925, "com_22_tau1": 0.7528838688052942, "com_22_tau2": 0.030296972591104532, "com_2_tau1": 0.9207854996344221, "com_2_tau2": 0.20145619285053695, "com_3_tau1": 0.5429654649396629, "com_3_tau2": 0.6032051369725981, "com_4_tau1": 0.6602236853863591, "com_4_tau2": 0.02838033940486384, "com_5_tau1": 0.8966266829724612, "com_5_tau2": 0.34066537017242127, "com_6_tau1": 0.00734727160997406, "com_6_tau2": 0.9523723632429718, "com_7_tau1": 0.9092094444826004, "com_7_tau2": 0.36395243962907997, "com_8_tau1": 0.9191168525342682, "com_8_tau2": 0.5829461875154339, "com_9_tau1": 0.6388941118902901, "com_9_tau2": 0.8275441253996612}, "datetime": {"datetime": "2024-08-22 04:07:13", "elapsed": 7637.290529, "delta": 108.898732}}
{"target": 0.8971365675518508, "params": {"com_0_tau1": 0.7516643593046104, "com_0_tau2": 0.027621478664072274, "com_10_tau1": 0.3728346192788432, "com_10_tau2": 0.5709967553022861, "com_11_tau1": 0.7252881939168656, "com_11_tau2": 0.06314104718819313, "com_12_tau1": 0.3593541856674217, "com_12_tau2": 0.1578917389018235, "com_13_tau1": 0.5532213921367978, "com_13_tau2": 0.6948924064089274, "com_14_tau1": 0.47628902871576095, "com_14_tau2": 0.1634179566759303, "com_15_tau1": 0.04665848691359953, "com_15_tau2": 0.47748014437469033, "com_16_tau1": 0.43269860592300113, "com_16_tau2": 0.19569991048834867, "com_17_tau1": 0.1145989602786982, "com_17_tau2": 0.2118918996012079, "com_18_tau1": 0.7474525770777875, "com_18_tau2": 0.13180893546350247, "com_19_tau1": 0.13275689777852073, "com_19_tau2": 0.8262662052536799, "com_1_tau1": 0.27938738012368447, "com_1_tau2": 0.5983930310955152, "com_20_tau1": 0.2592298671692479, "com_20_tau2": 0.2934988182424534, "com_21_tau1": 0.6176354623529958, "com_21_tau2": 0.2589069173919517, "com_22_tau1": 0.3054493342336436, "com_22_tau2": 0.26803941777451223, "com_2_tau1": 0.9067562259694579, "com_2_tau2": 0.16028672503810104, "com_3_tau1": 0.3641310315098635, "com_3_tau2": 0.27989191356779286, "com_4_tau1": 0.047017054071246345, "com_4_tau2": 0.6926169726930286, "com_5_tau1": 0.9287272839141978, "com_5_tau2": 0.36620733098768943, "com_6_tau1": 0.3173515675061134, "com_6_tau2": 0.4684372234335549, "com_7_tau1": 0.12811148125918415, "com_7_tau2": 0.44581564337319757, "com_8_tau1": 0.5711250596468848, "com_8_tau2": 0.4194856692464126, "com_9_tau1": 0.14934769445172935, "com_9_tau2": 0.7550901125733149}, "datetime": {"datetime": "2024-08-22 04:08:55", "elapsed": 7739.643227, "delta": 102.352698}}
{"target": 0.8986328095998777, "params": {"com_0_tau1": 0.6527911223001719, "com_0_tau2": 0.15602099206590558, "com_10_tau1": 0.6810527567238691, "com_10_tau2": 0.7903923692212955, "com_11_tau1": 0.35541055326501925, "com_11_tau2": 0.526549002440401, "com_12_tau1": 0.007875149526494152, "com_12_tau2": 0.3907485333666285, "com_13_tau1": 0.26141802279716064, "com_13_tau2": 0.5876650444357921, "com_14_tau1": 0.3413901088274064, "com_14_tau2": 0.24136488473076245, "com_15_tau1": 0.1169064368377094, "com_15_tau2": 0.8187661543768584, "com_16_tau1": 0.39436950445248853, "com_16_tau2": 0.9636654135276823, "com_17_tau1": 0.00233225203107279, "com_17_tau2": 0.4812634377217472, "com_18_tau1": 0.32927280405420223, "com_18_tau2": 0.449839186294707, "com_19_tau1": 0.9965821943194523, "com_19_tau2": 0.17835694427630078, "com_1_tau1": 0.20438831700416316, "com_1_tau2": 0.41635632629001085, "com_20_tau1": 0.5859349517559593, "com_20_tau2": 0.3504943676438169, "com_21_tau1": 0.20998748543420342, "com_21_tau2": 0.1720270574442756, "com_22_tau1": 0.9183526283032506, "com_22_tau2": 0.7245906593406627, "com_2_tau1": 0.6094270277051731, "com_2_tau2": 0.34617660359538593, "com_3_tau1": 0.9947234776428606, "com_3_tau2": 0.5797661983099205, "com_4_tau1": 0.17216812842094165, "com_4_tau2": 0.7022185786281598, "com_5_tau1": 0.8236201482457028, "com_5_tau2": 0.7257056483710493, "com_6_tau1": 0.258304972459689, "com_6_tau2": 0.18161558844032577, "com_7_tau1": 0.1381325279207728, "com_7_tau2": 0.19514645064746716, "com_8_tau1": 0.6474302213549925, "com_8_tau2": 0.15554480178351815, "com_9_tau1": 0.5897821388901657, "com_9_tau2": 0.015504642473073371}, "datetime": {"datetime": "2024-08-22 04:10:37", "elapsed": 7842.137706, "delta": 102.494479}}
{"target": 0.8955606483709271, "params": {"com_0_tau1": 0.7002753876264592, "com_0_tau2": 0.5643501173136399, "com_10_tau1": 0.024615369058170078, "com_10_tau2": 0.6013725985974712, "com_11_tau1": 0.7734418444543644, "com_11_tau2": 0.480654526445379, "com_12_tau1": 0.5049197409541764, "com_12_tau2": 0.9020040950440866, "com_13_tau1": 0.8301511655676324, "com_13_tau2": 0.563658898204116, "com_14_tau1": 0.23498116189728047, "com_14_tau2": 0.5662579160321728, "com_15_tau1": 0.022086304273029045, "com_15_tau2": 0.45305629258219504, "com_16_tau1": 0.7817376037322575, "com_16_tau2": 0.1348794870451251, "com_17_tau1": 0.9124132924866093, "com_17_tau2": 0.7484666380725808, "com_18_tau1": 0.22805146971743406, "com_18_tau2": 0.6043509747030528, "com_19_tau1": 0.730545223277303, "com_19_tau2": 0.9049888530460408, "com_1_tau1": 0.6413653912735963, "com_1_tau2": 0.2529617541718291, "com_20_tau1": 0.49413856289369085, "com_20_tau2": 0.4171632205888509, "com_21_tau1": 0.4160631723174908, "com_21_tau2": 0.5687675585605684, "com_22_tau1": 0.5596280775635435, "com_22_tau2": 0.6585211303673021, "com_2_tau1": 0.23869891437487367, "com_2_tau2": 0.9368655939709405, "com_3_tau1": 0.8924227708834155, "com_3_tau2": 0.7972405907369765, "com_4_tau1": 0.48763465354385993, "com_4_tau2": 0.9529052910099763, "com_5_tau1": 0.3947747446279154, "com_5_tau2": 0.3772430552336232, "com_6_tau1": 0.7216812792259076, "com_6_tau2": 0.7129831739419474, "com_7_tau1": 0.7156166224377516, "com_7_tau2": 0.7707818215778692, "com_8_tau1": 0.36891915772325745, "com_8_tau2": 0.49026469331720024, "com_9_tau1": 0.6230634067798928, "com_9_tau2": 0.2783173949264258}, "datetime": {"datetime": "2024-08-22 04:12:20", "elapsed": 7944.63286, "delta": 102.495154}}
{"target": 0.8954865280264601, "params": {"com_0_tau1": 0.26771133948762293, "com_0_tau2": 0.9802635136309618, "com_10_tau1": 0.7645016362651663, "com_10_tau2": 0.880379564661834, "com_11_tau1": 0.14445332067168914, "com_11_tau2": 0.7611835225100704, "com_12_tau1": 0.321097951759588, "com_12_tau2": 0.990019414268153, "com_13_tau1": 0.37358627079230766, "com_13_tau2": 0.03395741407343711, "com_14_tau1": 0.9074997089487827, "com_14_tau2": 0.7032155139240267, "com_15_tau1": 0.7681151868546403, "com_15_tau2": 0.520644372854379, "com_16_tau1": 0.6770038243446023, "com_16_tau2": 0.4261553668993061, "com_17_tau1": 0.9058412542855249, "com_17_tau2": 0.45537917189635746, "com_18_tau1": 0.20740473696601058, "com_18_tau2": 0.25687526872719146, "com_19_tau1": 0.9002645574700111, "com_19_tau2": 0.5225266824185071, "com_1_tau1": 0.7529143869352386, "com_1_tau2": 0.1804565681335114, "com_20_tau1": 0.8811934245329444, "com_20_tau2": 0.8270047149120975, "com_21_tau1": 0.9401669804032823, "com_21_tau2": 0.7978073557396336, "com_22_tau1": 0.9203329916826375, "com_22_tau2": 0.5675287530441214, "com_2_tau1": 0.36359817684407014, "com_2_tau2": 0.07484090613724392, "com_3_tau1": 0.9342673763378759, "com_3_tau2": 0.22509354969488282, "com_4_tau1": 0.02282220766835974, "com_4_tau2": 0.909019141797177, "com_5_tau1": 0.7986987673969859, "com_5_tau2": 0.5452174029686513, "com_6_tau1": 0.12955639302128863, "com_6_tau2": 0.7399859264698595, "com_7_tau1": 0.9677484783474637, "com_7_tau2": 0.38684180458099926, "com_8_tau1": 0.6878478820906859, "com_8_tau2": 0.37932663747205386, "com_9_tau1": 0.8652422045579529, "com_9_tau2": 0.6410455209835453}, "datetime": {"datetime": "2024-08-22 04:14:03", "elapsed": 8047.179622, "delta": 102.546762}}
{"target": 0.8955654377203884, "params": {"com_0_tau1": 0.2405213135535086, "com_0_tau2": 0.22352494417515056, "com_10_tau1": 0.1951800162296291, "com_10_tau2": 0.7241411788990969, "com_11_tau1": 0.2183152720865198, "com_11_tau2": 0.8338762631145893, "com_12_tau1": 0.41701498855039987, "com_12_tau2": 0.4849835263157102, "com_13_tau1": 0.29206024052719703, "com_13_tau2": 0.977878292128104, "com_14_tau1": 0.9639974140059262, "com_14_tau2": 0.07201587278347876, "com_15_tau1": 0.4303883328508997, "com_15_tau2": 0.4070093384228246, "com_16_tau1": 0.21395106490015448, "com_16_tau2": 0.49437533422988256, "com_17_tau1": 0.15449527968163623, "com_17_tau2": 0.9197994021782138, "com_18_tau1": 0.3658452463863656, "com_18_tau2": 0.7119003296296069, "com_19_tau1": 0.37340968583632483, "com_19_tau2": 0.550077393951701, "com_1_tau1": 0.7415816038616581, "com_1_tau2": 0.4902312471695657, "com_20_tau1": 0.9981749296625011, "com_20_tau2": 0.6525935617519721, "com_21_tau1": 0.13805204570682994, "com_21_tau2": 0.5327706073091185, "com_22_tau1": 0.5491539805301598, "com_22_tau2": 0.07247470642249887, "com_2_tau1": 0.6190024666725185, "com_2_tau2": 0.04487159462109369, "com_3_tau1": 0.931261649333577, "com_3_tau2": 0.7786447229450634, "com_4_tau1": 0.7921449398926894, "com_4_tau2": 0.02592900687395361, "com_5_tau1": 0.18042317066886304, "com_5_tau2": 0.5287517635884271, "com_6_tau1": 0.6787181153020344, "com_6_tau2": 0.08508549137328936, "com_7_tau1": 0.38969127366981215, "com_7_tau2": 0.5439572090873679, "com_8_tau1": 0.9138916814730774, "com_8_tau2": 0.671826782769317, "com_9_tau1": 0.8480938258175931, "com_9_tau2": 0.9211033081960157}, "datetime": {"datetime": "2024-08-22 04:15:47", "elapsed": 8151.23627, "delta": 104.056648}}
{"target": 0.8967637286623054, "params": {"com_0_tau1": 0.927799598112556, "com_0_tau2": 0.9073960715665079, "com_10_tau1": 0.0140312874844849, "com_10_tau2": 0.29172598047327336, "com_11_tau1": 0.4106115619502422, "com_11_tau2": 0.37951985789394127, "com_12_tau1": 0.6125906546496661, "com_12_tau2": 0.9801360730834479, "com_13_tau1": 0.630060614533094, "com_13_tau2": 0.6559502248277237, "com_14_tau1": 0.007964079264248691, "com_14_tau2": 0.6729925922110181, "com_15_tau1": 0.754964388762872, "com_15_tau2": 0.8366344168892987, "com_16_tau1": 0.9633178203092247, "com_16_tau2": 0.7924683836926943, "com_17_tau1": 0.4715479911624939, "com_17_tau2": 0.1712541341740561, "com_18_tau1": 0.05794356412452473, "com_18_tau2": 0.04256095913209801, "com_19_tau1": 0.5557886143001375, "com_19_tau2": 0.1419872829145027, "com_1_tau1": 0.2778382681681587, "com_1_tau2": 0.8216648746294561, "com_20_tau1": 0.32353571454922236, "com_20_tau2": 0.9348346454128756, "com_21_tau1": 0.07614956556171426, "com_21_tau2": 0.23061525337277367, "com_22_tau1": 0.24859071321660153, "com_22_tau2": 0.1735444519304601, "com_2_tau1": 0.7479442728668028, "com_2_tau2": 0.4417413133316549, "com_3_tau1": 0.6735879907198933, "com_3_tau2": 0.8364854395356021, "com_4_tau1": 0.591776755536655, "com_4_tau2": 0.5727935309651974, "com_5_tau1": 0.24441663005313663, "com_5_tau2": 0.39916036535816424, "com_6_tau1": 0.4498565212221568, "com_6_tau2": 0.4059241005421893, "com_7_tau1": 0.37181539418592957, "com_7_tau2": 0.09129733638432735, "com_8_tau1": 0.515691890454573, "com_8_tau2": 0.35205619126437515, "com_9_tau1": 0.5400499426405526, "com_9_tau2": 0.2772313227855868}, "datetime": {"datetime": "2024-08-22 04:17:30", "elapsed": 8255.100625, "delta": 103.864355}}
{"target": 0.89575979531703, "params": {"com_0_tau1": 0.9264195877637706, "com_0_tau2": 0.8705513505711171, "com_10_tau1": 0.3638000027728042, "com_10_tau2": 0.7630551720850324, "com_11_tau1": 0.5225354177949437, "com_11_tau2": 0.7221824285713137, "com_12_tau1": 0.9187993691401722, "com_12_tau2": 0.5378897549446645, "com_13_tau1": 0.37510489849936335, "com_13_tau2": 0.8027335631156717, "com_14_tau1": 0.32976803885803774, "com_14_tau2": 0.905136809477941, "com_15_tau1": 0.08518097638349897, "com_15_tau2": 0.051264541258428276, "com_16_tau1": 0.7508741557658349, "com_16_tau2": 0.9672088617816822, "com_17_tau1": 0.26968526346552246, "com_17_tau2": 0.4471161278176218, "com_18_tau1": 0.933594473334792, "com_18_tau2": 0.7871995893393261, "com_19_tau1": 0.4429872123297146, "com_19_tau2": 0.874099571456663, "com_1_tau1": 0.5887041813312196, "com_1_tau2": 0.470588990950069, "com_20_tau1": 0.18129957598541602, "com_20_tau2": 0.6507297845610065, "com_21_tau1": 0.9192107236425046, "com_21_tau2": 0.001914289391420687, "com_22_tau1": 0.40833698527358775, "com_22_tau2": 0.9454615887255863, "com_2_tau1": 0.30544295500312524, "com_2_tau2": 0.818405853882693, "com_3_tau1": 0.4177329473547996, "com_3_tau2": 0.5461372809539163, "com_4_tau1": 0.8024444612720765, "com_4_tau2": 0.5131921109259132, "com_5_tau1": 0.3422976603693072, "com_5_tau2": 0.8377810975335342, "com_6_tau1": 0.4217618093845025, "com_6_tau2": 0.868276253074547, "com_7_tau1": 0.2656529315138515, "com_7_tau2": 0.6469764958127672, "com_8_tau1": 0.0453786661213913, "com_8_tau2": 0.7090781228276692, "com_9_tau1": 0.2725009074843444, "com_9_tau2": 0.6039779584415303}, "datetime": {"datetime": "2024-08-22 04:19:14", "elapsed": 8358.270959, "delta": 103.170334}}
{"target": 0.894853787740177, "params": {"com_0_tau1": 0.2897897265653112, "com_0_tau2": 0.8933249874998144, "com_10_tau1": 0.15102179638416668, "com_10_tau2": 0.6485568940737534, "com_11_tau1": 0.57053913386489, "com_11_tau2": 0.6165549193588082, "com_12_tau1": 0.524286189092584, "com_12_tau2": 0.5027790404487558, "com_13_tau1": 0.6474904422469092, "com_13_tau2": 0.2576150264283946, "com_14_tau1": 0.9808397098966429, "com_14_tau2": 0.08237448448115503, "com_15_tau1": 0.6277594936990557, "com_15_tau2": 0.4514051473057292, "com_16_tau1": 0.8075005242805922, "com_16_tau2": 0.27145156042517804, "com_17_tau1": 0.8428270998527448, "com_17_tau2": 0.3817571927483179, "com_18_tau1": 0.37465326478354766, "com_18_tau2": 0.9889618199169332, "com_19_tau1": 0.7808796714067893, "com_19_tau2": 0.16203855893706143, "com_1_tau1": 0.5204710310893557, "com_1_tau2": 0.05387394022104408, "com_20_tau1": 0.14227965466567116, "com_20_tau2": 0.8642676087757516, "com_21_tau1": 0.47511131432261644, "com_21_tau2": 0.3795767158697746, "com_22_tau1": 0.14411128040509125, "com_22_tau2": 0.11609344735573279, "com_2_tau1": 0.9863590020726979, "com_2_tau2": 0.2519472616590156, "com_3_tau1": 0.8844791409490044, "com_3_tau2": 0.31375649009519635, "com_4_tau1": 0.2475707634682529, "com_4_tau2": 0.46181587542657354, "com_5_tau1": 0.15365641054930834, "com_5_tau2": 0.3480985926283672, "com_6_tau1": 0.48354339229791754, "com_6_tau2": 0.527303612613765, "com_7_tau1": 0.947545099751423, "com_7_tau2": 0.022370144534004988, "com_8_tau1": 0.900798685040651, "com_8_tau2": 0.8242153813055885, "com_9_tau1": 0.813699335423296, "com_9_tau2": 0.27573926039284447}, "datetime": {"datetime": "2024-08-22 04:20:58", "elapsed": 8462.458155, "delta": 104.187196}}
{"target": 0.8806342813971567, "params": {"com_0_tau1": 0.4450568775020983, "com_0_tau2": 0.5938480829299956, "com_10_tau1": 0.2217771879539875, "com_10_tau2": 0.9873065041976514, "com_11_tau1": 0.004637764027215274, "com_11_tau2": 0.9202789066033714, "com_12_tau1": 0.907690690716911, "com_12_tau2": 0.8559555235755787, "com_13_tau1": 0.14131579454123333, "com_13_tau2": 0.335810579053728, "com_14_tau1": 0.044711426988507386, "com_14_tau2": 0.9897740307188608, "com_15_tau1": 0.5376185911739492, "com_15_tau2": 0.6315661686666191, "com_16_tau1": 0.7812476256138853, "com_16_tau2": 0.9161530146504158, "com_17_tau1": 0.2620057100207992, "com_17_tau2": 0.725894407257123, "com_18_tau1": 0.497925713750212, "com_18_tau2": 0.20684639598547017, "com_19_tau1": 0.5258141391998923, "com_19_tau2": 0.14264875132839938, "com_1_tau1": 0.15033567533511183, "com_1_tau2": 0.28906489271647573, "com_20_tau1": 0.05176721709776455, "com_20_tau2": 0.36848050047069447, "com_21_tau1": 0.356220625992245, "com_21_tau2": 0.6257353611606854, "com_22_tau1": 0.9737729276178981, "com_22_tau2": 0.42176217132921934, "com_2_tau1": 0.907977877616451, "com_2_tau2": 0.181936830817786, "com_3_tau1": 0.5856216281737615, "com_3_tau2": 0.45887577257813483, "com_4_tau1": 0.30385615625510787, "com_4_tau2": 0.16761699319356538, "com_5_tau1": 0.08289973116282556, "com_5_tau2": 0.7466396336128295, "com_6_tau1": 0.5070797899403129, "com_6_tau2": 0.5284415765069886, "com_7_tau1": 0.8503938244104122, "com_7_tau2": 0.24995238490271676, "com_8_tau1": 0.28243093582647794, "com_8_tau2": 0.8340381780326277, "com_9_tau1": 0.9459042480149337, "com_9_tau2": 0.5841217036349066}, "datetime": {"datetime": "2024-08-22 04:22:47", "elapsed": 8571.471732, "delta": 109.013577}}
