{"target": 0.9116746329681517, "params": {"com_0_tau1": 0.5083271882826326, "com_0_tau2": 0.8471008220825667, "com_10_tau1": 0.6151697916210632, "com_10_tau2": 0.8288777247886089, "com_11_tau1": 0.4524735513322008, "com_11_tau2": 0.4511469871136975, "com_12_tau1": 0.9135376918114713, "com_12_tau2": 0.19179560592672373, "com_13_tau1": 0.8165947423437724, "com_13_tau2": 0.48899526935488147, "com_14_tau1": 0.12106564950266807, "com_14_tau2": 0.17619773196284816, "com_15_tau1": 0.13184579060354762, "com_15_tau2": 0.1818277427383712, "com_16_tau1": 0.7722505339236538, "com_16_tau2": 0.10554708946005553, "com_17_tau1": 0.34459493183564405, "com_17_tau2": 0.6359074930748695, "com_18_tau1": 0.9118445799231154, "com_18_tau2": 0.7681535002679699, "com_19_tau1": 0.5373294230455656, "com_19_tau2": 0.9243320437154273, "com_1_tau1": 0.006678256470859512, "com_1_tau2": 0.8672528200416836, "com_20_tau1": 0.29900317050498004, "com_20_tau2": 0.2510880962556221, "com_21_tau1": 0.30473080316453605, "com_21_tau2": 0.6714190935722822, "com_22_tau1": 0.6274377724205794, "com_22_tau2": 0.5017830625864584, "com_2_tau1": 0.15482942960584745, "com_2_tau2": 0.8951040992403204, "com_3_tau1": 0.5015854646989857, "com_3_tau2": 0.2478828227414166, "com_4_tau1": 0.48964265775671245, "com_4_tau2": 0.36045905427946723, "com_5_tau1": 0.2560411168794956, "com_5_tau2": 0.762700217651748, "com_6_tau1": 0.13121475499508617, "com_6_tau2": 0.450464593992556, "com_7_tau1": 0.601949354297873, "com_7_tau2": 0.24003132966018603, "com_8_tau1": 0.05678025588318525, "com_8_tau2": 0.45301501036150527, "com_9_tau1": 0.5539421213094677, "com_9_tau2": 0.9760033492958384}, "datetime": {"datetime": "2024-08-22 03:42:49", "elapsed": 6174.025791, "delta": 98.826102}}
{"target": 0.893567468907979, "params": {"com_0_tau1": 0.21907953883362208, "com_0_tau2": 0.48945151842032353, "com_10_tau1": 0.8708816578304572, "com_10_tau2": 0.6858105190469944, "com_11_tau1": 0.17906082529465162, "com_11_tau2": 0.6294878945651091, "com_12_tau1": 0.7557652618493907, "com_12_tau2": 0.786939022928792, "com_13_tau1": 0.8947626844741332, "com_13_tau2": 0.44398041466502514, "com_14_tau1": 0.5173202110587464, "com_14_tau2": 0.6062877182964967, "com_15_tau1": 0.20910381267338596, "com_15_tau2": 0.2618109912555967, "com_16_tau1": 0.7819361845832226, "com_16_tau2": 0.37917721548794847, "com_17_tau1": 0.7602756605302905, "com_17_tau2": 0.10223349381344682, "com_18_tau1": 0.2798860391977448, "com_18_tau2": 0.564638345431051, "com_19_tau1": 0.9435451589769223, "com_19_tau2": 0.7704283308537383, "com_1_tau1": 0.6525059514211462, "com_1_tau2": 0.01810445818039519, "com_20_tau1": 0.027758214760792543, "com_20_tau2": 0.4712413209861045, "com_21_tau1": 0.9832356292903807, "com_21_tau2": 0.4111402731011976, "com_22_tau1": 0.5404249621997835, "com_22_tau2": 0.15470957867187607, "com_2_tau1": 0.6080517591975706, "com_2_tau2": 0.46928775567528747, "com_3_tau1": 0.47387374462061627, "com_3_tau2": 0.25153937437371043, "com_4_tau1": 0.9896647949813637, "com_4_tau2": 0.2655359870133709, "com_5_tau1": 0.7876726844896194, "com_5_tau2": 0.23334930731337855, "com_6_tau1": 0.3662387382466954, "com_6_tau2": 0.8770891962470859, "com_7_tau1": 0.5729914950826532, "com_7_tau2": 0.6477145108356931, "com_8_tau1": 0.16249602166219212, "com_8_tau2": 0.737638283184677, "com_9_tau1": 0.8497611081835487, "com_9_tau2": 0.9877816135055528}, "datetime": {"datetime": "2024-08-22 03:44:33", "elapsed": 6277.834725, "delta": 103.808934}}
{"target": 0.8867090410568825, "params": {"com_0_tau1": 0.23301432423690815, "com_0_tau2": 0.9690557027412838, "com_10_tau1": 0.6225894944705598, "com_10_tau2": 0.8776236031966441, "com_11_tau1": 0.16912127116489573, "com_11_tau2": 0.07307515571593348, "com_12_tau1": 0.23796253714444326, "com_12_tau2": 0.19331221094030282, "com_13_tau1": 0.27427453027740656, "com_13_tau2": 0.77215024609239, "com_14_tau1": 0.1961599951333628, "com_14_tau2": 0.28836085285496993, "com_15_tau1": 0.9747700216167839, "com_15_tau2": 0.5603316646566521, "com_16_tau1": 0.009350094848851853, "com_16_tau2": 0.5543336361447104, "com_17_tau1": 0.38752384724958644, "com_17_tau2": 0.6881514430142063, "com_18_tau1": 0.5991128080938084, "com_18_tau2": 0.20430617452899802, "com_19_tau1": 0.9569176668166857, "com_19_tau2": 0.22569128598722477, "com_1_tau1": 0.20388304662293266, "com_1_tau2": 0.3029608170277781, "com_20_tau1": 0.985935867511082, "com_20_tau2": 0.9228787279247249, "com_21_tau1": 0.7648159388725837, "com_21_tau2": 0.5544047233205964, "com_22_tau1": 0.3697329947209306, "com_22_tau2": 0.30222346218910023, "com_2_tau1": 0.6121412570185621, "com_2_tau2": 0.6765207019912063, "com_3_tau1": 0.728217233121658, "com_3_tau2": 0.7826857528652758, "com_4_tau1": 0.5144058883986691, "com_4_tau2": 0.018752595148074924, "com_5_tau1": 0.39247154587069943, "com_5_tau2": 0.2090728038891485, "com_6_tau1": 0.5903517457351943, "com_6_tau2": 0.007936416152416137, "com_7_tau1": 0.2382668414427438, "com_7_tau2": 0.8425184112542949, "com_8_tau1": 0.17063562820244393, "com_8_tau2": 0.23087871301452756, "com_9_tau1": 0.19487645038329338, "com_9_tau2": 0.18618420553653625}, "datetime": {"datetime": "2024-08-22 03:46:18", "elapsed": 6383.129081, "delta": 105.294356}}
{"target": 0.8957745896086639, "params": {"com_0_tau1": 0.046053145934378814, "com_0_tau2": 0.4128221566260538, "com_10_tau1": 0.6263137080466671, "com_10_tau2": 0.31079324755290316, "com_11_tau1": 0.48713786861016395, "com_11_tau2": 0.7110851832631266, "com_12_tau1": 0.24090465500815272, "com_12_tau2": 0.8580720808129091, "com_13_tau1": 0.637986820413104, "com_13_tau2": 0.7493480777985749, "com_14_tau1": 0.9674904995403505, "com_14_tau2": 0.11969140592523597, "com_15_tau1": 0.04039939807004134, "com_15_tau2": 0.8274740813401265, "com_16_tau1": 0.4230151157236838, "com_16_tau2": 0.10305031804877485, "com_17_tau1": 0.8412983893855777, "com_17_tau2": 0.39979811749911376, "com_18_tau1": 0.7518223736198557, "com_18_tau2": 0.5875295246291613, "com_19_tau1": 0.6095045399290953, "com_19_tau2": 0.5963204721429759, "com_1_tau1": 0.9651755285257673, "com_1_tau2": 0.8419351282163128, "com_20_tau1": 0.9973978135978385, "com_20_tau2": 0.8470342619627341, "com_21_tau1": 0.3803087040820986, "com_21_tau2": 0.4557308463400346, "com_22_tau1": 0.558633837189313, "com_22_tau2": 0.6043363810459387, "com_2_tau1": 0.3052028738682926, "com_2_tau2": 0.23741583527798404, "com_3_tau1": 0.7060757658643138, "com_3_tau2": 0.2959337476948347, "com_4_tau1": 0.4728589577705633, "com_4_tau2": 0.08321233029315578, "com_5_tau1": 0.4219041293269702, "com_5_tau2": 0.9770985717401618, "com_6_tau1": 0.8503678446272522, "com_6_tau2": 0.9684984861492166, "com_7_tau1": 0.6852441281935487, "com_7_tau2": 0.6373436022641829, "com_8_tau1": 0.7827269951949352, "com_8_tau2": 0.21900586310753833, "com_9_tau1": 0.3861556803135331, "com_9_tau2": 0.28115963000952726}, "datetime": {"datetime": "2024-08-22 03:48:03", "elapsed": 6487.675782, "delta": 104.546701}}
{"target": 0.8958525494105771, "params": {"com_0_tau1": 0.5816473624318287, "com_0_tau2": 0.5963292933892705, "com_10_tau1": 0.871398417747431, "com_10_tau2": 0.36881178421368255, "com_11_tau1": 0.41866403090263304, "com_11_tau2": 0.9771145176158772, "com_12_tau1": 0.5546183795609597, "com_12_tau2": 0.5782602948065299, "com_13_tau1": 0.17727008539314726, "com_13_tau2": 0.8201436397587332, "com_14_tau1": 0.12695359267618067, "com_14_tau2": 0.7066109228815359, "com_15_tau1": 0.9720775021993767, "com_15_tau2": 0.31676214503416034, "com_16_tau1": 0.9870477297884536, "com_16_tau2": 0.9336947784729177, "com_17_tau1": 0.29781240591250746, "com_17_tau2": 0.5805718743124365, "com_18_tau1": 0.45067290416091665, "com_18_tau2": 0.5052308488520084, "com_19_tau1": 0.5610901678617959, "com_19_tau2": 0.6025695384166506, "com_1_tau1": 0.41671866697057347, "com_1_tau2": 0.5880147733377981, "com_20_tau1": 0.4361239613721509, "com_20_tau2": 0.22687726116803764, "com_21_tau1": 0.19713345308165753, "com_21_tau2": 0.5757784627700875, "com_22_tau1": 0.3815426540374378, "com_22_tau2": 0.733330077181017, "com_2_tau1": 0.05831570732399283, "com_2_tau2": 0.1779800900907591, "com_3_tau1": 0.5043625627623162, "com_3_tau2": 0.20846295228867784, "com_4_tau1": 0.422045948843248, "com_4_tau2": 0.4919173824696177, "com_5_tau1": 0.9681716234220423, "com_5_tau2": 0.2787686165360336, "com_6_tau1": 0.6221736775072397, "com_6_tau2": 0.3506909234378326, "com_7_tau1": 0.39010537079842655, "com_7_tau2": 0.08075403610248255, "com_8_tau1": 0.45303018090172575, "com_8_tau2": 0.16159334061773312, "com_9_tau1": 0.0778706321219017, "com_9_tau2": 0.45060317366964353}, "datetime": {"datetime": "2024-08-22 03:49:47", "elapsed": 6591.409413, "delta": 103.733631}}
{"target": 0.8785078255187241, "params": {"com_0_tau1": 0.8321763957235512, "com_0_tau2": 0.6203210811482242, "com_10_tau1": 0.14811577042311208, "com_10_tau2": 0.8552391353376503, "com_11_tau1": 0.7825351463598175, "com_11_tau2": 0.06086074493342908, "com_12_tau1": 0.014847274672866173, "com_12_tau2": 0.38311526928009154, "com_13_tau1": 0.5534122841022839, "com_13_tau2": 0.831964536111058, "com_14_tau1": 0.6378336936395856, "com_14_tau2": 0.8740562097263257, "com_15_tau1": 0.42662814130046434, "com_15_tau2": 0.3493639029871518, "com_16_tau1": 0.29758450733263353, "com_16_tau2": 0.21247374586915946, "com_17_tau1": 0.27809527966687564, "com_17_tau2": 0.6681494833137179, "com_18_tau1": 0.949334305344301, "com_18_tau2": 0.5129042547212672, "com_19_tau1": 0.7261875858594866, "com_19_tau2": 0.2460569736420002, "com_1_tau1": 0.9053911290654884, "com_1_tau2": 0.0035469841554702786, "com_20_tau1": 0.3601576929575854, "com_20_tau2": 0.9136283374012534, "com_21_tau1": 0.602328316701102, "com_21_tau2": 0.5351905084121843, "com_22_tau1": 0.2258358009012298, "com_22_tau2": 0.1538629501545533, "com_2_tau1": 0.9823668258465768, "com_2_tau2": 0.7181052909294225, "com_3_tau1": 0.846252862956048, "com_3_tau2": 0.21153257116898472, "com_4_tau1": 0.23081210133816887, "com_4_tau2": 0.020458151700226912, "com_5_tau1": 0.7924912131704103, "com_5_tau2": 0.8651821645030824, "com_6_tau1": 0.062233163131253155, "com_6_tau2": 0.3794913433811481, "com_7_tau1": 0.4746292583856433, "com_7_tau2": 0.3012343623095589, "com_8_tau1": 0.4543376968465309, "com_8_tau2": 0.8236594125242463, "com_9_tau1": 0.5209328671770109, "com_9_tau2": 0.811126831034034}, "datetime": {"datetime": "2024-08-22 03:51:34", "elapsed": 6698.926368, "delta": 107.516955}}
{"target": 0.8956324958367299, "params": {"com_0_tau1": 0.26830708140681725, "com_0_tau2": 0.3933820242796394, "com_10_tau1": 0.8848872547777147, "com_10_tau2": 0.14903873819834013, "com_11_tau1": 0.26474045994708384, "com_11_tau2": 0.6715569738195172, "com_12_tau1": 0.146508126605013, "com_12_tau2": 0.19657545132324084, "com_13_tau1": 0.475181394700522, "com_13_tau2": 0.5881015267447215, "com_14_tau1": 0.7587655741257859, "com_14_tau2": 0.7792160053840123, "com_15_tau1": 0.36325047878412275, "com_15_tau2": 0.26354425501582524, "com_16_tau1": 0.1481015092113822, "com_16_tau2": 0.6312289820429452, "com_17_tau1": 0.43441778164284506, "com_17_tau2": 0.7184400269628131, "com_18_tau1": 0.5149720851231369, "com_18_tau2": 0.4939408041930624, "com_19_tau1": 0.47929794866974607, "com_19_tau2": 0.7187110901970692, "com_1_tau1": 0.6051915139477351, "com_1_tau2": 0.4737602498130057, "com_20_tau1": 0.9708812963439699, "com_20_tau2": 0.897111634413646, "com_21_tau1": 0.054806210955436585, "com_21_tau2": 0.5642772654748328, "com_22_tau1": 0.024872032359171015, "com_22_tau2": 0.8708842897885584, "com_2_tau1": 0.011088208496013996, "com_2_tau2": 0.3508641204337879, "com_3_tau1": 0.05899526435707125, "com_3_tau2": 0.13211777090411447, "com_4_tau1": 0.3677272836188339, "com_4_tau2": 0.2672342375557565, "com_5_tau1": 0.32807695841769446, "com_5_tau2": 0.9798885719694829, "com_6_tau1": 0.7146014018736241, "com_6_tau2": 0.357329603364392, "com_7_tau1": 0.9515159291996635, "com_7_tau2": 0.9509681367116816, "com_8_tau1": 0.10486827054344516, "com_8_tau2": 0.44986186634630565, "com_9_tau1": 0.4728685561242859, "com_9_tau2": 0.41210165140700206}, "datetime": {"datetime": "2024-08-22 03:53:17", "elapsed": 6801.367255, "delta": 102.440887}}
{"target": 0.8957195751169038, "params": {"com_0_tau1": 0.8659114187629354, "com_0_tau2": 0.8510523482970465, "com_10_tau1": 0.32083567390565837, "com_10_tau2": 0.34243765348927035, "com_11_tau1": 0.19995504179270807, "com_11_tau2": 0.09455082383103708, "com_12_tau1": 0.0044857621072653675, "com_12_tau2": 0.28395709563565474, "com_13_tau1": 0.4813985866607293, "com_13_tau2": 0.9292493907233466, "com_14_tau1": 0.948673045908258, "com_14_tau2": 0.29352156910650007, "com_15_tau1": 0.543333782044734, "com_15_tau2": 0.5260611727539722, "com_16_tau1": 0.2370611347424596, "com_16_tau2": 0.8326857204858832, "com_17_tau1": 0.09470832997338763, "com_17_tau2": 0.0005944438406122465, "com_18_tau1": 0.5644624196485907, "com_18_tau2": 0.08792908482615225, "com_19_tau1": 0.44089901468428316, "com_19_tau2": 0.6533443453297502, "com_1_tau1": 0.7797833164631666, "com_1_tau2": 0.9037752224383225, "com_20_tau1": 0.8947992350029721, "com_20_tau2": 0.3064435876503414, "com_21_tau1": 0.2065476454759716, "com_21_tau2": 0.6855041031844545, "com_22_tau1": 0.3366603003036649, "com_22_tau2": 0.7459135836403641, "com_2_tau1": 0.9948804632998827, "com_2_tau2": 0.23633837841204242, "com_3_tau1": 0.27353579304581066, "com_3_tau2": 0.18126449927245203, "com_4_tau1": 0.9014206007207359, "com_4_tau2": 0.9517926705130558, "com_5_tau1": 0.9448527674046742, "com_5_tau2": 0.3287583586291568, "com_6_tau1": 0.5323974900947662, "com_6_tau2": 0.5847710968525545, "com_7_tau1": 0.5114751652893835, "com_7_tau2": 0.1228245012239162, "com_8_tau1": 0.04795648231952987, "com_8_tau2": 0.24678191641309088, "com_9_tau1": 0.5528542088080123, "com_9_tau2": 0.3566772471211511}, "datetime": {"datetime": "2024-08-22 03:54:59", "elapsed": 6903.693255, "delta": 102.326}}
{"target": 0.895673739792018, "params": {"com_0_tau1": 0.9268043712047195, "com_0_tau2": 0.3091243895164739, "com_10_tau1": 0.10306913412414087, "com_10_tau2": 0.15885956949691893, "com_11_tau1": 0.14402581601557507, "com_11_tau2": 0.052747905040182785, "com_12_tau1": 0.3073743685600887, "com_12_tau2": 0.11309159234271748, "com_13_tau1": 0.5093628589714263, "com_13_tau2": 0.29163110754545485, "com_14_tau1": 0.34788200463420205, "com_14_tau2": 0.06814628800170563, "com_15_tau1": 0.04360187186545106, "com_15_tau2": 0.2216383178660848, "com_16_tau1": 0.2694942497098104, "com_16_tau2": 0.6616412612017866, "com_17_tau1": 0.1818373306953186, "com_17_tau2": 0.37983024042728075, "com_18_tau1": 0.03449012355079972, "com_18_tau2": 0.47127463502930045, "com_19_tau1": 0.8693698383421798, "com_19_tau2": 0.4670769091003233, "com_1_tau1": 0.9051913151166854, "com_1_tau2": 0.6763841464665888, "com_20_tau1": 0.5164473125150426, "com_20_tau2": 0.8540179200166944, "com_21_tau1": 0.5914059657110402, "com_21_tau2": 0.8912148022210714, "com_22_tau1": 0.09249413426909736, "com_22_tau2": 0.6618913703844718, "com_2_tau1": 0.918913623124913, "com_2_tau2": 0.4843908281507284, "com_3_tau1": 0.4860646141488627, "com_3_tau2": 0.9010349894131915, "com_4_tau1": 0.614367976850748, "com_4_tau2": 0.6114104224417205, "com_5_tau1": 0.28653560615909, "com_5_tau2": 0.5406165218577664, "com_6_tau1": 0.7760697934339432, "com_6_tau2": 0.6331613838609692, "com_7_tau1": 0.2836645809714152, "com_7_tau2": 0.8131012136653343, "com_8_tau1": 0.06459760489824873, "com_8_tau2": 0.09390335888584478, "com_9_tau1": 0.6229988120681517, "com_9_tau2": 0.7294665696446684}, "datetime": {"datetime": "2024-08-22 03:56:42", "elapsed": 7006.723625, "delta": 103.03037}}
{"target": 0.8916591685365589, "params": {"com_0_tau1": 0.5426140681761259, "com_0_tau2": 0.16686202530378924, "com_10_tau1": 0.5772193650848603, "com_10_tau2": 0.7837953437483897, "com_11_tau1": 0.16361594496208598, "com_11_tau2": 0.3893112235964997, "com_12_tau1": 0.7009778512573126, "com_12_tau2": 0.6798388262349171, "com_13_tau1": 0.41127994994523853, "com_13_tau2": 0.8509829535435636, "com_14_tau1": 0.527968989939346, "com_14_tau2": 0.9309046985269036, "com_15_tau1": 0.7387385218221929, "com_15_tau2": 0.2787712029472418, "com_16_tau1": 0.3916188365626643, "com_16_tau2": 0.11218351538012705, "com_17_tau1": 0.11510876856891761, "com_17_tau2": 0.1039035124507065, "com_18_tau1": 0.6972824253153, "com_18_tau2": 0.08669205544310188, "com_19_tau1": 0.34628758188778974, "com_19_tau2": 0.021701778736887056, "com_1_tau1": 0.07249422094208557, "com_1_tau2": 0.012676241396706867, "com_20_tau1": 0.26083512442642487, "com_20_tau2": 0.5736680071618134, "com_21_tau1": 0.18193275447041435, "com_21_tau2": 0.5215586048345907, "com_22_tau1": 0.553382352165873, "com_22_tau2": 0.2988444540921814, "com_2_tau1": 0.16279352972437933, "com_2_tau2": 0.8312833143907638, "com_3_tau1": 0.4239233218019446, "com_3_tau2": 0.4712776030042599, "com_4_tau1": 0.7881606811808378, "com_4_tau2": 0.3689134646135048, "com_5_tau1": 0.12486280620972334, "com_5_tau2": 0.3935881247314049, "com_6_tau1": 0.7110145762494348, "com_6_tau2": 0.02837777820254117, "com_7_tau1": 0.827191603848016, "com_7_tau2": 0.7328567464340039, "com_8_tau1": 0.43902041234602884, "com_8_tau2": 0.27707183903529375, "com_9_tau1": 0.4027582155154209, "com_9_tau2": 0.1316667473337172}, "datetime": {"datetime": "2024-08-22 03:58:26", "elapsed": 7110.88164, "delta": 104.158015}}
{"target": 0.8943690006971223, "params": {"com_0_tau1": 0.5799038530377294, "com_0_tau2": 0.7642450678048399, "com_10_tau1": 0.4522149153190317, "com_10_tau2": 0.2308971554825605, "com_11_tau1": 0.15898274332318063, "com_11_tau2": 0.017269823600433387, "com_12_tau1": 0.6938980187656122, "com_12_tau2": 0.7784264634575769, "com_13_tau1": 0.4918518748998282, "com_13_tau2": 0.15023296282079135, "com_14_tau1": 0.41125289175861757, "com_14_tau2": 0.3284540436620187, "com_15_tau1": 0.5546481684860699, "com_15_tau2": 0.36547891311783676, "com_16_tau1": 0.42008580230902237, "com_16_tau2": 0.6387329668714956, "com_17_tau1": 0.4438333992258767, "com_17_tau2": 0.021806445778127737, "com_18_tau1": 0.785700397616797, "com_18_tau2": 0.7659814778637104, "com_19_tau1": 0.9036882668735915, "com_19_tau2": 0.6685445802243377, "com_1_tau1": 0.4511618371014938, "com_1_tau2": 0.4625531574956965, "com_20_tau1": 0.23788154049597598, "com_20_tau2": 0.24560623057194952, "com_21_tau1": 0.03201408410106521, "com_21_tau2": 0.00851769212756126, "com_22_tau1": 0.7938842266449879, "com_22_tau2": 0.08428786206118544, "com_2_tau1": 0.9315918350981287, "com_2_tau2": 0.7572890609046721, "com_3_tau1": 0.23369017769432487, "com_3_tau2": 0.4554383768261798, "com_4_tau1": 0.6344630238474224, "com_4_tau2": 0.47475888610413197, "com_5_tau1": 0.5768918970898423, "com_5_tau2": 0.47571132893337964, "com_6_tau1": 0.5601076812818936, "com_6_tau2": 0.1292798763010229, "com_7_tau1": 0.44751340691744845, "com_7_tau2": 0.6245345027835055, "com_8_tau1": 0.3084371090261565, "com_8_tau2": 0.6800486769367531, "com_9_tau1": 0.14820489522422053, "com_9_tau2": 0.6200483372319133}, "datetime": {"datetime": "2024-08-22 04:00:11", "elapsed": 7215.366266, "delta": 104.484626}}
{"target": 0.8962535412482425, "params": {"com_0_tau1": 0.29456596339234165, "com_0_tau2": 0.7705465979090028, "com_10_tau1": 0.3633084499415311, "com_10_tau2": 0.4198544895218349, "com_11_tau1": 0.0413901194575893, "com_11_tau2": 0.28032677372341264, "com_12_tau1": 0.6128419506783319, "com_12_tau2": 0.5547859032385378, "com_13_tau1": 0.07184207420481592, "com_13_tau2": 0.06949304574306325, "com_14_tau1": 0.4182497883868018, "com_14_tau2": 0.6408158339899084, "com_15_tau1": 0.048397364578962154, "com_15_tau2": 0.09374731890608057, "com_16_tau1": 0.18257944825503725, "com_16_tau2": 0.7644448267886557, "com_17_tau1": 0.5300323133054552, "com_17_tau2": 0.13327069550947235, "com_18_tau1": 0.909469953172265, "com_18_tau2": 0.5231257487846314, "com_19_tau1": 0.19189515754888065, "com_19_tau2": 0.9367756817727511, "com_1_tau1": 0.3260990687927464, "com_1_tau2": 0.7978762310401347, "com_20_tau1": 0.23823863748458185, "com_20_tau2": 0.48386736941665476, "com_21_tau1": 0.7684656464596602, "com_21_tau2": 0.2953463957418965, "com_22_tau1": 0.5924113554947167, "com_22_tau2": 0.563265351949369, "com_2_tau1": 0.4384875549045323, "com_2_tau2": 0.7641857751250882, "com_3_tau1": 0.563446995764261, "com_3_tau2": 0.7309044420772496, "com_4_tau1": 0.6768583721428537, "com_4_tau2": 0.8038649414266946, "com_5_tau1": 0.08768429462476934, "com_5_tau2": 0.3407347305955879, "com_6_tau1": 0.46474286222762895, "com_6_tau2": 0.9422619279321722, "com_7_tau1": 0.11006242168705316, "com_7_tau2": 0.5689078332179035, "com_8_tau1": 0.37421607983295757, "com_8_tau2": 0.48146474349325796, "com_9_tau1": 0.3972742608776476, "com_9_tau2": 0.8693990569201783}, "datetime": {"datetime": "2024-08-22 04:01:53", "elapsed": 7318.088104, "delta": 102.721838}}
