{"target": 0.9810986728147413, "params": {"com_0_tau1": 0.6175234990215656, "com_0_tau2": 0.5402387404875144, "com_10_tau1": 0.2747564772851262, "com_10_tau2": 0.20826311674418463, "com_11_tau1": 0.29671561065997376, "com_11_tau2": 0.3297351745403021, "com_12_tau1": 0.7304109816428864, "com_12_tau2": 0.6075207631577256, "com_13_tau1": 0.8976360579856241, "com_13_tau2": 0.9668770547555806, "com_14_tau1": 0.9641339055082409, "com_14_tau2": 0.21292921237263862, "com_1_tau1": 0.444572111156893, "com_1_tau2": 0.5206109905860113, "com_2_tau1": 0.9990126114091021, "com_2_tau2": 0.49837050989310694, "com_3_tau1": 0.779165103061535, "com_3_tau2": 0.47152794871132997, "com_4_tau1": 0.08995901925211125, "com_4_tau2": 0.12570037753100494, "com_5_tau1": 0.13542147563812912, "com_5_tau2": 0.40893895597892704, "com_6_tau1": 0.2572166905346638, "com_6_tau2": 0.8672837056954719, "com_7_tau1": 0.38766283320778505, "com_7_tau2": 0.9420480600154337, "com_8_tau1": 0.43852565055893256, "com_8_tau2": 0.25784073153148745, "com_9_tau1": 0.5540924415545554, "com_9_tau2": 0.8068037374081232}, "datetime": {"datetime": "2024-04-23 02:30:11", "elapsed": 6719.61753, "delta": 183.233992}}
{"target": 0.9901888092439253, "params": {"com_0_tau1": 0.5812110909231459, "com_0_tau2": 0.4498215349872924, "com_10_tau1": 0.21322823847450667, "com_10_tau2": 0.09050550635627741, "com_11_tau1": 0.05671972981895179, "com_11_tau2": 0.22954931387401267, "com_12_tau1": 0.1725557033632339, "com_12_tau2": 0.36636971448776545, "com_13_tau1": 0.22242754685389066, "com_13_tau2": 0.6560086193730202, "com_14_tau1": 0.24270100296706576, "com_14_tau2": 0.5134445318086096, "com_1_tau1": 0.8567976705618462, "com_1_tau2": 0.10944756943328005, "com_2_tau1": 0.8625413115054121, "com_2_tau2": 0.41253167331194884, "com_3_tau1": 0.6852566764332655, "com_3_tau2": 0.07385381584340667, "com_4_tau1": 0.3131664450513443, "com_4_tau2": 0.1801262757935178, "com_5_tau1": 0.8835337777343167, "com_5_tau2": 0.573472903969776, "com_6_tau1": 0.12481885634746459, "com_6_tau2": 0.7187935627286465, "com_7_tau1": 0.7006476194986084, "com_7_tau2": 0.7165415347528012, "com_8_tau1": 0.6721688689633379, "com_8_tau2": 0.9949904579219909, "com_9_tau1": 0.38233152293005135, "com_9_tau2": 0.4250774712407922}, "datetime": {"datetime": "2024-04-23 02:33:10", "elapsed": 6898.559779, "delta": 178.942249}}
{"target": 0.9950036894439221, "params": {"com_0_tau1": 0.6996562970260504, "com_0_tau2": 0.22705905737119403, "com_10_tau1": 0.3575768679392646, "com_10_tau2": 0.5566138420562637, "com_11_tau1": 0.23628416500663918, "com_11_tau2": 0.8950972515994013, "com_12_tau1": 0.46144555617331595, "com_12_tau2": 0.43034099385119184, "com_13_tau1": 0.4366417672045645, "com_13_tau2": 0.3985762210970236, "com_14_tau1": 0.5535706892738833, "com_14_tau2": 0.7371868880402751, "com_1_tau1": 0.7594772222039666, "com_1_tau2": 0.8680815398633919, "com_2_tau1": 0.563800708817855, "com_2_tau2": 0.41809143358950374, "com_3_tau1": 0.22072657027848686, "com_3_tau2": 0.5991307923018412, "com_4_tau1": 0.181360927530953, "com_4_tau2": 0.4595693120881116, "com_5_tau1": 0.4111697197029498, "com_5_tau2": 0.18061037765237453, "com_6_tau1": 0.5433189069449008, "com_6_tau2": 0.8807809229349614, "com_7_tau1": 0.618501539790939, "com_7_tau2": 0.9160942700305036, "com_8_tau1": 0.6153266509819467, "com_8_tau2": 0.298202332493512, "com_9_tau1": 0.1426123674169265, "com_9_tau2": 0.5016990846576811}, "datetime": {"datetime": "2024-04-23 02:36:07", "elapsed": 7075.93272, "delta": 177.372941}}
{"target": 0.9759817701190392, "params": {"com_0_tau1": 0.7455010388787793, "com_0_tau2": 0.5197010946522558, "com_10_tau1": 0.1597489203673218, "com_10_tau2": 0.024401610309475075, "com_11_tau1": 0.9549196320296103, "com_11_tau2": 0.3025166554665839, "com_12_tau1": 0.07087400607807193, "com_12_tau2": 0.6124038462425639, "com_13_tau1": 0.5433702410962797, "com_13_tau2": 0.8240250787487808, "com_14_tau1": 0.9371167024194526, "com_14_tau2": 0.19539192531528415, "com_1_tau1": 0.9550496864179443, "com_1_tau2": 0.2443692204451553, "com_2_tau1": 0.12615206580301996, "com_2_tau2": 0.08690910069247615, "com_3_tau1": 0.9565655292532872, "com_3_tau2": 0.08322186711981483, "com_4_tau1": 0.24723447907557794, "com_4_tau2": 0.5688872628880064, "com_5_tau1": 0.1585887439049921, "com_5_tau2": 0.014696982451074536, "com_6_tau1": 0.1653631407831292, "com_6_tau2": 0.193260132892219, "com_7_tau1": 0.15158110094050659, "com_7_tau2": 0.9132031060709324, "com_8_tau1": 0.10104434337522161, "com_8_tau2": 0.945471580776713, "com_9_tau1": 0.3784646301368888, "com_9_tau2": 0.6712521682113285}, "datetime": {"datetime": "2024-04-23 02:39:15", "elapsed": 7263.638659, "delta": 187.705939}}
{"target": 0.9502201085634273, "params": {"com_0_tau1": 0.7567705608641954, "com_0_tau2": 0.5913740608338128, "com_10_tau1": 0.468707912042836, "com_10_tau2": 0.9315166133061291, "com_11_tau1": 0.459167978257379, "com_11_tau2": 0.7859325417321521, "com_12_tau1": 0.5824384533935127, "com_12_tau2": 0.06048829631666175, "com_13_tau1": 0.8687233012003466, "com_13_tau2": 0.04169650505621281, "com_14_tau1": 0.18692784983751853, "com_14_tau2": 0.21662433125749547, "com_1_tau1": 0.43545834480095824, "com_1_tau2": 0.4389812376021046, "com_2_tau1": 0.8468067302900668, "com_2_tau2": 0.8482809840789379, "com_3_tau1": 0.0060100794190626194, "com_3_tau2": 0.1668897349221793, "com_4_tau1": 0.3752374357878361, "com_4_tau2": 0.747888225645651, "com_5_tau1": 0.8129621768988611, "com_5_tau2": 0.8689176868425235, "com_6_tau1": 0.606014862637965, "com_6_tau2": 0.3743223464182721, "com_7_tau1": 0.98127132511703, "com_7_tau2": 0.17316056181159978, "com_8_tau1": 0.5900011843922148, "com_8_tau2": 0.06251443000728485, "com_9_tau1": 0.8288754708780035, "com_9_tau2": 0.6489152981924845}, "datetime": {"datetime": "2024-04-23 02:42:40", "elapsed": 7468.616512, "delta": 204.977853}}
{"target": 0.9893425689905514, "params": {"com_0_tau1": 0.27176374477643983, "com_0_tau2": 0.7462645983508963, "com_10_tau1": 0.25326856194050973, "com_10_tau2": 0.11295732829113758, "com_11_tau1": 0.659152609070144, "com_11_tau2": 0.7209071569272242, "com_12_tau1": 0.3999474222315401, "com_12_tau2": 0.4752326977976721, "com_13_tau1": 0.419556337750999, "com_13_tau2": 0.1938607589033765, "com_14_tau1": 0.35475659096569645, "com_14_tau2": 0.5533106002835573, "com_1_tau1": 0.03635326449288101, "com_1_tau2": 0.9782872449562385, "com_2_tau1": 0.9033840703865271, "com_2_tau2": 0.6453737315206912, "com_3_tau1": 0.39901698675395114, "com_3_tau2": 0.2965378921525833, "com_4_tau1": 0.705259442121776, "com_4_tau2": 0.9184721658437687, "com_5_tau1": 0.1859506456565848, "com_5_tau2": 0.6472163026152212, "com_6_tau1": 0.10293983731235623, "com_6_tau2": 0.2548825469623853, "com_7_tau1": 0.6530243159472019, "com_7_tau2": 0.15717831090249823, "com_8_tau1": 0.24877890829002403, "com_8_tau2": 0.4216056590508557, "com_9_tau1": 0.6371122873848507, "com_9_tau2": 0.37355372741786486}, "datetime": {"datetime": "2024-04-23 02:45:40", "elapsed": 7648.656868, "delta": 180.040356}}
{"target": 0.9890509870719715, "params": {"com_0_tau1": 0.730482257497074, "com_0_tau2": 0.6531824920369397, "com_10_tau1": 0.8453135347431172, "com_10_tau2": 0.3542914149234445, "com_11_tau1": 0.6718474754008806, "com_11_tau2": 0.19964249485846453, "com_12_tau1": 0.9409948548209203, "com_12_tau2": 0.738332323885475, "com_13_tau1": 0.8422545049873561, "com_13_tau2": 0.8691424879139494, "com_14_tau1": 0.12972293949340996, "com_14_tau2": 0.48711787199090273, "com_1_tau1": 0.7791206165840353, "com_1_tau2": 0.5990438695244042, "com_2_tau1": 0.6357617576599939, "com_2_tau2": 0.12239353141517306, "com_3_tau1": 0.15952386511145578, "com_3_tau2": 0.04131531854564463, "com_4_tau1": 0.7913902387237673, "com_4_tau2": 0.5446710071588255, "com_5_tau1": 0.8838572382290724, "com_5_tau2": 0.48582916978354274, "com_6_tau1": 0.20960401308572751, "com_6_tau2": 0.7211916795356431, "com_7_tau1": 0.9721729005337663, "com_7_tau2": 0.775977002892337, "com_8_tau1": 0.17381892651217123, "com_8_tau2": 0.6329751578046126, "com_9_tau1": 0.538553810526011, "com_9_tau2": 0.2129952714387091}, "datetime": {"datetime": "2024-04-23 02:48:41", "elapsed": 7829.180508, "delta": 180.52364}}
{"target": 0.9909159347925122, "params": {"com_0_tau1": 0.3847268011091556, "com_0_tau2": 0.30619637187878357, "com_10_tau1": 0.3118218423652491, "com_10_tau2": 0.17827186536964257, "com_11_tau1": 0.782798197198985, "com_11_tau2": 0.4325468482098094, "com_12_tau1": 0.18361307466497945, "com_12_tau2": 0.9499180058540726, "com_13_tau1": 0.6371355873205593, "com_13_tau2": 0.08135765338755918, "com_14_tau1": 0.3099250654363158, "com_14_tau2": 0.8775815548147082, "com_1_tau1": 0.6625843981086632, "com_1_tau2": 0.07524003712339611, "com_2_tau1": 0.8490921392622477, "com_2_tau2": 0.42670182987738714, "com_3_tau1": 0.6483353379660428, "com_3_tau2": 0.15929275381060792, "com_4_tau1": 0.6138866864949752, "com_4_tau2": 0.44264067814828767, "com_5_tau1": 0.7164565189529987, "com_5_tau2": 0.04190689960235516, "com_6_tau1": 0.42014914963980554, "com_6_tau2": 0.7800834870799608, "com_7_tau1": 0.7684728173027002, "com_7_tau2": 0.8583008876147545, "com_8_tau1": 0.6084311111174949, "com_8_tau2": 0.2836222718060444, "com_9_tau1": 0.22757086628173318, "com_9_tau2": 0.2222859231996993}, "datetime": {"datetime": "2024-04-23 02:51:42", "elapsed": 8010.176505, "delta": 180.995997}}
{"target": 0.9947773919168333, "params": {"com_0_tau1": 0.6446335415757849, "com_0_tau2": 0.16265630735619407, "com_10_tau1": 0.43819908608971303, "com_10_tau2": 0.0748787838857553, "com_11_tau1": 0.7270742405385009, "com_11_tau2": 0.9820400533920233, "com_12_tau1": 0.5964004300377158, "com_12_tau2": 0.5685789478771, "com_13_tau1": 0.9184653139153472, "com_13_tau2": 0.5116188190085332, "com_14_tau1": 0.9868073412565858, "com_14_tau2": 0.9816683253228374, "com_1_tau1": 0.21793909505068898, "com_1_tau2": 0.943113605694832, "com_2_tau1": 0.8180008419107335, "com_2_tau2": 0.5290930677930091, "com_3_tau1": 0.4444569300545398, "com_3_tau2": 0.2510064631827994, "com_4_tau1": 0.7009972707171982, "com_4_tau2": 0.8696886188537956, "com_5_tau1": 0.23983315955635898, "com_5_tau2": 0.13050075122903304, "com_6_tau1": 0.3371826370522014, "com_6_tau2": 0.0859372363192844, "com_7_tau1": 0.2670916316627904, "com_7_tau2": 0.18481864549462323, "com_8_tau1": 0.7397932508471224, "com_8_tau2": 0.6050260891891477, "com_9_tau1": 0.6751847709513257, "com_9_tau2": 0.17291218097833705}, "datetime": {"datetime": "2024-04-23 02:54:39", "elapsed": 8188.054768, "delta": 177.878263}}
{"target": 0.9736776369040541, "params": {"com_0_tau1": 0.5159552955463206, "com_0_tau2": 0.6373620295547172, "com_10_tau1": 0.3268283067810802, "com_10_tau2": 0.08862351030647087, "com_11_tau1": 0.10457814411847222, "com_11_tau2": 0.5621710875818924, "com_12_tau1": 0.023196544620963544, "com_12_tau2": 0.6274902208788302, "com_13_tau1": 0.4909035064167466, "com_13_tau2": 0.012709929210453552, "com_14_tau1": 0.13746295474752857, "com_14_tau2": 0.5086700388004431, "com_1_tau1": 0.4842508806952256, "com_1_tau2": 0.821759924991514, "com_2_tau1": 0.13121302570306037, "com_2_tau2": 0.276923129934297, "com_3_tau1": 0.8850814959761176, "com_3_tau2": 0.6736619432313232, "com_4_tau1": 0.11932072769110502, "com_4_tau2": 0.2059744577853696, "com_5_tau1": 0.6573854995434145, "com_5_tau2": 0.7807256071168741, "com_6_tau1": 0.20446542627573072, "com_6_tau2": 0.6676535549929457, "com_7_tau1": 0.5322466389202295, "com_7_tau2": 0.7045359441423733, "com_8_tau1": 0.6845265176724331, "com_8_tau2": 0.8779297409432533, "com_9_tau1": 0.0571275596911619, "com_9_tau2": 0.28606711954959363}, "datetime": {"datetime": "2024-04-23 02:57:51", "elapsed": 8379.408371, "delta": 191.353603}}
{"target": 0.9910465517088902, "params": {"com_0_tau1": 0.7032378867725327, "com_0_tau2": 0.1454349856026148, "com_10_tau1": 0.17139902238498517, "com_10_tau2": 0.9562794729770655, "com_11_tau1": 0.46617988933807697, "com_11_tau2": 0.9241153324305925, "com_12_tau1": 0.7904103415879896, "com_12_tau2": 0.36914768695171785, "com_13_tau1": 0.01254475922631415, "com_13_tau2": 0.2920590631479113, "com_14_tau1": 0.9402424611793562, "com_14_tau2": 0.5445517311150473, "com_1_tau1": 0.6570716612110572, "com_1_tau2": 0.23496999303891297, "com_2_tau1": 0.46445901123822186, "com_2_tau2": 0.7338168481715098, "com_3_tau1": 0.15616158108404754, "com_3_tau2": 0.6986710576412932, "com_4_tau1": 0.6783606346219846, "com_4_tau2": 0.89942893410867, "com_5_tau1": 0.11308319389025889, "com_5_tau2": 0.2885412491301167, "com_6_tau1": 0.5554921426695802, "com_6_tau2": 0.2188332683675691, "com_7_tau1": 0.762075638155626, "com_7_tau2": 0.9329343501222369, "com_8_tau1": 0.5060596683753561, "com_8_tau2": 0.9731499794039447, "com_9_tau1": 0.9036882308332161, "com_9_tau2": 0.7221355635117059}, "datetime": {"datetime": "2024-04-23 03:00:53", "elapsed": 8561.999481, "delta": 182.59111}}
{"target": 0.9683942741687085, "params": {"com_0_tau1": 0.1796240791321554, "com_0_tau2": 0.4432126810315101, "com_10_tau1": 0.31407415465280397, "com_10_tau2": 0.3323196440167199, "com_11_tau1": 0.63660382400854, "com_11_tau2": 0.1299739185081189, "com_12_tau1": 0.8147968086046089, "com_12_tau2": 0.24266645842932688, "com_13_tau1": 0.1220930961457013, "com_13_tau2": 0.36365833863047214, "com_14_tau1": 0.6290911317744825, "com_14_tau2": 0.04750131422222159, "com_1_tau1": 0.4825651922466718, "com_1_tau2": 0.6468536989875537, "com_2_tau1": 0.8926311145703094, "com_2_tau2": 0.4909199406239103, "com_3_tau1": 0.5363563254593053, "com_3_tau2": 0.41651552154663884, "com_4_tau1": 0.466705612277282, "com_4_tau2": 0.6660447303464129, "com_5_tau1": 0.10532034198944973, "com_5_tau2": 0.6759952512081939, "com_6_tau1": 0.3087510372738167, "com_6_tau2": 0.4844256772107337, "com_7_tau1": 0.4803787011614362, "com_7_tau2": 0.47936141224249507, "com_8_tau1": 0.6442539839526522, "com_8_tau2": 0.4025979135062576, "com_9_tau1": 0.3482065413972528, "com_9_tau2": 0.5844492957120389}, "datetime": {"datetime": "2024-04-23 03:04:06", "elapsed": 8754.68397, "delta": 192.684489}}
{"target": 0.9835046092408066, "params": {"com_0_tau1": 0.5475938156468116, "com_0_tau2": 0.5052523703367783, "com_10_tau1": 0.24751845097753, "com_10_tau2": 0.662180759251916, "com_11_tau1": 0.8192466692445467, "com_11_tau2": 0.6769235660587947, "com_12_tau1": 0.07094296155801694, "com_12_tau2": 0.249128043233928, "com_13_tau1": 0.8046100533426409, "com_13_tau2": 0.7983611797640309, "com_14_tau1": 0.6715885832511944, "com_14_tau2": 0.30331759583591533, "com_1_tau1": 0.03782913610772454, "com_1_tau2": 0.42231849362228013, "com_2_tau1": 0.9392186435601245, "com_2_tau2": 0.2769465237055846, "com_3_tau1": 0.8399225064669719, "com_3_tau2": 0.5822149915013954, "com_4_tau1": 0.05467499033475609, "com_4_tau2": 0.5077789693421995, "com_5_tau1": 0.13185433898873766, "com_5_tau2": 0.090758070390903, "com_6_tau1": 0.17681118310281496, "com_6_tau2": 0.17765954326129596, "com_7_tau1": 0.128648494551451, "com_7_tau2": 0.8546679652651396, "com_8_tau1": 0.030240534334414537, "com_8_tau2": 0.7301076999839397, "com_9_tau1": 0.04858770256512013, "com_9_tau2": 0.5961928044957887}, "datetime": {"datetime": "2024-04-23 03:07:10", "elapsed": 8938.574541, "delta": 183.890571}}
{"target": 0.9932173756170494, "params": {"com_0_tau1": 0.4680035164449079, "com_0_tau2": 0.6859544156108721, "com_10_tau1": 0.016721177260614617, "com_10_tau2": 0.48339109664932167, "com_11_tau1": 0.292398331957451, "com_11_tau2": 0.17907331789513314, "com_12_tau1": 0.20299244559716423, "com_12_tau2": 0.9518878874312562, "com_13_tau1": 0.3950440571743883, "com_13_tau2": 0.7390344222104382, "com_14_tau1": 0.7150538049387295, "com_14_tau2": 0.9945603282737321, "com_1_tau1": 0.5827682385169178, "com_1_tau2": 0.5827777682636665, "com_2_tau1": 0.47552595366689, "com_2_tau2": 0.21664755353292575, "com_3_tau1": 0.2133401078228364, "com_3_tau2": 0.22158599780866406, "com_4_tau1": 0.6702914132404977, "com_4_tau2": 0.47336981315167825, "com_5_tau1": 0.6440502183230028, "com_5_tau2": 0.2393396436230546, "com_6_tau1": 0.4213295884299113, "com_6_tau2": 0.6316629043901842, "com_7_tau1": 0.10376187201250031, "com_7_tau2": 0.14250761376411902, "com_8_tau1": 0.8037013141272596, "com_8_tau2": 0.6735973266333433, "com_9_tau1": 0.48196343500260963, "com_9_tau2": 0.4529555189995368}, "datetime": {"datetime": "2024-04-23 03:10:11", "elapsed": 9119.325979, "delta": 180.751438}}
{"target": 0.9956596727093575, "params": {"com_0_tau1": 0.4173624243966345, "com_0_tau2": 0.397241566666963, "com_10_tau1": 0.9640492276670188, "com_10_tau2": 0.46515544464452185, "com_11_tau1": 0.12597869752689395, "com_11_tau2": 0.9025001043216362, "com_12_tau1": 0.2760461991229578, "com_12_tau2": 0.5899477677632113, "com_13_tau1": 0.08959791692976338, "com_13_tau2": 0.9524364091621775, "com_14_tau1": 0.32706409335928166, "com_14_tau2": 0.7980064179891238, "com_1_tau1": 0.6563661148045878, "com_1_tau2": 0.7923839965475977, "com_2_tau1": 0.6046581292650826, "com_2_tau2": 0.3274759841360697, "com_3_tau1": 0.9506300556499776, "com_3_tau2": 0.47895902441816407, "com_4_tau1": 0.9544943732704431, "com_4_tau2": 0.5689972677189495, "com_5_tau1": 0.5079158787968118, "com_5_tau2": 0.9236119611484731, "com_6_tau1": 0.7588200263614558, "com_6_tau2": 0.7920931061687942, "com_7_tau1": 0.07013979564491113, "com_7_tau2": 0.717794592406611, "com_8_tau1": 0.7087186709976424, "com_8_tau2": 0.7051020858348883, "com_9_tau1": 0.290974696592888, "com_9_tau2": 0.06832813521216818}, "datetime": {"datetime": "2024-04-23 03:13:10", "elapsed": 9298.204289, "delta": 178.87831}}
{"target": 0.9746131675930634, "params": {"com_0_tau1": 0.4268821901771457, "com_0_tau2": 0.7067258232862639, "com_10_tau1": 0.9412168167519959, "com_10_tau2": 0.771999449828849, "com_11_tau1": 0.4054447836242042, "com_11_tau2": 0.5715148819141306, "com_12_tau1": 0.5076218960139532, "com_12_tau2": 0.12218602671001422, "com_13_tau1": 0.536831522894252, "com_13_tau2": 0.2367720573788984, "com_14_tau1": 0.06463044201621204, "com_14_tau2": 0.12281574895135239, "com_1_tau1": 0.9197052922894613, "com_1_tau2": 0.13057008801843595, "com_2_tau1": 0.7890834859524969, "com_2_tau2": 0.8140811627157399, "com_3_tau1": 0.676925879759961, "com_3_tau2": 0.4438381734758161, "com_4_tau1": 0.037610452047185494, "com_4_tau2": 0.6403071597489537, "com_5_tau1": 0.09443416520907344, "com_5_tau2": 0.2768546205409348, "com_6_tau1": 0.19696124429793127, "com_6_tau2": 0.7670252539583071, "com_7_tau1": 0.21636869362846967, "com_7_tau2": 0.8805832876075322, "com_8_tau1": 0.24692572936448343, "com_8_tau2": 0.2806777567590889, "com_9_tau1": 0.7765845829540112, "com_9_tau2": 0.6060045528625422}, "datetime": {"datetime": "2024-04-23 03:16:17", "elapsed": 9486.103609, "delta": 187.89932}}
{"target": 0.9487063827015061, "params": {"com_0_tau1": 0.368966622253064, "com_0_tau2": 0.11620512605661548, "com_10_tau1": 0.09609689439647806, "com_10_tau2": 0.14632566229005461, "com_11_tau1": 0.472115527436502, "com_11_tau2": 0.9003101146580335, "com_12_tau1": 0.5630740530803771, "com_12_tau2": 0.307458681016749, "com_13_tau1": 0.43979822869581653, "com_13_tau2": 0.30289452291233765, "com_14_tau1": 0.3355785571933947, "com_14_tau2": 0.9318546799434787, "com_1_tau1": 0.13197724525578391, "com_1_tau2": 0.7632922626459668, "com_2_tau1": 0.003118241600854277, "com_2_tau2": 0.6747096754078566, "com_3_tau1": 0.9403719094682869, "com_3_tau2": 0.3206487465697717, "com_4_tau1": 0.9628771138732851, "com_4_tau2": 0.06736459015793117, "com_5_tau1": 0.3402194584802549, "com_5_tau2": 0.4586042047505431, "com_6_tau1": 0.32188722738601694, "com_6_tau2": 0.07207631657960634, "com_7_tau1": 0.9690742093835019, "com_7_tau2": 0.004544483404134159, "com_8_tau1": 0.8409602624982867, "com_8_tau2": 0.5312343016269048, "com_9_tau1": 0.36437684079490684, "com_9_tau2": 0.2380387124512483}, "datetime": {"datetime": "2024-04-23 03:19:42", "elapsed": 9690.929554, "delta": 204.825945}}
{"target": 0.9804759455301627, "params": {"com_0_tau1": 0.4990656586181125, "com_0_tau2": 0.7402038218895083, "com_10_tau1": 0.9566217848393361, "com_10_tau2": 0.2779493330409176, "com_11_tau1": 0.774242004421838, "com_11_tau2": 0.14425294130167887, "com_12_tau1": 0.12275532691719293, "com_12_tau2": 0.2685746491613057, "com_13_tau1": 0.30734930305600616, "com_13_tau2": 0.035258731622473394, "com_14_tau1": 0.917863439333319, "com_14_tau2": 0.39859780918706067, "com_1_tau1": 0.8018993626897234, "com_1_tau2": 0.06382975639404609, "com_2_tau1": 0.7883920893649649, "com_2_tau2": 0.3107764293358548, "com_3_tau1": 0.29126421532793667, "com_3_tau2": 0.5044374044805517, "com_4_tau1": 0.8859940909472713, "com_4_tau2": 0.23461586194941353, "com_5_tau1": 0.8325075499894325, "com_5_tau2": 0.04203844058141759, "com_6_tau1": 0.4772499496066377, "com_6_tau2": 0.5231743919760412, "com_7_tau1": 0.48271970604525827, "com_7_tau2": 0.44861491179121293, "com_8_tau1": 0.5462681848694181, "com_8_tau2": 0.2989579183332298, "com_9_tau1": 0.01473191657753159, "com_9_tau2": 0.08698869061174597}, "datetime": {"datetime": "2024-04-23 03:22:48", "elapsed": 9876.1931, "delta": 185.263546}}
