{"target": 0.9965330787166127, "params": {"com_0_tau1": 0.15078950094505683, "com_0_tau2": 0.784494880098079, "com_10_tau1": 0.4492462607864931, "com_10_tau2": 1.2261451017386222, "com_11_tau1": 1.0604830346733063, "com_11_tau2": 0.40111739865915763, "com_12_tau1": 0.6657314911643739, "com_12_tau2": 0.32391526807278626, "com_13_tau1": 0.43811873494132636, "com_13_tau2": 1.1736595943828378, "com_14_tau1": 0.8086875389648228, "com_14_tau2": 1.25, "com_1_tau1": 0.7603595901780552, "com_1_tau2": 0.3933339590272379, "com_2_tau1": 0.38211263499222203, "com_2_tau2": 0.75, "com_3_tau1": 0.8551759522451491, "com_3_tau2": 0.928659068099808, "com_4_tau1": 0.542460430206473, "com_4_tau2": 0.9041356944933988, "com_5_tau1": 1.0072573358010959, "com_5_tau2": 0.26206195560565515, "com_6_tau1": 0.0993258389909113, "com_6_tau2": 0.6561954738504747, "com_7_tau1": 0.13992616414529424, "com_7_tau2": 0.5738702489620309, "com_8_tau1": 0.23556118756717925, "com_8_tau2": 0.3607526933702282, "com_9_tau1": 0.07813814092169158, "com_9_tau2": 0.698741888046758}, "datetime": {"datetime": "2024-04-23 10:03:23", "elapsed": 33912.011139, "delta": 185.619372}}
{"target": 0.9964144170987693, "params": {"com_0_tau1": 0.6507895009450568, "com_0_tau2": 0.784494880098079, "com_10_tau1": 0.4492462607864931, "com_10_tau2": 1.2261451017386222, "com_11_tau1": 0.5604830346733063, "com_11_tau2": 0.40111739865915763, "com_12_tau1": 0.6657314911643739, "com_12_tau2": 0.32391526807278626, "com_13_tau1": 0.43811873494132636, "com_13_tau2": 0.7106817202943916, "com_14_tau1": 0.8086875389648228, "com_14_tau2": 1.25, "com_1_tau1": 0.7603595901780552, "com_1_tau2": 0.8933339590272379, "com_2_tau1": 0.38211263499222203, "com_2_tau2": 1.25, "com_3_tau1": 0.8551759522451491, "com_3_tau2": 0.428659068099808, "com_4_tau1": 0.542460430206473, "com_4_tau2": 1.25, "com_5_tau1": 1.0072573358010959, "com_5_tau2": 0.26206195560565515, "com_6_tau1": 0.0993258389909113, "com_6_tau2": 0.8812968819206014, "com_7_tau1": 0.13992616414529424, "com_7_tau2": 0.5738702489620309, "com_8_tau1": 0.23556118756717925, "com_8_tau2": 0.3607526933702282, "com_9_tau1": 0.07813814092169158, "com_9_tau2": 0.698741888046758}, "datetime": {"datetime": "2024-04-23 10:06:27", "elapsed": 34095.930173, "delta": 183.919034}}
{"target": 0.9964180139219226, "params": {"com_0_tau1": 0.6507895009450568, "com_0_tau2": 0.784494880098079, "com_10_tau1": 0.4518783541297317, "com_10_tau2": 0.7261451017386223, "com_11_tau1": 1.0604830346733063, "com_11_tau2": 0.9011173986591576, "com_12_tau1": 0.6657314911643739, "com_12_tau2": 0.32391526807278626, "com_13_tau1": 0.43811873494132636, "com_13_tau2": 0.7106817202943916, "com_14_tau1": 0.8086875389648228, "com_14_tau2": 1.25, "com_1_tau1": 0.7603595901780552, "com_1_tau2": 0.8933339590272379, "com_2_tau1": 0.38211263499222203, "com_2_tau2": 1.25, "com_3_tau1": 0.8551759522451491, "com_3_tau2": 0.928659068099808, "com_4_tau1": 0.542460430206473, "com_4_tau2": 1.25, "com_5_tau1": 0.5072573358010958, "com_5_tau2": 0.7620619556056552, "com_6_tau1": 0.0993258389909113, "com_6_tau2": 0.8812968819206014, "com_7_tau1": 0.13992616414529424, "com_7_tau2": 0.07387024896203087, "com_8_tau1": 0.23556118756717925, "com_8_tau2": 0.3607526933702282, "com_9_tau1": 0.5781381409216916, "com_9_tau2": 0.698741888046758}, "datetime": {"datetime": "2024-04-23 10:09:33", "elapsed": 34281.48903, "delta": 185.558857}}
{"target": 0.9963454150651385, "params": {"com_0_tau1": 0.6507895009450568, "com_0_tau2": 0.784494880098079, "com_10_tau1": 0.4492462607864931, "com_10_tau2": 0.7261451017386223, "com_11_tau1": 1.036494641771815, "com_11_tau2": 0.40111739865915763, "com_12_tau1": 0.6657314911643739, "com_12_tau2": 0.8239152680727863, "com_13_tau1": 0.43811873494132636, "com_13_tau2": 1.2106817202943916, "com_14_tau1": 0.8086875389648228, "com_14_tau2": 0.8558309574918118, "com_1_tau1": 0.7603595901780552, "com_1_tau2": 0.8933339590272379, "com_2_tau1": 0.38211263499222203, "com_2_tau2": 1.25, "com_3_tau1": 0.8551759522451491, "com_3_tau2": 0.928659068099808, "com_4_tau1": 0.542460430206473, "com_4_tau2": 1.25, "com_5_tau1": 0.9769965076203945, "com_5_tau2": 0.26206195560565515, "com_6_tau1": 0.0993258389909113, "com_6_tau2": 0.8812968819206014, "com_7_tau1": 0.6399261641452942, "com_7_tau2": 0.5738702489620309, "com_8_tau1": 0.7355611875671793, "com_8_tau2": 0.3607526933702282, "com_9_tau1": 0.07813814092169158, "com_9_tau2": 0.19874188804675796}, "datetime": {"datetime": "2024-04-23 10:12:39", "elapsed": 34467.954196, "delta": 186.465166}}
{"target": 0.9967214339009205, "params": {"com_0_tau1": 0.44639667315417053, "com_0_tau2": 0.784494880098079, "com_10_tau1": 0.9492462607864931, "com_10_tau2": 0.7261451017386223, "com_11_tau1": 0.5604830346733063, "com_11_tau2": 0.9011173986591576, "com_12_tau1": 0.6657314911643739, "com_12_tau2": 0.32391526807278626, "com_13_tau1": 0.43811873494132636, "com_13_tau2": 1.2106817202943916, "com_14_tau1": 0.3086875389648228, "com_14_tau2": 0.9252014971509271, "com_1_tau1": 0.7603595901780552, "com_1_tau2": 0.3933339590272379, "com_2_tau1": 0.38211263499222203, "com_2_tau2": 1.25, "com_3_tau1": 0.8551759522451491, "com_3_tau2": 0.928659068099808, "com_4_tau1": 0.542460430206473, "com_4_tau2": 1.0936695038085522, "com_5_tau1": 1.0072573358010959, "com_5_tau2": 0.7620619556056552, "com_6_tau1": 0.5993258389909113, "com_6_tau2": 0.8812968819206014, "com_7_tau1": 0.13992616414529424, "com_7_tau2": 0.5738702489620309, "com_8_tau1": 0.23556118756717925, "com_8_tau2": 0.3607526933702282, "com_9_tau1": 0.07813814092169158, "com_9_tau2": 0.19874188804675796}, "datetime": {"datetime": "2024-04-23 10:15:45", "elapsed": 34653.793209, "delta": 185.839013}}
{"target": 0.996602424111064, "params": {"com_0_tau1": 0.15078950094505683, "com_0_tau2": 0.784494880098079, "com_10_tau1": 0.4492462607864931, "com_10_tau2": 0.7261451017386223, "com_11_tau1": 1.0604830346733063, "com_11_tau2": 0.7442935340962301, "com_12_tau1": 0.6657314911643739, "com_12_tau2": 0.32391526807278626, "com_13_tau1": -0.06188126505867364, "com_13_tau2": 1.2106817202943916, "com_14_tau1": 0.8086875389648228, "com_14_tau2": 1.0607503023610332, "com_1_tau1": 0.7603595901780552, "com_1_tau2": 0.3933339590272379, "com_2_tau1": 0.38211263499222203, "com_2_tau2": 1.25, "com_3_tau1": 0.8551759522451491, "com_3_tau2": 0.928659068099808, "com_4_tau1": 0.542460430206473, "com_4_tau2": 1.25, "com_5_tau1": 0.5072573358010958, "com_5_tau2": 0.26206195560565515, "com_6_tau1": 0.5993258389909113, "com_6_tau2": 0.8812968819206014, "com_7_tau1": 0.13992616414529424, "com_7_tau2": 0.5738702489620309, "com_8_tau1": 0.23556118756717925, "com_8_tau2": 0.3607526933702282, "com_9_tau1": 0.5781381409216916, "com_9_tau2": 0.19874188804675796}, "datetime": {"datetime": "2024-04-23 10:18:53", "elapsed": 34841.920913, "delta": 188.127704}}
{"target": 0.9964604779660794, "params": {"com_0_tau1": 0.31507829249091396, "com_0_tau2": 0.784494880098079, "com_10_tau1": 0.4492462607864931, "com_10_tau2": 0.7261451017386223, "com_11_tau1": 0.8113813185348584, "com_11_tau2": 0.7100158733815929, "com_12_tau1": 0.6657314911643739, "com_12_tau2": 0.32391526807278626, "com_13_tau1": 0.43811873494132636, "com_13_tau2": 1.2106817202943916, "com_14_tau1": 0.32361918201736717, "com_14_tau2": 1.1106252033870827, "com_1_tau1": 0.7603595901780552, "com_1_tau2": 0.8933339590272379, "com_2_tau1": 0.38211263499222203, "com_2_tau2": 1.25, "com_3_tau1": 0.8551759522451491, "com_3_tau2": 0.428659068099808, "com_4_tau1": 0.542460430206473, "com_4_tau2": 1.25, "com_5_tau1": 0.5072573358010958, "com_5_tau2": 0.26206195560565515, "com_6_tau1": 0.0993258389909113, "com_6_tau2": 0.8812968819206014, "com_7_tau1": 0.6399261641452942, "com_7_tau2": 0.07387024896203087, "com_8_tau1": 0.23556118756717925, "com_8_tau2": 0.3607526933702282, "com_9_tau1": 0.07813814092169158, "com_9_tau2": 0.19874188804675796}, "datetime": {"datetime": "2024-04-23 10:21:58", "elapsed": 35027.071149, "delta": 185.150236}}
{"target": 0.9962757481122826, "params": {"com_0_tau1": 0.15078950094505683, "com_0_tau2": 0.284494880098079, "com_10_tau1": 0.4492462607864931, "com_10_tau2": 1.2261451017386222, "com_11_tau1": 0.5604830346733063, "com_11_tau2": 0.40111739865915763, "com_12_tau1": 0.6657314911643739, "com_12_tau2": 0.8239152680727863, "com_13_tau1": -0.06188126505867364, "com_13_tau2": 1.2106817202943916, "com_14_tau1": 0.3086875389648228, "com_14_tau2": 0.842785097078127, "com_1_tau1": 0.2603595901780552, "com_1_tau2": 0.3933339590272379, "com_2_tau1": 0.38211263499222203, "com_2_tau2": 0.75, "com_3_tau1": 0.8551759522451491, "com_3_tau2": 0.928659068099808, "com_4_tau1": 0.542460430206473, "com_4_tau2": 1.25, "com_5_tau1": 0.5072573358010958, "com_5_tau2": 0.7620619556056552, "com_6_tau1": 0.5993258389909113, "com_6_tau2": 0.3812968819206014, "com_7_tau1": 0.6399261641452942, "com_7_tau2": 0.5738702489620309, "com_8_tau1": 0.23556118756717925, "com_8_tau2": 0.3607526933702282, "com_9_tau1": 0.11206143324720122, "com_9_tau2": 0.698741888046758}, "datetime": {"datetime": "2024-04-23 10:25:03", "elapsed": 35211.372337, "delta": 184.301188}}
{"target": 0.9958330472398136, "params": {"com_0_tau1": 0.6507895009450568, "com_0_tau2": 0.284494880098079, "com_10_tau1": 0.4492462607864931, "com_10_tau2": 0.7261451017386223, "com_11_tau1": 1.009985266301114, "com_11_tau2": 0.40111739865915763, "com_12_tau1": 0.6657314911643739, "com_12_tau2": 0.32391526807278626, "com_13_tau1": -0.06188126505867364, "com_13_tau2": 1.2106817202943916, "com_14_tau1": 0.8086875389648228, "com_14_tau2": 1.25, "com_1_tau1": 0.7603595901780552, "com_1_tau2": 0.8933339590272379, "com_2_tau1": 0.38211263499222203, "com_2_tau2": 1.25, "com_3_tau1": 0.8551759522451491, "com_3_tau2": 0.928659068099808, "com_4_tau1": 0.042460430206473, "com_4_tau2": 1.25, "com_5_tau1": 0.5072573358010958, "com_5_tau2": 0.26206195560565515, "com_6_tau1": 0.0993258389909113, "com_6_tau2": 0.8812968819206014, "com_7_tau1": 0.13992616414529424, "com_7_tau2": 0.5738702489620309, "com_8_tau1": 0.23556118756717925, "com_8_tau2": 0.3607526933702282, "com_9_tau1": 0.07813814092169158, "com_9_tau2": 0.698741888046758}, "datetime": {"datetime": "2024-04-23 10:28:11", "elapsed": 35399.859368, "delta": 188.487031}}
{"target": 0.9963878920862406, "params": {"com_0_tau1": 0.15078950094505683, "com_0_tau2": 0.784494880098079, "com_10_tau1": 0.9492462607864931, "com_10_tau2": 0.7261451017386223, "com_11_tau1": 1.0604830346733063, "com_11_tau2": 0.40111739865915763, "com_12_tau1": 0.6657314911643739, "com_12_tau2": 0.32391526807278626, "com_13_tau1": 0.43811873494132636, "com_13_tau2": 1.2106817202943916, "com_14_tau1": 0.8086875389648228, "com_14_tau2": 0.7989880146076088, "com_1_tau1": 0.29445060822883085, "com_1_tau2": 0.3933339590272379, "com_2_tau1": 0.38211263499222203, "com_2_tau2": 0.75, "com_3_tau1": 0.8551759522451491, "com_3_tau2": 0.928659068099808, "com_4_tau1": 0.542460430206473, "com_4_tau2": 1.25, "com_5_tau1": 0.5072573358010958, "com_5_tau2": 0.7620619556056552, "com_6_tau1": 0.5993258389909113, "com_6_tau2": 0.3812968819206014, "com_7_tau1": 0.13992616414529424, "com_7_tau2": 0.07387024896203087, "com_8_tau1": 0.23556118756717925, "com_8_tau2": 0.3607526933702282, "com_9_tau1": 0.5781381409216916, "com_9_tau2": 0.698741888046758}, "datetime": {"datetime": "2024-04-23 10:31:14", "elapsed": 35582.216046, "delta": 182.356678}}
{"target": 0.996050685075387, "params": {"com_0_tau1": 0.6507895009450568, "com_0_tau2": 0.784494880098079, "com_10_tau1": 0.4492462607864931, "com_10_tau2": 0.7261451017386223, "com_11_tau1": 1.0604830346733063, "com_11_tau2": 0.40111739865915763, "com_12_tau1": 0.6657314911643739, "com_12_tau2": 0.32391526807278626, "com_13_tau1": 0.43811873494132636, "com_13_tau2": 0.94586163164852, "com_14_tau1": 0.8086875389648228, "com_14_tau2": 1.25, "com_1_tau1": 0.7603595901780552, "com_1_tau2": 0.3933339590272379, "com_2_tau1": 0.38211263499222203, "com_2_tau2": 1.25, "com_3_tau1": 0.8551759522451491, "com_3_tau2": 0.928659068099808, "com_4_tau1": 0.042460430206473, "com_4_tau2": 0.75, "com_5_tau1": 1.0072573358010959, "com_5_tau2": 0.26206195560565515, "com_6_tau1": 0.2839170831621521, "com_6_tau2": 0.6679067706740914, "com_7_tau1": 0.13992616414529424, "com_7_tau2": 0.14038217667355798, "com_8_tau1": 0.23556118756717925, "com_8_tau2": 0.3607526933702282, "com_9_tau1": 0.07813814092169158, "com_9_tau2": 0.19874188804675796}, "datetime": {"datetime": "2024-04-23 10:34:20", "elapsed": 35768.180418, "delta": 185.964372}}
{"target": 0.9962032388033237, "params": {"com_0_tau1": 0.15078950094505683, "com_0_tau2": 0.284494880098079, "com_10_tau1": 0.9492462607864931, "com_10_tau2": 0.7261451017386223, "com_11_tau1": 0.5604830346733063, "com_11_tau2": 0.40111739865915763, "com_12_tau1": 0.6657314911643739, "com_12_tau2": 0.8239152680727863, "com_13_tau1": 0.43811873494132636, "com_13_tau2": 1.2106817202943916, "com_14_tau1": 0.3086875389648228, "com_14_tau2": 0.9322890895645767, "com_1_tau1": 0.7603595901780552, "com_1_tau2": 0.3933339590272379, "com_2_tau1": 0.38211263499222203, "com_2_tau2": 0.75, "com_3_tau1": 0.8551759522451491, "com_3_tau2": 0.928659068099808, "com_4_tau1": 0.542460430206473, "com_4_tau2": 0.75, "com_5_tau1": 1.0072573358010959, "com_5_tau2": 0.7620619556056552, "com_6_tau1": 0.5993258389909113, "com_6_tau2": 0.3812968819206014, "com_7_tau1": 0.6399261641452942, "com_7_tau2": 0.5738702489620309, "com_8_tau1": 0.23556118756717925, "com_8_tau2": 0.3607526933702282, "com_9_tau1": 0.07813814092169158, "com_9_tau2": 0.19874188804675796}, "datetime": {"datetime": "2024-04-23 10:37:23", "elapsed": 35952.003411, "delta": 183.822993}}
{"target": 0.9876364435244737, "params": {"com_0_tau1": 0.6507895009450568, "com_0_tau2": 0.784494880098079, "com_10_tau1": 0.9492462607864931, "com_10_tau2": 0.7261451017386223, "com_11_tau1": 0.5604830346733063, "com_11_tau2": 0.40111739865915763, "com_12_tau1": 0.6657314911643739, "com_12_tau2": 0.32391526807278626, "com_13_tau1": -0.06188126505867364, "com_13_tau2": 1.1285774106157924, "com_14_tau1": 0.8086875389648228, "com_14_tau2": 0.75, "com_1_tau1": 0.2603595901780552, "com_1_tau2": 0.8933339590272379, "com_2_tau1": 0.38211263499222203, "com_2_tau2": 1.25, "com_3_tau1": 0.8551759522451491, "com_3_tau2": 0.928659068099808, "com_4_tau1": 0.542460430206473, "com_4_tau2": 0.9634419047515413, "com_5_tau1": 0.5072573358010958, "com_5_tau2": 0.7620619556056552, "com_6_tau1": 0.5993258389909113, "com_6_tau2": 0.8812968819206014, "com_7_tau1": 0.3265888766085506, "com_7_tau2": 0.5738702489620309, "com_8_tau1": 0.23556118756717925, "com_8_tau2": -0.1392473066297718, "com_9_tau1": 0.5781381409216916, "com_9_tau2": 0.698741888046758}, "datetime": {"datetime": "2024-04-23 10:40:35", "elapsed": 36143.443479, "delta": 191.440068}}
{"target": 0.9964373789438281, "params": {"com_0_tau1": 0.15078950094505683, "com_0_tau2": 0.284494880098079, "com_10_tau1": 0.4492462607864931, "com_10_tau2": 1.2261451017386222, "com_11_tau1": 1.0604830346733063, "com_11_tau2": 0.7570413286006429, "com_12_tau1": 0.1657314911643739, "com_12_tau2": 0.8239152680727863, "com_13_tau1": -0.06188126505867364, "com_13_tau2": 0.7106817202943916, "com_14_tau1": 0.8086875389648228, "com_14_tau2": 1.0210435570991405, "com_1_tau1": 0.7603595901780552, "com_1_tau2": 0.3933339590272379, "com_2_tau1": 0.38211263499222203, "com_2_tau2": 0.75, "com_3_tau1": 0.8551759522451491, "com_3_tau2": 0.928659068099808, "com_4_tau1": 0.542460430206473, "com_4_tau2": 1.25, "com_5_tau1": 0.5072573358010958, "com_5_tau2": 0.7620619556056552, "com_6_tau1": 0.26825479222190785, "com_6_tau2": 0.3812968819206014, "com_7_tau1": 0.13992616414529424, "com_7_tau2": 0.43888368648925236, "com_8_tau1": 0.23556118756717925, "com_8_tau2": 0.3607526933702282, "com_9_tau1": 0.5781381409216916, "com_9_tau2": 0.698741888046758}, "datetime": {"datetime": "2024-04-23 10:43:45", "elapsed": 36333.473403, "delta": 190.029924}}
{"target": 0.9958624097625149, "params": {"com_0_tau1": 0.38756422177413735, "com_0_tau2": 0.284494880098079, "com_10_tau1": 0.4492462607864931, "com_10_tau2": 1.2261451017386222, "com_11_tau1": 0.5604830346733063, "com_11_tau2": 0.6479678340223011, "com_12_tau1": 0.6657314911643739, "com_12_tau2": 0.32391526807278626, "com_13_tau1": -0.06188126505867364, "com_13_tau2": 1.2106817202943916, "com_14_tau1": 0.3086875389648228, "com_14_tau2": 1.25, "com_1_tau1": 0.7603595901780552, "com_1_tau2": 0.8933339590272379, "com_2_tau1": 0.38211263499222203, "com_2_tau2": 0.75, "com_3_tau1": 0.8551759522451491, "com_3_tau2": 0.428659068099808, "com_4_tau1": 0.042460430206473, "com_4_tau2": 1.25, "com_5_tau1": 0.5072573358010958, "com_5_tau2": 0.7620619556056552, "com_6_tau1": 0.0993258389909113, "com_6_tau2": 0.3812968819206014, "com_7_tau1": 0.13992616414529424, "com_7_tau2": 0.5738702489620309, "com_8_tau1": 0.23556118756717925, "com_8_tau2": 0.3607526933702282, "com_9_tau1": 0.07813814092169158, "com_9_tau2": 0.698741888046758}, "datetime": {"datetime": "2024-04-23 10:46:52", "elapsed": 36521.055253, "delta": 187.58185}}
{"target": 0.9965099746124869, "params": {"com_0_tau1": 0.15078950094505683, "com_0_tau2": 0.4467236437622513, "com_10_tau1": 0.4492462607864931, "com_10_tau2": 1.2261451017386222, "com_11_tau1": 0.5604830346733063, "com_11_tau2": 0.9011173986591576, "com_12_tau1": 0.6657314911643739, "com_12_tau2": 0.32391526807278626, "com_13_tau1": 0.43811873494132636, "com_13_tau2": 1.2106817202943916, "com_14_tau1": 0.3086875389648228, "com_14_tau2": 1.25, "com_1_tau1": 0.7603595901780552, "com_1_tau2": 0.3933339590272379, "com_2_tau1": 0.38211263499222203, "com_2_tau2": 0.75, "com_3_tau1": 0.8551759522451491, "com_3_tau2": 0.928659068099808, "com_4_tau1": 0.542460430206473, "com_4_tau2": 1.25, "com_5_tau1": 0.5072573358010958, "com_5_tau2": 0.7620619556056552, "com_6_tau1": 0.5993258389909113, "com_6_tau2": 0.3812968819206014, "com_7_tau1": 0.13992616414529424, "com_7_tau2": 0.07387024896203087, "com_8_tau1": 0.23556118756717925, "com_8_tau2": 0.3607526933702282, "com_9_tau1": 0.5781381409216916, "com_9_tau2": 0.698741888046758}, "datetime": {"datetime": "2024-04-23 10:49:55", "elapsed": 36703.23116, "delta": 182.175907}}
{"target": 0.9966088133108397, "params": {"com_0_tau1": 0.15078950094505683, "com_0_tau2": 0.784494880098079, "com_10_tau1": 0.4492462607864931, "com_10_tau2": 1.2261451017386222, "com_11_tau1": 1.0604830346733063, "com_11_tau2": 0.7571433737896892, "com_12_tau1": 0.6657314911643739, "com_12_tau2": 0.8239152680727863, "com_13_tau1": -0.06188126505867364, "com_13_tau2": 0.7674496719459548, "com_14_tau1": 0.3086875389648228, "com_14_tau2": 1.25, "com_1_tau1": 0.7603595901780552, "com_1_tau2": 0.3933339590272379, "com_2_tau1": 0.38211263499222203, "com_2_tau2": 0.75, "com_3_tau1": 0.8551759522451491, "com_3_tau2": 0.428659068099808, "com_4_tau1": 0.542460430206473, "com_4_tau2": 1.25, "com_5_tau1": 0.5072573358010958, "com_5_tau2": 0.26206195560565515, "com_6_tau1": 0.29238117048370993, "com_6_tau2": 0.3812968819206014, "com_7_tau1": 0.13992616414529424, "com_7_tau2": 0.07387024896203087, "com_8_tau1": 0.23556118756717925, "com_8_tau2": 0.3607526933702282, "com_9_tau1": 0.07813814092169158, "com_9_tau2": 0.698741888046758}, "datetime": {"datetime": "2024-04-23 10:53:02", "elapsed": 36890.608275, "delta": 187.377115}}
