{"target": 0.8894001868189961, "params": {"com_0_tau1": 0.2752099963588893, "com_0_tau2": 0.7894711715792315, "com_10_tau1": 0.05041272700965371, "com_10_tau2": 0.51916791093307, "com_11_tau1": 0.5173674102667509, "com_11_tau2": 0.5367880268131217, "com_12_tau1": 0.39183219650733037, "com_12_tau2": 0.9813621401086928, "com_13_tau1": 0.5960595150411644, "com_13_tau2": 0.18114573840352566, "com_14_tau1": 0.423019727872486, "com_14_tau2": 0.21576090905595535, "com_15_tau1": 0.5192909329407103, "com_15_tau2": 0.012117215378942947, "com_16_tau1": 0.62088453386424, "com_16_tau2": 0.4741224415611941, "com_17_tau1": 0.26366410999873524, "com_17_tau2": 0.5804732301637944, "com_1_tau1": 0.18637874699164225, "com_1_tau2": 0.03714731187804765, "com_2_tau1": 0.9092418048199921, "com_2_tau2": 0.9979463569794972, "com_3_tau1": 0.2354235996847529, "com_3_tau2": 0.5955697556517049, "com_4_tau1": 0.2956603671111331, "com_4_tau2": 0.7597835242267545, "com_5_tau1": 0.21866283601661785, "com_5_tau2": 0.06850193679382521, "com_6_tau1": 0.6238449964372197, "com_6_tau2": 0.3783875473230288, "com_7_tau1": 0.7662729674917279, "com_7_tau2": 0.8427456793662563, "com_8_tau1": 0.42205998268287004, "com_8_tau2": 0.337607888631685, "com_9_tau1": 0.14520587635796622, "com_9_tau2": 0.6802777089499188}, "datetime": {"datetime": "2024-12-09 13:11:00", "elapsed": 9584.405009, "delta": 132.752583}}
{"target": 0.890760507385367, "params": {"com_0_tau1": 0.3500361627056757, "com_0_tau2": 0.006459029667610694, "com_10_tau1": 0.2523673447531988, "com_10_tau2": 0.1514065703698787, "com_11_tau1": 0.427834341584419, "com_11_tau2": 0.30272661794980127, "com_12_tau1": 0.9497737553889287, "com_12_tau2": 0.4105748502005181, "com_13_tau1": 0.05956027813675935, "com_13_tau2": 0.1652035874534794, "com_14_tau1": 0.9589788732106147, "com_14_tau2": 0.46459719138084354, "com_15_tau1": 0.5608487715870184, "com_15_tau2": 0.9670983410230763, "com_16_tau1": 0.46748274524488265, "com_16_tau2": 0.8619014763699312, "com_17_tau1": 0.09462249354097507, "com_17_tau2": 0.0011774794349020956, "com_1_tau1": 0.8959491501933784, "com_1_tau2": 0.3110752738771544, "com_2_tau1": 0.5048847547652379, "com_2_tau2": 0.32836170028964395, "com_3_tau1": 0.6920684770251477, "com_3_tau2": 0.9091563025320751, "com_4_tau1": 0.5083271882826326, "com_4_tau2": 0.8471008220825667, "com_5_tau1": 0.6151697916210632, "com_5_tau2": 0.8288777247886089, "com_6_tau1": 0.4524735513322008, "com_6_tau2": 0.4511469871136975, "com_7_tau1": 0.9135376918114713, "com_7_tau2": 0.19179560592672373, "com_8_tau1": 0.8165947423437724, "com_8_tau2": 0.48899526935488147, "com_9_tau1": 0.12106564950266807, "com_9_tau2": 0.17619773196284816}, "datetime": {"datetime": "2024-12-09 13:13:10", "elapsed": 9714.256352, "delta": 129.851343}}
{"target": 0.925387816163088, "params": {"com_0_tau1": 0.13184579060354762, "com_0_tau2": 0.1818277427383712, "com_10_tau1": 0.7722505339236538, "com_10_tau2": 0.10554708946005553, "com_11_tau1": 0.34459493183564405, "com_11_tau2": 0.6359074930748695, "com_12_tau1": 0.9118445799231154, "com_12_tau2": 0.7681535002679699, "com_13_tau1": 0.5373294230455656, "com_13_tau2": 0.9243320437154273, "com_14_tau1": 0.006678256470859512, "com_14_tau2": 0.8672528200416836, "com_15_tau1": 0.29900317050498004, "com_15_tau2": 0.2510880962556221, "com_16_tau1": 0.30473080316453605, "com_16_tau2": 0.6714190935722822, "com_17_tau1": 0.6274377724205794, "com_17_tau2": 0.5017830625864584, "com_1_tau1": 0.15482942960584745, "com_1_tau2": 0.8951040992403204, "com_2_tau1": 0.5015854646989857, "com_2_tau2": 0.2478828227414166, "com_3_tau1": 0.48964265775671245, "com_3_tau2": 0.36045905427946723, "com_4_tau1": 0.2560411168794956, "com_4_tau2": 0.762700217651748, "com_5_tau1": 0.13121475499508617, "com_5_tau2": 0.450464593992556, "com_6_tau1": 0.601949354297873, "com_6_tau2": 0.24003132966018603, "com_7_tau1": 0.05678025588318525, "com_7_tau2": 0.45301501036150527, "com_8_tau1": 0.5539421213094677, "com_8_tau2": 0.9760033492958384, "com_9_tau1": 0.21907953883362208, "com_9_tau2": 0.48945151842032353}, "datetime": {"datetime": "2024-12-09 13:15:09", "elapsed": 9832.653818, "delta": 118.397466}}
{"target": 0.8869821924033108, "params": {"com_0_tau1": 0.8708816578304572, "com_0_tau2": 0.6858105190469944, "com_10_tau1": 0.17906082529465162, "com_10_tau2": 0.6294878945651091, "com_11_tau1": 0.7557652618493907, "com_11_tau2": 0.786939022928792, "com_12_tau1": 0.8947626844741332, "com_12_tau2": 0.44398041466502514, "com_13_tau1": 0.5173202110587464, "com_13_tau2": 0.6062877182964967, "com_14_tau1": 0.20910381267338596, "com_14_tau2": 0.2618109912555967, "com_15_tau1": 0.7819361845832226, "com_15_tau2": 0.37917721548794847, "com_16_tau1": 0.7602756605302905, "com_16_tau2": 0.10223349381344682, "com_17_tau1": 0.2798860391977448, "com_17_tau2": 0.564638345431051, "com_1_tau1": 0.9435451589769223, "com_1_tau2": 0.7704283308537383, "com_2_tau1": 0.6525059514211462, "com_2_tau2": 0.01810445818039519, "com_3_tau1": 0.027758214760792543, "com_3_tau2": 0.4712413209861045, "com_4_tau1": 0.9832356292903807, "com_4_tau2": 0.4111402731011976, "com_5_tau1": 0.5404249621997835, "com_5_tau2": 0.15470957867187607, "com_6_tau1": 0.6080517591975706, "com_6_tau2": 0.46928775567528747, "com_7_tau1": 0.47387374462061627, "com_7_tau2": 0.25153937437371043, "com_8_tau1": 0.9896647949813637, "com_8_tau2": 0.2655359870133709, "com_9_tau1": 0.7876726844896194, "com_9_tau2": 0.23334930731337855}, "datetime": {"datetime": "2024-12-09 13:17:19", "elapsed": 9963.243558, "delta": 130.58974}}
{"target": 0.8935355188892009, "params": {"com_0_tau1": 0.3662387382466954, "com_0_tau2": 0.8770891962470859, "com_10_tau1": 0.5729914950826532, "com_10_tau2": 0.6477145108356931, "com_11_tau1": 0.16249602166219212, "com_11_tau2": 0.737638283184677, "com_12_tau1": 0.8497611081835487, "com_12_tau2": 0.9877816135055528, "com_13_tau1": 0.23301432423690815, "com_13_tau2": 0.9690557027412838, "com_14_tau1": 0.6225894944705598, "com_14_tau2": 0.8776236031966441, "com_15_tau1": 0.16912127116489573, "com_15_tau2": 0.07307515571593348, "com_16_tau1": 0.23796253714444326, "com_16_tau2": 0.19331221094030282, "com_17_tau1": 0.27427453027740656, "com_17_tau2": 0.77215024609239, "com_1_tau1": 0.1961599951333628, "com_1_tau2": 0.28836085285496993, "com_2_tau1": 0.9747700216167839, "com_2_tau2": 0.5603316646566521, "com_3_tau1": 0.009350094848851853, "com_3_tau2": 0.5543336361447104, "com_4_tau1": 0.38752384724958644, "com_4_tau2": 0.6881514430142063, "com_5_tau1": 0.5991128080938084, "com_5_tau2": 0.20430617452899802, "com_6_tau1": 0.9569176668166857, "com_6_tau2": 0.22569128598722477, "com_7_tau1": 0.20388304662293266, "com_7_tau2": 0.3029608170277781, "com_8_tau1": 0.985935867511082, "com_8_tau2": 0.9228787279247249, "com_9_tau1": 0.7648159388725837, "com_9_tau2": 0.5544047233205964}, "datetime": {"datetime": "2024-12-09 13:19:28", "elapsed": 10092.407336, "delta": 129.163778}}
{"target": 0.9140377060245695, "params": {"com_0_tau1": 0.3697329947209306, "com_0_tau2": 0.30222346218910023, "com_10_tau1": 0.6121412570185621, "com_10_tau2": 0.6765207019912063, "com_11_tau1": 0.728217233121658, "com_11_tau2": 0.7826857528652758, "com_12_tau1": 0.5144058883986691, "com_12_tau2": 0.018752595148074924, "com_13_tau1": 0.39247154587069943, "com_13_tau2": 0.2090728038891485, "com_14_tau1": 0.5903517457351943, "com_14_tau2": 0.007936416152416137, "com_15_tau1": 0.2382668414427438, "com_15_tau2": 0.8425184112542949, "com_16_tau1": 0.17063562820244393, "com_16_tau2": 0.23087871301452756, "com_17_tau1": 0.19487645038329338, "com_17_tau2": 0.18618420553653625, "com_1_tau1": 0.046053145934378814, "com_1_tau2": 0.4128221566260538, "com_2_tau1": 0.6263137080466671, "com_2_tau2": 0.31079324755290316, "com_3_tau1": 0.48713786861016395, "com_3_tau2": 0.7110851832631266, "com_4_tau1": 0.24090465500815272, "com_4_tau2": 0.8580720808129091, "com_5_tau1": 0.637986820413104, "com_5_tau2": 0.7493480777985749, "com_6_tau1": 0.9674904995403505, "com_6_tau2": 0.11969140592523597, "com_7_tau1": 0.04039939807004134, "com_7_tau2": 0.8274740813401265, "com_8_tau1": 0.4230151157236838, "com_8_tau2": 0.10305031804877485, "com_9_tau1": 0.8412983893855777, "com_9_tau2": 0.39979811749911376}, "datetime": {"datetime": "2024-12-09 13:21:31", "elapsed": 10214.678683, "delta": 122.271347}}
{"target": 0.8996807129144608, "params": {"com_0_tau1": 0.7518223736198557, "com_0_tau2": 0.5875295246291613, "com_10_tau1": 0.6095045399290953, "com_10_tau2": 0.5963204721429759, "com_11_tau1": 0.9651755285257673, "com_11_tau2": 0.8419351282163128, "com_12_tau1": 0.9973978135978385, "com_12_tau2": 0.8470342619627341, "com_13_tau1": 0.3803087040820986, "com_13_tau2": 0.4557308463400346, "com_14_tau1": 0.558633837189313, "com_14_tau2": 0.6043363810459387, "com_15_tau1": 0.3052028738682926, "com_15_tau2": 0.23741583527798404, "com_16_tau1": 0.7060757658643138, "com_16_tau2": 0.2959337476948347, "com_17_tau1": 0.4728589577705633, "com_17_tau2": 0.08321233029315578, "com_1_tau1": 0.4219041293269702, "com_1_tau2": 0.9770985717401618, "com_2_tau1": 0.8503678446272522, "com_2_tau2": 0.9684984861492166, "com_3_tau1": 0.6852441281935487, "com_3_tau2": 0.6373436022641829, "com_4_tau1": 0.7827269951949352, "com_4_tau2": 0.21900586310753833, "com_5_tau1": 0.3861556803135331, "com_5_tau2": 0.28115963000952726, "com_6_tau1": 0.5816473624318287, "com_6_tau2": 0.5963292933892705, "com_7_tau1": 0.871398417747431, "com_7_tau2": 0.36881178421368255, "com_8_tau1": 0.41866403090263304, "com_8_tau2": 0.9771145176158772, "com_9_tau1": 0.5546183795609597, "com_9_tau2": 0.5782602948065299}, "datetime": {"datetime": "2024-12-09 13:23:38", "elapsed": 10341.910596, "delta": 127.231913}}
{"target": 0.9184456859621658, "params": {"com_0_tau1": 0.17727008539314726, "com_0_tau2": 0.8201436397587332, "com_10_tau1": 0.12695359267618067, "com_10_tau2": 0.7066109228815359, "com_11_tau1": 0.9720775021993767, "com_11_tau2": 0.31676214503416034, "com_12_tau1": 0.9870477297884536, "com_12_tau2": 0.9336947784729177, "com_13_tau1": 0.29781240591250746, "com_13_tau2": 0.5805718743124365, "com_14_tau1": 0.45067290416091665, "com_14_tau2": 0.5052308488520084, "com_15_tau1": 0.5610901678617959, "com_15_tau2": 0.6025695384166506, "com_16_tau1": 0.41671866697057347, "com_16_tau2": 0.5880147733377981, "com_17_tau1": 0.4361239613721509, "com_17_tau2": 0.22687726116803764, "com_1_tau1": 0.19713345308165753, "com_1_tau2": 0.5757784627700875, "com_2_tau1": 0.3815426540374378, "com_2_tau2": 0.733330077181017, "com_3_tau1": 0.05831570732399283, "com_3_tau2": 0.1779800900907591, "com_4_tau1": 0.5043625627623162, "com_4_tau2": 0.20846295228867784, "com_5_tau1": 0.422045948843248, "com_5_tau2": 0.4919173824696177, "com_6_tau1": 0.9681716234220423, "com_6_tau2": 0.2787686165360336, "com_7_tau1": 0.6221736775072397, "com_7_tau2": 0.3506909234378326, "com_8_tau1": 0.39010537079842655, "com_8_tau2": 0.08075403610248255, "com_9_tau1": 0.45303018090172575, "com_9_tau2": 0.16159334061773312}, "datetime": {"datetime": "2024-12-09 13:25:41", "elapsed": 10465.439849, "delta": 123.529253}}
{"target": 0.9140375791091762, "params": {"com_0_tau1": 0.0778706321219017, "com_0_tau2": 0.45060317366964353, "com_10_tau1": 0.8321763957235512, "com_10_tau2": 0.6203210811482242, "com_11_tau1": 0.14811577042311208, "com_11_tau2": 0.8552391353376503, "com_12_tau1": 0.7825351463598175, "com_12_tau2": 0.06086074493342908, "com_13_tau1": 0.014847274672866173, "com_13_tau2": 0.38311526928009154, "com_14_tau1": 0.5534122841022839, "com_14_tau2": 0.831964536111058, "com_15_tau1": 0.6378336936395856, "com_15_tau2": 0.8740562097263257, "com_16_tau1": 0.42662814130046434, "com_16_tau2": 0.3493639029871518, "com_17_tau1": 0.29758450733263353, "com_17_tau2": 0.21247374586915946, "com_1_tau1": 0.27809527966687564, "com_1_tau2": 0.6681494833137179, "com_2_tau1": 0.949334305344301, "com_2_tau2": 0.5129042547212672, "com_3_tau1": 0.7261875858594866, "com_3_tau2": 0.2460569736420002, "com_4_tau1": 0.9053911290654884, "com_4_tau2": 0.0035469841554702786, "com_5_tau1": 0.3601576929575854, "com_5_tau2": 0.9136283374012534, "com_6_tau1": 0.602328316701102, "com_6_tau2": 0.5351905084121843, "com_7_tau1": 0.2258358009012298, "com_7_tau2": 0.1538629501545533, "com_8_tau1": 0.9823668258465768, "com_8_tau2": 0.7181052909294225, "com_9_tau1": 0.846252862956048, "com_9_tau2": 0.21153257116898472}, "datetime": {"datetime": "2024-12-09 13:27:42", "elapsed": 10586.535601, "delta": 121.095752}}
{"target": 0.8924971229948601, "params": {"com_0_tau1": 0.23081210133816887, "com_0_tau2": 0.020458151700226912, "com_10_tau1": 0.7924912131704103, "com_10_tau2": 0.8651821645030824, "com_11_tau1": 0.062233163131253155, "com_11_tau2": 0.3794913433811481, "com_12_tau1": 0.4746292583856433, "com_12_tau2": 0.3012343623095589, "com_13_tau1": 0.4543376968465309, "com_13_tau2": 0.8236594125242463, "com_14_tau1": 0.5209328671770109, "com_14_tau2": 0.811126831034034, "com_15_tau1": 0.26830708140681725, "com_15_tau2": 0.3933820242796394, "com_16_tau1": 0.8848872547777147, "com_16_tau2": 0.14903873819834013, "com_17_tau1": 0.26474045994708384, "com_17_tau2": 0.6715569738195172, "com_1_tau1": 0.146508126605013, "com_1_tau2": 0.19657545132324084, "com_2_tau1": 0.475181394700522, "com_2_tau2": 0.5881015267447215, "com_3_tau1": 0.7587655741257859, "com_3_tau2": 0.7792160053840123, "com_4_tau1": 0.36325047878412275, "com_4_tau2": 0.26354425501582524, "com_5_tau1": 0.1481015092113822, "com_5_tau2": 0.6312289820429452, "com_6_tau1": 0.43441778164284506, "com_6_tau2": 0.7184400269628131, "com_7_tau1": 0.5149720851231369, "com_7_tau2": 0.4939408041930624, "com_8_tau1": 0.47929794866974607, "com_8_tau2": 0.7187110901970692, "com_9_tau1": 0.6051915139477351, "com_9_tau2": 0.4737602498130057}, "datetime": {"datetime": "2024-12-09 13:29:50", "elapsed": 10714.459099, "delta": 127.923498}}
{"target": 0.887009568045041, "params": {"com_0_tau1": 0.9708812963439699, "com_0_tau2": 0.897111634413646, "com_10_tau1": 0.054806210955436585, "com_10_tau2": 0.5642772654748328, "com_11_tau1": 0.024872032359171015, "com_11_tau2": 0.8708842897885584, "com_12_tau1": 0.011088208496013996, "com_12_tau2": 0.3508641204337879, "com_13_tau1": 0.05899526435707125, "com_13_tau2": 0.13211777090411447, "com_14_tau1": 0.3677272836188339, "com_14_tau2": 0.2672342375557565, "com_15_tau1": 0.32807695841769446, "com_15_tau2": 0.9798885719694829, "com_16_tau1": 0.7146014018736241, "com_16_tau2": 0.357329603364392, "com_17_tau1": 0.9515159291996635, "com_17_tau2": 0.9509681367116816, "com_1_tau1": 0.10486827054344516, "com_1_tau2": 0.44986186634630565, "com_2_tau1": 0.4728685561242859, "com_2_tau2": 0.41210165140700206, "com_3_tau1": 0.8659114187629354, "com_3_tau2": 0.8510523482970465, "com_4_tau1": 0.32083567390565837, "com_4_tau2": 0.34243765348927035, "com_5_tau1": 0.19995504179270807, "com_5_tau2": 0.09455082383103708, "com_6_tau1": 0.0044857621072653675, "com_6_tau2": 0.28395709563565474, "com_7_tau1": 0.4813985866607293, "com_7_tau2": 0.9292493907233466, "com_8_tau1": 0.948673045908258, "com_8_tau2": 0.29352156910650007, "com_9_tau1": 0.543333782044734, "com_9_tau2": 0.5260611727539722}, "datetime": {"datetime": "2024-12-09 13:32:03", "elapsed": 10846.741434, "delta": 132.282335}}
{"target": 0.8887729317371932, "params": {"com_0_tau1": 0.2370611347424596, "com_0_tau2": 0.8326857204858832, "com_10_tau1": 0.09470832997338763, "com_10_tau2": 0.0005944438406122465, "com_11_tau1": 0.5644624196485907, "com_11_tau2": 0.08792908482615225, "com_12_tau1": 0.44089901468428316, "com_12_tau2": 0.6533443453297502, "com_13_tau1": 0.7797833164631666, "com_13_tau2": 0.9037752224383225, "com_14_tau1": 0.8947992350029721, "com_14_tau2": 0.3064435876503414, "com_15_tau1": 0.2065476454759716, "com_15_tau2": 0.6855041031844545, "com_16_tau1": 0.3366603003036649, "com_16_tau2": 0.7459135836403641, "com_17_tau1": 0.9948804632998827, "com_17_tau2": 0.23633837841204242, "com_1_tau1": 0.27353579304581066, "com_1_tau2": 0.18126449927245203, "com_2_tau1": 0.9014206007207359, "com_2_tau2": 0.9517926705130558, "com_3_tau1": 0.9448527674046742, "com_3_tau2": 0.3287583586291568, "com_4_tau1": 0.5323974900947662, "com_4_tau2": 0.5847710968525545, "com_5_tau1": 0.5114751652893835, "com_5_tau2": 0.1228245012239162, "com_6_tau1": 0.04795648231952987, "com_6_tau2": 0.24678191641309088, "com_7_tau1": 0.5528542088080123, "com_7_tau2": 0.3566772471211511, "com_8_tau1": 0.9268043712047195, "com_8_tau2": 0.3091243895164739, "com_9_tau1": 0.10306913412414087, "com_9_tau2": 0.15885956949691893}, "datetime": {"datetime": "2024-12-09 13:34:12", "elapsed": 10976.30162, "delta": 129.560186}}
{"target": 0.8899935178106195, "params": {"com_0_tau1": 0.14402581601557507, "com_0_tau2": 0.052747905040182785, "com_10_tau1": 0.3073743685600887, "com_10_tau2": 0.11309159234271748, "com_11_tau1": 0.5093628589714263, "com_11_tau2": 0.29163110754545485, "com_12_tau1": 0.34788200463420205, "com_12_tau2": 0.06814628800170563, "com_13_tau1": 0.04360187186545106, "com_13_tau2": 0.2216383178660848, "com_14_tau1": 0.2694942497098104, "com_14_tau2": 0.6616412612017866, "com_15_tau1": 0.1818373306953186, "com_15_tau2": 0.37983024042728075, "com_16_tau1": 0.03449012355079972, "com_16_tau2": 0.47127463502930045, "com_17_tau1": 0.8693698383421798, "com_17_tau2": 0.4670769091003233, "com_1_tau1": 0.9051913151166854, "com_1_tau2": 0.6763841464665888, "com_2_tau1": 0.5164473125150426, "com_2_tau2": 0.8540179200166944, "com_3_tau1": 0.5914059657110402, "com_3_tau2": 0.8912148022210714, "com_4_tau1": 0.09249413426909736, "com_4_tau2": 0.6618913703844718, "com_5_tau1": 0.918913623124913, "com_5_tau2": 0.4843908281507284, "com_6_tau1": 0.4860646141488627, "com_6_tau2": 0.9010349894131915, "com_7_tau1": 0.614367976850748, "com_7_tau2": 0.6114104224417205, "com_8_tau1": 0.28653560615909, "com_8_tau2": 0.5406165218577664, "com_9_tau1": 0.7760697934339432, "com_9_tau2": 0.6331613838609692}, "datetime": {"datetime": "2024-12-09 13:36:22", "elapsed": 11105.83354, "delta": 129.53192}}
{"target": 0.8863606250731392, "params": {"com_0_tau1": 0.2836645809714152, "com_0_tau2": 0.8131012136653343, "com_10_tau1": 0.06459760489824873, "com_10_tau2": 0.09390335888584478, "com_11_tau1": 0.6229988120681517, "com_11_tau2": 0.7294665696446684, "com_12_tau1": 0.5426140681761259, "com_12_tau2": 0.16686202530378924, "com_13_tau1": 0.5772193650848603, "com_13_tau2": 0.7837953437483897, "com_14_tau1": 0.16361594496208598, "com_14_tau2": 0.3893112235964997, "com_15_tau1": 0.7009778512573126, "com_15_tau2": 0.6798388262349171, "com_16_tau1": 0.41127994994523853, "com_16_tau2": 0.8509829535435636, "com_17_tau1": 0.527968989939346, "com_17_tau2": 0.9309046985269036, "com_1_tau1": 0.7387385218221929, "com_1_tau2": 0.2787712029472418, "com_2_tau1": 0.3916188365626643, "com_2_tau2": 0.11218351538012705, "com_3_tau1": 0.11510876856891761, "com_3_tau2": 0.1039035124507065, "com_4_tau1": 0.6972824253153, "com_4_tau2": 0.08669205544310188, "com_5_tau1": 0.34628758188778974, "com_5_tau2": 0.021701778736887056, "com_6_tau1": 0.07249422094208557, "com_6_tau2": 0.012676241396706867, "com_7_tau1": 0.26083512442642487, "com_7_tau2": 0.5736680071618134, "com_8_tau1": 0.18193275447041435, "com_8_tau2": 0.5215586048345907, "com_9_tau1": 0.553382352165873, "com_9_tau2": 0.2988444540921814}, "datetime": {"datetime": "2024-12-09 13:38:33", "elapsed": 11236.825057, "delta": 130.991517}}
{"target": 0.8873641947380437, "params": {"com_0_tau1": 0.16279352972437933, "com_0_tau2": 0.8312833143907638, "com_10_tau1": 0.4239233218019446, "com_10_tau2": 0.4712776030042599, "com_11_tau1": 0.7881606811808378, "com_11_tau2": 0.3689134646135048, "com_12_tau1": 0.12486280620972334, "com_12_tau2": 0.3935881247314049, "com_13_tau1": 0.7110145762494348, "com_13_tau2": 0.02837777820254117, "com_14_tau1": 0.827191603848016, "com_14_tau2": 0.7328567464340039, "com_15_tau1": 0.43902041234602884, "com_15_tau2": 0.27707183903529375, "com_16_tau1": 0.4027582155154209, "com_16_tau2": 0.1316667473337172, "com_17_tau1": 0.5799038530377294, "com_17_tau2": 0.7642450678048399, "com_1_tau1": 0.4522149153190317, "com_1_tau2": 0.2308971554825605, "com_2_tau1": 0.15898274332318063, "com_2_tau2": 0.017269823600433387, "com_3_tau1": 0.6938980187656122, "com_3_tau2": 0.7784264634575769, "com_4_tau1": 0.4918518748998282, "com_4_tau2": 0.15023296282079135, "com_5_tau1": 0.41125289175861757, "com_5_tau2": 0.3284540436620187, "com_6_tau1": 0.5546481684860699, "com_6_tau2": 0.36547891311783676, "com_7_tau1": 0.42008580230902237, "com_7_tau2": 0.6387329668714956, "com_8_tau1": 0.4438333992258767, "com_8_tau2": 0.021806445778127737, "com_9_tau1": 0.785700397616797, "com_9_tau2": 0.7659814778637104}, "datetime": {"datetime": "2024-12-09 13:40:42", "elapsed": 11366.405036, "delta": 129.579979}}
