{"target": 0.8953623025750875, "params": {"com_0_tau1": 0.5597122802412247, "com_0_tau2": 0.5011041374335508, "com_10_tau1": 0.8005285350826294, "com_10_tau2": 0.2338771821703589, "com_11_tau1": 0.890949321294226, "com_11_tau2": 0.5971833108465705, "com_12_tau1": 0.471346339665639, "com_12_tau2": 0.13001086402314288, "com_13_tau1": 0.3617371102557716, "com_13_tau2": 0.7251222075160029, "com_14_tau1": 0.7512557743241391, "com_14_tau2": 0.7895052431947834, "com_15_tau1": 0.3753178245957639, "com_15_tau2": 0.5053674879379962, "com_16_tau1": 0.9058184010904239, "com_16_tau2": 0.5756381241064361, "com_17_tau1": 0.22737571192238826, "com_17_tau2": 0.6487551414561556, "com_18_tau1": 0.8428047779305878, "com_18_tau2": 0.21537869906825757, "com_19_tau1": 0.11615055961658571, "com_19_tau2": 0.19318705492856447, "com_1_tau1": 0.9387236339311917, "com_1_tau2": 0.17301089770869826, "com_20_tau1": 0.6373534860975567, "com_20_tau2": 0.4679225881135317, "com_21_tau1": 0.06982656887268301, "com_21_tau2": 0.3058621035836886, "com_22_tau1": 0.10274424608429489, "com_22_tau2": 0.7279551929783751, "com_2_tau1": 0.8008195932540718, "com_2_tau2": 0.7865762765419183, "com_3_tau1": 0.17795704994162442, "com_3_tau2": 0.025077325462403155, "com_4_tau1": 0.09469660426271753, "com_4_tau2": 0.5348600455943383, "com_5_tau1": 0.8545459796266988, "com_5_tau2": 0.7053472469030356, "com_6_tau1": 0.43750235682632466, "com_6_tau2": 0.5990510870944721, "com_7_tau1": 0.5865267340796095, "com_7_tau2": 0.004076394114576165, "com_8_tau1": 0.9576896187096303, "com_8_tau2": 0.21898439530565794, "com_9_tau1": 0.10085237936899272, "com_9_tau2": 0.02446670775084059}, "datetime": {"datetime": "2024-08-22 03:22:01", "elapsed": 4925.978386, "delta": 103.271454}}
{"target": 0.8776482568559404, "params": {"com_0_tau1": 0.23267193504273997, "com_0_tau2": 0.032035787033045104, "com_10_tau1": 0.02544781951077424, "com_10_tau2": 0.8832578752716894, "com_11_tau1": 0.24236441864752867, "com_11_tau2": 0.004910301532549011, "com_12_tau1": 0.3676204381013203, "com_12_tau2": 0.4253990861367277, "com_13_tau1": 0.4933170226984801, "com_13_tau2": 0.08189587765773798, "com_14_tau1": 0.002503009179122273, "com_14_tau2": 0.9686957262332073, "com_15_tau1": 0.3016518058315123, "com_15_tau2": 0.8639954795623775, "com_16_tau1": 0.8762857077971582, "com_16_tau2": 0.6649189840407262, "com_17_tau1": 0.3044969673107275, "com_17_tau2": 0.15701047296383785, "com_18_tau1": 0.10461393354217818, "com_18_tau2": 0.21588027129277665, "com_19_tau1": 0.32238418098597277, "com_19_tau2": 0.04522776402828044, "com_1_tau1": 0.2828464405104518, "com_1_tau2": 0.2764252918751702, "com_20_tau1": 0.41737953434083885, "com_20_tau2": 0.7221653789929797, "com_21_tau1": 0.46852900616319504, "com_21_tau2": 0.5560120663400082, "com_22_tau1": 0.07432388461102057, "com_22_tau2": 0.1819183739414355, "com_2_tau1": 0.4673530236054908, "com_2_tau2": 0.953777227945591, "com_3_tau1": 0.21758897817797584, "com_3_tau2": 0.23226595853757537, "com_4_tau1": 0.9259565116820889, "com_4_tau2": 0.47986589245633304, "com_5_tau1": 0.934595896929712, "com_5_tau2": 0.7241907233008265, "com_6_tau1": 0.2979982432454683, "com_6_tau2": 0.40155037823454054, "com_7_tau1": 0.8624039553837021, "com_7_tau2": 0.11160866647521195, "com_8_tau1": 0.38757719370249233, "com_8_tau2": 0.1574527214112491, "com_9_tau1": 0.4531496265029932, "com_9_tau2": 0.10218917526454208}, "datetime": {"datetime": "2024-08-22 03:23:50", "elapsed": 5034.693704, "delta": 108.715318}}
{"target": 0.8956485342705188, "params": {"com_0_tau1": 0.6848221123247823, "com_0_tau2": 0.7087533985176739, "com_10_tau1": 0.6709129510247261, "com_10_tau2": 0.39878463433951417, "com_11_tau1": 0.9027282259139905, "com_11_tau2": 0.4341067469436839, "com_12_tau1": 0.8386249205047538, "com_12_tau2": 0.5816704987225711, "com_13_tau1": 0.5856054732910541, "com_13_tau2": 0.5150453800676511, "com_14_tau1": 0.3149645400611438, "com_14_tau2": 0.6609413836615695, "com_15_tau1": 0.7428387604662321, "com_15_tau2": 0.014969359963586615, "com_16_tau1": 0.13069133998693117, "com_16_tau2": 0.10458405572232132, "com_17_tau1": 0.893855102548862, "com_17_tau2": 0.09448204088875534, "com_18_tau1": 0.5664036641927928, "com_18_tau2": 0.09137102910996575, "com_19_tau1": 0.5326783369040193, "com_19_tau2": 0.6336491512190726, "com_1_tau1": 0.6644985468966695, "com_1_tau2": 0.9396450182708829, "com_20_tau1": 0.2700366359621844, "com_20_tau2": 0.49500097496181716, "com_21_tau1": 0.25602441685328303, "com_21_tau2": 0.32496166367277657, "com_22_tau1": 0.274034066273123, "com_22_tau2": 0.43080761253118405, "com_2_tau1": 0.814027671058672, "com_2_tau2": 0.5575286091104341, "com_3_tau1": 0.3069899077673046, "com_3_tau2": 0.44474191951447173, "com_4_tau1": 0.8775991200106634, "com_4_tau2": 0.3499008045910741, "com_5_tau1": 0.2939756071484243, "com_5_tau2": 0.8379087209432418, "com_6_tau1": 0.8491733897685251, "com_6_tau2": 0.08591298703273509, "com_7_tau1": 0.9523349618524926, "com_7_tau2": 0.9158763814868258, "com_8_tau1": 0.12485571851921262, "com_8_tau2": 0.667909351503923, "com_9_tau1": 0.9546075002776978, "com_9_tau2": 0.962229234119924}, "datetime": {"datetime": "2024-08-22 03:25:33", "elapsed": 5137.167565, "delta": 102.473861}}
{"target": 0.9057932102134408, "params": {"com_0_tau1": 0.8645324823976516, "com_0_tau2": 0.7170861263252553, "com_10_tau1": 0.03470323051716295, "com_10_tau2": 0.7274782236165159, "com_11_tau1": 0.9940139421046889, "com_11_tau2": 0.16582055965076525, "com_12_tau1": 0.8075085442541974, "com_12_tau2": 0.5737120736229534, "com_13_tau1": 0.988982545313987, "com_13_tau2": 0.05307218228257393, "com_14_tau1": 0.42769748536727126, "com_14_tau2": 0.9401863515853717, "com_15_tau1": 0.5259538976717347, "com_15_tau2": 0.5867056335620076, "com_16_tau1": 0.9689133541265942, "com_16_tau2": 0.6906053237994493, "com_17_tau1": 0.05501506197984063, "com_17_tau2": 0.7322703966923149, "com_18_tau1": 0.37153224427077036, "com_18_tau2": 0.7621863119343868, "com_19_tau1": 0.654861894111491, "com_19_tau2": 0.4707412399371057, "com_1_tau1": 0.0987489785646376, "com_1_tau2": 0.6994730303371816, "com_20_tau1": 0.03701288473494768, "com_20_tau2": 0.1509553163668329, "com_21_tau1": 0.10235068948867754, "com_21_tau2": 0.45354255853623204, "com_22_tau1": 0.16077994799423712, "com_22_tau2": 0.3978803576915687, "com_2_tau1": 0.8995624066653124, "com_2_tau2": 0.9553342855457424, "com_3_tau1": 0.08708269270663727, "com_3_tau2": 0.94964034156393, "com_4_tau1": 0.7348321982140418, "com_4_tau2": 0.7133388960498039, "com_5_tau1": 0.6498369840440258, "com_5_tau2": 0.7099073521688544, "com_6_tau1": 0.2576748073823365, "com_6_tau2": 0.48294435424140125, "com_7_tau1": 0.47625678793677806, "com_7_tau2": 0.34061801142894266, "com_8_tau1": 0.49147872170727847, "com_8_tau2": 0.10533324106294772, "com_9_tau1": 0.4526966065447634, "com_9_tau2": 0.9107203329008212}, "datetime": {"datetime": "2024-08-22 03:27:13", "elapsed": 5237.714321, "delta": 100.546756}}
{"target": 0.8896480102390344, "params": {"com_0_tau1": 0.5197646555624233, "com_0_tau2": 0.4439848520819474, "com_10_tau1": 0.6814400991751038, "com_10_tau2": 0.021824623038355084, "com_11_tau1": 0.0488797568277779, "com_11_tau2": 0.8380214563362799, "com_12_tau1": 0.23987883070889227, "com_12_tau2": 0.7891798821910253, "com_13_tau1": 0.7503732632896126, "com_13_tau2": 0.0844199322986614, "com_14_tau1": 0.10099724647095043, "com_14_tau2": 0.3675980569742472, "com_15_tau1": 0.6036712893122396, "com_15_tau2": 0.8874293914762883, "com_16_tau1": 0.9170174004861325, "com_16_tau2": 0.5050720871464992, "com_17_tau1": 0.7129344562718862, "com_17_tau2": 0.5471996981280435, "com_18_tau1": 0.42765749127982144, "com_18_tau2": 0.818181130247518, "com_19_tau1": 0.6263741667792531, "com_19_tau2": 0.25681493248463694, "com_1_tau1": 0.9234184724093049, "com_1_tau2": 0.6126657798338199, "com_20_tau1": 0.4568532282413681, "com_20_tau2": 0.2655442912861963, "com_21_tau1": 0.6942755757435729, "com_21_tau2": 0.8178197423744078, "com_22_tau1": 0.4428366120567736, "com_22_tau2": 0.7393113458898345, "com_2_tau1": 0.7595824076630234, "com_2_tau2": 0.9888678435492237, "com_3_tau1": 0.0021379211816850985, "com_3_tau2": 0.9146990877588083, "com_4_tau1": 0.39307623585675755, "com_4_tau2": 0.1856878873629798, "com_5_tau1": 0.4323782043008859, "com_5_tau2": 0.31487142824289893, "com_6_tau1": 0.047914967212814186, "com_6_tau2": 0.524270219565629, "com_7_tau1": 0.08208893834508335, "com_7_tau2": 0.7643061835182225, "com_8_tau1": 0.8322680158948639, "com_8_tau2": 0.09719291971298438, "com_9_tau1": 0.18805732968944744, "com_9_tau2": 0.2620940394397935}, "datetime": {"datetime": "2024-08-22 03:28:58", "elapsed": 5342.465847, "delta": 104.751526}}
{"target": 0.9005830352800931, "params": {"com_0_tau1": 0.0005868208591097712, "com_0_tau2": 0.8614045465734281, "com_10_tau1": 0.03025182628961398, "com_10_tau2": 0.3684349788324056, "com_11_tau1": 0.7162143291238782, "com_11_tau2": 0.967454593292918, "com_12_tau1": 0.01792365007083785, "com_12_tau2": 0.21369290414263875, "com_13_tau1": 0.082345548029227, "com_13_tau2": 0.6588732723210825, "com_14_tau1": 0.9689416059320698, "com_14_tau2": 0.9935523462648818, "com_15_tau1": 0.5360954740539825, "com_15_tau2": 0.04973225136991799, "com_16_tau1": 0.812004845178402, "com_16_tau2": 0.17935220366747628, "com_17_tau1": 0.37164903613288736, "com_17_tau2": 0.3018102032363059, "com_18_tau1": 0.649406876245652, "com_18_tau2": 0.6826703229381453, "com_19_tau1": 0.15355142754317763, "com_19_tau2": 0.9938192252700162, "com_1_tau1": 0.1596984315445309, "com_1_tau2": 0.738956809532056, "com_20_tau1": 0.4424554772754222, "com_20_tau2": 0.5082936064022971, "com_21_tau1": 0.1800161743234059, "com_21_tau2": 0.8722636077331486, "com_22_tau1": 0.7151920592189736, "com_22_tau2": 0.0784080782067228, "com_2_tau1": 0.5403661343823505, "com_2_tau2": 0.7040713752905845, "com_3_tau1": 0.9385455124232941, "com_3_tau2": 0.44790080981674996, "com_4_tau1": 0.9602833293562612, "com_4_tau2": 0.06567910966558343, "com_5_tau1": 0.37304893220432844, "com_5_tau2": 0.33391741487225546, "com_6_tau1": 0.9073802183631658, "com_6_tau2": 0.8773707140029401, "com_7_tau1": 0.6262310254273669, "com_7_tau2": 0.5928983393801388, "com_8_tau1": 0.9258179291103399, "com_8_tau2": 0.12371391649508223, "com_9_tau1": 0.7367505950057364, "com_9_tau2": 0.7594395003294757}, "datetime": {"datetime": "2024-08-22 03:30:39", "elapsed": 5443.827781, "delta": 101.361934}}
{"target": 0.8956004223370267, "params": {"com_0_tau1": 0.46142704060452755, "com_0_tau2": 0.5953852240109526, "com_10_tau1": 0.8182457613911879, "com_10_tau2": 0.09792222962689245, "com_11_tau1": 0.9656833383249986, "com_11_tau2": 0.36893758991784886, "com_12_tau1": 0.7840279512810443, "com_12_tau2": 0.5153059328376639, "com_13_tau1": 0.6183385781352059, "com_13_tau2": 0.5093827069347803, "com_14_tau1": 0.04159206292142925, "com_14_tau2": 0.367108726722542, "com_15_tau1": 0.6205920541248344, "com_15_tau2": 0.7371469475605646, "com_16_tau1": 0.2685379707212384, "com_16_tau2": 0.6329310308574279, "com_17_tau1": 0.8108085819508044, "com_17_tau2": 0.6011444795737885, "com_18_tau1": 0.5080669708902278, "com_18_tau2": 0.34321764262183363, "com_19_tau1": 0.8744251212113877, "com_19_tau2": 0.38594324645462375, "com_1_tau1": 0.6363446406735144, "com_1_tau2": 0.23690372703732443, "com_20_tau1": 0.3562574115043978, "com_20_tau2": 0.795611570126178, "com_21_tau1": 0.052649912938390164, "com_21_tau2": 0.5747831318688735, "com_22_tau1": 0.1051405610386521, "com_22_tau2": 0.20882821728355372, "com_2_tau1": 0.4009873381263215, "com_2_tau2": 0.32167880187853193, "com_3_tau1": 0.577662102728324, "com_3_tau2": 0.5149683118641708, "com_4_tau1": 0.7417273484600508, "com_4_tau2": 0.850340907257529, "com_5_tau1": 0.6168141943775652, "com_5_tau2": 0.719531267538519, "com_6_tau1": 0.3381728902112404, "com_6_tau2": 0.12773878862909682, "com_7_tau1": 0.008392255181731256, "com_7_tau2": 0.20520284589594318, "com_8_tau1": 0.9007317006407143, "com_8_tau2": 0.6439053156622592, "com_9_tau1": 0.10460413438726734, "com_9_tau2": 0.23929083113042537}, "datetime": {"datetime": "2024-08-22 03:32:22", "elapsed": 5546.412701, "delta": 102.58492}}
{"target": 0.8955952177244159, "params": {"com_0_tau1": 0.2802159375423281, "com_0_tau2": 0.37165085647135154, "com_10_tau1": 0.16621814193762885, "com_10_tau2": 0.9837000932244514, "com_11_tau1": 0.5063847799427343, "com_11_tau2": 0.12930377616052735, "com_12_tau1": 0.8474921330827994, "com_12_tau2": 0.7070362180944348, "com_13_tau1": 0.48849209528176596, "com_13_tau2": 0.26355153623235383, "com_14_tau1": 0.9564519247427955, "com_14_tau2": 0.3544173658984652, "com_15_tau1": 0.5283606124469888, "com_15_tau2": 0.5232671597658852, "com_16_tau1": 0.6024820762703476, "com_16_tau2": 0.5221057040368251, "com_17_tau1": 0.882712444639384, "com_17_tau2": 0.46245665448928686, "com_18_tau1": 0.4756745236401876, "com_18_tau2": 0.49274039917621404, "com_19_tau1": 0.5318436923385952, "com_19_tau2": 0.33306908250167466, "com_1_tau1": 0.9059102969897108, "com_1_tau2": 0.399602064090675, "com_20_tau1": 0.6959797845261517, "com_20_tau2": 0.23003279159897716, "com_21_tau1": 0.22013511071666436, "com_21_tau2": 0.08441085723986963, "com_22_tau1": 0.426792773564285, "com_22_tau2": 0.47233170961341664, "com_2_tau1": 0.5697383882658981, "com_2_tau2": 0.9108162310342274, "com_3_tau1": 0.3404527537168279, "com_3_tau2": 0.6456432642549035, "com_4_tau1": 0.4790587337183623, "com_4_tau2": 0.06637856341579584, "com_5_tau1": 0.8991247017031703, "com_5_tau2": 0.19053420555752532, "com_6_tau1": 0.14087576284385728, "com_6_tau2": 0.4410065136601413, "com_7_tau1": 0.7852569873450862, "com_7_tau2": 0.3852391690427559, "com_8_tau1": 0.433592908611904, "com_8_tau2": 0.08763395092472004, "com_9_tau1": 0.35185378660886524, "com_9_tau2": 0.6111822706713509}, "datetime": {"datetime": "2024-08-22 03:34:05", "elapsed": 5649.742627, "delta": 103.329926}}
{"target": 0.8957447884533258, "params": {"com_0_tau1": 0.6318213264125607, "com_0_tau2": 0.019685031240982642, "com_10_tau1": 0.6518801999952271, "com_10_tau2": 0.6472932725011086, "com_11_tau1": 0.5546772740628895, "com_11_tau2": 0.11246053313114601, "com_12_tau1": 0.4150235622923001, "com_12_tau2": 0.5467831506863672, "com_13_tau1": 0.3567558627444809, "com_13_tau2": 0.30081962594006095, "com_14_tau1": 0.39201180789054957, "com_14_tau2": 0.694624328496714, "com_15_tau1": 0.45740453075802057, "com_15_tau2": 0.3052791276044575, "com_16_tau1": 0.49554734232953424, "com_16_tau2": 0.05140858308437202, "com_17_tau1": 0.5206479689897082, "com_17_tau2": 0.6479493090443411, "com_18_tau1": 0.7870969273931806, "com_18_tau2": 0.5740099825857119, "com_19_tau1": 0.223450104232087, "com_19_tau2": 0.8846879219603588, "com_1_tau1": 0.5231742009802866, "com_1_tau2": 0.7598422343767508, "com_20_tau1": 0.504000296554283, "com_20_tau2": 0.2298291153930535, "com_21_tau1": 0.45097641397754074, "com_21_tau2": 0.7302850892699877, "com_22_tau1": 0.29847504580914086, "com_22_tau2": 0.28691782887742867, "com_2_tau1": 0.6774260131087817, "com_2_tau2": 0.5357150734216957, "com_3_tau1": 0.35104122385923975, "com_3_tau2": 0.8106011755940045, "com_4_tau1": 0.388903398959598, "com_4_tau2": 0.6112434687448595, "com_5_tau1": 0.2804870867321174, "com_5_tau2": 0.6897790865524467, "com_6_tau1": 0.8605351825973491, "com_6_tau2": 0.67680587630848, "com_7_tau1": 0.18333289731280655, "com_7_tau2": 0.9937911416550721, "com_8_tau1": 0.8969126191740578, "com_8_tau2": 0.6195310309904434, "com_9_tau1": 0.5556570566290036, "com_9_tau2": 0.7732561468455337}, "datetime": {"datetime": "2024-08-22 03:35:49", "elapsed": 5753.632299, "delta": 103.889672}}
{"target": 0.8955675199923475, "params": {"com_0_tau1": 0.7090115756639902, "com_0_tau2": 0.3749712979954771, "com_10_tau1": 0.03696812239407221, "com_10_tau2": 0.733708392242057, "com_11_tau1": 0.8692375949948096, "com_11_tau2": 0.7619209558950296, "com_12_tau1": 0.6448530037026741, "com_12_tau2": 0.8867772853878587, "com_13_tau1": 0.6066626306225348, "com_13_tau2": 0.26405289457184766, "com_14_tau1": 0.09257733209465357, "com_14_tau2": 0.5374334835539012, "com_15_tau1": 0.6003693426627248, "com_15_tau2": 0.1812265475963878, "com_16_tau1": 0.18032047885208513, "com_16_tau2": 0.3072987805782744, "com_17_tau1": 0.517775718540778, "com_17_tau2": 0.6275383112829801, "com_18_tau1": 0.3673751492189995, "com_18_tau2": 0.8035397711127382, "com_19_tau1": 0.5415419175502605, "com_19_tau2": 0.728490853995666, "com_1_tau1": 0.8532822083272649, "com_1_tau2": 0.7585644034759075, "com_20_tau1": 0.03256928571668094, "com_20_tau2": 0.716526173283376, "com_21_tau1": 0.2074787639228033, "com_21_tau2": 0.6497167579321882, "com_22_tau1": 0.07232995857667512, "com_22_tau2": 0.96631912426116, "com_2_tau1": 0.07157433336771213, "com_2_tau2": 0.19783067537863952, "com_3_tau1": 0.041201614497205274, "com_3_tau2": 0.5393896330036103, "com_4_tau1": 0.6833870106194754, "com_4_tau2": 0.6165635121366466, "com_5_tau1": 0.5149704540099801, "com_5_tau2": 0.8803220061593052, "com_6_tau1": 0.4241657395108155, "com_6_tau2": 0.9435712001668997, "com_7_tau1": 0.42625813400707024, "com_7_tau2": 0.46685956682317165, "com_8_tau1": 0.489879870167923, "com_8_tau2": 0.19949871745409187, "com_9_tau1": 0.28992528230485903, "com_9_tau2": 0.14210489492571932}, "datetime": {"datetime": "2024-08-22 03:37:32", "elapsed": 5856.255417, "delta": 102.623118}}
{"target": 0.895779174745662, "params": {"com_0_tau1": 0.18502720065852807, "com_0_tau2": 0.8826138218072394, "com_10_tau1": 0.4717093941494822, "com_10_tau2": 0.8176271319639727, "com_11_tau1": 0.730090745986841, "com_11_tau2": 0.4477398839155967, "com_12_tau1": 0.6655555880896923, "com_12_tau2": 0.41750326452483566, "com_13_tau1": 0.4880215686727589, "com_13_tau2": 0.9170030788096675, "com_14_tau1": 0.6037057722752152, "com_14_tau2": 0.8951922808930729, "com_15_tau1": 0.26001186439858326, "com_15_tau2": 0.2748217968920802, "com_16_tau1": 0.13690778190863273, "com_16_tau2": 0.2138159231970087, "com_17_tau1": 0.1504506880672296, "com_17_tau2": 0.6363878983670469, "com_18_tau1": 0.06309488475186742, "com_18_tau2": 0.49697284911296935, "com_19_tau1": 0.33196061528428467, "com_19_tau2": 0.6589647377036919, "com_1_tau1": 0.5507223904013953, "com_1_tau2": 0.4146817949627095, "com_20_tau1": 0.05701629116048412, "com_20_tau2": 0.5225232815595836, "com_21_tau1": 0.5032534517346652, "com_21_tau2": 0.04813078579445218, "com_22_tau1": 0.39933299952535184, "com_22_tau2": 0.9167627544187416, "com_2_tau1": 0.9379212991527951, "com_2_tau2": 0.6228143887035794, "com_3_tau1": 0.2752099963588893, "com_3_tau2": 0.7894711715792315, "com_4_tau1": 0.05041272700965371, "com_4_tau2": 0.51916791093307, "com_5_tau1": 0.5173674102667509, "com_5_tau2": 0.5367880268131217, "com_6_tau1": 0.39183219650733037, "com_6_tau2": 0.9813621401086928, "com_7_tau1": 0.5960595150411644, "com_7_tau2": 0.18114573840352566, "com_8_tau1": 0.423019727872486, "com_8_tau2": 0.21576090905595535, "com_9_tau1": 0.5192909329407103, "com_9_tau2": 0.012117215378942947}, "datetime": {"datetime": "2024-08-22 03:39:14", "elapsed": 5958.666099, "delta": 102.410682}}
{"target": 0.8546767616772192, "params": {"com_0_tau1": 0.62088453386424, "com_0_tau2": 0.4741224415611941, "com_10_tau1": 0.26366410999873524, "com_10_tau2": 0.5804732301637944, "com_11_tau1": 0.18637874699164225, "com_11_tau2": 0.03714731187804765, "com_12_tau1": 0.9092418048199921, "com_12_tau2": 0.9979463569794972, "com_13_tau1": 0.2354235996847529, "com_13_tau2": 0.5955697556517049, "com_14_tau1": 0.2956603671111331, "com_14_tau2": 0.7597835242267545, "com_15_tau1": 0.21866283601661785, "com_15_tau2": 0.06850193679382521, "com_16_tau1": 0.6238449964372197, "com_16_tau2": 0.3783875473230288, "com_17_tau1": 0.7662729674917279, "com_17_tau2": 0.8427456793662563, "com_18_tau1": 0.42205998268287004, "com_18_tau2": 0.337607888631685, "com_19_tau1": 0.14520587635796622, "com_19_tau2": 0.6802777089499188, "com_1_tau1": 0.3500361627056757, "com_1_tau2": 0.006459029667610694, "com_20_tau1": 0.2523673447531988, "com_20_tau2": 0.1514065703698787, "com_21_tau1": 0.427834341584419, "com_21_tau2": 0.30272661794980127, "com_22_tau1": 0.9497737553889287, "com_22_tau2": 0.4105748502005181, "com_2_tau1": 0.05956027813675935, "com_2_tau2": 0.1652035874534794, "com_3_tau1": 0.9589788732106147, "com_3_tau2": 0.46459719138084354, "com_4_tau1": 0.5608487715870184, "com_4_tau2": 0.9670983410230763, "com_5_tau1": 0.46748274524488265, "com_5_tau2": 0.8619014763699312, "com_6_tau1": 0.09462249354097507, "com_6_tau2": 0.0011774794349020956, "com_7_tau1": 0.8959491501933784, "com_7_tau2": 0.3110752738771544, "com_8_tau1": 0.5048847547652379, "com_8_tau2": 0.32836170028964395, "com_9_tau1": 0.6920684770251477, "com_9_tau2": 0.9091563025320751}, "datetime": {"datetime": "2024-08-22 03:41:11", "elapsed": 6075.199689, "delta": 116.53359}}
