{"target": 0.8903212199720617, "params": {"com_0_tau1": 0.1973514610149525, "com_0_tau2": 0.6161540157255664, "com_10_tau1": 0.5867585431868573, "com_10_tau2": 0.3614797948609646, "com_11_tau1": 0.2392487579446344, "com_11_tau2": 0.06973539887758151, "com_12_tau1": 0.7665204206863923, "com_12_tau2": 0.866061360887153, "com_13_tau1": 0.18200618245175437, "com_13_tau2": 0.9327951364009123, "com_14_tau1": 0.18741792949246805, "com_14_tau2": 0.4177821783518464, "com_15_tau1": 0.13804417734101482, "com_15_tau2": 0.5175574848046092, "com_16_tau1": 0.4543216653045453, "com_16_tau2": 0.7233374889948552, "com_17_tau1": 0.9839568076936611, "com_17_tau2": 0.38846545166137547, "com_18_tau1": 0.26987451186, "com_18_tau2": 0.8666469058863264, "com_19_tau1": 0.723958044975734, "com_19_tau2": 0.31043580785544245, "com_1_tau1": 0.2786269721199599, "com_1_tau2": 0.2937396552530642, "com_20_tau1": 0.3803901921954018, "com_20_tau2": 0.5987574649433288, "com_21_tau1": 0.3986292267622218, "com_21_tau2": 0.20625672115868443, "com_22_tau1": 0.8287740485249591, "com_22_tau2": 0.9166357302797725, "com_2_tau1": 0.20042963036511885, "com_2_tau2": 0.16839615507245742, "com_3_tau1": 0.3440338558220031, "com_3_tau2": 0.00023079737808395784, "com_4_tau1": 0.48379303284268893, "com_4_tau2": 0.20157711214862883, "com_5_tau1": 0.9346818248651131, "com_5_tau2": 0.583963069424679, "com_6_tau1": 0.31478549781733056, "com_6_tau2": 0.28435076089553646, "com_7_tau1": 0.02736809718068811, "com_7_tau2": 0.8004818890499222, "com_8_tau1": 0.3155935237451619, "com_8_tau2": 0.03576390173503574, "com_9_tau1": 0.20758716597186522, "com_9_tau2": 0.11725552845809983}, "datetime": {"datetime": "2024-08-22 04:45:13", "elapsed": 9918.015233, "delta": 105.298784}}
{"target": 0.8736107405554382, "params": {"com_0_tau1": 0.439074657169087, "com_0_tau2": 0.5891731492655274, "com_10_tau1": 0.3632060321521625, "com_10_tau2": 0.3823193332475131, "com_11_tau1": 0.5366431339664708, "com_11_tau2": 0.45489461588153235, "com_12_tau1": 0.8751224702070619, "com_12_tau2": 0.37570930285838144, "com_13_tau1": 0.1576340437393301, "com_13_tau2": 0.13197787363073998, "com_14_tau1": 0.5246144233837552, "com_14_tau2": 0.2705417416860568, "com_15_tau1": 0.6934107628183249, "com_15_tau2": 0.6819442275754436, "com_16_tau1": 0.8191290687690365, "com_16_tau2": 0.44909392844984153, "com_17_tau1": 0.1112541869359025, "com_17_tau2": 0.03371906411263359, "com_18_tau1": 0.9180954632039767, "com_18_tau2": 0.2624224242474136, "com_19_tau1": 0.17194107534897107, "com_19_tau2": 0.5358596545002351, "com_1_tau1": 0.41290058534879215, "com_1_tau2": 0.8491264041152148, "com_20_tau1": 0.47856941455547386, "com_20_tau2": 0.6092439300021899, "com_21_tau1": 0.8411799667940315, "com_21_tau2": 0.053475324273706826, "com_22_tau1": 0.39481824303542035, "com_22_tau2": 0.9407222463971427, "com_2_tau1": 0.49007738547229807, "com_2_tau2": 0.9132217711888385, "com_3_tau1": 0.692761082371701, "com_3_tau2": 0.6848631656494092, "com_4_tau1": 0.019461131088884254, "com_4_tau2": 0.905141789409432, "com_5_tau1": 0.0027802632980429287, "com_5_tau2": 0.4487271070841754, "com_6_tau1": 0.651492892251235, "com_6_tau2": 0.509037436369874, "com_7_tau1": 0.20051018474442472, "com_7_tau2": 0.28716893849776115, "com_8_tau1": 0.9777394646556973, "com_8_tau2": 0.47075710937256376, "com_9_tau1": 0.036844796896896126, "com_9_tau2": 0.7480670738175964}, "datetime": {"datetime": "2024-08-22 04:47:05", "elapsed": 10029.310409, "delta": 111.295176}}
{"target": 0.8948789062012731, "params": {"com_0_tau1": 0.1263622590330027, "com_0_tau2": 0.7478988605927989, "com_10_tau1": 0.19966320295543272, "com_10_tau2": 0.42772319857266616, "com_11_tau1": 0.6794632717677547, "com_11_tau2": 0.8906537977171679, "com_12_tau1": 0.7107654549792207, "com_12_tau2": 0.40708575448185147, "com_13_tau1": 0.13550996047048003, "com_13_tau2": 0.8409862314286483, "com_14_tau1": 0.03209102690520804, "com_14_tau2": 0.09521519824273816, "com_15_tau1": 0.7083807933353073, "com_15_tau2": 0.838633692220111, "com_16_tau1": 0.7221474601778907, "com_16_tau2": 0.20631840574031446, "com_17_tau1": 0.7449637424279723, "com_17_tau2": 0.539887516991535, "com_18_tau1": 0.6823128650518167, "com_18_tau2": 0.02964293237787674, "com_19_tau1": 0.29613229233836014, "com_19_tau2": 0.3254022141362167, "com_1_tau1": 0.6279554350166903, "com_1_tau2": 0.04806521880509673, "com_20_tau1": 0.6702255065288846, "com_20_tau2": 0.7051640770066194, "com_21_tau1": 0.184505338498122, "com_21_tau2": 0.5913006543115997, "com_22_tau1": 0.560323861018325, "com_22_tau2": 0.5108010436813153, "com_2_tau1": 0.37198393628384385, "com_2_tau2": 0.8699725673724262, "com_3_tau1": 0.6891114606025007, "com_3_tau2": 0.8045518877807846, "com_4_tau1": 0.48463738801872636, "com_4_tau2": 0.6982285052797848, "com_5_tau1": 0.9155590475509913, "com_5_tau2": 0.39612852349649275, "com_6_tau1": 0.5970158812364337, "com_6_tau2": 0.872653198272889, "com_7_tau1": 0.6754081299561484, "com_7_tau2": 0.6874471312395377, "com_8_tau1": 0.9457535390802834, "com_8_tau2": 0.9677420939028952, "com_9_tau1": 0.7731542126446761, "com_9_tau2": 0.8941042211840883}, "datetime": {"datetime": "2024-08-22 04:48:48", "elapsed": 10132.840987, "delta": 103.530578}}
{"target": 0.8947765352375635, "params": {"com_0_tau1": 0.8131696900176087, "com_0_tau2": 0.4948836701267837, "com_10_tau1": 0.009881889695170565, "com_10_tau2": 0.4015757501188906, "com_11_tau1": 0.9144185771702841, "com_11_tau2": 0.6820165772994323, "com_12_tau1": 0.3504229504200481, "com_12_tau2": 0.8884444491024391, "com_13_tau1": 0.7864222270460589, "com_13_tau2": 0.289301487883735, "com_14_tau1": 0.32272137045963345, "com_14_tau2": 0.6074911635439578, "com_15_tau1": 0.8488340151270112, "com_15_tau2": 0.80814468718132, "com_16_tau1": 0.5416654272604922, "com_16_tau2": 0.2302749379803316, "com_17_tau1": 0.07298599747129186, "com_17_tau2": 0.5775454474976989, "com_18_tau1": 0.06996985184442917, "com_18_tau2": 0.8739809076282997, "com_19_tau1": 0.9033276122982348, "com_19_tau2": 0.9551425221983972, "com_1_tau1": 0.4906749622670984, "com_1_tau2": 0.37954516856667553, "com_20_tau1": 0.6094098079346646, "com_20_tau2": 0.71255416922288, "com_21_tau1": 0.09460964248236559, "com_21_tau2": 0.832411669567405, "com_22_tau1": 0.6022826302146541, "com_22_tau2": 0.8808362508797599, "com_2_tau1": 0.9865839025539758, "com_2_tau2": 0.4313673293055412, "com_3_tau1": 0.7020663889184134, "com_3_tau2": 0.4838637213329773, "com_4_tau1": 0.01649428535502173, "com_4_tau2": 0.8011666577902994, "com_5_tau1": 0.08103483626735586, "com_5_tau2": 0.9678155095521649, "com_6_tau1": 0.8218844837054389, "com_6_tau2": 0.7592793727129129, "com_7_tau1": 0.487630271702703, "com_7_tau2": 0.015655342039062936, "com_8_tau1": 0.9499345091090586, "com_8_tau2": 0.991827601520915, "com_9_tau1": 0.34724413096387885, "com_9_tau2": 0.9999521086808478}, "datetime": {"datetime": "2024-08-22 04:50:31", "elapsed": 10235.809524, "delta": 102.968537}}
{"target": 0.8666190934040445, "params": {"com_0_tau1": 0.6907331717722761, "com_0_tau2": 0.6510633416669184, "com_10_tau1": 0.4448993312645557, "com_10_tau2": 0.43385573774213043, "com_11_tau1": 0.6117986773275277, "com_11_tau2": 0.8251043495361955, "com_12_tau1": 0.07560228205096418, "com_12_tau2": 0.058583642407011825, "com_13_tau1": 0.5029189263143997, "com_13_tau2": 0.2111495571705748, "com_14_tau1": 0.37900530499642643, "com_14_tau2": 0.17132774416755123, "com_15_tau1": 0.5759795490421198, "com_15_tau2": 0.7194813480352636, "com_16_tau1": 0.6243845028459898, "com_16_tau2": 0.18954662905811953, "com_17_tau1": 0.5011663747313738, "com_17_tau2": 0.5974932622344953, "com_18_tau1": 0.34946504117958893, "com_18_tau2": 0.23866709471237207, "com_19_tau1": 0.25850324347299164, "com_19_tau2": 0.6122464969149556, "com_1_tau1": 0.0, "com_1_tau2": 0.6577585574040361, "com_20_tau1": 0.7453993767569499, "com_20_tau2": 0.1699585944743489, "com_21_tau1": 0.1689769846867717, "com_21_tau2": 0.3455816943898158, "com_22_tau1": 0.561041056861598, "com_22_tau2": 0.719877693006449, "com_2_tau1": 0.09060303272960721, "com_2_tau2": 0.42291803663715694, "com_3_tau1": 0.5355369454233067, "com_3_tau2": 0.5391452257732012, "com_4_tau1": 0.364700248677277, "com_4_tau2": 0.3990000179489359, "com_5_tau1": 0.8041996032452284, "com_5_tau2": 0.5885976662679098, "com_6_tau1": 0.39588920140915645, "com_6_tau2": 0.537874360696913, "com_7_tau1": 0.5701410019574839, "com_7_tau2": 0.7576591939892952, "com_8_tau1": 0.6618574497338033, "com_8_tau2": 0.7481275687375134, "com_9_tau1": 0.26489642378528466, "com_9_tau2": 0.3544432206766802}, "datetime": {"datetime": "2024-08-22 04:52:27", "elapsed": 10351.607021, "delta": 115.797497}}
{"target": 0.8664964394042595, "params": {"com_0_tau1": 0.9973902503828256, "com_0_tau2": 0.16596102935420515, "com_10_tau1": 0.290761845009034, "com_10_tau2": 0.2292877959688387, "com_11_tau1": 0.37216658785800194, "com_11_tau2": 0.5252552022726813, "com_12_tau1": 0.3380189313380781, "com_12_tau2": 0.3764952634606883, "com_13_tau1": 0.6854998357779319, "com_13_tau2": 0.9859989328943382, "com_14_tau1": 0.3801023989136666, "com_14_tau2": 0.3560490072447254, "com_15_tau1": 0.24488357417012255, "com_15_tau2": 0.7878840791807704, "com_16_tau1": 0.5698308358479184, "com_16_tau2": 0.5826256012713974, "com_17_tau1": 0.4329277735007236, "com_17_tau2": 0.5681809091795738, "com_18_tau1": 0.5575500789344652, "com_18_tau2": 0.5214944052419754, "com_19_tau1": 0.6614418477952486, "com_19_tau2": 0.934586760923654, "com_1_tau1": -0.03109918289472438, "com_1_tau2": 0.9904695523615256, "com_20_tau1": 0.700587746521815, "com_20_tau2": 0.5802462718864208, "com_21_tau1": 0.18871501758890846, "com_21_tau2": 0.6769915899460186, "com_22_tau1": 0.9099491938464888, "com_22_tau2": 0.8630587774559946, "com_2_tau1": 0.350113194568084, "com_2_tau2": 0.5359314519315846, "com_3_tau1": 0.4580309826961344, "com_3_tau2": 0.8827952853029921, "com_4_tau1": 0.8835626670133105, "com_4_tau2": 0.9048364456173971, "com_5_tau1": 0.5785636247050556, "com_5_tau2": 0.15299200650683964, "com_6_tau1": 0.8499276366287802, "com_6_tau2": 0.32140496836803156, "com_7_tau1": 0.6648602089515757, "com_7_tau2": 0.08645813798173746, "com_8_tau1": 0.20867078960164406, "com_8_tau2": 0.274373163724034, "com_9_tau1": 0.5053629010900982, "com_9_tau2": -0.0524901354158053}, "datetime": {"datetime": "2024-08-22 04:54:22", "elapsed": 10466.958707, "delta": 115.351686}}
{"target": 0.8661411586870525, "params": {"com_0_tau1": 0.5508251464217233, "com_0_tau2": 0.19987350718584745, "com_10_tau1": 0.28266064693808174, "com_10_tau2": 0.33703322340762215, "com_11_tau1": 0.3019689750334458, "com_11_tau2": 0.35040763689186244, "com_12_tau1": 0.33129216710639187, "com_12_tau2": 0.40648473186522693, "com_13_tau1": 0.08567695748098209, "com_13_tau2": 0.6273109383246555, "com_14_tau1": 0.2355769987794314, "com_14_tau2": 0.2848625896480689, "com_15_tau1": 0.22447309467759452, "com_15_tau2": 0.8939970786321392, "com_16_tau1": 0.8412416002952564, "com_16_tau2": 0.28625471838619754, "com_17_tau1": 0.21449025411400804, "com_17_tau2": 0.467066333355765, "com_18_tau1": 0.30667291274270836, "com_18_tau2": 0.9839653041378786, "com_19_tau1": 0.721064132521346, "com_19_tau2": 1.066190211068451, "com_1_tau1": -0.05709762379731753, "com_1_tau2": 0.9587749708395449, "com_20_tau1": 0.9192285394072792, "com_20_tau2": 0.5625864135022696, "com_21_tau1": 0.52170111315412, "com_21_tau2": 0.78058335691248, "com_22_tau1": 0.9842511739334263, "com_22_tau2": 0.7529503764251212, "com_2_tau1": 0.20784005767743913, "com_2_tau2": 0.37664356033255203, "com_3_tau1": 0.37276184876202667, "com_3_tau2": 0.5026625587480861, "com_4_tau1": 0.5366219976548163, "com_4_tau2": 0.5464596587479947, "com_5_tau1": 0.5971877695692024, "com_5_tau2": 0.4394704385045146, "com_6_tau1": 0.9012051163382069, "com_6_tau2": 0.033022085992604394, "com_7_tau1": 0.6965930675486407, "com_7_tau2": 0.39930143230911425, "com_8_tau1": 0.479024331285785, "com_8_tau2": 0.15187405769873868, "com_9_tau1": 0.19755639281748685, "com_9_tau2": 0.3776839042598701}, "datetime": {"datetime": "2024-08-22 04:56:19", "elapsed": 10583.264066, "delta": 116.305359}}
{"target": 0.8966604326809262, "params": {"com_0_tau1": 0.952629335934623, "com_0_tau2": 0.24666899297945685, "com_10_tau1": 0.4369935545556822, "com_10_tau2": 0.05609351011240026, "com_11_tau1": 0.25523646802950994, "com_11_tau2": 0.12723223111809495, "com_12_tau1": 0.36725180056916573, "com_12_tau2": 0.27237631724791933, "com_13_tau1": 0.17304227511337403, "com_13_tau2": 0.7283681979193166, "com_14_tau1": 0.291328903844255, "com_14_tau2": 0.43095931936494203, "com_15_tau1": 0.10226541954166316, "com_15_tau2": 0.8275431988298347, "com_16_tau1": 0.842074157775196, "com_16_tau2": 0.5405009861470509, "com_17_tau1": 0.5807665608774425, "com_17_tau2": 0.597032660672834, "com_18_tau1": 0.006790400719221866, "com_18_tau2": 0.7535724103689463, "com_19_tau1": 1.068183730747918, "com_19_tau2": 0.9506493803943497, "com_1_tau1": 0.3013258351877399, "com_1_tau2": 0.9688686224238952, "com_20_tau1": 0.9458103408850214, "com_20_tau2": 0.7020792191163379, "com_21_tau1": 0.2210723498050733, "com_21_tau2": 0.44487278783837564, "com_22_tau1": 0.5431417299749297, "com_22_tau2": 0.9701338815554164, "com_2_tau1": 0.061933190561022644, "com_2_tau2": 0.30309313004833804, "com_3_tau1": 0.4972541191624647, "com_3_tau2": 0.6877440522720135, "com_4_tau1": 0.7662014833207802, "com_4_tau2": 0.8357412748132385, "com_5_tau1": 0.8740594989242259, "com_5_tau2": 0.13741910324161516, "com_6_tau1": 0.9902671230525296, "com_6_tau2": 0.2534790816255194, "com_7_tau1": 0.7033899566527885, "com_7_tau2": 0.5256428994630893, "com_8_tau1": 0.15446269456524223, "com_8_tau2": 0.08791579491651641, "com_9_tau1": 0.7619767100737908, "com_9_tau2": 0.3302867883757421}, "datetime": {"datetime": "2024-08-22 04:58:03", "elapsed": 10687.670442, "delta": 104.406376}}
{"target": 0.8925064828825618, "params": {"com_0_tau1": 0.6966194825871356, "com_0_tau2": 0.17474027656135696, "com_10_tau1": -0.03813511345658885, "com_10_tau2": 0.577302174799055, "com_11_tau1": 0.04254719031258555, "com_11_tau2": 0.31726628957081265, "com_12_tau1": 0.11439555401149323, "com_12_tau2": 0.15851624707270723, "com_13_tau1": 0.39621373230922, "com_13_tau2": 0.5913545195838691, "com_14_tau1": 0.44352458757322477, "com_14_tau2": 0.10785731739107246, "com_15_tau1": 0.016485712313943468, "com_15_tau2": 0.8954272041158254, "com_16_tau1": 0.6958779706753003, "com_16_tau2": 0.5030520120019968, "com_17_tau1": 0.3266278916164372, "com_17_tau2": 0.5725710477105839, "com_18_tau1": 0.4000445750537156, "com_18_tau2": 0.8209954066657182, "com_19_tau1": 0.8590636425010458, "com_19_tau2": 0.9911498740812552, "com_1_tau1": 0.22337261529627264, "com_1_tau2": 0.6604848133646315, "com_20_tau1": 0.8694173977587858, "com_20_tau2": 1.0119901075597548, "com_21_tau1": 0.1674053588924069, "com_21_tau2": 0.6121221174185933, "com_22_tau1": 0.986062254382198, "com_22_tau2": 0.9097553945970747, "com_2_tau1": 0.4025288443700737, "com_2_tau2": 0.3963951429543133, "com_3_tau1": 0.5810585557122219, "com_3_tau2": 0.763059315151789, "com_4_tau1": 0.44887896788469983, "com_4_tau2": 0.8365642985727499, "com_5_tau1": 1.042546796568433, "com_5_tau2": 0.4659959448064951, "com_6_tau1": 0.9452220795436204, "com_6_tau2": 0.4074147965240312, "com_7_tau1": 0.7176174140896454, "com_7_tau2": 0.17982801818617722, "com_8_tau1": 0.05130865265661497, "com_8_tau2": 0.3755013049125365, "com_9_tau1": 0.40836901524844355, "com_9_tau2": 0.2715749085885083}, "datetime": {"datetime": "2024-08-22 04:59:49", "elapsed": 10793.843629, "delta": 106.173187}}
{"target": 0.849493994915585, "params": {"com_0_tau1": 0.8367105905257716, "com_0_tau2": 0.3882243833700161, "com_10_tau1": 0.32189583292761137, "com_10_tau2": 0.14767017601130045, "com_11_tau1": -0.08274509254822679, "com_11_tau2": 0.2685816613874912, "com_12_tau1": 0.26954042867854716, "com_12_tau2": 0.09080072475391424, "com_13_tau1": 0.42109717082066456, "com_13_tau2": 0.8256416999487799, "com_14_tau1": 0.7384208823316577, "com_14_tau2": 0.028436417332601938, "com_15_tau1": 0.14499625304207744, "com_15_tau2": 1.0564344478959575, "com_16_tau1": 0.5239876180126797, "com_16_tau2": 0.3165865533966874, "com_17_tau1": 0.057430960111604555, "com_17_tau2": 0.45689515782875467, "com_18_tau1": 0.2795252327649357, "com_18_tau2": 0.9572242915810891, "com_19_tau1": 0.8472132682408529, "com_19_tau2": 0.6686648129696602, "com_1_tau1": -0.10371507929080989, "com_1_tau2": 0.9551647136987713, "com_20_tau1": 0.7056650129072952, "com_20_tau2": 0.7049085625237926, "com_21_tau1": 0.5465457539704186, "com_21_tau2": 0.2984433342897608, "com_22_tau1": 0.7085746447949661, "com_22_tau2": 0.6080976634600976, "com_2_tau1": 0.39563051731225773, "com_2_tau2": 0.2961433767971298, "com_3_tau1": 0.45049223634025615, "com_3_tau2": 0.6120371631828517, "com_4_tau1": 0.6167696018778805, "com_4_tau2": 0.8829020616970154, "com_5_tau1": 1.0167458701899939, "com_5_tau2": 0.24561417918304035, "com_6_tau1": 0.8085412288755136, "com_6_tau2": 0.27959456063879673, "com_7_tau1": 0.6818792243691593, "com_7_tau2": 0.4817645219425968, "com_8_tau1": 0.4419304324422707, "com_8_tau2": 0.06432178349598594, "com_9_tau1": 0.6388314203348646, "com_9_tau2": -0.0066381288446027975}, "datetime": {"datetime": "2024-08-22 05:01:50", "elapsed": 10914.643211, "delta": 120.799582}}
{"target": 0.849434855144691, "params": {"com_0_tau1": 0.8797505435577476, "com_0_tau2": 0.1419790981539243, "com_10_tau1": 0.030160627888532188, "com_10_tau2": 0.5887700345478757, "com_11_tau1": -0.090432190676287, "com_11_tau2": 0.2841610519731709, "com_12_tau1": 0.08067541003061734, "com_12_tau2": -0.02086614624197522, "com_13_tau1": 0.4785969572190196, "com_13_tau2": 0.8137743885079434, "com_14_tau1": 0.7635356423580488, "com_14_tau2": 0.011402219283589476, "com_15_tau1": 0.09404081412590104, "com_15_tau2": 0.8084709537958064, "com_16_tau1": 0.4023304666490458, "com_16_tau2": 0.3090702879258779, "com_17_tau1": 0.3071163113555858, "com_17_tau2": 0.3663335456571481, "com_18_tau1": 0.421342103238465, "com_18_tau2": 0.6606345452235645, "com_19_tau1": 0.6749401710317688, "com_19_tau2": 1.0277483796130766, "com_1_tau1": -0.07402601076090484, "com_1_tau2": 0.6842555239966671, "com_20_tau1": 0.9318477090838042, "com_20_tau2": 0.6222475445000812, "com_21_tau1": 0.08974063140716002, "com_21_tau2": 0.6488124458904938, "com_22_tau1": 0.9725057669896007, "com_22_tau2": 0.6276829195803191, "com_2_tau1": -0.04209011425358991, "com_2_tau2": 0.2295121831879142, "com_3_tau1": 0.29162130898744554, "com_3_tau2": 0.7789788159920219, "com_4_tau1": 0.5269880213222472, "com_4_tau2": 0.9070509127786801, "com_5_tau1": 0.8117816557848614, "com_5_tau2": 0.41806665743735194, "com_6_tau1": 0.611264125109185, "com_6_tau2": 0.42186393979593284, "com_7_tau1": 0.7404514257465193, "com_7_tau2": 0.2286592075977445, "com_8_tau1": 0.22316644684685794, "com_8_tau2": 0.34957620862589406, "com_9_tau1": 0.6795228338917451, "com_9_tau2": -0.049305029624464536}, "datetime": {"datetime": "2024-08-22 05:03:52", "elapsed": 11036.169027, "delta": 121.525816}}
{"target": 0.8665054134983453, "params": {"com_0_tau1": 1.053796268033576, "com_0_tau2": 0.10969055265196437, "com_10_tau1": 0.030356290137671688, "com_10_tau2": 0.2140833890371582, "com_11_tau1": 0.3307364856000908, "com_11_tau2": 0.25305943737782666, "com_12_tau1": 0.3725820362892407, "com_12_tau2": 0.24078649794745421, "com_13_tau1": 0.09250091732746848, "com_13_tau2": 0.9259520249362898, "com_14_tau1": 0.652818172929128, "com_14_tau2": 0.3994985599537392, "com_15_tau1": 0.08385610353985914, "com_15_tau2": 0.6625373051245258, "com_16_tau1": 0.29765475444561384, "com_16_tau2": 0.11465752169265539, "com_17_tau1": 0.47848882160071354, "com_17_tau2": 0.37534718386298416, "com_18_tau1": 0.27324136290929035, "com_18_tau2": 0.7887996260549222, "com_19_tau1": 0.6748093500950358, "com_19_tau2": 0.8961103103121251, "com_1_tau1": -0.11112952727716796, "com_1_tau2": 0.8820121852760923, "com_20_tau1": 0.8289172183860236, "com_20_tau2": 0.644863145879048, "com_21_tau1": 0.5707324163237586, "com_21_tau2": 0.3051824530824936, "com_22_tau1": 0.5665463307741897, "com_22_tau2": 0.767691938408942, "com_2_tau1": 0.18075818440746982, "com_2_tau2": 0.3209114575903419, "com_3_tau1": 0.3233576739081726, "com_3_tau2": 0.7597781898578837, "com_4_tau1": 0.530588748213185, "com_4_tau2": 0.9245629408877778, "com_5_tau1": 0.6801220284739989, "com_5_tau2": 0.5171476473831198, "com_6_tau1": 0.5779829347378178, "com_6_tau2": 0.4180148072633143, "com_7_tau1": 0.6946387856208918, "com_7_tau2": 0.5738247354786992, "com_8_tau1": 0.37342018401439214, "com_8_tau2": 0.11135355833950039, "com_9_tau1": 0.4014921272463171, "com_9_tau2": 0.08919271481677746}, "datetime": {"datetime": "2024-08-22 05:05:46", "elapsed": 11151.036827, "delta": 114.8678}}
