{"target": 0.9891551099107604, "params": {"com_0_tau1": 0.5020605840496032, "com_0_tau2": 0.32195622474576024, "com_10_tau1": 0.7884421934071459, "com_10_tau2": 0.6750988320095622, "com_11_tau1": 0.4417705408045273, "com_11_tau2": 0.7954056925541443, "com_12_tau1": 0.4301147085714373, "com_12_tau2": 0.3170960196073087, "com_13_tau1": 0.8360110213875902, "com_13_tau2": 0.9635585378754749, "com_14_tau1": 1.090856478732864, "com_14_tau2": 1.1810545962864147, "com_1_tau1": 0.16835661451648232, "com_1_tau2": 0.5456551856826393, "com_2_tau1": 0.4956294174209718, "com_2_tau2": 0.5437936103600164, "com_3_tau1": 0.4860805319341326, "com_3_tau2": 0.8321049602135573, "com_4_tau1": 0.32703427703710625, "com_4_tau2": 0.47389199345633654, "com_5_tau1": 0.10345945554568635, "com_5_tau2": 0.5794573319380961, "com_6_tau1": 0.38410435743567556, "com_6_tau2": 0.16075118538592326, "com_7_tau1": 0.020535050396222904, "com_7_tau2": 0.6780829906703755, "com_8_tau1": 0.8374506161672598, "com_8_tau2": 0.40296993728349617, "com_9_tau1": 0.6563930984688489, "com_9_tau2": 0.6385229497145026}, "datetime": {"datetime": "2024-05-08 23:31:28", "elapsed": 18995.060958, "delta": 163.639131}}
{"target": 0.995394793760652, "params": {"com_0_tau1": 0.5994286896031314, "com_0_tau2": 0.4700931265949336, "com_10_tau1": 0.8520202747347402, "com_10_tau2": 0.9583726594242927, "com_11_tau1": 0.759864839024412, "com_11_tau2": 0.7360330085257006, "com_12_tau1": 0.2844171353015864, "com_12_tau2": 0.7177551718412591, "com_13_tau1": 0.3360110213875902, "com_13_tau2": 1.1746145375031756, "com_14_tau1": 0.5997333734681628, "com_14_tau2": 1.1902097857664475, "com_1_tau1": 0.3929109665432988, "com_1_tau2": 0.37259146431301715, "com_2_tau1": 0.12397914328000373, "com_2_tau2": 0.5437936103600164, "com_3_tau1": 0.6348222069520955, "com_3_tau2": 0.7956940035560797, "com_4_tau1": 0.5715524197514514, "com_4_tau2": 0.8901755496268773, "com_5_tau1": 0.39714892643878036, "com_5_tau2": 0.5890548718552472, "com_6_tau1": 0.7427793234412561, "com_6_tau2": 0.6607511853859233, "com_7_tau1": 0.3834795331490154, "com_7_tau2": 0.34300559468092906, "com_8_tau1": 0.3374506161672598, "com_8_tau2": 0.4700729065570573, "com_9_tau1": 0.24211049031742168, "com_9_tau2": 0.37569703165491936}, "datetime": {"datetime": "2024-05-08 23:34:07", "elapsed": 19154.165455, "delta": 159.104497}}
{"target": 0.9885595206180152, "params": {"com_0_tau1": 0.34942868960313145, "com_0_tau2": 0.32876110821580157, "com_10_tau1": 0.5991244244620568, "com_10_tau2": 0.6566268944063147, "com_11_tau1": 0.9588484079434941, "com_11_tau2": 0.5742021637344376, "com_12_tau1": 0.05128645072888667, "com_12_tau2": 0.8445746326290382, "com_13_tau1": 0.25245276946165945, "com_13_tau2": 0.75, "com_14_tau1": 0.8099356679897869, "com_14_tau2": 1.25, "com_1_tau1": 0.6429109665432988, "com_1_tau2": 0.24360427365536172, "com_2_tau1": 0.38413892284418316, "com_2_tau2": 0.437247710503735, "com_3_tau1": 0.5501266772045936, "com_3_tau2": 0.5456940035560797, "com_4_tau1": 0.44251159973806165, "com_4_tau2": 0.7781243993105823, "com_5_tau1": 0.6471489264387803, "com_5_tau2": 0.3390548718552472, "com_6_tau1": 0.7024020404915311, "com_6_tau2": 0.5984112181105458, "com_7_tau1": 0.6334795331490154, "com_7_tau2": 0.5930055946809291, "com_8_tau1": 0.19780690103928814, "com_8_tau2": 0.565073150469891, "com_9_tau1": 0.4921104903174217, "com_9_tau2": 0.255898962163276}, "datetime": {"datetime": "2024-05-08 23:36:50", "elapsed": 19316.899238, "delta": 162.733783}}
{"target": 0.9681026476276317, "params": {"com_0_tau1": 0.3594916559269191, "com_0_tau2": 0.7200931265949335, "com_10_tau1": 1.1020202747347403, "com_10_tau2": 1.1638828379368977, "com_11_tau1": 0.7365645528466603, "com_11_tau2": 0.48603300852570064, "com_12_tau1": 0.03441713530158641, "com_12_tau2": 0.46775517184125914, "com_13_tau1": 0.33472443000505125, "com_13_tau2": 1.25, "com_14_tau1": 0.3497333734681628, "com_14_tau2": 1.25, "com_1_tau1": 0.14291096654329885, "com_1_tau2": 0.46698788172689454, "com_2_tau1": -0.12307601227623494, "com_2_tau2": 0.7937936103600164, "com_3_tau1": 0.8848222069520955, "com_3_tau2": 1.0456940035560796, "com_4_tau1": 0.32155241975145143, "com_4_tau2": 1.1401755496268773, "com_5_tau1": 0.14714892643878036, "com_5_tau2": 0.8390548718552472, "com_6_tau1": 0.4927793234412561, "com_6_tau2": 0.9107511853859233, "com_7_tau1": 0.1334795331490154, "com_7_tau2": 0.09300559468092909, "com_8_tau1": 0.0874506161672598, "com_8_tau2": 0.2200729065570573, "com_9_tau1": -0.007889509682578316, "com_9_tau2": 0.6256970316549193}, "datetime": {"datetime": "2024-05-08 23:39:44", "elapsed": 19490.600338, "delta": 173.7011}}
{"target": 0.992543895254685, "params": {"com_0_tau1": 0.7141588749384057, "com_0_tau2": 0.280539319147633, "com_10_tau1": 0.9466583153830685, "com_10_tau2": 1.0764265864001483, "com_11_tau1": 0.509864839024412, "com_11_tau2": 0.48603300852570064, "com_12_tau1": 0.03441713530158641, "com_12_tau2": 0.46775517184125914, "com_13_tau1": 0.48158997841566276, "com_13_tau2": 1.0878566851937557, "com_14_tau1": 0.6554456730892901, "com_14_tau2": 1.25, "com_1_tau1": 0.5545159198615635, "com_1_tau2": 0.6225914643130172, "com_2_tau1": 0.3739791432800037, "com_2_tau2": 0.3697761303665562, "com_3_tau1": 0.8671169886033616, "com_3_tau2": 0.5546370748994144, "com_4_tau1": 0.4166030049904207, "com_4_tau2": 0.6401755496268773, "com_5_tau1": 0.5292644652613989, "com_5_tau2": 0.6715638951344628, "com_6_tau1": 0.8577776568821824, "com_6_tau2": 0.4951028743174191, "com_7_tau1": 0.14886440380205615, "com_7_tau2": 0.587360654587423, "com_8_tau1": 0.5874506161672598, "com_8_tau2": 0.33950623954465936, "com_9_tau1": 0.4082865059909078, "com_9_tau2": 0.48697027821355426}, "datetime": {"datetime": "2024-05-08 23:42:24", "elapsed": 19650.495644, "delta": 159.895306}}
{"target": 0.9907530663292422, "params": {"com_0_tau1": 0.34942868960313145, "com_0_tau2": 0.2200931265949336, "com_10_tau1": 1.0819747728497653, "com_10_tau2": 1.0166753017267567, "com_11_tau1": 0.509864839024412, "com_11_tau2": 0.9376845412541743, "com_12_tau1": 0.03441713530158641, "com_12_tau2": 0.6803228965813933, "com_13_tau1": 0.3832411875799094, "com_13_tau2": 0.8350281813177276, "com_14_tau1": 0.8009014505131413, "com_14_tau2": 1.25, "com_1_tau1": 0.45865944542628656, "com_1_tau2": 0.4585279216586046, "com_2_tau1": 0.3739791432800037, "com_2_tau2": 0.7937936103600164, "com_3_tau1": 0.6540172479123942, "com_3_tau2": 0.838039783210828, "com_4_tau1": 0.6713384235224836, "com_4_tau2": 0.6915744754748734, "com_5_tau1": 0.20267275246928407, "com_5_tau2": 0.8335666055817624, "com_6_tau1": 0.8016595823280875, "com_6_tau2": 0.6285238416856844, "com_7_tau1": 0.1971043821118949, "com_7_tau2": 0.4469775686637517, "com_8_tau1": 0.5874506161672598, "com_8_tau2": 0.6414671929276353, "com_9_tau1": 0.49211049031742166, "com_9_tau2": 0.43226087447511014}, "datetime": {"datetime": "2024-05-08 23:45:06", "elapsed": 19813.093043, "delta": 162.597399}}
{"target": 0.9928992610697466, "params": {"com_0_tau1": 0.34942868960313145, "com_0_tau2": 0.650083799492432, "com_10_tau1": 0.6541839483066983, "com_10_tau2": 0.7236458421429783, "com_11_tau1": 0.509864839024412, "com_11_tau2": 0.6308100607661529, "com_12_tau1": 0.18547522692957893, "com_12_tau2": 0.9516266530930498, "com_13_tau1": 0.5860110213875902, "com_13_tau2": 1.25, "com_14_tau1": 0.5578468922944031, "com_14_tau2": 1.25, "com_1_tau1": 0.3286435015066718, "com_1_tau2": 0.27627178445217365, "com_2_tau1": 0.3739791432800037, "com_2_tau2": 0.4199188688550551, "com_3_tau1": 0.6734558390918824, "com_3_tau2": 0.5456940035560797, "com_4_tau1": 0.575881719854255, "com_4_tau2": 0.6547367861510258, "com_5_tau1": 0.14714892643878036, "com_5_tau2": 0.5781279664772107, "com_6_tau1": 0.8062196161124372, "com_6_tau2": 0.41075118538592326, "com_7_tau1": 0.465082872127076, "com_7_tau2": 0.5930055946809291, "com_8_tau1": 0.5874506161672598, "com_8_tau2": 0.47573048885835983, "com_9_tau1": 0.4594187898472576, "com_9_tau2": 0.6185260912757437}, "datetime": {"datetime": "2024-05-08 23:47:46", "elapsed": 19973.053699, "delta": 159.960656}}
{"target": 0.9949579128208882, "params": {"com_0_tau1": 0.6339976478768815, "com_0_tau2": 0.28073149628011684, "com_10_tau1": 0.6020202747347402, "com_10_tau2": 0.6863407087584058, "com_11_tau1": 0.53901692210333, "com_11_tau2": 0.8616037808975624, "com_12_tau1": 0.3307300710662159, "com_12_tau2": 0.92656696370595, "com_13_tau1": 0.5860110213875902, "com_13_tau2": 1.1088907144361964, "com_14_tau1": 0.7041567180465557, "com_14_tau2": 1.25, "com_1_tau1": 0.6429109665432988, "com_1_tau2": 0.6225914643130172, "com_2_tau1": 0.3739791432800037, "com_2_tau2": 0.2937936103600164, "com_3_tau1": 0.38482220695209546, "com_3_tau2": 0.5456940035560797, "com_4_tau1": 0.63432234181874, "com_4_tau2": 0.9352053003285179, "com_5_tau1": 0.2950411717065749, "com_5_tau2": 0.3390548718552472, "com_6_tau1": 0.4927793234412561, "com_6_tau2": 0.5453544607266503, "com_7_tau1": 0.1334795331490154, "com_7_tau2": 0.20341104744725944, "com_8_tau1": 0.5874506161672598, "com_8_tau2": 0.49241664428201054, "com_9_tau1": 0.4921104903174217, "com_9_tau2": 0.12569703165491936}, "datetime": {"datetime": "2024-05-08 23:50:24", "elapsed": 20131.132261, "delta": 158.078562}}
{"target": 0.992847062164226, "params": {"com_0_tau1": 0.4768039137337933, "com_0_tau2": 0.5249080290432764, "com_10_tau1": 0.6020202747347402, "com_10_tau2": 0.8388849856916594, "com_11_tau1": 0.5971012961527812, "com_11_tau2": 0.48603300852570064, "com_12_tau1": 0.1254398806860581, "com_12_tau2": 0.6223531763609801, "com_13_tau1": 0.17879868473612465, "com_13_tau2": 1.25, "com_14_tau1": 0.8497333734681628, "com_14_tau2": 1.25, "com_1_tau1": 0.6429109665432988, "com_1_tau2": 0.6225914643130172, "com_2_tau1": 0.3739791432800037, "com_2_tau2": 0.7447368683432558, "com_3_tau1": 0.38482220695209546, "com_3_tau2": 0.5456940035560797, "com_4_tau1": 0.6605876302559603, "com_4_tau2": 0.6401755496268773, "com_5_tau1": 0.3687378230175366, "com_5_tau2": 0.40616515572038353, "com_6_tau1": 0.6139886085246398, "com_6_tau2": 0.8735711140236824, "com_7_tau1": 0.16106494984330924, "com_7_tau2": 0.42879991437639436, "com_8_tau1": 0.5874506161672598, "com_8_tau2": 0.3085570059247804, "com_9_tau1": 0.49211049031742166, "com_9_tau2": 0.383352777860906}, "datetime": {"datetime": "2024-05-08 23:53:06", "elapsed": 20292.384895, "delta": 161.252634}}
{"target": 0.9931111326784233, "params": {"com_0_tau1": 0.527468299128952, "com_0_tau2": 0.22009312659493357, "com_10_tau1": 0.6020202747347402, "com_10_tau2": 1.1944813767396165, "com_11_tau1": 0.509864839024412, "com_11_tau2": 0.7656583620530721, "com_12_tau1": 0.5092604126880833, "com_12_tau2": 0.8346807933920808, "com_13_tau1": 0.5072230611230638, "com_13_tau2": 1.1644898575470737, "com_14_tau1": 0.8309416146749079, "com_14_tau2": 1.25, "com_1_tau1": 0.2367199129963482, "com_1_tau2": 0.1393055162534215, "com_2_tau1": 0.3739791432800037, "com_2_tau2": 0.682881736057129, "com_3_tau1": 0.7881793129921844, "com_3_tau2": 0.7192105720064139, "com_4_tau1": 0.3459006742127076, "com_4_tau2": 0.6401755496268773, "com_5_tau1": 0.2048275042138586, "com_5_tau2": 0.3851496223790013, "com_6_tau1": 0.6260295242046897, "com_6_tau2": 0.41075118538592326, "com_7_tau1": 0.1820700893475777, "com_7_tau2": 0.4272033386689097, "com_8_tau1": 0.5874506161672598, "com_8_tau2": 0.26196532217144297, "com_9_tau1": 0.4921104903174217, "com_9_tau2": 0.21350523198855562}, "datetime": {"datetime": "2024-05-08 23:55:45", "elapsed": 20451.386227, "delta": 159.001332}}
{"target": 0.9931342595259892, "params": {"com_0_tau1": 0.43948711968633836, "com_0_tau2": 0.22009312659493357, "com_10_tau1": 0.8136204981650598, "com_10_tau2": 1.1979518720368696, "com_11_tau1": 0.509864839024412, "com_11_tau2": 0.48603300852570064, "com_12_tau1": 0.5344171353015864, "com_12_tau2": 0.9677551718412591, "com_13_tau1": 0.3283636328050512, "com_13_tau2": 1.25, "com_14_tau1": 0.8260805758034147, "com_14_tau2": 1.25, "com_1_tau1": 0.33683257497643554, "com_1_tau2": 0.6225914643130172, "com_2_tau1": 0.3739791432800037, "com_2_tau2": 0.374060182521245, "com_3_tau1": 0.38482220695209546, "com_3_tau2": 0.7228083064531554, "com_4_tau1": 0.6358621118002414, "com_4_tau2": 0.6401755496268773, "com_5_tau1": 0.48628496499327406, "com_5_tau2": 0.6093041903496693, "com_6_tau1": 0.49577964345030207, "com_6_tau2": 0.41075118538592326, "com_7_tau1": 0.21624164624305298, "com_7_tau2": 0.449095845255874, "com_8_tau1": 0.5874506161672598, "com_8_tau2": 0.689822491753859, "com_9_tau1": 0.4663489747879896, "com_9_tau2": 0.5647616636712521}, "datetime": {"datetime": "2024-05-08 23:58:26", "elapsed": 20613.209894, "delta": 161.823667}}
{"target": 0.9929609797632024, "params": {"com_0_tau1": 0.4824678770595361, "com_0_tau2": 0.2200931265949336, "com_10_tau1": 0.7118750262177918, "com_10_tau2": 0.7105243249842526, "com_11_tau1": 0.509864839024412, "com_11_tau2": 0.5550169453475919, "com_12_tau1": 0.5344171353015864, "com_12_tau2": 0.6869129968689381, "com_13_tau1": 0.19153116490361338, "com_13_tau2": 1.25, "com_14_tau1": 0.8497333734681628, "com_14_tau2": 1.25, "com_1_tau1": 0.6429109665432988, "com_1_tau2": 0.19282290601629973, "com_2_tau1": 0.3739791432800037, "com_2_tau2": 0.2937936103600164, "com_3_tau1": 0.5430639864602193, "com_3_tau2": 0.7170503100896648, "com_4_tau1": 0.5370399491036472, "com_4_tau2": 0.6512336236130885, "com_5_tau1": 0.14714892643878036, "com_5_tau2": 0.8390548718552472, "com_6_tau1": 0.8402069905832418, "com_6_tau2": 0.41075118538592326, "com_7_tau1": 0.14492759327636578, "com_7_tau2": 0.5753476182376814, "com_8_tau1": 0.5874506161672598, "com_8_tau2": 0.511022328105366, "com_9_tau1": 0.13523675104719834, "com_9_tau2": 0.20820662357078368}, "datetime": {"datetime": "2024-05-09 00:01:06", "elapsed": 20772.954845, "delta": 159.744951}}
{"target": 0.9908275313502724, "params": {"com_0_tau1": 0.8015956830829049, "com_0_tau2": 0.3581944879448435, "com_10_tau1": 0.6020202747347402, "com_10_tau2": 0.8977090684936984, "com_11_tau1": 0.509864839024412, "com_11_tau2": 0.48603300852570064, "com_12_tau1": 0.5344171353015864, "com_12_tau2": 0.9677551718412591, "com_13_tau1": 0.5860110213875902, "com_13_tau2": 1.0173536956469311, "com_14_tau1": 0.8497333734681628, "com_14_tau2": 1.25, "com_1_tau1": 0.556218612779836, "com_1_tau2": 0.6225914643130172, "com_2_tau1": 0.3739791432800037, "com_2_tau2": 0.2937936103600164, "com_3_tau1": 0.7978884995415249, "com_3_tau2": 0.5456940035560797, "com_4_tau1": 0.8215524197514514, "com_4_tau2": 0.8374767861424717, "com_5_tau1": 0.14714892643878036, "com_5_tau2": 0.3390548718552472, "com_6_tau1": 0.7451068687084736, "com_6_tau2": 0.5647836210845976, "com_7_tau1": 0.4489417587654571, "com_7_tau2": 0.5930055946809291, "com_8_tau1": 0.5874506161672598, "com_8_tau2": 0.6918837350921432, "com_9_tau1": -0.007889509682578316, "com_9_tau2": 0.12569703165491936}, "datetime": {"datetime": "2024-05-09 00:03:48", "elapsed": 20935.023689, "delta": 162.068844}}
{"target": 0.9964486620907098, "params": {"com_0_tau1": 0.6445037585007183, "com_0_tau2": 0.22009312659493357, "com_10_tau1": 0.6621268816157532, "com_10_tau2": 0.8935134011237462, "com_11_tau1": 0.7140598777114784, "com_11_tau2": 0.6524101380307199, "com_12_tau1": 0.5344171353015864, "com_12_tau2": 0.9075282772586313, "com_13_tau1": 0.5860110213875902, "com_13_tau2": 1.25, "com_14_tau1": 0.8497333734681628, "com_14_tau2": 1.25, "com_1_tau1": 0.6429109665432988, "com_1_tau2": 0.6225914643130172, "com_2_tau1": 0.3739791432800037, "com_2_tau2": 0.7638206094018085, "com_3_tau1": 0.48449858049415123, "com_3_tau2": 1.0111733010997523, "com_4_tau1": 0.5121826028217991, "com_4_tau2": 0.9444418951227058, "com_5_tau1": 0.3475094471385987, "com_5_tau2": 0.6633963211892019, "com_6_tau1": 0.9887476559199354, "com_6_tau2": 0.41075118538592326, "com_7_tau1": 0.31113443704933824, "com_7_tau2": 0.5930055946809291, "com_8_tau1": 0.5874506161672598, "com_8_tau2": 0.2200729065570573, "com_9_tau1": 0.47948051825470234, "com_9_tau2": 0.5118906926165094}, "datetime": {"datetime": "2024-05-09 00:06:28", "elapsed": 21094.754484, "delta": 159.730795}}
{"target": 0.9965014716504683, "params": {"com_0_tau1": 0.44161405819389765, "com_0_tau2": 0.28802586613500913, "com_10_tau1": 0.9121268816157532, "com_10_tau2": 1.0021843694346972, "com_11_tau1": 0.4640598777114784, "com_11_tau2": 0.5782794071818991, "com_12_tau1": 0.3751045373779511, "com_12_tau2": 0.7483189075539987, "com_13_tau1": 0.5950974133248036, "com_13_tau2": 1.1409924091845842, "com_14_tau1": 0.5997333734681628, "com_14_tau2": 1.25, "com_1_tau1": 0.5951797416687695, "com_1_tau2": 0.37259146431301715, "com_2_tau1": 0.6239791432800037, "com_2_tau2": 0.6221432525221933, "com_3_tau1": 0.4591633939252828, "com_3_tau2": 0.9691551205927776, "com_4_tau1": 0.34897684093622844, "com_4_tau2": 1.0515841216061865, "com_5_tau1": 0.4820291540180143, "com_5_tau2": 0.4133963211892019, "com_6_tau1": 0.7304355916168945, "com_6_tau2": 0.6607511853859233, "com_7_tau1": 0.07591337670691561, "com_7_tau2": 0.6797947387289728, "com_8_tau1": 0.8374506161672598, "com_8_tau2": 0.45702246150883824, "com_9_tau1": 0.2294805182547023, "com_9_tau2": 0.4270303835442035}, "datetime": {"datetime": "2024-05-09 00:09:07", "elapsed": 21254.253305, "delta": 159.498821}}
{"target": 0.9947349316746527, "params": {"com_0_tau1": 0.5311303944905665, "com_0_tau2": 0.30686142204217715, "com_10_tau1": 0.7688705537850877, "com_10_tau2": 1.1013614350771408, "com_11_tau1": 0.7140598777114784, "com_11_tau2": 0.5839007068165727, "com_12_tau1": 0.24547636955285168, "com_12_tau2": 0.6049770368714367, "com_13_tau1": 0.41457687000315124, "com_13_tau2": 1.25, "com_14_tau1": 0.5633400043136885, "com_14_tau2": 1.25, "com_1_tau1": 0.5405710696043071, "com_1_tau2": 0.3290259080618497, "com_2_tau1": 0.542717982680907, "com_2_tau2": 0.7556073733836371, "com_3_tau1": 0.6136685690400203, "com_3_tau2": 1.0266373780220475, "com_4_tau1": 0.5989768409362284, "com_4_tau2": 0.7513253893773176, "com_5_tau1": 0.3286621284893854, "com_5_tau2": 0.5571515366200923, "com_6_tau1": 0.5989358120711012, "com_6_tau2": 0.08290409237813307, "com_7_tau1": 0.35858198562034715, "com_7_tau2": 0.4297947387289728, "com_8_tau1": 0.972283059992124, "com_8_tau2": 0.32373691745328215, "com_9_tau1": 0.17849150911509168, "com_9_tau2": 0.42682192306685063}, "datetime": {"datetime": "2024-05-09 00:11:47", "elapsed": 21413.284478, "delta": 159.031173}}
{"target": 0.993633816632771, "params": {"com_0_tau1": 0.5183243932275083, "com_0_tau2": 0.027486209223924862, "com_10_tau1": 0.496643782070308, "com_10_tau2": 0.7481576922557572, "com_11_tau1": 0.7140598777114784, "com_11_tau2": 0.3282794071818991, "com_12_tau1": 0.43325272152432215, "com_12_tau2": 0.8733038959520207, "com_13_tau1": 0.8450974133248036, "com_13_tau2": 1.0917386302889673, "com_14_tau1": 0.5919793412291359, "com_14_tau2": 1.25, "com_1_tau1": 0.8447236215744837, "com_1_tau2": 0.35838246368696647, "com_2_tau1": 0.8739791432800037, "com_2_tau2": 0.27281238861440227, "com_3_tau1": 0.37684614932118604, "com_3_tau2": 0.7191551205927776, "com_4_tau1": 0.1820585513940315, "com_4_tau2": 0.8627768909068974, "com_5_tau1": 0.7202768873662917, "com_5_tau2": 0.06777601507700326, "com_6_tau1": 0.3881216406220106, "com_6_tau2": 0.1156888016789121, "com_7_tau1": 0.3515194558936583, "com_7_tau2": 0.9297947387289728, "com_8_tau1": 1.0248183532031976, "com_8_tau2": 0.031757117100996206, "com_9_tau1": 0.20859041002905274, "com_9_tau2": 0.16558072313047278}, "datetime": {"datetime": "2024-05-09 00:14:27", "elapsed": 21573.509961, "delta": 160.225483}}
{"target": 0.9937550838995193, "params": {"com_0_tau1": 0.30957857649934645, "com_0_tau2": 0.094782499326468, "com_10_tau1": 0.5131920920248525, "com_10_tau2": 0.7485603599736512, "com_11_tau1": 0.558227254163639, "com_11_tau2": 0.5942646612173381, "com_12_tau1": 0.452437903109685, "com_12_tau2": 0.8858053971122185, "com_13_tau1": 0.42734303447293903, "com_13_tau2": 1.25, "com_14_tau1": 0.6177547444530386, "com_14_tau2": 1.25, "com_1_tau1": 0.8447692335839123, "com_1_tau2": 0.3848033637495715, "com_2_tau1": 0.8342847622125011, "com_2_tau2": 0.6318049647789397, "com_3_tau1": 0.20916339392528283, "com_3_tau2": 0.7191551205927776, "com_4_tau1": 0.5989768409362284, "com_4_tau2": 0.75, "com_5_tau1": 0.5892213706890127, "com_5_tau2": 0.07733804568822311, "com_6_tau1": 0.7660327547787353, "com_6_tau2": 0.250905924083992, "com_7_tau1": 0.34516317913963823, "com_7_tau2": 0.579137728009166, "com_8_tau1": 0.5392090486912406, "com_8_tau2": 0.3951643640224435, "com_9_tau1": 0.2356794208516177, "com_9_tau2": 0.16672568917184583}, "datetime": {"datetime": "2024-05-09 00:17:07", "elapsed": 21733.779816, "delta": 160.269855}}
{"target": 0.9953421479572104, "params": {"com_0_tau1": 0.6590425905937215, "com_0_tau2": 0.44231664069387244, "com_10_tau1": 0.5371705181109617, "com_10_tau2": 0.7945668543044471, "com_11_tau1": 0.7140598777114784, "com_11_tau2": 0.3282794071818991, "com_12_tau1": 0.4697045665365116, "com_12_tau2": 0.7980466285310169, "com_13_tau1": 0.7430539860714467, "com_13_tau2": 1.25, "com_14_tau1": 0.640952607354551, "com_14_tau2": 1.25, "com_1_tau1": 0.42439163899491095, "com_1_tau2": 0.4085821738059161, "com_2_tau1": 0.38833510634116125, "com_2_tau2": 0.2916852527568825, "com_3_tau1": 0.3528600181011496, "com_3_tau2": 0.7191551205927776, "com_4_tau1": 0.1958949324566262, "com_4_tau2": 0.9071370807232402, "com_5_tau1": 0.45860312174302337, "com_5_tau2": 0.2668368056276493, "com_6_tau1": 0.6331402559609892, "com_6_tau2": 0.17175065458324423, "com_7_tau1": 0.3394425300610202, "com_7_tau2": 0.452616758306848, "com_8_tau1": 0.5521606746304797, "com_8_tau2": 0.09281398440765283, "com_9_tau1": 0.12361877480903902, "com_9_tau2": 0.3456704795786908}, "datetime": {"datetime": "2024-05-09 00:19:48", "elapsed": 21894.527705, "delta": 160.747889}}
