{"target": 0.9270342176725405, "params": {"com_0_tau1": 0.5753546383767644, "com_0_tau2": 0.9145659479172613, "com_10_tau1": 0.575237733896654, "com_10_tau2": 0.2834336320486234, "com_11_tau1": 0.3069023552491761, "com_11_tau2": 0.48461218537248973, "com_12_tau1": 0.5482034362247798, "com_12_tau2": 0.13695618537298768, "com_13_tau1": 0.2268412279749545, "com_13_tau2": 0.2954312440656267, "com_14_tau1": 0.5795106811305176, "com_14_tau2": 0.6382405372288935, "com_15_tau1": 0.29804943908600884, "com_15_tau2": 0.7860989557670433, "com_16_tau1": 0.5546609534098188, "com_16_tau2": 0.8043598144871889, "com_17_tau1": 0.8179368580363454, "com_17_tau2": 0.7788310580778105, "com_1_tau1": 0.12482186981488486, "com_1_tau2": 0.6788348358850355, "com_2_tau1": 0.2431921646835755, "com_2_tau2": 0.6783405204960431, "com_3_tau1": 0.09596038949286156, "com_3_tau2": 0.9918375593551317, "com_4_tau1": 0.07015609113612602, "com_4_tau2": 0.11542248104606037, "com_5_tau1": 0.2084650449038645, "com_5_tau2": 0.6126678754966007, "com_6_tau1": 0.7833113514905169, "com_6_tau2": 0.7622697871383386, "com_7_tau1": 0.4717492662399765, "com_7_tau2": 0.8850303711639488, "com_8_tau1": 0.486734236648731, "com_8_tau2": 0.8459730524237524, "com_9_tau1": 0.4536112193108829, "com_9_tau2": 0.47532613875462104}, "datetime": {"datetime": "2024-12-09 15:20:22", "elapsed": 17345.625821, "delta": 121.916694}}
{"target": 0.9232309801242181, "params": {"com_0_tau1": 0.5525404632969276, "com_0_tau2": 0.9182304585283492, "com_10_tau1": 0.6560105315919649, "com_10_tau2": 0.38202149199392926, "com_11_tau1": 0.3425773320946536, "com_11_tau2": 0.5048492849839274, "com_12_tau1": 0.5342717965716902, "com_12_tau2": 0.25050231650731225, "com_13_tau1": 0.06977242154349558, "com_13_tau2": 0.22625300485462793, "com_14_tau1": 0.6539554067758496, "com_14_tau2": 0.7419980037335613, "com_15_tau1": 0.1173751492189995, "com_15_tau2": 0.7818123755480877, "com_16_tau1": 0.5552363210412814, "com_16_tau2": 0.8567603513187811, "com_17_tau1": 0.7650170841599556, "com_17_tau2": 0.8408418646216719, "com_1_tau1": 0.12459400390850636, "com_1_tau2": 0.5524402814537588, "com_2_tau1": 0.12445451440624586, "com_2_tau2": 0.5488395061302298, "com_3_tau1": 0.1485419824002945, "com_3_tau2": 0.9584291480744257, "com_4_tau1": 0.04172028958625556, "com_4_tau2": -0.05216932462136048, "com_5_tau1": 0.2892352860057595, "com_5_tau2": 0.5430238362764048, "com_6_tau1": 0.676392723620716, "com_6_tau2": 0.8665635121366466, "com_7_tau1": 0.6497479593663323, "com_7_tau2": 0.7725871892468815, "com_8_tau1": 0.5577665980791401, "com_8_tau2": 1.0128804135698168, "com_9_tau1": 0.5318376442493762, "com_9_tau2": 0.5892477438182416}, "datetime": {"datetime": "2024-12-09 15:22:27", "elapsed": 17470.951263, "delta": 125.325442}}
{"target": 0.9271974358291153, "params": {"com_0_tau1": 0.6687779199757374, "com_0_tau2": 0.9165343031359314, "com_10_tau1": 0.616862023690745, "com_10_tau2": 0.3144867137131924, "com_11_tau1": 0.1866400040491195, "com_11_tau2": 0.468619725154698, "com_12_tau1": 0.5878277509716495, "com_12_tau2": 0.18556467315054226, "com_13_tau1": 0.14936217207254412, "com_13_tau2": 0.3828604865625657, "com_14_tau1": 0.6214651222870806, "com_14_tau2": 0.6221916916454527, "com_15_tau1": 0.12613454219470174, "com_15_tau2": 0.7594464307178156, "com_16_tau1": 0.5696444671839155, "com_16_tau2": 0.720855399567439, "com_17_tau1": 0.8709207959699425, "com_17_tau2": 0.7148850822373679, "com_1_tau1": 0.11536230871438145, "com_1_tau2": 0.6746271228107975, "com_2_tau1": 0.152142608209055, "com_2_tau2": 0.7014558012625378, "com_3_tau1": 0.15871253192824641, "com_3_tau2": 1.0108940278695415, "com_4_tau1": 0.12252348096100335, "com_4_tau2": 0.07301842895270681, "com_5_tau1": 0.018488914623669868, "com_5_tau2": 0.5349086833609975, "com_6_tau1": 0.6799998458211403, "com_6_tau2": 0.8045877301450164, "com_7_tau1": 0.48820811043463663, "com_7_tau2": 0.8960511562408574, "com_8_tau1": 0.42641759861541734, "com_8_tau2": 0.8360685672470216, "com_9_tau1": 0.4325326476845901, "com_9_tau2": 0.5494182753364553}, "datetime": {"datetime": "2024-12-09 15:24:33", "elapsed": 17597.048573, "delta": 126.09731}}
{"target": 0.8712302679922083, "params": {"com_0_tau1": 0.552481114796114, "com_0_tau2": 1.0205017374904282, "com_10_tau1": 0.36053514473036674, "com_10_tau2": 0.22496145912503668, "com_11_tau1": 0.10180676479653172, "com_11_tau2": 0.681016493026275, "com_12_tau1": 0.49151169594232813, "com_12_tau2": 0.2796022598929057, "com_13_tau1": 0.3871087425881189, "com_13_tau2": 0.07597554586245353, "com_14_tau1": 0.3054112259485716, "com_14_tau2": 0.8765388040515365, "com_15_tau1": 0.6061816706134388, "com_15_tau2": 0.8299836504747606, "com_16_tau1": 0.4485170728469241, "com_16_tau2": 0.6653590911885577, "com_17_tau1": 0.9892047098441878, "com_17_tau2": 0.7529388509765036, "com_1_tau1": -0.09891787559665427, "com_1_tau2": 0.9583624716748149, "com_2_tau1": 0.21998377958566712, "com_2_tau2": 0.4401069190120442, "com_3_tau1": 0.22941004461641895, "com_3_tau2": 0.7265071395407563, "com_4_tau1": 0.0423893477287281, "com_4_tau2": 0.26956430079635174, "com_5_tau1": -0.0739558853085196, "com_5_tau2": 0.5304869995855112, "com_6_tau1": 0.8320175456853078, "com_6_tau2": 0.8643322947749017, "com_7_tau1": 0.35733696936837106, "com_7_tau2": 0.7292943998142327, "com_8_tau1": 0.37174672367937717, "com_8_tau2": 1.048362148339567, "com_9_tau1": 0.4410593091157138, "com_9_tau2": 0.23751223873258082}, "datetime": {"datetime": "2024-12-09 15:26:53", "elapsed": 17737.063045, "delta": 140.014472}}
{"target": 0.8833480962288944, "params": {"com_0_tau1": 0.8621075207694225, "com_0_tau2": 1.0167569855999743, "com_10_tau1": 0.7054651104359669, "com_10_tau2": 0.08314709427953182, "com_11_tau1": 0.06810885225160856, "com_11_tau2": 0.685001628804677, "com_12_tau1": 0.7465618228712319, "com_12_tau2": 0.07197094358971828, "com_13_tau1": -0.008805966422137601, "com_13_tau2": 0.5317809237859992, "com_14_tau1": 0.32166478984994, "com_14_tau2": 0.6139966924325502, "com_15_tau1": 0.2510235922320973, "com_15_tau2": 1.0004962056120819, "com_16_tau1": 0.3651165493768713, "com_16_tau2": 0.6169732016323262, "com_17_tau1": 1.0458578062840962, "com_17_tau2": 0.7224649940117045, "com_1_tau1": 0.07867054126843015, "com_1_tau2": 0.9114127454326809, "com_2_tau1": -0.025414554392936328, "com_2_tau2": 0.6499250679616506, "com_3_tau1": 0.19393693594271422, "com_3_tau2": 0.7370002085834995, "com_4_tau1": 0.0007796782198062902, "com_4_tau2": 0.2419727295737567, "com_5_tau1": -0.11678766539249824, "com_5_tau2": 0.3133479493710195, "com_6_tau1": 0.4746748081904833, "com_6_tau2": 0.6024234756533438, "com_7_tau1": 0.5931797162636004, "com_7_tau2": 0.8391994303587431, "com_8_tau1": 0.5766990775570768, "com_8_tau2": 0.7900844926517209, "com_9_tau1": 0.217377637182115, "com_9_tau2": 0.6266956943339697}, "datetime": {"datetime": "2024-12-09 15:29:09", "elapsed": 17872.851117, "delta": 135.788072}}
{"target": 0.9197411484902609, "params": {"com_0_tau1": 0.6772488979433033, "com_0_tau2": 0.8192210492020616, "com_10_tau1": 0.7055762861500792, "com_10_tau2": 0.2829446349887044, "com_11_tau1": 0.15510076973748252, "com_11_tau2": 0.501208185876894, "com_12_tau1": 0.5333146395381121, "com_12_tau2": 0.12063233606159351, "com_13_tau1": 0.17135756434767854, "com_13_tau2": 0.3338903775977313, "com_14_tau1": 0.6995339527866544, "com_14_tau2": 0.5696502311702285, "com_15_tau1": 0.23417230279284892, "com_15_tau2": 0.7391642627939419, "com_16_tau1": 0.5588526429935975, "com_16_tau2": 0.7351306877188079, "com_17_tau1": 0.758717665151379, "com_17_tau2": 0.7729282053368923, "com_1_tau1": 0.17411649950588393, "com_1_tau2": 0.6669338875900453, "com_2_tau1": 0.2269059279736309, "com_2_tau2": 0.7178485685191656, "com_3_tau1": -0.02653759460690666, "com_3_tau2": 1.027945002637429, "com_4_tau1": 0.10060453076215461, "com_4_tau2": 0.12902367392097738, "com_5_tau1": 0.1750203696117927, "com_5_tau2": 0.5778650597314413, "com_6_tau1": 0.7026168700641794, "com_6_tau2": 0.6489217999605225, "com_7_tau1": 0.5700990991932383, "com_7_tau2": 0.8638762383843505, "com_8_tau1": 0.4506071753036048, "com_8_tau2": 0.9513565725108605, "com_9_tau1": 0.5384681145552592, "com_9_tau2": 0.5393766603143765}, "datetime": {"datetime": "2024-12-09 15:31:16", "elapsed": 17999.881805, "delta": 127.030688}}
{"target": 0.9069172473423122, "params": {"com_0_tau1": 0.7648060007800273, "com_0_tau2": 1.1302269863360075, "com_10_tau1": 0.4958405327895849, "com_10_tau2": 0.5006006401336848, "com_11_tau1": 0.2637179867715421, "com_11_tau2": 0.4509244449390767, "com_12_tau1": 0.8289605393757151, "com_12_tau2": -0.010747955616059346, "com_13_tau1": 0.160289759350223, "com_13_tau2": 0.13686867963524557, "com_14_tau1": 0.4140377605242243, "com_14_tau2": 0.7348643142802129, "com_15_tau1": 0.26136435154933557, "com_15_tau2": 0.6745864652880285, "com_16_tau1": 0.4558403016282718, "com_16_tau2": 0.724960825487101, "com_17_tau1": 0.9262769224220216, "com_17_tau2": 0.8344866236479458, "com_1_tau1": 0.15627424523689598, "com_1_tau2": 0.633291790693647, "com_2_tau1": 0.35604818720780484, "com_2_tau2": 0.5233732291784758, "com_3_tau1": 0.23283800125795262, "com_3_tau2": 0.8371440412520263, "com_4_tau1": 0.21065982305128694, "com_4_tau2": 0.1824887901399037, "com_5_tau1": -0.05543351575162869, "com_5_tau2": 0.39702219682638107, "com_6_tau1": 0.44112976264379955, "com_6_tau2": 0.394634227582572, "com_7_tau1": 0.45099242169591985, "com_7_tau2": 0.9033788213525186, "com_8_tau1": 0.590590657316032, "com_8_tau2": 0.9957552847438993, "com_9_tau1": 0.4390953724089922, "com_9_tau2": 0.45203068983797806}, "datetime": {"datetime": "2024-12-09 15:33:23", "elapsed": 18126.714598, "delta": 126.832793}}
{"target": 0.9255792596750627, "params": {"com_0_tau1": 0.5586439935376772, "com_0_tau2": 1.1367772853878586, "com_10_tau1": 0.6577418147692267, "com_10_tau2": 0.5140528945718477, "com_11_tau1": 0.3425773320946536, "com_11_tau2": 0.3877151502613796, "com_12_tau1": 0.7229848986447152, "com_12_tau2": -0.0071637400128169585, "com_13_tau1": 0.14215722690441282, "com_13_tau2": 0.19209057115042846, "com_14_tau1": 0.6730906930250308, "com_14_tau2": 0.6540934089907836, "com_15_tau1": 0.19189795747549432, "com_15_tau2": 0.8187857496425808, "com_16_tau1": 0.5179595790466014, "com_16_tau2": 0.6399477183300077, "com_17_tau1": 0.9063834336252364, "com_17_tau2": 0.7574646787793231, "com_1_tau1": 0.1249069925647444, "com_1_tau2": 0.6294516825121528, "com_2_tau1": 0.15557630336703704, "com_2_tau2": 0.72947583554056, "com_3_tau1": 0.19500610387679226, "com_3_tau2": 0.9707024344715772, "com_4_tau1": 0.239035748722944, "com_4_tau2": 0.0006270967907943208, "com_5_tau1": 0.18663271055277655, "com_5_tau2": 0.5699809229942734, "com_6_tau1": 0.8262994130384551, "com_6_tau2": 0.7449163445606827, "com_7_tau1": 0.6335093716843136, "com_7_tau2": 0.8918188066781615, "com_8_tau1": 0.4418842009629727, "com_8_tau2": 0.8162692451739129, "com_9_tau1": 0.5266864230401535, "com_9_tau2": 0.6003022948241036}, "datetime": {"datetime": "2024-12-09 15:35:27", "elapsed": 18250.659582, "delta": 123.944984}}
{"target": 0.9248599823461895, "params": {"com_0_tau1": 0.6349933928592378, "com_0_tau2": 1.019000288921962, "com_10_tau1": 0.6111980686122831, "com_10_tau2": 0.3597881149447084, "com_11_tau1": 0.3425773320946536, "com_11_tau2": 0.4612580793183792, "com_12_tau1": 0.6589363821222803, "com_12_tau2": 0.15571329956091895, "com_13_tau1": 0.18928901548422875, "com_13_tau2": 0.24633602648853475, "com_14_tau1": 0.5805730790212286, "com_14_tau2": 0.6007301952708284, "com_15_tau1": 0.23358301837436962, "com_15_tau2": 0.8712092568367843, "com_16_tau1": 0.5774284892134561, "com_16_tau2": 0.7459615731715797, "com_17_tau1": 0.8304981489908982, "com_17_tau2": 0.7557611319198183, "com_1_tau1": 0.09022033058082517, "com_1_tau2": 0.5456426800895049, "com_2_tau1": 0.13360770360985796, "com_2_tau2": 0.6940285913013153, "com_3_tau1": 0.1011492038824871, "com_3_tau2": 0.9324303680359225, "com_4_tau1": 0.07307957694877254, "com_4_tau2": 0.22441862752559616, "com_5_tau1": 0.06158213756507896, "com_5_tau2": 0.4788719838960016, "com_6_tau1": 0.7134862053999075, "com_6_tau2": 0.6934128441685602, "com_7_tau1": 0.5144200278422733, "com_7_tau2": 0.9644566535965005, "com_8_tau1": 0.5090762031390426, "com_8_tau2": 0.9974049372119891, "com_9_tau1": 0.4589918590471085, "com_9_tau2": 0.5027682449958764}, "datetime": {"datetime": "2024-12-09 15:37:31", "elapsed": 18374.884037, "delta": 124.224455}}
{"target": 0.9267360349213036, "params": {"com_0_tau1": 0.5187520943489065, "com_0_tau2": 0.9804541358298406, "com_10_tau1": 0.6641000963265156, "com_10_tau2": 0.44720179420868617, "com_11_tau1": 0.3425773320946536, "com_11_tau2": 0.6897572712317109, "com_12_tau1": 0.5273772380025671, "com_12_tau2": 0.044968762948078056, "com_13_tau1": 0.03404267538268189, "com_13_tau2": 0.2964661240283084, "com_14_tau1": 0.5307963119781791, "com_14_tau2": 0.8047537414512345, "com_15_tau1": 0.1173751492189995, "com_15_tau2": 0.796260750205491, "com_16_tau1": 0.462262791605507, "com_16_tau2": 0.7532229729753963, "com_17_tau1": 0.6390433458841436, "com_17_tau2": 0.7446058665678679, "com_1_tau1": 0.10115809503691743, "com_1_tau2": 0.5945538555257498, "com_2_tau1": 0.2819960645418736, "com_2_tau2": 0.6030234737745925, "com_3_tau1": 0.21932060609401807, "com_3_tau2": 0.9354540079997442, "com_4_tau1": 0.09955500641071455, "com_4_tau2": -0.05216932462136048, "com_5_tau1": 0.10880740528210917, "com_5_tau2": 0.5821037082532386, "com_6_tau1": 0.7005589559990153, "com_6_tau2": 0.8665635121366466, "com_7_tau1": 0.46897099969258105, "com_7_tau2": 0.7148500809661555, "com_8_tau1": 0.5807119271981951, "com_8_tau2": 0.990281704187614, "com_9_tau1": 0.40119718609243243, "com_9_tau2": 0.6083260439628}, "datetime": {"datetime": "2024-12-09 15:39:34", "elapsed": 18498.352415, "delta": 123.468378}}
{"target": 0.884186242264485, "params": {"com_0_tau1": 0.7167339525301608, "com_0_tau2": 1.0850224629124712, "com_10_tau1": 0.5811692409435394, "com_10_tau2": 0.32543516624187807, "com_11_tau1": 0.3425773320946536, "com_11_tau2": 0.5244415735093341, "com_12_tau1": 0.6063561610847387, "com_12_tau2": 0.20189897054017492, "com_13_tau1": 0.12023524324300527, "com_13_tau2": 0.24361209573409942, "com_14_tau1": 0.5631610834359858, "com_14_tau2": 0.757020258041906, "com_15_tau1": 0.17535258816037716, "com_15_tau2": 0.77079992264815, "com_16_tau1": 0.44172279704277684, "com_16_tau2": 0.7105034904043925, "com_17_tau1": 0.8174931743892015, "com_17_tau2": 0.7525215326318989, "com_1_tau1": -0.02224286752963118, "com_1_tau2": 0.6873446878612006, "com_2_tau1": 0.21806105622108216, "com_2_tau2": 0.7501362513500436, "com_3_tau1": 0.016182982514589446, "com_3_tau2": 1.0063776891542464, "com_4_tau1": 0.14425067669890965, "com_4_tau2": -0.01031166429464791, "com_5_tau1": 0.1180777241204668, "com_5_tau2": 0.5798750499591653, "com_6_tau1": 0.7776925841658558, "com_6_tau2": 0.6716314247299666, "com_7_tau1": 0.5633889204414847, "com_7_tau2": 0.771394296988985, "com_8_tau1": 0.5519085571234732, "com_8_tau2": 0.8356784529610644, "com_9_tau1": 0.4570344563626079, "com_9_tau2": 0.5875670134312496}, "datetime": {"datetime": "2024-12-09 15:41:56", "elapsed": 18639.754811, "delta": 141.402396}}
{"target": 0.9128099073138574, "params": {"com_0_tau1": 0.7942902062160759, "com_0_tau2": 1.0756112166211502, "com_10_tau1": 0.7023550135145223, "com_10_tau2": 0.21808294363673836, "com_11_tau1": 0.20225911647090594, "com_11_tau2": 0.45497555597857786, "com_12_tau1": 0.6105787210537146, "com_12_tau2": 0.2562109440438671, "com_13_tau1": 0.057086152636725174, "com_13_tau2": 0.1874851710956309, "com_14_tau1": 0.601762645807331, "com_14_tau2": 0.4494732460227484, "com_15_tau1": 0.29134987214514274, "com_15_tau2": 0.6543820270156951, "com_16_tau1": 0.4081949929704729, "com_16_tau2": 0.7426338679532258, "com_17_tau1": 0.7004513104095262, "com_17_tau2": 0.8358711781467403, "com_1_tau1": 0.030559178688750244, "com_1_tau2": 0.6982756281230403, "com_2_tau1": 0.16786670187287644, "com_2_tau2": 0.8235549214778588, "com_3_tau1": 0.1882453217564639, "com_3_tau2": 0.9865909616663613, "com_4_tau1": 0.13938247333725456, "com_4_tau2": 0.1095213164441754, "com_5_tau1": -0.007962751110855593, "com_5_tau2": 0.5068698320757329, "com_6_tau1": 0.750418762893569, "com_6_tau2": 0.5361792189629737, "com_7_tau1": 0.7230397576074352, "com_7_tau2": 0.8921806029750492, "com_8_tau1": 0.4407628557833476, "com_8_tau2": 0.8386323864388123, "com_9_tau1": 0.6424536222719175, "com_9_tau2": 0.4210496761574671}, "datetime": {"datetime": "2024-12-09 15:44:01", "elapsed": 18764.626073, "delta": 124.871262}}
{"target": 0.8955290118340006, "params": {"com_0_tau1": 0.6068569739695656, "com_0_tau2": 0.7994895193115897, "com_10_tau1": 0.8247764986693699, "com_10_tau2": 0.15242024791257158, "com_11_tau1": 0.07307390044087392, "com_11_tau2": 0.2892651300631014, "com_12_tau1": 0.6267484071221541, "com_12_tau2": 0.22632192750230012, "com_13_tau1": 0.08166338544476481, "com_13_tau2": 0.3995990943623085, "com_14_tau1": 0.7609317412110799, "com_14_tau2": 0.671896220042377, "com_15_tau1": 0.6020757407386546, "com_15_tau2": 0.6850805126568881, "com_16_tau1": 0.5191890181377266, "com_16_tau2": 0.6258106775481047, "com_17_tau1": 1.082516358778907, "com_17_tau2": 0.6225159388941439, "com_1_tau1": 0.26564608379832005, "com_1_tau2": 0.8842698810874299, "com_2_tau1": 0.09812400550447509, "com_2_tau2": 0.5645994644852076, "com_3_tau1": -0.11406268903456035, "com_3_tau2": 0.9831878993988299, "com_4_tau1": -0.05842449206356731, "com_4_tau2": 0.04103991286142472, "com_5_tau1": -0.19733137530555328, "com_5_tau2": 0.5528941333697035, "com_6_tau1": 0.6851824416640218, "com_6_tau2": 0.7585564703621074, "com_7_tau1": 0.7082718839757537, "com_7_tau2": 0.6979481420636969, "com_8_tau1": 0.33004609179164374, "com_8_tau2": 0.8665465820355551, "com_9_tau1": 0.26462650659807907, "com_9_tau2": 0.29219681113035445}, "datetime": {"datetime": "2024-12-09 15:46:12", "elapsed": 18896.162917, "delta": 131.536844}}
{"target": 0.924941458741147, "params": {"com_0_tau1": 0.49581138709539724, "com_0_tau2": 0.94628202681595, "com_10_tau1": 0.7234450477917272, "com_10_tau2": 0.4382202627227809, "com_11_tau1": 0.20332754427337876, "com_11_tau2": 0.4914359428315019, "com_12_tau1": 0.5643879018829819, "com_12_tau2": 0.03487929766674108, "com_13_tau1": 0.12881760934724024, "com_13_tau2": 0.2955916586834612, "com_14_tau1": 0.6611636903581624, "com_14_tau2": 0.5750692460877141, "com_15_tau1": 0.2820315352589876, "com_15_tau2": 0.8640458247318888, "com_16_tau1": 0.5452806664640927, "com_16_tau2": 0.7491765345545014, "com_17_tau1": 0.8150652454193671, "com_17_tau2": 0.8030763029687776, "com_1_tau1": 0.15226268021410125, "com_1_tau2": 0.6368899917004773, "com_2_tau1": 0.17691707420321018, "com_2_tau2": 0.6073109647675213, "com_3_tau1": 0.2538377756642435, "com_3_tau2": 0.9399106426534758, "com_4_tau1": 0.12912150636586187, "com_4_tau2": 0.09404861953998375, "com_5_tau1": 0.12477274592444436, "com_5_tau2": 0.5760505207579365, "com_6_tau1": 0.6940524491994374, "com_6_tau2": 0.8650805152096354, "com_7_tau1": 0.5507356513957556, "com_7_tau2": 0.8977994827265339, "com_8_tau1": 0.3764151844023116, "com_8_tau2": 0.9641586053067661, "com_9_tau1": 0.5064934630913469, "com_9_tau2": 0.46886625830184947}, "datetime": {"datetime": "2024-12-09 15:48:15", "elapsed": 19019.219133, "delta": 123.056216}}
{"target": 0.916268243317491, "params": {"com_0_tau1": 0.44552386048774195, "com_0_tau2": 0.9029478293275733, "com_10_tau1": 0.6139992409994957, "com_10_tau2": 0.3399120830386067, "com_11_tau1": -0.09159083706944271, "com_11_tau2": 0.48338011477376946, "com_12_tau1": 0.7879772271944554, "com_12_tau2": 0.038918148346311465, "com_13_tau1": 0.23822671561368536, "com_13_tau2": 0.14824371942397824, "com_14_tau1": 0.7251090424568443, "com_14_tau2": 0.5840573628247898, "com_15_tau1": 0.2676404190624459, "com_15_tau2": 0.9800962172391843, "com_16_tau1": 0.5665862921223954, "com_16_tau2": 0.5975774098264937, "com_17_tau1": 0.8462323276164329, "com_17_tau2": 0.6687893215198263, "com_1_tau1": 0.053774583867503445, "com_1_tau2": 0.6837266003611453, "com_2_tau1": 0.34952758762850417, "com_2_tau2": 0.8016431505836297, "com_3_tau1": 0.196729361168147, "com_3_tau2": 1.1528335417019049, "com_4_tau1": -0.10335343050814982, "com_4_tau2": 0.22409029507041073, "com_5_tau1": 0.03712947611566808, "com_5_tau2": 0.5544342219576459, "com_6_tau1": 0.6265450854632156, "com_6_tau2": 0.6476977112893738, "com_7_tau1": 0.6746951316177119, "com_7_tau2": 0.9495499365172511, "com_8_tau1": 0.22218789451130483, "com_8_tau2": 1.1228055696866477, "com_9_tau1": 0.4847665098429818, "com_9_tau2": 0.5581938578885718}, "datetime": {"datetime": "2024-12-09 15:50:20", "elapsed": 19143.985235, "delta": 124.766102}}
