{"target": 0.9953686747862511, "params": {"com_0_tau1": 0.7459775072472906, "com_0_tau2": 0.5646825976851158, "com_10_tau1": 0.8471783548027214, "com_10_tau2": 1.2012919950954635, "com_11_tau1": 0.9013446455270532, "com_11_tau2": 0.7849972117607907, "com_12_tau1": 0.37783157970011927, "com_12_tau2": 0.6662471908619246, "com_13_tau1": 0.6470375131938559, "com_13_tau2": 1.25, "com_14_tau1": 0.5313106097995995, "com_14_tau2": 1.25, "com_1_tau1": 0.7415810737497619, "com_1_tau2": 0.9567205849800479, "com_2_tau1": 0.6785199100748179, "com_2_tau2": 0.75, "com_3_tau1": 0.42300789716587334, "com_3_tau2": 0.8941885676086423, "com_4_tau1": 0.6610044155568482, "com_4_tau2": 0.9402752581007848, "com_5_tau1": 0.5000991368997714, "com_5_tau2": 0.2103885321134772, "com_6_tau1": 0.628270793454009, "com_6_tau2": 0.9651651403318806, "com_7_tau1": 0.06805878139365618, "com_7_tau2": 0.37135406969401064, "com_8_tau1": 0.8370656243125617, "com_8_tau2": 0.517169281509255, "com_9_tau1": -0.017356643027147938, "com_9_tau2": -0.12646700643796682}, "datetime": {"datetime": "2024-05-09 02:12:42", "elapsed": 28668.616167, "delta": 175.005558}}
{"target": 0.9981284219011467, "params": {"com_0_tau1": 0.5687831089160466, "com_0_tau2": 0.5646825976851158, "com_10_tau1": 0.8472268678734685, "com_10_tau2": 1.016923104845251, "com_11_tau1": 0.8107124579338633, "com_11_tau2": 0.7424724117398914, "com_12_tau1": 0.40731871581375445, "com_12_tau2": 0.5, "com_13_tau1": 0.6278694603587579, "com_13_tau2": 1.25, "com_14_tau1": 1.0313106097995997, "com_14_tau2": 1.25, "com_1_tau1": 0.617028928111778, "com_1_tau2": 1.0324877797601224, "com_2_tau1": 0.8823603431389688, "com_2_tau2": 0.8679292837146733, "com_3_tau1": 0.3457875901018326, "com_3_tau2": 1.1301508917582774, "com_4_tau1": 0.7007521078807752, "com_4_tau2": 0.9082895553556347, "com_5_tau1": 0.7499876419149458, "com_5_tau2": 0.25682182396371034, "com_6_tau1": 0.6024412673272598, "com_6_tau2": 0.8153438074323527, "com_7_tau1": 0.5680587813936562, "com_7_tau2": 0.7956436517527329, "com_8_tau1": 0.8377351715818638, "com_8_tau2": 0.1669436056595297, "com_9_tau1": 0.32686631551996104, "com_9_tau2": 0.3735329935620332}, "datetime": {"datetime": "2024-05-09 02:15:48", "elapsed": 28854.569031, "delta": 185.952864}}
{"target": 0.9950172146796137, "params": {"com_0_tau1": 0.7846608514431329, "com_0_tau2": 0.2979689340250981, "com_10_tau1": 0.44774752331119244, "com_10_tau2": 1.1319351515087641, "com_11_tau1": 0.46303799117228167, "com_11_tau2": 1.1465721724748328, "com_12_tau1": 0.3420543389199433, "com_12_tau2": 0.9978437297896261, "com_13_tau1": 0.35871560019520776, "com_13_tau2": 1.0153262498895772, "com_14_tau1": 0.8462185563235651, "com_14_tau2": 1.0738355810780222, "com_1_tau1": 0.46944783454499533, "com_1_tau2": 0.8865804223625751, "com_2_tau1": 0.7009661275852359, "com_2_tau2": 0.760874478189645, "com_3_tau1": 0.519453783019322, "com_3_tau2": 1.1997062552466555, "com_4_tau1": 0.7905193155244595, "com_4_tau2": 1.1138716614954225, "com_5_tau1": 0.5766093078701204, "com_5_tau2": 0.34795416574114735, "com_6_tau1": 0.49630424425052644, "com_6_tau2": 0.5836493770698343, "com_7_tau1": 0.16851086781736846, "com_7_tau2": 0.6358385475276108, "com_8_tau1": 0.35468039636350274, "com_8_tau2": 0.2980432943983127, "com_9_tau1": -0.053539243673552644, "com_9_tau2": 0.1739581016972762}, "datetime": {"datetime": "2024-05-09 02:20:38", "elapsed": 29144.632872, "delta": 290.063841}}
{"target": 0.9952634495748409, "params": {"com_0_tau1": 0.5189342029571398, "com_0_tau2": 0.33626674717662325, "com_10_tau1": 0.36373604513508867, "com_10_tau2": 1.014260475775803, "com_11_tau1": 0.49294884931043076, "com_11_tau2": 1.1647350310037565, "com_12_tau1": 0.2600016715579953, "com_12_tau2": 0.9113610218497861, "com_13_tau1": 0.6162648123241208, "com_13_tau2": 0.9783055918194317, "com_14_tau1": 0.8655154457890419, "com_14_tau2": 1.093553650772371, "com_1_tau1": 0.84700189358205, "com_1_tau2": 0.8907062268678763, "com_2_tau1": 0.4753836361251464, "com_2_tau2": 1.1818022116440803, "com_3_tau1": 0.5087451594055103, "com_3_tau2": 1.0137737910587294, "com_4_tau1": 0.34476661343609694, "com_4_tau2": 1.2151929482881447, "com_5_tau1": 0.5320479100303135, "com_5_tau2": 0.3657147773753285, "com_6_tau1": 0.3563856708341899, "com_6_tau2": 0.7140017987270637, "com_7_tau1": 0.3099452146962676, "com_7_tau2": 0.5056906620287361, "com_8_tau1": 0.4933353327449439, "com_8_tau2": 0.5586775630565766, "com_9_tau1": -0.11442516600104408, "com_9_tau2": 0.3393703075433239}, "datetime": {"datetime": "2024-05-09 02:24:22", "elapsed": 29369.221057, "delta": 224.588185}}
{"target": 0.9973040523253223, "params": {"com_0_tau1": 0.5102292455581521, "com_0_tau2": 0.35316865047322027, "com_10_tau1": 0.8032305904413971, "com_10_tau2": 1.0241236274579073, "com_11_tau1": 0.7564010163088637, "com_11_tau2": 0.7424724117398914, "com_12_tau1": 0.29744587365822533, "com_12_tau2": 0.7328666353459043, "com_13_tau1": 0.5296320276309425, "com_13_tau2": 1.2261928317794795, "com_14_tau1": 0.8483326531748346, "com_14_tau2": 1.244284207119969, "com_1_tau1": 0.6461349800872065, "com_1_tau2": 0.7660452582232465, "com_2_tau1": 0.6588153094206387, "com_2_tau2": 0.75, "com_3_tau1": 0.4719781313303536, "com_3_tau2": 0.9914756125792514, "com_4_tau1": 0.4724728220515762, "com_4_tau2": 0.9746833178035766, "com_5_tau1": 0.4514960642580881, "com_5_tau2": 0.36189536781106346, "com_6_tau1": 0.5697177022635364, "com_6_tau2": 0.6575522613940552, "com_7_tau1": 0.331033445761701, "com_7_tau2": 0.42968732567377316, "com_8_tau1": 0.8393681973716915, "com_8_tau2": 0.36428289179811507, "com_9_tau1": 0.32686631551996104, "com_9_tau2": 0.17672727525458565}, "datetime": {"datetime": "2024-05-09 02:27:32", "elapsed": 29559.157443, "delta": 189.936386}}
{"target": 0.9864584255072969, "params": {"com_0_tau1": 0.8311199762109784, "com_0_tau2": 0.5065039589722512, "com_10_tau1": 0.39477049030274053, "com_10_tau2": 1.131470721835354, "com_11_tau1": 0.4739691610782022, "com_11_tau2": 1.0783309431855599, "com_12_tau1": 0.07947335224707223, "com_12_tau2": 0.7460092729173504, "com_13_tau1": 0.2513496602802646, "com_13_tau2": 0.8064511502032278, "com_14_tau1": 0.8206437781168214, "com_14_tau2": 0.8501531396148279, "com_1_tau1": 0.9329118283875715, "com_1_tau2": 0.8269242880094849, "com_2_tau1": 0.7854977009952795, "com_2_tau2": 0.804265008369722, "com_3_tau1": 0.4759242667289324, "com_3_tau2": 0.9097888287409335, "com_4_tau1": 0.49002992697398734, "com_4_tau2": 1.0884216917182883, "com_5_tau1": 0.7507045158041803, "com_5_tau2": 0.5377698784068754, "com_6_tau1": 0.3421447850665008, "com_6_tau2": 0.7970830780171039, "com_7_tau1": 0.22736085494755753, "com_7_tau2": 0.6842444076941832, "com_8_tau1": 0.4291418607449275, "com_8_tau2": 0.17625152866122523, "com_9_tau1": 0.23554530386260691, "com_9_tau2": -0.11346764175135848}, "datetime": {"datetime": "2024-05-09 02:30:32", "elapsed": 29738.961923, "delta": 179.80448}}
{"target": 0.994849733996245, "params": {"com_0_tau1": 0.7104389100579337, "com_0_tau2": 0.2052564367432907, "com_10_tau1": 0.5617714768382819, "com_10_tau2": 0.8434054958116521, "com_11_tau1": 0.5268061775923574, "com_11_tau2": 0.8735162448604902, "com_12_tau1": 0.13137573988406295, "com_12_tau2": 0.9965697449664248, "com_13_tau1": 0.27575653094635333, "com_13_tau2": 1.039788164265089, "com_14_tau1": 0.7340165397118157, "com_14_tau2": 1.01364946494611, "com_1_tau1": 0.8356525269482589, "com_1_tau2": 1.0732104362200454, "com_2_tau1": 0.47973214142399867, "com_2_tau2": 1.2304904899984945, "com_3_tau1": 0.7698919183036226, "com_3_tau2": 0.968614700674068, "com_4_tau1": 0.3919724366988634, "com_4_tau2": 0.9769484834088531, "com_5_tau1": 0.33790787186650145, "com_5_tau2": 0.6822916618516418, "com_6_tau1": 0.5426097944800098, "com_6_tau2": 0.5988532256057114, "com_7_tau1": 0.14968253124360492, "com_7_tau2": 0.642108564822963, "com_8_tau1": 0.6556018811066014, "com_8_tau2": 0.29429466717834313, "com_9_tau1": 0.10223086121697969, "com_9_tau2": -0.09051060688631041}, "datetime": {"datetime": "2024-05-09 02:33:24", "elapsed": 29910.503392, "delta": 171.541469}}
{"target": 0.993183509369838, "params": {"com_0_tau1": 0.4583333901463224, "com_0_tau2": 0.11905584957542964, "com_10_tau1": 0.709144026027738, "com_10_tau2": 1.091965164305301, "com_11_tau1": 0.5474821331607722, "com_11_tau2": 0.8510033874846815, "com_12_tau1": 0.20530165938390596, "com_12_tau2": 0.7420342430317803, "com_13_tau1": 0.524261220207808, "com_13_tau2": 0.9786374804913267, "com_14_tau1": 0.7247145158610087, "com_14_tau2": 0.8888189150722655, "com_1_tau1": 0.5442138796773274, "com_1_tau2": 1.2220142734373098, "com_2_tau1": 0.5838965003708297, "com_2_tau2": 1.0693419544254013, "com_3_tau1": 0.7128143014385354, "com_3_tau2": 1.156176265391181, "com_4_tau1": 0.7913066869394179, "com_4_tau2": 1.2205020906570017, "com_5_tau1": 0.6388765230234565, "com_5_tau2": 0.5810812601224637, "com_6_tau1": 0.5580276996444599, "com_6_tau2": 0.8798921758283814, "com_7_tau1": 0.17452294934247253, "com_7_tau2": 0.6535947090363827, "com_8_tau1": 0.6707750132146635, "com_8_tau2": 0.24552321443953345, "com_9_tau1": -0.06912882732722384, "com_9_tau2": 0.35486593620765355}, "datetime": {"datetime": "2024-05-09 02:36:10", "elapsed": 30077.062496, "delta": 166.559104}}
{"target": 0.9855160724724781, "params": {"com_0_tau1": 0.8940347954600028, "com_0_tau2": 0.3592115042063541, "com_10_tau1": 0.5325160688338444, "com_10_tau2": 1.2495798286571145, "com_11_tau1": 0.6997764933540062, "com_11_tau2": 0.9788180611749532, "com_12_tau1": 0.010208810709130487, "com_12_tau2": 0.6017869699573457, "com_13_tau1": 0.5489165653038316, "com_13_tau2": 0.8808462827097918, "com_14_tau1": 0.9297008817615513, "com_14_tau2": 1.200459386585094, "com_1_tau1": 0.5316525549471588, "com_1_tau2": 1.153022783696282, "com_2_tau1": 0.5375191602021014, "com_2_tau2": 0.8051430948914118, "com_3_tau1": 0.4790279180793096, "com_3_tau2": 1.1309906203253985, "com_4_tau1": 0.6184436509587523, "com_4_tau2": 0.8355619870657529, "com_5_tau1": 0.6725785355361374, "com_5_tau2": 0.5776549126652647, "com_6_tau1": 0.26410181197271176, "com_6_tau2": 0.7112075935416182, "com_7_tau1": 0.3532244575375094, "com_7_tau2": 0.6502123781323951, "com_8_tau1": 0.6897590199767316, "com_8_tau2": 0.6134073989501303, "com_9_tau1": 0.07182304867910955, "com_9_tau2": -0.061849547020685514}, "datetime": {"datetime": "2024-05-09 02:39:13", "elapsed": 30259.653333, "delta": 182.590837}}
