{"target": 0.8651804808125494, "params": {"com_0_tau1": 1.001018465568056, "com_0_tau2": 0.09900869032818255, "com_10_tau1": 0.10349896151448165, "com_10_tau2": 0.5353003092554528, "com_11_tau1": 0.15154642673609636, "com_11_tau2": 0.1204611849421297, "com_12_tau1": 0.15109852896992393, "com_12_tau2": 0.26468439588429693, "com_13_tau1": 0.16754196737239338, "com_13_tau2": 0.915469557905938, "com_14_tau1": 0.80183833980195, "com_14_tau2": 0.09967101858309321, "com_15_tau1": 0.12929318857222546, "com_15_tau2": 0.9515432596263921, "com_16_tau1": 0.45043261125365924, "com_16_tau2": 0.30343260743457107, "com_17_tau1": 0.17216082823617299, "com_17_tau2": 0.3007082766464729, "com_18_tau1": 0.42722888030696127, "com_18_tau2": 0.8791105416577238, "com_19_tau1": 1.1219531263290567, "com_19_tau2": 0.9483615518262276, "com_1_tau1": 0.16846081840551783, "com_1_tau2": 1.0546915024230636, "com_20_tau1": 0.9070963081957306, "com_20_tau2": 1.0525010075490577, "com_21_tau1": 0.5807953197235262, "com_21_tau2": 0.6484114964501301, "com_22_tau1": 0.5711109624044456, "com_22_tau2": 0.7707160384564556, "com_2_tau1": 0.21031610362041375, "com_2_tau2": 0.4398438086369756, "com_3_tau1": 0.24016990221296297, "com_3_tau2": 0.6964293055188807, "com_4_tau1": 0.3498775466646898, "com_4_tau2": 1.0459402830579452, "com_5_tau1": 0.7888060829024715, "com_5_tau2": 0.5909900385602681, "com_6_tau1": 0.5761840678797122, "com_6_tau2": -0.010929162083378852, "com_7_tau1": 0.6228358808765803, "com_7_tau2": 0.22451429448369165, "com_8_tau1": -0.02161895292872712, "com_8_tau2": 0.031578560320664084, "com_9_tau1": 0.31286535650735897, "com_9_tau2": 0.02730153899584395}, "datetime": {"datetime": "2024-08-22 05:07:41", "elapsed": 11265.257545, "delta": 114.220718}}
{"target": 0.8838378075099951, "params": {"com_0_tau1": 0.7589262499139757, "com_0_tau2": 0.12245219571330321, "com_10_tau1": 0.32240810406504605, "com_10_tau2": 0.4743081434656029, "com_11_tau1": -0.08077507115436618, "com_11_tau2": 0.4288352131899315, "com_12_tau1": 0.2501456804695349, "com_12_tau2": -0.006157737908008609, "com_13_tau1": 0.21761066218897163, "com_13_tau2": 0.8502311454280493, "com_14_tau1": 0.5807215213626287, "com_14_tau2": 0.18714775437089082, "com_15_tau1": 0.1498446285630463, "com_15_tau2": 1.1197216165214803, "com_16_tau1": 0.2801328283586625, "com_16_tau2": 0.048995937525044414, "com_17_tau1": 0.5244535287831248, "com_17_tau2": 0.2779309192855386, "com_18_tau1": 0.2657251566797722, "com_18_tau2": 0.8635153348930389, "com_19_tau1": 1.0606312828886726, "com_19_tau2": 0.853198153734107, "com_1_tau1": 0.12435008965988659, "com_1_tau2": 0.7846233446271184, "com_20_tau1": 0.6862285145405171, "com_20_tau2": 0.9397903942220717, "com_21_tau1": 0.2064338600922658, "com_21_tau2": 0.22123330793256205, "com_22_tau1": 0.6239982765056025, "com_22_tau2": 0.6918691778915685, "com_2_tau1": -0.14082499354316186, "com_2_tau2": 0.5510831009507275, "com_3_tau1": 0.40546677141471643, "com_3_tau2": 0.8934814749997401, "com_4_tau1": 0.6450267988284271, "com_4_tau2": 0.9035263611526398, "com_5_tau1": 1.0831859580487742, "com_5_tau2": 0.34805672081893946, "com_6_tau1": 0.49441980624605947, "com_6_tau2": 0.20548575347697703, "com_7_tau1": 1.0913989366099281, "com_7_tau2": 0.5637173337511521, "com_8_tau1": 0.20962812152052443, "com_8_tau2": 0.09058010671414302, "com_9_tau1": 0.35868224296987555, "com_9_tau2": -0.15245344799352423}, "datetime": {"datetime": "2024-08-22 05:09:30", "elapsed": 11374.387668, "delta": 109.130123}}
{"target": 0.89152680870532, "params": {"com_0_tau1": 0.6804313492217786, "com_0_tau2": 0.23326817268761887, "com_10_tau1": 0.0015513421001871197, "com_10_tau2": 0.6069611961408174, "com_11_tau1": 0.22736048100331308, "com_11_tau2": 0.28765759732659046, "com_12_tau1": 0.30245991268758693, "com_12_tau2": 0.09023129554081716, "com_13_tau1": 0.344758450090803, "com_13_tau2": 0.997879545778541, "com_14_tau1": 0.7788984977619431, "com_14_tau2": 0.24890045978945574, "com_15_tau1": 0.24753002418555126, "com_15_tau2": 0.6899958522307195, "com_16_tau1": 0.6965220983064919, "com_16_tau2": 0.4135305769250176, "com_17_tau1": 0.18836736865805742, "com_17_tau2": 0.5306635841966182, "com_18_tau1": 0.11266220959912698, "com_18_tau2": 0.7882045288320008, "com_19_tau1": 0.9935438004078607, "com_19_tau2": 0.8999428401706919, "com_1_tau1": 0.28033284109295303, "com_1_tau2": 0.6035675490673261, "com_20_tau1": 0.8682852141847195, "com_20_tau2": 0.8224305962048224, "com_21_tau1": 0.28047942198556935, "com_21_tau2": 0.24857213683447232, "com_22_tau1": 0.5926535575725385, "com_22_tau2": 0.9790120512885084, "com_2_tau1": 0.30198847767673354, "com_2_tau2": 0.219869212947756, "com_3_tau1": 0.64098456275935, "com_3_tau2": 0.8571400124483637, "com_4_tau1": 0.30680328238302224, "com_4_tau2": 0.6423955075228547, "com_5_tau1": 0.7475149129503611, "com_5_tau2": 0.3889653872003074, "com_6_tau1": 0.8085618960477259, "com_6_tau2": 0.1327462665914793, "com_7_tau1": 0.618536532829292, "com_7_tau2": 0.4907816343448925, "com_8_tau1": 0.13148817984242364, "com_8_tau2": 0.06343137243608465, "com_9_tau1": 0.5563405743830345, "com_9_tau2": -0.027259789199024026}, "datetime": {"datetime": "2024-08-22 05:11:17", "elapsed": 11481.790474, "delta": 107.402806}}
{"target": 0.888379682685999, "params": {"com_0_tau1": 0.9035007498812582, "com_0_tau2": 0.3952869336692919, "com_10_tau1": 0.12152031382851233, "com_10_tau2": 0.5534496179847307, "com_11_tau1": -0.017212532842411504, "com_11_tau2": 0.28626352966931634, "com_12_tau1": 0.3831208300247956, "com_12_tau2": 0.1655858120475191, "com_13_tau1": 0.21005118762956812, "com_13_tau2": 0.8386753999564167, "com_14_tau1": 0.7473141241606555, "com_14_tau2": 0.012249799166439174, "com_15_tau1": -0.10721158130985509, "com_15_tau2": 0.9890919499037549, "com_16_tau1": 0.6510448791504149, "com_16_tau2": 0.16004050092930322, "com_17_tau1": 0.30490313052503437, "com_17_tau2": 0.6154050169425751, "com_18_tau1": 0.16152771552367576, "com_18_tau2": 0.7914731105683801, "com_19_tau1": 0.8939719846922791, "com_19_tau2": 0.841234648298538, "com_1_tau1": 0.07842944708755495, "com_1_tau2": 0.8581510028400512, "com_20_tau1": 1.0818550417237858, "com_20_tau2": 0.6687137306883971, "com_21_tau1": 0.31375377361362555, "com_21_tau2": 0.6334261672461632, "com_22_tau1": 0.9976209423412934, "com_22_tau2": 0.7578198377439725, "com_2_tau1": 0.30953671720962017, "com_2_tau2": 0.4451092688502116, "com_3_tau1": 0.5639513455891192, "com_3_tau2": 0.6978956900034528, "com_4_tau1": 0.6565939201791259, "com_4_tau2": 0.7179161690756102, "com_5_tau1": 0.8579392078908459, "com_5_tau2": 0.19432682648446814, "com_6_tau1": 0.9795322943268576, "com_6_tau2": 0.15136319286051067, "com_7_tau1": 0.9657516813728357, "com_7_tau2": 0.1891740680305714, "com_8_tau1": 0.37869383899112097, "com_8_tau2": 0.01002228556354895, "com_9_tau1": 0.7356071699065709, "com_9_tau2": 0.07242700703824523}, "datetime": {"datetime": "2024-08-22 05:13:04", "elapsed": 11588.960036, "delta": 107.169562}}
{"target": 0.8211351412578346, "params": {"com_0_tau1": 1.034703897576554, "com_0_tau2": 0.14340534121725174, "com_10_tau1": 0.13129544890661288, "com_10_tau2": 0.3516863356110853, "com_11_tau1": -0.08067241033700293, "com_11_tau2": 0.36189627250739564, "com_12_tau1": 0.12733503183541944, "com_12_tau2": -0.00451734023597046, "com_13_tau1": 0.5224309072386716, "com_13_tau2": 0.8713384256448826, "com_14_tau1": 0.48452148879747686, "com_14_tau2": -0.07208380772491833, "com_15_tau1": 0.04613805887300021, "com_15_tau2": 0.7008967833826425, "com_16_tau1": 0.3736088329059225, "com_16_tau2": 0.37959203972456723, "com_17_tau1": 0.04451320305845796, "com_17_tau2": 0.2585907152083937, "com_18_tau1": 0.4334530417783674, "com_18_tau2": 0.7848060795281797, "com_19_tau1": 0.7657486599376652, "com_19_tau2": 1.0866428348920416, "com_1_tau1": -0.1650835138425551, "com_1_tau2": 0.6954063713303507, "com_20_tau1": 0.691319373939246, "com_20_tau2": 0.9152812183139349, "com_21_tau1": 0.19536499039340688, "com_21_tau2": 0.19600497220809487, "com_22_tau1": 0.7433036864605759, "com_22_tau2": 1.038636762335033, "com_2_tau1": 0.27181530307853285, "com_2_tau2": 0.21782543891972816, "com_3_tau1": 0.28577492198441434, "com_3_tau2": 0.8394400588698636, "com_4_tau1": 0.7159546831342312, "com_4_tau2": 1.0051956344508575, "com_5_tau1": 0.7840797577848784, "com_5_tau2": 0.605969871928836, "com_6_tau1": 0.6455748079123718, "com_6_tau2": -0.04113823294981764, "com_7_tau1": 1.0272554669274065, "com_7_tau2": 0.5464492272019306, "com_8_tau1": -0.012346787478867013, "com_8_tau2": 0.14222737493839788, "com_9_tau1": 0.4968281461151652, "com_9_tau2": 0.2775657149037487}, "datetime": {"datetime": "2024-08-22 05:15:16", "elapsed": 11721.074717, "delta": 132.114681}}
{"target": 0.8360041433513578, "params": {"com_0_tau1": 0.6722943021607688, "com_0_tau2": 0.3210178126657318, "com_10_tau1": 0.1835569898976529, "com_10_tau2": 0.17097482534200414, "com_11_tau1": 0.23264058271474716, "com_11_tau2": 0.32690534040926555, "com_12_tau1": 0.1940251947228032, "com_12_tau2": 0.08817361806899623, "com_13_tau1": 0.2541182041995335, "com_13_tau2": 0.7253072310252886, "com_14_tau1": 0.768993965052253, "com_14_tau2": 0.368702474194622, "com_15_tau1": 0.22299006848222055, "com_15_tau2": 0.7989039501383572, "com_16_tau1": 0.695566970987654, "com_16_tau2": 0.15876913602283046, "com_17_tau1": 0.08239688697156594, "com_17_tau2": 0.6739086819884039, "com_18_tau1": 0.03994952290983961, "com_18_tau2": 0.8427609402434559, "com_19_tau1": 0.8181829130706643, "com_19_tau2": 1.173842654532328, "com_1_tau1": -0.008984114316284098, "com_1_tau2": 0.8616583401050366, "com_20_tau1": 0.999928571819289, "com_20_tau2": 0.7493734591189014, "com_21_tau1": 0.45357130767321974, "com_21_tau2": 0.4079160562869464, "com_22_tau1": 1.059754128973405, "com_22_tau2": 0.8996104855924536, "com_2_tau1": 0.053647438146012305, "com_2_tau2": 0.34226077902962826, "com_3_tau1": 0.2712351186129939, "com_3_tau2": 0.9152736140776805, "com_4_tau1": 0.5272259763777338, "com_4_tau2": 0.8429616747885091, "com_5_tau1": 1.0267835518690944, "com_5_tau2": 0.5637377969851024, "com_6_tau1": 0.9491421449234634, "com_6_tau2": -0.08992290280350879, "com_7_tau1": 0.8618324907071366, "com_7_tau2": 0.6256339554935291, "com_8_tau1": 0.25126665646900515, "com_8_tau2": 0.31865887050748715, "com_9_tau1": 0.37351530248645703, "com_9_tau2": -0.03225870359160968}, "datetime": {"datetime": "2024-08-22 05:17:25", "elapsed": 11849.327586, "delta": 128.252869}}
{"target": 0.8795993100019579, "params": {"com_0_tau1": 1.1609743823845706, "com_0_tau2": 0.2457462600302902, "com_10_tau1": 0.31659203240228406, "com_10_tau2": 0.3564990141825979, "com_11_tau1": -0.0956360383075037, "com_11_tau2": 0.3529693262454058, "com_12_tau1": 0.019849053551015475, "com_12_tau2": 0.038376693903181464, "com_13_tau1": 0.3291350379245717, "com_13_tau2": 0.6878544602567026, "com_14_tau1": 0.7983414858462367, "com_14_tau2": 0.34682855106946964, "com_15_tau1": 0.2748120105546564, "com_15_tau2": 1.1517688373621562, "com_16_tau1": 0.6896337898567104, "com_16_tau2": 0.4317017126759733, "com_17_tau1": 0.24173798962928983, "com_17_tau2": 0.4013124394990839, "com_18_tau1": 0.23147269541645235, "com_18_tau2": 0.7656832306517084, "com_19_tau1": 0.7245851723838513, "com_19_tau2": 0.916554456795118, "com_1_tau1": 0.200073880018593, "com_1_tau2": 0.8611964762340916, "com_20_tau1": 0.6816316504128983, "com_20_tau2": 0.7010615765060106, "com_21_tau1": 0.5251010877599129, "com_21_tau2": 0.3323642335033991, "com_22_tau1": 0.745955374654632, "com_22_tau2": 0.6667841276013651, "com_2_tau1": -0.014785497485478194, "com_2_tau2": 0.5986478360204572, "com_3_tau1": 0.23389899178186693, "com_3_tau2": 0.5645272991886849, "com_4_tau1": 0.6755488990787756, "com_4_tau2": 0.8705063584669351, "com_5_tau1": 0.9543998952248874, "com_5_tau2": 0.5673651333082215, "com_6_tau1": 0.863481633888399, "com_6_tau2": 0.0508925252737545, "com_7_tau1": 0.8459717344011316, "com_7_tau2": 0.4827103736640823, "com_8_tau1": 0.36903774133004674, "com_8_tau2": 0.13501083026204486, "com_9_tau1": 0.4512307224224397, "com_9_tau2": 0.1711635024026055}, "datetime": {"datetime": "2024-08-22 05:19:15", "elapsed": 11959.479255, "delta": 110.151669}}
{"target": 0.8615339667702551, "params": {"com_0_tau1": 1.0112156784002388, "com_0_tau2": 0.3883160653494266, "com_10_tau1": -0.04413101330264346, "com_10_tau2": 0.4726984454343768, "com_11_tau1": 0.19833871208664217, "com_11_tau2": 0.1663673400482046, "com_12_tau1": 0.23010355856336345, "com_12_tau2": 0.02945260106899067, "com_13_tau1": 0.27012716182273916, "com_13_tau2": 1.1112976038755615, "com_14_tau1": 0.4075068480792776, "com_14_tau2": 0.3264033319889863, "com_15_tau1": 0.3296956811401502, "com_15_tau2": 0.923004747761458, "com_16_tau1": 0.335031328577178, "com_16_tau2": 0.1278595196059336, "com_17_tau1": 0.4695607490288731, "com_17_tau2": 0.6571296765806406, "com_18_tau1": 0.021073801859362307, "com_18_tau2": 0.9034399906453395, "com_19_tau1": 0.9231142946796344, "com_19_tau2": 0.7392306428847655, "com_1_tau1": -0.1754510774701169, "com_1_tau2": 0.6731274567311499, "com_20_tau1": 0.9903712808053531, "com_20_tau2": 0.9852268643070634, "com_21_tau1": 0.45564455863135045, "com_21_tau2": 0.4218187752523281, "com_22_tau1": 0.6290945416389739, "com_22_tau2": 1.0622855285066692, "com_2_tau1": 0.08825742690017857, "com_2_tau2": 0.49883770929652244, "com_3_tau1": 0.1895417200213195, "com_3_tau2": 0.5256149414401354, "com_4_tau1": 0.6159154382202714, "com_4_tau2": 0.6148008178028642, "com_5_tau1": 0.8882178613634808, "com_5_tau2": 0.31122002062880727, "com_6_tau1": 0.7961366567107184, "com_6_tau2": 0.1283876038895323, "com_7_tau1": 1.1077006490218326, "com_7_tau2": 0.21285669554433506, "com_8_tau1": 0.16272495724884783, "com_8_tau2": 0.33731723033517197, "com_9_tau1": 0.5595674858482826, "com_9_tau2": 0.253608086536256}, "datetime": {"datetime": "2024-08-22 05:21:14", "elapsed": 12079.110116, "delta": 119.630861}}
{"target": 0.8478417132703744, "params": {"com_0_tau1": 0.8020553080640371, "com_0_tau2": 0.03460651445829427, "com_10_tau1": 0.35963381117231646, "com_10_tau2": 0.45399204610914295, "com_11_tau1": -0.14549166719020384, "com_11_tau2": 0.13647004672603014, "com_12_tau1": 0.2011624329748518, "com_12_tau2": 0.2993053800035711, "com_13_tau1": 0.08275369118104187, "com_13_tau2": 1.0427005902477022, "com_14_tau1": 0.3560048450947325, "com_14_tau2": 0.07439245166428898, "com_15_tau1": 0.06640673948243242, "com_15_tau2": 0.952156726879339, "com_16_tau1": 0.5469576088559218, "com_16_tau2": 0.4428268308498965, "com_17_tau1": 0.07986835625618116, "com_17_tau2": 0.5029380481995771, "com_18_tau1": 0.08231969858341048, "com_18_tau2": 1.0446503052496732, "com_19_tau1": 1.0911255402962259, "com_19_tau2": 1.0181393879811869, "com_1_tau1": 0.18679385922426447, "com_1_tau2": 0.9771774910921663, "com_20_tau1": 0.9255646816110252, "com_20_tau2": 0.9227269295048921, "com_21_tau1": 0.44948538631039586, "com_21_tau2": 0.44478550578465914, "com_22_tau1": 0.7949576649539705, "com_22_tau2": 1.0538542588023654, "com_2_tau1": -0.15478141072810248, "com_2_tau2": 0.2496275923427686, "com_3_tau1": 0.541437163908455, "com_3_tau2": 0.5966280908703872, "com_4_tau1": 0.7992914248374018, "com_4_tau2": 0.7695814112263247, "com_5_tau1": 0.7806740835911905, "com_5_tau2": 0.20191308523581553, "com_6_tau1": 0.5188052914379165, "com_6_tau2": -0.11024700894708371, "com_7_tau1": 0.8235011070276381, "com_7_tau2": 0.3369046561645217, "com_8_tau1": 0.0019968718874362607, "com_8_tau2": 0.033759714677782715, "com_9_tau1": 0.5132384131512107, "com_9_tau2": 0.1960803681221317}, "datetime": {"datetime": "2024-08-22 05:23:16", "elapsed": 12200.945856, "delta": 121.83574}}
{"target": 0.8211351412578346, "params": {"com_0_tau1": 0.8247328333943847, "com_0_tau2": 0.22286221707102274, "com_10_tau1": 0.2432725600413389, "com_10_tau2": 0.1507300987910385, "com_11_tau1": -0.07438119507934529, "com_11_tau2": 0.3011272047319094, "com_12_tau1": 0.10030942946977996, "com_12_tau2": 0.18459818303054298, "com_13_tau1": 0.198837944502611, "com_13_tau2": 0.7426782980417697, "com_14_tau1": 0.3605691995919846, "com_14_tau2": 0.10822067579947664, "com_15_tau1": -0.12603888152141535, "com_15_tau2": 1.086183574681233, "com_16_tau1": 0.5366495814789791, "com_16_tau2": 0.500410584896098, "com_17_tau1": 0.5183330202292712, "com_17_tau2": 0.6713765203601338, "com_18_tau1": 0.24222833636128271, "com_18_tau2": 1.0087351416148993, "com_19_tau1": 0.9538472680357379, "com_19_tau2": 0.8066018200342197, "com_1_tau1": -0.01550101938234924, "com_1_tau2": 1.0512182282388365, "com_20_tau1": 0.9714876034277361, "com_20_tau2": 1.0464143904695702, "com_21_tau1": 0.39935773137998104, "com_21_tau2": 0.35026481335713083, "com_22_tau1": 0.7429448999781307, "com_22_tau2": 0.9896984400857576, "com_2_tau1": 0.22795630392556612, "com_2_tau2": 0.6410561932572629, "com_3_tau1": 0.25958222365163847, "com_3_tau2": 0.5832283165057226, "com_4_tau1": 0.5297315802756808, "com_4_tau2": 0.5648972850510476, "com_5_tau1": 0.7611447007745711, "com_5_tau2": 0.6273995204478171, "com_6_tau1": 0.8456336638151761, "com_6_tau2": -0.03447942470732275, "com_7_tau1": 0.674367627649561, "com_7_tau2": 0.5023064320488515, "com_8_tau1": 0.06156710179191986, "com_8_tau2": 0.2013561794659262, "com_9_tau1": 0.4731888684799395, "com_9_tau2": 0.0630840265499733}, "datetime": {"datetime": "2024-08-22 05:25:27", "elapsed": 12332.120067, "delta": 131.174211}}
{"target": 0.8657585867369734, "params": {"com_0_tau1": 0.7778311290099709, "com_0_tau2": 0.23415277236876333, "com_10_tau1": 0.1407448865748852, "com_10_tau2": 0.5952174755928408, "com_11_tau1": 0.022241146932223954, "com_11_tau2": 0.249384583631945, "com_12_tau1": 0.21215525066207624, "com_12_tau2": 0.1919599786138798, "com_13_tau1": 0.43822075314405623, "com_13_tau2": 1.1028717113955686, "com_14_tau1": 0.7427739462342204, "com_14_tau2": 0.15505842865342612, "com_15_tau1": -0.06712778149951854, "com_15_tau2": 1.0188200099431062, "com_16_tau1": 0.6087829646250917, "com_16_tau2": 0.0720208881031646, "com_17_tau1": 0.09884098682824455, "com_17_tau2": 0.5184914750873302, "com_18_tau1": 0.30505721080259546, "com_18_tau2": 0.9031256813135649, "com_19_tau1": 0.7486365386458973, "com_19_tau2": 1.0708825036260832, "com_1_tau1": -0.1342543777782357, "com_1_tau2": 0.8069596017319793, "com_20_tau1": 0.9544410909918812, "com_20_tau2": 0.8550966866770993, "com_21_tau1": 0.26349979828722053, "com_21_tau2": 0.35846824744342975, "com_22_tau1": 0.8218429999060236, "com_22_tau2": 0.8976836467774159, "com_2_tau1": 0.10991595582786379, "com_2_tau2": 0.384319446795396, "com_3_tau1": 0.5035545598279164, "com_3_tau2": 0.9392799262919409, "com_4_tau1": 0.7350457730710975, "com_4_tau2": 0.9335362140501167, "com_5_tau1": 0.941373998113666, "com_5_tau2": 0.5376356665881201, "com_6_tau1": 0.6024107535018145, "com_6_tau2": 0.14642812041571723, "com_7_tau1": 1.0884126007955057, "com_7_tau2": 0.2874546463493383, "com_8_tau1": 0.0664423292077686, "com_8_tau2": -0.14539816386196613, "com_9_tau1": 0.5031574977075008, "com_9_tau2": 0.005573527991621641}, "datetime": {"datetime": "2024-08-22 05:27:24", "elapsed": 12448.174126, "delta": 116.054059}}
{"target": 0.8495129791315976, "params": {"com_0_tau1": 0.922144501780751, "com_0_tau2": 0.34426955217583666, "com_10_tau1": 0.18981840244242942, "com_10_tau2": 0.18117153641203315, "com_11_tau1": -0.14161127157519926, "com_11_tau2": 0.38422333365946637, "com_12_tau1": 0.024092909481360336, "com_12_tau2": 0.14561431971914907, "com_13_tau1": 0.3624975887907154, "com_13_tau2": 0.9393075763202151, "com_14_tau1": 0.3677285889626955, "com_14_tau2": -0.06516120356216226, "com_15_tau1": -0.1342611989066888, "com_15_tau2": 1.1069304280681047, "com_16_tau1": 0.5150131686905921, "com_16_tau2": 0.21815469533528295, "com_17_tau1": 0.07849379198720374, "com_17_tau2": 0.4170321993178465, "com_18_tau1": 0.5115480859350606, "com_18_tau2": 0.9817637647339589, "com_19_tau1": 0.7741951565902302, "com_19_tau2": 1.118789540624453, "com_1_tau1": -0.022103643351276347, "com_1_tau2": 0.6904532919551664, "com_20_tau1": 0.6574524890216547, "com_20_tau2": 0.9946656466030901, "com_21_tau1": 0.49284390191642263, "com_21_tau2": 0.42827866127470476, "com_22_tau1": 0.7912848361071179, "com_22_tau2": 0.9012959639533749, "com_2_tau1": -0.1759268098561235, "com_2_tau2": 0.45620440715856, "com_3_tau1": 0.5507842303172509, "com_3_tau2": 0.7165151263732736, "com_4_tau1": 0.591760137202582, "com_4_tau2": 0.7360087585312829, "com_5_tau1": 0.9532242279088056, "com_5_tau2": 0.599077184304736, "com_6_tau1": 0.9177643129593906, "com_6_tau2": 0.20343074704086528, "com_7_tau1": 0.7293242098444657, "com_7_tau2": 0.32420864026344326, "com_8_tau1": 0.2991635047799636, "com_8_tau2": 0.30019285101601983, "com_9_tau1": 0.5115601590555695, "com_9_tau2": 0.17693808655503815}, "datetime": {"datetime": "2024-08-22 05:29:27", "elapsed": 12571.393854, "delta": 123.219728}}
