{"target": 0.9602719636076239, "params": {"com_0_tau1": 0.2752099963588893, "com_0_tau2": 0.7894711715792315, "com_10_tau1": 0.05041272700965371, "com_10_tau2": 0.51916791093307, "com_11_tau1": 0.5173674102667509, "com_11_tau2": 0.5367880268131217, "com_12_tau1": 0.39183219650733037, "com_12_tau2": 0.9813621401086928, "com_13_tau1": 0.5960595150411644, "com_13_tau2": 0.18114573840352566, "com_14_tau1": 0.423019727872486, "com_14_tau2": 0.21576090905595535, "com_1_tau1": 0.5192909329407103, "com_1_tau2": 0.012117215378942947, "com_2_tau1": 0.62088453386424, "com_2_tau2": 0.4741224415611941, "com_3_tau1": 0.26366410999873524, "com_3_tau2": 0.5804732301637944, "com_4_tau1": 0.18637874699164225, "com_4_tau2": 0.03714731187804765, "com_5_tau1": 0.9092418048199921, "com_5_tau2": 0.9979463569794972, "com_6_tau1": 0.2354235996847529, "com_6_tau2": 0.5955697556517049, "com_7_tau1": 0.2956603671111331, "com_7_tau2": 0.7597835242267545, "com_8_tau1": 0.21866283601661785, "com_8_tau2": 0.06850193679382521, "com_9_tau1": 0.6238449964372197, "com_9_tau2": 0.3783875473230288}, "datetime": {"datetime": "2024-04-23 05:16:47", "elapsed": 16715.128084, "delta": 198.3268}}
{"target": 0.9529500013302972, "params": {"com_0_tau1": 0.7662729674917279, "com_0_tau2": 0.8427456793662563, "com_10_tau1": 0.42205998268287004, "com_10_tau2": 0.337607888631685, "com_11_tau1": 0.14520587635796622, "com_11_tau2": 0.6802777089499188, "com_12_tau1": 0.3500361627056757, "com_12_tau2": 0.006459029667610694, "com_13_tau1": 0.2523673447531988, "com_13_tau2": 0.1514065703698787, "com_14_tau1": 0.427834341584419, "com_14_tau2": 0.30272661794980127, "com_1_tau1": 0.9497737553889287, "com_1_tau2": 0.4105748502005181, "com_2_tau1": 0.05956027813675935, "com_2_tau2": 0.1652035874534794, "com_3_tau1": 0.9589788732106147, "com_3_tau2": 0.46459719138084354, "com_4_tau1": 0.5608487715870184, "com_4_tau2": 0.9670983410230763, "com_5_tau1": 0.46748274524488265, "com_5_tau2": 0.8619014763699312, "com_6_tau1": 0.09462249354097507, "com_6_tau2": 0.0011774794349020956, "com_7_tau1": 0.8959491501933784, "com_7_tau2": 0.3110752738771544, "com_8_tau1": 0.5048847547652379, "com_8_tau2": 0.32836170028964395, "com_9_tau1": 0.6920684770251477, "com_9_tau2": 0.9091563025320751}, "datetime": {"datetime": "2024-04-23 05:20:09", "elapsed": 16917.599293, "delta": 202.471209}}
{"target": 0.9617657276086655, "params": {"com_0_tau1": 0.5083271882826326, "com_0_tau2": 0.8471008220825667, "com_10_tau1": 0.6151697916210632, "com_10_tau2": 0.8288777247886089, "com_11_tau1": 0.4524735513322008, "com_11_tau2": 0.4511469871136975, "com_12_tau1": 0.9135376918114713, "com_12_tau2": 0.19179560592672373, "com_13_tau1": 0.8165947423437724, "com_13_tau2": 0.48899526935488147, "com_14_tau1": 0.12106564950266807, "com_14_tau2": 0.17619773196284816, "com_1_tau1": 0.13184579060354762, "com_1_tau2": 0.1818277427383712, "com_2_tau1": 0.7722505339236538, "com_2_tau2": 0.10554708946005553, "com_3_tau1": 0.34459493183564405, "com_3_tau2": 0.6359074930748695, "com_4_tau1": 0.9118445799231154, "com_4_tau2": 0.7681535002679699, "com_5_tau1": 0.5373294230455656, "com_5_tau2": 0.9243320437154273, "com_6_tau1": 0.006678256470859512, "com_6_tau2": 0.8672528200416836, "com_7_tau1": 0.29900317050498004, "com_7_tau2": 0.2510880962556221, "com_8_tau1": 0.30473080316453605, "com_8_tau2": 0.6714190935722822, "com_9_tau1": 0.6274377724205794, "com_9_tau2": 0.5017830625864584}, "datetime": {"datetime": "2024-04-23 05:23:26", "elapsed": 17114.412451, "delta": 196.813158}}
{"target": 0.9817058561888128, "params": {"com_0_tau1": 0.15482942960584745, "com_0_tau2": 0.8951040992403204, "com_10_tau1": 0.5015854646989857, "com_10_tau2": 0.2478828227414166, "com_11_tau1": 0.48964265775671245, "com_11_tau2": 0.36045905427946723, "com_12_tau1": 0.2560411168794956, "com_12_tau2": 0.762700217651748, "com_13_tau1": 0.13121475499508617, "com_13_tau2": 0.450464593992556, "com_14_tau1": 0.601949354297873, "com_14_tau2": 0.24003132966018603, "com_1_tau1": 0.05678025588318525, "com_1_tau2": 0.45301501036150527, "com_2_tau1": 0.5539421213094677, "com_2_tau2": 0.9760033492958384, "com_3_tau1": 0.21907953883362208, "com_3_tau2": 0.48945151842032353, "com_4_tau1": 0.8708816578304572, "com_4_tau2": 0.6858105190469944, "com_5_tau1": 0.17906082529465162, "com_5_tau2": 0.6294878945651091, "com_6_tau1": 0.7557652618493907, "com_6_tau2": 0.786939022928792, "com_7_tau1": 0.8947626844741332, "com_7_tau2": 0.44398041466502514, "com_8_tau1": 0.5173202110587464, "com_8_tau2": 0.6062877182964967, "com_9_tau1": 0.20910381267338596, "com_9_tau2": 0.2618109912555967}, "datetime": {"datetime": "2024-04-23 05:26:29", "elapsed": 17298.002637, "delta": 183.590186}}
{"target": 0.9794445391047462, "params": {"com_0_tau1": 0.7819361845832226, "com_0_tau2": 0.37917721548794847, "com_10_tau1": 0.7602756605302905, "com_10_tau2": 0.10223349381344682, "com_11_tau1": 0.2798860391977448, "com_11_tau2": 0.564638345431051, "com_12_tau1": 0.9435451589769223, "com_12_tau2": 0.7704283308537383, "com_13_tau1": 0.6525059514211462, "com_13_tau2": 0.01810445818039519, "com_14_tau1": 0.027758214760792543, "com_14_tau2": 0.4712413209861045, "com_1_tau1": 0.9832356292903807, "com_1_tau2": 0.4111402731011976, "com_2_tau1": 0.5404249621997835, "com_2_tau2": 0.15470957867187607, "com_3_tau1": 0.6080517591975706, "com_3_tau2": 0.46928775567528747, "com_4_tau1": 0.47387374462061627, "com_4_tau2": 0.25153937437371043, "com_5_tau1": 0.9896647949813637, "com_5_tau2": 0.2655359870133709, "com_6_tau1": 0.7876726844896194, "com_6_tau2": 0.23334930731337855, "com_7_tau1": 0.3662387382466954, "com_7_tau2": 0.8770891962470859, "com_8_tau1": 0.5729914950826532, "com_8_tau2": 0.6477145108356931, "com_9_tau1": 0.16249602166219212, "com_9_tau2": 0.737638283184677}, "datetime": {"datetime": "2024-04-23 05:29:36", "elapsed": 17484.319082, "delta": 186.316445}}
{"target": 0.9764167082751797, "params": {"com_0_tau1": 0.8497611081835487, "com_0_tau2": 0.9877816135055528, "com_10_tau1": 0.23301432423690815, "com_10_tau2": 0.9690557027412838, "com_11_tau1": 0.6225894944705598, "com_11_tau2": 0.8776236031966441, "com_12_tau1": 0.16912127116489573, "com_12_tau2": 0.07307515571593348, "com_13_tau1": 0.23796253714444326, "com_13_tau2": 0.19331221094030282, "com_14_tau1": 0.27427453027740656, "com_14_tau2": 0.77215024609239, "com_1_tau1": 0.1961599951333628, "com_1_tau2": 0.28836085285496993, "com_2_tau1": 0.9747700216167839, "com_2_tau2": 0.5603316646566521, "com_3_tau1": 0.009350094848851853, "com_3_tau2": 0.5543336361447104, "com_4_tau1": 0.38752384724958644, "com_4_tau2": 0.6881514430142063, "com_5_tau1": 0.5991128080938084, "com_5_tau2": 0.20430617452899802, "com_6_tau1": 0.9569176668166857, "com_6_tau2": 0.22569128598722477, "com_7_tau1": 0.20388304662293266, "com_7_tau2": 0.3029608170277781, "com_8_tau1": 0.985935867511082, "com_8_tau2": 0.9228787279247249, "com_9_tau1": 0.7648159388725837, "com_9_tau2": 0.5544047233205964}, "datetime": {"datetime": "2024-04-23 05:32:46", "elapsed": 17674.313864, "delta": 189.994782}}
{"target": 0.942955425126998, "params": {"com_0_tau1": 0.3697329947209306, "com_0_tau2": 0.30222346218910023, "com_10_tau1": 0.6121412570185621, "com_10_tau2": 0.6765207019912063, "com_11_tau1": 0.728217233121658, "com_11_tau2": 0.7826857528652758, "com_12_tau1": 0.5144058883986691, "com_12_tau2": 0.018752595148074924, "com_13_tau1": 0.39247154587069943, "com_13_tau2": 0.2090728038891485, "com_14_tau1": 0.5903517457351943, "com_14_tau2": 0.007936416152416137, "com_1_tau1": 0.2382668414427438, "com_1_tau2": 0.8425184112542949, "com_2_tau1": 0.17063562820244393, "com_2_tau2": 0.23087871301452756, "com_3_tau1": 0.19487645038329338, "com_3_tau2": 0.18618420553653625, "com_4_tau1": 0.046053145934378814, "com_4_tau2": 0.4128221566260538, "com_5_tau1": 0.6263137080466671, "com_5_tau2": 0.31079324755290316, "com_6_tau1": 0.48713786861016395, "com_6_tau2": 0.7110851832631266, "com_7_tau1": 0.24090465500815272, "com_7_tau2": 0.8580720808129091, "com_8_tau1": 0.637986820413104, "com_8_tau2": 0.7493480777985749, "com_9_tau1": 0.9674904995403505, "com_9_tau2": 0.11969140592523597}, "datetime": {"datetime": "2024-04-23 05:36:15", "elapsed": 17883.81612, "delta": 209.502256}}
{"target": 0.9942072192813146, "params": {"com_0_tau1": 0.04039939807004134, "com_0_tau2": 0.8274740813401265, "com_10_tau1": 0.4230151157236838, "com_10_tau2": 0.10305031804877485, "com_11_tau1": 0.8412983893855777, "com_11_tau2": 0.39979811749911376, "com_12_tau1": 0.7518223736198557, "com_12_tau2": 0.5875295246291613, "com_13_tau1": 0.6095045399290953, "com_13_tau2": 0.5963204721429759, "com_14_tau1": 0.9651755285257673, "com_14_tau2": 0.8419351282163128, "com_1_tau1": 0.9973978135978385, "com_1_tau2": 0.8470342619627341, "com_2_tau1": 0.3803087040820986, "com_2_tau2": 0.4557308463400346, "com_3_tau1": 0.558633837189313, "com_3_tau2": 0.6043363810459387, "com_4_tau1": 0.3052028738682926, "com_4_tau2": 0.23741583527798404, "com_5_tau1": 0.7060757658643138, "com_5_tau2": 0.2959337476948347, "com_6_tau1": 0.4728589577705633, "com_6_tau2": 0.08321233029315578, "com_7_tau1": 0.4219041293269702, "com_7_tau2": 0.9770985717401618, "com_8_tau1": 0.8503678446272522, "com_8_tau2": 0.9684984861492166, "com_9_tau1": 0.6852441281935487, "com_9_tau2": 0.6373436022641829}, "datetime": {"datetime": "2024-04-23 05:39:14", "elapsed": 18062.327131, "delta": 178.511011}}
{"target": 0.9930869173908577, "params": {"com_0_tau1": 0.7827269951949352, "com_0_tau2": 0.21900586310753833, "com_10_tau1": 0.3861556803135331, "com_10_tau2": 0.28115963000952726, "com_11_tau1": 0.5816473624318287, "com_11_tau2": 0.5963292933892705, "com_12_tau1": 0.871398417747431, "com_12_tau2": 0.36881178421368255, "com_13_tau1": 0.41866403090263304, "com_13_tau2": 0.9771145176158772, "com_14_tau1": 0.5546183795609597, "com_14_tau2": 0.5782602948065299, "com_1_tau1": 0.17727008539314726, "com_1_tau2": 0.8201436397587332, "com_2_tau1": 0.12695359267618067, "com_2_tau2": 0.7066109228815359, "com_3_tau1": 0.9720775021993767, "com_3_tau2": 0.31676214503416034, "com_4_tau1": 0.9870477297884536, "com_4_tau2": 0.9336947784729177, "com_5_tau1": 0.29781240591250746, "com_5_tau2": 0.5805718743124365, "com_6_tau1": 0.45067290416091665, "com_6_tau2": 0.5052308488520084, "com_7_tau1": 0.5610901678617959, "com_7_tau2": 0.6025695384166506, "com_8_tau1": 0.41671866697057347, "com_8_tau2": 0.5880147733377981, "com_9_tau1": 0.4361239613721509, "com_9_tau2": 0.22687726116803764}, "datetime": {"datetime": "2024-04-23 05:42:12", "elapsed": 18240.411957, "delta": 178.084826}}
{"target": 0.9775897389602193, "params": {"com_0_tau1": 0.19713345308165753, "com_0_tau2": 0.5757784627700875, "com_10_tau1": 0.3815426540374378, "com_10_tau2": 0.733330077181017, "com_11_tau1": 0.05831570732399283, "com_11_tau2": 0.1779800900907591, "com_12_tau1": 0.5043625627623162, "com_12_tau2": 0.20846295228867784, "com_13_tau1": 0.422045948843248, "com_13_tau2": 0.4919173824696177, "com_14_tau1": 0.9681716234220423, "com_14_tau2": 0.2787686165360336, "com_1_tau1": 0.6221736775072397, "com_1_tau2": 0.3506909234378326, "com_2_tau1": 0.39010537079842655, "com_2_tau2": 0.08075403610248255, "com_3_tau1": 0.45303018090172575, "com_3_tau2": 0.16159334061773312, "com_4_tau1": 0.0778706321219017, "com_4_tau2": 0.45060317366964353, "com_5_tau1": 0.8321763957235512, "com_5_tau2": 0.6203210811482242, "com_6_tau1": 0.14811577042311208, "com_6_tau2": 0.8552391353376503, "com_7_tau1": 0.7825351463598175, "com_7_tau2": 0.06086074493342908, "com_8_tau1": 0.014847274672866173, "com_8_tau2": 0.38311526928009154, "com_9_tau1": 0.5534122841022839, "com_9_tau2": 0.831964536111058}, "datetime": {"datetime": "2024-04-23 05:45:21", "elapsed": 18429.970554, "delta": 189.558597}}
{"target": 0.9963913891405993, "params": {"com_0_tau1": 0.6499343064914741, "com_0_tau2": 0.6588919445175537, "com_10_tau1": 0.9131459425830414, "com_10_tau2": 0.709950046510062, "com_11_tau1": 0.5131615690477329, "com_11_tau2": 0.4817202379228555, "com_12_tau1": 0.41214547845510713, "com_12_tau2": 0.7368935622920024, "com_13_tau1": 0.5154227340065876, "com_13_tau2": 1.0, "com_14_tau1": 0.8972291603187795, "com_14_tau2": 1.0, "com_1_tau1": 0.5997177641221157, "com_1_tau2": 0.42222235829619714, "com_2_tau1": 0.48519803757486984, "com_2_tau2": 0.40318922882144165, "com_3_tau1": 0.500468149255495, "com_3_tau2": 0.5963988487686607, "com_4_tau1": 0.5537723073816205, "com_4_tau2": 0.6744618386039196, "com_5_tau1": 0.3885206792090686, "com_5_tau2": 0.611673158956113, "com_6_tau1": 0.6670939306638383, "com_6_tau2": 0.41933189843739876, "com_7_tau1": 0.8084936096626939, "com_7_tau2": 0.847970039181182, "com_8_tau1": 0.5052210307311571, "com_8_tau2": 0.7244936849493858, "com_9_tau1": 0.40620465100025344, "com_9_tau2": 0.5656155695718252}, "datetime": {"datetime": "2024-04-23 05:48:22", "elapsed": 18610.409249, "delta": 180.438695}}
{"target": 0.9960680847632617, "params": {"com_0_tau1": 0.5288585068726597, "com_0_tau2": 0.6787196241029829, "com_10_tau1": 0.5333542869129089, "com_10_tau2": 0.5404616485334394, "com_11_tau1": 0.9123751736054647, "com_11_tau2": 0.5742983360343064, "com_12_tau1": 0.1817786176391647, "com_12_tau2": 0.7201110314764256, "com_13_tau1": 0.4309728492676798, "com_13_tau2": 1.0, "com_14_tau1": 0.8800069544264123, "com_14_tau2": 1.058789852596437, "com_1_tau1": 0.17861589438894718, "com_1_tau2": 0.8840397325449224, "com_2_tau1": 0.6933926434006186, "com_2_tau2": 0.4541570592853529, "com_3_tau1": 0.6017428323272088, "com_3_tau2": 0.5225460107523991, "com_4_tau1": 0.6943816386445603, "com_4_tau2": 1.0, "com_5_tau1": 0.11384034979482954, "com_5_tau2": 0.6034482327212201, "com_6_tau1": 0.30075308048378424, "com_6_tau2": 0.4953617260166315, "com_7_tau1": 0.40400311453073723, "com_7_tau2": 0.38470550444093715, "com_8_tau1": 0.3423392469455382, "com_8_tau2": 0.1593843762946195, "com_9_tau1": 0.48102252398388806, "com_9_tau2": 0.30367898244909586}, "datetime": {"datetime": "2024-04-23 05:51:24", "elapsed": 18792.493632, "delta": 182.084383}}
{"target": 0.9921449146212272, "params": {"com_0_tau1": 0.7676475434407258, "com_0_tau2": 0.6392971497024925, "com_10_tau1": 0.5524811712609426, "com_10_tau2": 0.8184042861854554, "com_11_tau1": 0.6659084139334763, "com_11_tau2": 0.7611676815988198, "com_12_tau1": 0.5151894082667707, "com_12_tau2": 0.6804914551360617, "com_13_tau1": 0.7998340780136861, "com_13_tau2": 1.0, "com_14_tau1": 0.4623831822387387, "com_14_tau2": 1.0777956152031205, "com_1_tau1": 0.6291007483963185, "com_1_tau2": 0.5232669935917318, "com_2_tau1": 0.022917566417572033, "com_2_tau2": 0.6412106058473629, "com_3_tau1": 0.7868601914416768, "com_3_tau2": 1.0417243630821496, "com_4_tau1": 0.49354944298208364, "com_4_tau2": 0.9552259632448485, "com_5_tau1": 0.1430839159121451, "com_5_tau2": 0.45527054738489403, "com_6_tau1": 0.7010894102413446, "com_6_tau2": 0.8288292645101888, "com_7_tau1": 0.3573117202915768, "com_7_tau2": 0.4595972050826611, "com_8_tau1": 0.3816614410077023, "com_8_tau2": 0.7189865645718885, "com_9_tau1": 0.46182717863158385, "com_9_tau2": 0.34318527300886204}, "datetime": {"datetime": "2024-04-23 05:54:28", "elapsed": 18976.169915, "delta": 183.676283}}
{"target": 0.9834211727830147, "params": {"com_0_tau1": 0.6954543376459918, "com_0_tau2": 0.5893518122223447, "com_10_tau1": 0.7480838664524557, "com_10_tau2": 0.5767384240943273, "com_11_tau1": 0.49623022064345024, "com_11_tau2": 0.6239630605241631, "com_12_tau1": -0.009878191721734458, "com_12_tau2": 0.35022794105084215, "com_13_tau1": 0.17032519404789795, "com_13_tau2": 1.0, "com_14_tau1": 0.9195203878242626, "com_14_tau2": 1.094900801549136, "com_1_tau1": 0.5936644293840856, "com_1_tau2": 0.5406069921839205, "com_2_tau1": 0.7053881967094071, "com_2_tau2": 0.513928771517338, "com_3_tau1": 0.493610161855468, "com_3_tau2": 0.5589848801789251, "com_4_tau1": 0.4034763288133918, "com_4_tau2": 0.4853502823845731, "com_5_tau1": 0.7610666230224589, "com_5_tau2": 0.8341879849402521, "com_6_tau1": 0.2752985354700432, "com_6_tau2": 0.7458973883405604, "com_7_tau1": 0.47669658689658934, "com_7_tau2": 0.44233099702249656, "com_8_tau1": 0.8905037302470039, "com_8_tau2": 0.647628142476799, "com_9_tau1": 0.44455136781451005, "com_9_tau2": 0.8973081624169471}, "datetime": {"datetime": "2024-04-23 05:57:35", "elapsed": 19164.054054, "delta": 187.884139}}
{"target": 0.9961702697976623, "params": {"com_0_tau1": 0.3610407782545041, "com_0_tau2": 0.571884718477654, "com_10_tau1": 1.0851881434960804, "com_10_tau2": 0.5922037863071269, "com_11_tau1": 0.6287306913006726, "com_11_tau2": 0.10947666947803125, "com_12_tau1": 0.4743962020086577, "com_12_tau2": 0.6127419795940393, "com_13_tau1": 0.7311081628299377, "com_13_tau2": 0.9381190334894393, "com_14_tau1": 0.46452697976640306, "com_14_tau2": 1.1102954692605496, "com_1_tau1": 0.5617717422730759, "com_1_tau2": 0.7835072589402724, "com_2_tau1": 0.3286101596727473, "com_2_tau2": 0.5296386114744305, "com_3_tau1": 0.5125815724435847, "com_3_tau2": 0.574519345566023, "com_4_tau1": 0.5873446184506232, "com_4_tau2": 0.8036006364120974, "com_5_tau1": 0.8022378059111459, "com_5_tau2": 0.47636911388748127, "com_6_tau1": 0.8527980952836213, "com_6_tau2": 0.5499750766333036, "com_7_tau1": 0.3309192178913329, "com_7_tau2": 0.4267914097683484, "com_8_tau1": 0.44890239285400285, "com_8_tau2": 0.35273406777951205, "com_9_tau1": 0.4290031380791436, "com_9_tau2": 0.41074102986606226}, "datetime": {"datetime": "2024-04-23 06:00:34", "elapsed": 19342.504187, "delta": 178.450133}}
{"target": 0.9917502234875739, "params": {"com_0_tau1": 0.9115633513665543, "com_0_tau2": 0.19848320731643043, "com_10_tau1": 0.7284955707557207, "com_10_tau2": 1.1061226122986465, "com_11_tau1": 0.47522455423770477, "com_11_tau2": 0.13864074239614388, "com_12_tau1": 0.4602431563660106, "com_12_tau2": 0.583859308441914, "com_13_tau1": 0.17913340679019016, "com_13_tau2": 0.8612210718642304, "com_14_tau1": 0.703273502870282, "com_14_tau2": 1.124150670200822, "com_1_tau1": 0.3873267788638307, "com_1_tau2": 0.5702583897765632, "com_2_tau1": 0.6439658399831418, "com_2_tau2": 0.5437774674358138, "com_3_tau1": 1.0267804148078503, "com_3_tau2": 0.5885003644144111, "com_4_tau1": 0.5585512650479001, "com_4_tau2": 0.6260053427869592, "com_5_tau1": 0.2417749127020507, "com_5_tau2": 0.5024691990296493, "com_6_tau1": 0.7805322841574636, "com_6_tau2": 0.5640424130660033, "com_7_tau1": 0.25431639881305135, "com_7_tau2": 0.4128057812396151, "com_8_tau1": 0.4775682723253205, "com_8_tau2": 0.5422663081020566, "com_9_tau1": -0.08499026868268617, "com_9_tau2": 0.43954111568413184}, "datetime": {"datetime": "2024-04-23 06:03:38", "elapsed": 19526.840496, "delta": 184.336309}}
{"target": 0.993469682669295, "params": {"com_0_tau1": 0.40078950094505683, "com_0_tau2": 0.534494880098079, "com_10_tau1": 1.1116807910065418, "com_10_tau2": 0.6186495556910141, "com_11_tau1": 0.9832919130307316, "com_11_tau2": 0.6511173986591576, "com_12_tau1": 0.4475054152876282, "com_12_tau2": 0.5739152680727863, "com_13_tau1": 0.6881187349413264, "com_13_tau2": 0.62231627286017, "com_14_tau1": 0.7747179728978718, "com_14_tau2": 1.1366203510470672, "com_1_tau1": 0.02473755827398902, "com_1_tau2": 0.6209182360738695, "com_2_tau1": 0.132112634992222, "com_2_tau2": 0.5565024378010587, "com_3_tau1": 0.5395593729356895, "com_3_tau2": 0.6010832813779604, "com_4_tau1": 0.5494110844233907, "com_4_tau2": 1.035472997019143, "com_5_tau1": 0.2572573358010958, "com_5_tau2": 1.0120619556056552, "com_6_tau1": 0.41194653230026873, "com_6_tau2": 0.576703015855433, "com_7_tau1": 0.3483925758616273, "com_7_tau2": 0.40021871556375516, "com_8_tau1": 0.48556118756717925, "com_8_tau2": 0.6107526933702282, "com_9_tau1": 0.40241566523166705, "com_9_tau2": 0.948741888046758}, "datetime": {"datetime": "2024-04-23 06:06:43", "elapsed": 19712.05944, "delta": 185.218944}}
{"target": 0.9791910718311974, "params": {"com_0_tau1": 0.40078950094505683, "com_0_tau2": 0.534494880098079, "com_10_tau1": 1.1229750249452124, "com_10_tau2": 0.6299238047441451, "com_11_tau1": 0.9689676928487857, "com_11_tau2": 0.6511173986591576, "com_12_tau1": -0.06395855168291589, "com_12_tau2": 0.5739152680727863, "com_13_tau1": 0.43945733957036887, "com_13_tau2": 0.4606817202943916, "com_14_tau1": 0.42135660619211524, "com_14_tau2": 1.1478430638086876, "com_1_tau1": 0.524737558273989, "com_1_tau2": 0.6474777722268759, "com_2_tau1": 0.632112634992222, "com_2_tau2": 0.5679549111297791, "com_3_tau1": 0.5510604352507447, "com_3_tau2": 0.6124079066451548, "com_4_tau1": 0.5494110844233907, "com_4_tau2": 1.0469857781622345, "com_5_tau1": 0.2572573358010958, "com_5_tau2": 0.5120619556056552, "com_6_tau1": 0.8493258389909113, "com_6_tau2": 1.0880975583659198, "com_7_tau1": 0.42279593458763565, "com_7_tau2": 0.3888903564554812, "com_8_tau1": 0.48556118756717925, "com_8_tau2": 0.3990441029619524, "com_9_tau1": -0.10891899424541507, "com_9_tau2": 0.44874188804675796}, "datetime": {"datetime": "2024-04-23 06:09:56", "elapsed": 19904.793685, "delta": 192.734245}}
