{"target": 0.9288865443574466, "params": {"com_0_tau1": 0.6804490940668017, "com_0_tau2": 0.9228844021751802, "com_10_tau1": 0.571818749386352, "com_10_tau2": 0.2427781252131681, "com_11_tau1": 0.24136899284753138, "com_11_tau2": 0.4902330169101117, "com_12_tau1": 0.5438367809621116, "com_12_tau2": 0.12421235179947014, "com_13_tau1": 0.09050249179416453, "com_13_tau2": 0.40573979710690644, "com_14_tau1": 0.6283415809002314, "com_14_tau2": 0.6321833457873303, "com_15_tau1": 0.2921697407436679, "com_15_tau2": 0.9532250178509861, "com_16_tau1": 0.4547694615059335, "com_16_tau2": 0.7741977655358347, "com_17_tau1": 0.7856948741370786, "com_17_tau2": 0.7856442199920017, "com_1_tau1": 0.07380626282721695, "com_1_tau2": 0.6383913014585071, "com_2_tau1": 0.1576992914690143, "com_2_tau2": 0.676469374504892, "com_3_tau1": 0.18470501173892936, "com_3_tau2": 1.037983003046351, "com_4_tau1": 0.12028158753948685, "com_4_tau2": 0.20067176937861084, "com_5_tau1": 0.17908250921445745, "com_5_tau2": 0.5782948591012695, "com_6_tau1": 0.6755553669007813, "com_6_tau2": 0.765250886823461, "com_7_tau1": 0.5529016943585682, "com_7_tau2": 0.8927512405243669, "com_8_tau1": 0.3314732698745597, "com_8_tau2": 0.999202035893644, "com_9_tau1": 0.48020974862773724, "com_9_tau2": 0.45436977552582675}, "datetime": {"datetime": "2024-12-09 16:24:22", "elapsed": 21186.488242, "delta": 124.897171}}
{"target": 0.925624862312761, "params": {"com_0_tau1": 0.5156284081927762, "com_0_tau2": 0.99109274577328, "com_10_tau1": 0.6351972420233926, "com_10_tau2": 0.46668241412068406, "com_11_tau1": 0.3425773320946536, "com_11_tau2": 0.7874334835539012, "com_12_tau1": 0.3503693426627248, "com_12_tau2": 0.1532565625102913, "com_13_tau1": -0.06967952114791487, "com_13_tau2": 0.3294776344340127, "com_14_tau1": 0.6155818350525544, "com_14_tau2": 0.772301244526555, "com_15_tau1": 0.12681299229735996, "com_15_tau2": 0.787352786547584, "com_16_tau1": 0.42498391037840844, "com_16_tau2": 0.978490853995666, "com_17_tau1": 0.6032822083272649, "com_17_tau2": 0.7934395915638476, "com_1_tau1": 0.09077330035763123, "com_1_tau2": 0.5555122202722569, "com_2_tau1": 0.18662077859463544, "com_2_tau2": 0.44683922833009426, "com_3_tau1": 0.27989304052164843, "com_3_tau2": 0.8944440845405089, "com_4_tau1": 0.13089533781037174, "com_4_tau2": 0.03191016287947941, "com_5_tau1": 0.2762865777751838, "com_5_tau2": 0.6195046947791366, "com_6_tau1": 0.5705089528842411, "com_6_tau2": 0.8665635121366466, "com_7_tau1": 0.6056542051286763, "com_7_tau2": 0.8071384876360017, "com_8_tau1": 0.5066953310651626, "com_8_tau2": 1.0843220409355163, "com_9_tau1": 0.3985918822082424, "com_9_tau2": 0.4407943858246103}, "datetime": {"datetime": "2024-12-09 16:26:29", "elapsed": 21313.313865, "delta": 126.825623}}
{"target": 0.9276942574206593, "params": {"com_0_tau1": 0.49428809940150087, "com_0_tau2": 0.9970281373037462, "com_10_tau1": 0.6609835732224574, "com_10_tau2": 0.3568351325762924, "com_11_tau1": 0.3425773320946536, "com_11_tau2": 0.7746114789545218, "com_12_tau1": 0.562971251133916, "com_12_tau2": 0.04428328207353688, "com_13_tau1": -0.06967952114791487, "com_13_tau2": 0.13638286383063813, "com_14_tau1": 0.702726855461562, "com_14_tau2": 0.7139667075702507, "com_15_tau1": 0.1173751492189995, "com_15_tau2": 0.8730891265895105, "com_16_tau1": 0.48787124884496896, "com_16_tau2": 0.7458929297353375, "com_17_tau1": 0.6032822083272649, "com_17_tau2": 0.8259546571398151, "com_1_tau1": 0.09620234231312251, "com_1_tau2": 0.6235753832976468, "com_2_tau1": 0.24368231332058235, "com_2_tau2": 0.6411722595320799, "com_3_tau1": 0.3223299585766751, "com_3_tau2": 0.9178748507820876, "com_4_tau1": 0.05398227189835348, "com_4_tau2": 0.01070944192450345, "com_5_tau1": 0.2912016144972053, "com_5_tau2": 0.47365993931023104, "com_6_tau1": 0.6484617586299215, "com_6_tau2": 0.8665635121366466, "com_7_tau1": 0.6873712435182788, "com_7_tau2": 0.7559639104363424, "com_8_tau1": 0.3855817209048777, "com_8_tau2": 1.0866105245013566, "com_9_tau1": 0.5835732586802003, "com_9_tau2": 0.5433703165437714}, "datetime": {"datetime": "2024-12-09 16:28:34", "elapsed": 21438.18235, "delta": 124.868485}}
{"target": 0.910772245426568, "params": {"com_0_tau1": 0.684916880135417, "com_0_tau2": 0.710890484283811, "com_10_tau1": 0.48591034989238613, "com_10_tau2": 0.2654437087340433, "com_11_tau1": 0.22747910822840983, "com_11_tau2": 0.35648262928157365, "com_12_tau1": 0.4797741759892944, "com_12_tau2": 0.388206141809449, "com_13_tau1": 0.4199811461173569, "com_13_tau2": 0.22006278209538738, "com_14_tau1": 0.46500361425853765, "com_14_tau2": 0.714217769263884, "com_15_tau1": 0.5967701270189354, "com_15_tau2": 0.5589686393847026, "com_16_tau1": 0.758644597785749, "com_16_tau2": 0.9554981595619255, "com_17_tau1": 0.7557132845111332, "com_17_tau2": 0.7167672333016033, "com_1_tau1": 0.08854239106248807, "com_1_tau2": 0.7883621861911698, "com_2_tau1": 0.14020871414960662, "com_2_tau2": 0.7409932505965279, "com_3_tau1": 0.01505599986560191, "com_3_tau2": 1.0595542681802101, "com_4_tau1": 0.024049219560620616, "com_4_tau2": 0.17517052375418313, "com_5_tau1": -0.2039972950124287, "com_5_tau2": 0.784182319699275, "com_6_tau1": 0.520465857798339, "com_6_tau2": 0.7370621276395628, "com_7_tau1": 0.7111806292894114, "com_7_tau2": 0.906123360418922, "com_8_tau1": 0.5977333637573162, "com_8_tau2": 1.1828809867669952, "com_9_tau1": 0.4792290551426672, "com_9_tau2": 0.6183248341471468}, "datetime": {"datetime": "2024-12-09 16:30:40", "elapsed": 21564.306176, "delta": 126.123826}}
{"target": 0.9299194249062159, "params": {"com_0_tau1": 0.49664089580932186, "com_0_tau2": 0.8699726820416563, "com_10_tau1": 0.5956606501486358, "com_10_tau2": 0.4115831150117012, "com_11_tau1": 0.3425773320946536, "com_11_tau2": 0.6274714480511732, "com_12_tau1": 0.3761113628685851, "com_12_tau2": 0.12308193269947912, "com_13_tau1": -0.009482283970391822, "com_13_tau2": 0.2158684481650987, "com_14_tau1": 0.6555586029875962, "com_14_tau2": 0.7176887010130201, "com_15_tau1": 0.28601300649357553, "com_15_tau2": 0.768165709224517, "com_16_tau1": 0.5061593626780412, "com_16_tau2": 0.8570295127212122, "com_17_tau1": 0.6032822083272649, "com_17_tau2": 0.8758091841321838, "com_1_tau1": 0.06779256728143661, "com_1_tau2": 0.7038011230305373, "com_2_tau1": 0.0878553104797853, "com_2_tau2": 0.7138918720537507, "com_3_tau1": 0.2803357594947737, "com_3_tau2": 1.0581724394814165, "com_4_tau1": 0.05398213656732852, "com_4_tau2": 0.11232150497906351, "com_5_tau1": 0.12816177125060482, "com_5_tau2": 0.5385657842652967, "com_6_tau1": 0.613722325485068, "com_6_tau2": 0.8665635121366466, "com_7_tau1": 0.5549866309707243, "com_7_tau2": 0.8108255034965093, "com_8_tau1": 0.5401166448028173, "com_8_tau2": 1.117813226588278, "com_9_tau1": 0.4517836573607877, "com_9_tau2": 0.568170810740469}, "datetime": {"datetime": "2024-12-09 16:32:42", "elapsed": 21685.912115, "delta": 121.605939}}
{"target": 0.9261925142314803, "params": {"com_0_tau1": 0.4141897630066305, "com_0_tau2": 0.8541475552796609, "com_10_tau1": 0.4530741376529168, "com_10_tau2": 0.13815528171301156, "com_11_tau1": 0.2492060953029835, "com_11_tau2": 0.5339825906771796, "com_12_tau1": 0.5039633859789794, "com_12_tau2": 0.1960899733080167, "com_13_tau1": 0.36376211927286695, "com_13_tau2": 0.28189052304832485, "com_14_tau1": 0.6920749460598674, "com_14_tau2": 0.7434519592097226, "com_15_tau1": 0.48055805232076115, "com_15_tau2": 0.8393035786707679, "com_16_tau1": 0.3684296170636779, "com_16_tau2": 0.840980596312981, "com_17_tau1": 0.9066004837281845, "com_17_tau2": 0.5274726110770945, "com_1_tau1": 0.053577855897838034, "com_1_tau2": 0.9026302464247286, "com_2_tau1": 0.24799145699175978, "com_2_tau2": 0.8183671984069347, "com_3_tau1": -0.11241585099156226, "com_3_tau2": 0.7182568109239413, "com_4_tau1": -0.08984043682985221, "com_4_tau2": -0.011716176772640197, "com_5_tau1": 0.24375856645583205, "com_5_tau2": 0.7651568224990235, "com_6_tau1": 0.9138539114272111, "com_6_tau2": 0.6085883500787286, "com_7_tau1": 0.4038890921544396, "com_7_tau2": 1.0205015804922237, "com_8_tau1": 0.31088810622132373, "com_8_tau2": 1.0471534897312889, "com_9_tau1": 0.3556478497513365, "com_9_tau2": 0.4704408398768705}, "datetime": {"datetime": "2024-12-09 16:34:42", "elapsed": 21806.283698, "delta": 120.371583}}
{"target": 0.9266832679907027, "params": {"com_0_tau1": 0.5564069479072928, "com_0_tau2": 0.6952199479067994, "com_10_tau1": 0.47680258366828054, "com_10_tau2": 0.24889196666631497, "com_11_tau1": 0.07429915819273408, "com_11_tau2": 0.3940474058358778, "com_12_tau1": 0.5620864974965802, "com_12_tau2": 0.3796161573390863, "com_13_tau1": 0.32462491096617185, "com_13_tau2": 0.2811482130136011, "com_14_tau1": 0.5834824597454615, "com_14_tau2": 0.7271353389485371, "com_15_tau1": 0.34496549001689397, "com_15_tau2": 0.7927407455242033, "com_16_tau1": 0.5791346231552243, "com_16_tau2": 0.6708304526252551, "com_17_tau1": 0.8448904807280078, "com_17_tau2": 0.803663966058662, "com_1_tau1": 0.10693815599706818, "com_1_tau2": 0.5800989269323922, "com_2_tau1": 0.4539880134452918, "com_2_tau2": 0.4073052367107091, "com_3_tau1": 0.1886897970155767, "com_3_tau2": 1.1199627976546933, "com_4_tau1": -0.12631400715823649, "com_4_tau2": 0.33952630802411377, "com_5_tau1": 0.09380592809089972, "com_5_tau2": 0.7139948221700633, "com_6_tau1": 0.7572840615700539, "com_6_tau2": 0.5847562355411998, "com_7_tau1": 0.48611164439491206, "com_7_tau2": 1.0087558418135079, "com_8_tau1": 0.46406253071621756, "com_8_tau2": 0.8121169180544805, "com_9_tau1": 0.19732794281830573, "com_9_tau2": 0.5212471189589434}, "datetime": {"datetime": "2024-12-09 16:36:43", "elapsed": 21926.587122, "delta": 120.303424}}
{"target": 0.929177574247274, "params": {"com_0_tau1": 0.5744474126683528, "com_0_tau2": 0.9183736508704117, "com_10_tau1": 0.5337978967169889, "com_10_tau2": 0.31822740687381074, "com_11_tau1": 0.1918510498651363, "com_11_tau2": 0.4395043975059136, "com_12_tau1": 0.4124066473495266, "com_12_tau2": 0.19791368549936386, "com_13_tau1": 0.212415981189448, "com_13_tau2": 0.2724833469893387, "com_14_tau1": 0.767775718540778, "com_14_tau2": 0.6372549863365542, "com_15_tau1": 0.36456174917124473, "com_15_tau2": 0.7987303821156345, "com_16_tau1": 0.4706512463289886, "com_16_tau2": 0.7325762736363585, "com_17_tau1": 0.8464952170937046, "com_17_tau2": 0.7163327938417025, "com_1_tau1": 0.0933769902464368, "com_1_tau2": 0.6683871178677283, "com_2_tau1": 0.22415508139238682, "com_2_tau2": 0.6663320161816745, "com_3_tau1": 0.12586310836313924, "com_3_tau2": 0.9627575491332545, "com_4_tau1": -0.01592449089739276, "com_4_tau2": 0.24800225589175828, "com_5_tau1": 0.07273076095123776, "com_5_tau2": 0.7620064863037757, "com_6_tau1": 0.7529441693440144, "com_6_tau2": 0.6849856478492954, "com_7_tau1": 0.5459313368975082, "com_7_tau2": 1.0042192224063062, "com_8_tau1": 0.412947886918909, "com_8_tau2": 1.0087093052156426, "com_9_tau1": 0.2883617171102738, "com_9_tau2": 0.48020148112299155}, "datetime": {"datetime": "2024-12-09 16:38:44", "elapsed": 22048.12335, "delta": 121.536228}}
{"target": 0.9301001504267237, "params": {"com_0_tau1": 0.39485300370267407, "com_0_tau2": 0.8576158847759405, "com_10_tau1": 0.5811650065035969, "com_10_tau2": 0.2735184306515727, "com_11_tau1": 0.3425773320946536, "com_11_tau2": 0.6526615723511033, "com_12_tau1": 0.3503693426627248, "com_12_tau2": 0.07018539671852458, "com_13_tau1": 0.031158169907694995, "com_13_tau2": 0.19616910869693702, "com_14_tau1": 0.767775718540778, "com_14_tau2": 0.7584574898616857, "com_15_tau1": 0.290053814765785, "com_15_tau2": 0.9355559314244147, "com_16_tau1": 0.38312080534730847, "com_16_tau2": 0.8110197142300208, "com_17_tau1": 0.6032822083272649, "com_17_tau2": 0.7018126823894513, "com_1_tau1": 0.060441104931470785, "com_1_tau2": 0.6734473448580004, "com_2_tau1": 0.11295508622188805, "com_2_tau2": 0.6245333925984331, "com_3_tau1": 0.11164489399664441, "com_3_tau2": 0.8157153448249415, "com_4_tau1": -0.0246900269001369, "com_4_tau2": -0.05216932462136048, "com_5_tau1": 0.2629511816330501, "com_5_tau2": 0.6364914382350322, "com_6_tau1": 0.8073142292221043, "com_6_tau2": 0.8665635121366466, "com_7_tau1": 0.593708790687391, "com_7_tau2": 0.8399345488656851, "com_8_tau1": 0.4463498111202327, "com_8_tau2": 1.1123645723473805, "com_9_tau1": 0.3795024108642746, "com_9_tau2": 0.4675870571638676}, "datetime": {"datetime": "2024-12-09 16:40:46", "elapsed": 22170.374818, "delta": 122.251468}}
{"target": 0.8789773116975378, "params": {"com_0_tau1": 0.4556046214887944, "com_0_tau2": 0.8097613053397187, "com_10_tau1": 0.5685353101789535, "com_10_tau2": 0.2838047551849423, "com_11_tau1": 0.3425773320946536, "com_11_tau2": 0.6891411995488734, "com_12_tau1": 0.3503693426627248, "com_12_tau2": 0.13696185644003356, "com_13_tau1": -0.00292604160431065, "com_13_tau2": 0.23618500401280418, "com_14_tau1": 0.7535347285490169, "com_14_tau2": 0.8460199639239979, "com_15_tau1": 0.22959617652398087, "com_15_tau2": 0.8484399378503096, "com_16_tau1": 0.49311197929860506, "com_16_tau2": 0.7623177080473217, "com_17_tau1": 0.6032822083272649, "com_17_tau2": 0.8986393940309836, "com_1_tau1": -0.024223675754908913, "com_1_tau2": 0.4835598063616881, "com_2_tau1": 0.3008564469810896, "com_2_tau2": 0.41833518674681347, "com_3_tau1": 0.3223299585766751, "com_3_tau2": 1.0401361001999794, "com_4_tau1": -0.10262591334553355, "com_4_tau2": 0.08947537249810611, "com_5_tau1": 0.23276430938756754, "com_5_tau2": 0.5948632637780461, "com_6_tau1": 0.7273534380217367, "com_6_tau2": 0.8665635121366466, "com_7_tau1": 0.5147772847118203, "com_7_tau2": 0.8404128466255004, "com_8_tau1": 0.5443866962681472, "com_8_tau2": 1.053764703215896, "com_9_tau1": 0.33233580112269506, "com_9_tau2": 0.5685485481115643}, "datetime": {"datetime": "2024-12-09 16:43:08", "elapsed": 22311.578873, "delta": 141.204055}}
{"target": 0.8545610225495682, "params": {"com_0_tau1": 0.8099075888376146, "com_0_tau2": 0.7929829144911724, "com_10_tau1": 0.5142910610034614, "com_10_tau2": 0.4186702088158451, "com_11_tau1": -0.14712378920512031, "com_11_tau2": 0.545392949437165, "com_12_tau1": 0.795003522864641, "com_12_tau2": 0.2635193790190379, "com_13_tau1": 0.3744107944266343, "com_13_tau2": 0.26313458580863325, "com_14_tau1": 0.6805379209476956, "com_14_tau2": 0.4255230750168272, "com_15_tau1": 0.42583693065817346, "com_15_tau2": 0.7247264943580687, "com_16_tau1": 0.5517963226917582, "com_16_tau2": 0.8430057074568815, "com_17_tau1": 0.6949551723350074, "com_17_tau2": 0.7214894977297452, "com_1_tau1": -0.20660816751376604, "com_1_tau2": 0.6353421192157888, "com_2_tau1": 0.20268792920565765, "com_2_tau2": 0.6509767308310792, "com_3_tau1": -0.05362429536198854, "com_3_tau2": 0.9353468931240843, "com_4_tau1": 0.29992591028559273, "com_4_tau2": 0.3834907230840723, "com_5_tau1": -0.1420423562990467, "com_5_tau2": 0.6160298877804957, "com_6_tau1": 0.6614690310749006, "com_6_tau2": 0.8654761646123053, "com_7_tau1": 0.5156268747252936, "com_7_tau2": 1.0306850254188984, "com_8_tau1": 0.21407605364601823, "com_8_tau2": 0.8058118734268654, "com_9_tau1": 0.32517331769015634, "com_9_tau2": 0.6989802208933735}, "datetime": {"datetime": "2024-12-09 16:45:33", "elapsed": 22456.938521, "delta": 145.359648}}
{"target": 0.8696193270141231, "params": {"com_0_tau1": 0.6810063069251173, "com_0_tau2": 0.8427356410096836, "com_10_tau1": 0.3636563110774835, "com_10_tau2": 0.21289079834770253, "com_11_tau1": 0.3325760570961326, "com_11_tau2": 0.42184168053875876, "com_12_tau1": 0.4293911616369606, "com_12_tau2": 0.39652604935455593, "com_13_tau1": 0.27095461089536055, "com_13_tau2": 0.4781698457284872, "com_14_tau1": 0.4244591120393767, "com_14_tau2": 0.7591815266543183, "com_15_tau1": 0.14705628188506825, "com_15_tau2": 1.0191189025290257, "com_16_tau1": 0.6484324761456837, "com_16_tau2": 0.836731346993437, "com_17_tau1": 0.6928384542573708, "com_17_tau2": 0.8724090710053589, "com_1_tau1": -0.043936157327859104, "com_1_tau2": 0.8512011839236732, "com_2_tau1": 0.014082292170755295, "com_2_tau2": 0.4687753898381366, "com_3_tau1": 0.07009715841834646, "com_3_tau2": 1.0385705153250222, "com_4_tau1": -0.16519637023882966, "com_4_tau2": 0.03016843896456539, "com_5_tau1": 0.0032549024889352296, "com_5_tau2": 0.5802664783574951, "com_6_tau1": 0.6627981529503499, "com_6_tau2": 0.8361703378659944, "com_7_tau1": 0.4030857131401411, "com_7_tau2": 1.0379949979751029, "com_8_tau1": 0.5572953137198616, "com_8_tau2": 0.871614858182757, "com_9_tau1": 0.2791202242461671, "com_9_tau2": 0.3620526440714016}, "datetime": {"datetime": "2024-12-09 16:47:54", "elapsed": 22598.268604, "delta": 141.330083}}
{"target": 0.9212327516274952, "params": {"com_0_tau1": 0.4292260865528469, "com_0_tau2": 0.9560451491366456, "com_10_tau1": 0.6281258504784041, "com_10_tau2": 0.3531619202659649, "com_11_tau1": 0.3425773320946536, "com_11_tau2": 0.7003057768493353, "com_12_tau1": 0.4345341329898278, "com_12_tau2": 0.09076236452236303, "com_13_tau1": 0.002311415693543195, "com_13_tau2": 0.21689079119278792, "com_14_tau1": 0.5732186765226973, "com_14_tau2": 0.6635388101711406, "com_15_tau1": 0.18600869507218876, "com_15_tau2": 0.7747469894818652, "com_16_tau1": 0.43626478218201786, "com_16_tau2": 0.9176282562241495, "com_17_tau1": 0.6510484411440013, "com_17_tau2": 0.6528873177876097, "com_1_tau1": 0.2091408820306364, "com_1_tau2": 0.7350612945579009, "com_2_tau1": 0.06175146866916991, "com_2_tau2": 0.7091754005790374, "com_3_tau1": 0.17023350116059557, "com_3_tau2": 0.8690156769801288, "com_4_tau1": 0.167979466395689, "com_4_tau2": -0.05216932462136048, "com_5_tau1": 0.20021887375841493, "com_5_tau2": 0.5617748869717122, "com_6_tau1": 0.6547902193708244, "com_6_tau2": 0.8498996325388408, "com_7_tau1": 0.6509264875692606, "com_7_tau2": 0.7521783082734959, "com_8_tau1": 0.5014378060666601, "com_8_tau2": 1.1935712001668997, "com_9_tau1": 0.5221113853579804, "com_9_tau2": 0.44313415481338936}, "datetime": {"datetime": "2024-12-09 16:49:58", "elapsed": 22722.059671, "delta": 123.791067}}
{"target": 0.9032977430047738, "params": {"com_0_tau1": 0.5429018878801415, "com_0_tau2": 0.7069172940294325, "com_10_tau1": 0.8538199588850913, "com_10_tau2": 0.37060327687148414, "com_11_tau1": 0.33035000010531435, "com_11_tau2": 0.39810420113913103, "com_12_tau1": 0.5545522657717128, "com_12_tau2": 0.02361300428491131, "com_13_tau1": 0.15074713407978824, "com_13_tau2": 0.1295025909668086, "com_14_tau1": 0.5944149179509538, "com_14_tau2": 0.5702341552546495, "com_15_tau1": 0.4781492188388826, "com_15_tau2": 0.639208121623715, "com_16_tau1": 0.7502621422165562, "com_16_tau2": 0.7641307570354976, "com_17_tau1": 0.6110639907292732, "com_17_tau2": 0.6126781073888241, "com_1_tau1": 0.15236865521026965, "com_1_tau2": 0.6567147301157906, "com_2_tau1": 0.28499196136804894, "com_2_tau2": 0.845998903270188, "com_3_tau1": -0.10682088647631444, "com_3_tau2": 1.1242786960962408, "com_4_tau1": 0.182787625359557, "com_4_tau2": 0.43016737022097995, "com_5_tau1": -0.156620696356569, "com_5_tau2": 0.7881466638900168, "com_6_tau1": 0.5881460049539389, "com_6_tau2": 0.5954128084771204, "com_7_tau1": 0.2716466632392995, "com_7_tau2": 0.8316381828027384, "com_8_tau1": 0.23848949519640678, "com_8_tau2": 1.0078354064207369, "com_9_tau1": 0.18439496437555353, "com_9_tau2": 0.3808361656982683}, "datetime": {"datetime": "2024-12-09 16:52:05", "elapsed": 22849.518389, "delta": 127.458718}}
{"target": 0.8701080706851818, "params": {"com_0_tau1": 0.725009161416037, "com_0_tau2": 1.1320512185414096, "com_10_tau1": 0.7643526341797018, "com_10_tau2": 0.34018021903494033, "com_11_tau1": 0.3110070903905495, "com_11_tau2": 0.6326128991226135, "com_12_tau1": 0.4483665391395615, "com_12_tau2": 0.35623755246549593, "com_13_tau1": 0.05665616377713134, "com_13_tau2": 0.13977621836337129, "com_14_tau1": 0.7157873889960187, "com_14_tau2": 0.7480173294874009, "com_15_tau1": 0.3348089377399187, "com_15_tau2": 0.6858130268449526, "com_16_tau1": 0.7533069861317605, "com_16_tau2": 0.8026028818399888, "com_17_tau1": 1.0927815858252266, "com_17_tau2": 0.5109779106054947, "com_1_tau1": -0.02296174618764607, "com_1_tau2": 0.660399641066989, "com_2_tau1": 0.35500917637420965, "com_2_tau2": 0.5146538632700923, "com_3_tau1": 0.1528865280467594, "com_3_tau2": 0.9537910134145071, "com_4_tau1": 0.13195766401198167, "com_4_tau2": 0.33494042173475674, "com_5_tau1": -0.1790512660408614, "com_5_tau2": 0.6753090236759245, "com_6_tau1": 0.5471439660383488, "com_6_tau2": 0.7693216318152263, "com_7_tau1": 0.3860737966576105, "com_7_tau2": 0.9372416002270205, "com_8_tau1": 0.22494153019486357, "com_8_tau2": 1.0185056285409144, "com_9_tau1": 0.44152735987769254, "com_9_tau2": 0.6462148758086946}, "datetime": {"datetime": "2024-12-09 16:54:25", "elapsed": 22989.384367, "delta": 139.865978}}
