{"target": 0.8954018186986964, "params": {"com_0_tau1": 0.24528720992958886, "com_0_tau2": 0.8042505764455302, "com_10_tau1": 0.17448412158708682, "com_10_tau2": 0.9695213209218735, "com_11_tau1": 0.22548545439950773, "com_11_tau2": 0.869217625368181, "com_12_tau1": 0.281465958012288, "com_12_tau2": 0.7254196252948499, "com_13_tau1": 0.752380128410048, "com_13_tau2": 0.24667112726787288, "com_14_tau1": 0.7717645064929937, "com_14_tau2": 0.08567923966527746, "com_15_tau1": 0.8914075130741538, "com_15_tau2": 0.2180401351326483, "com_16_tau1": 0.934470253904098, "com_16_tau2": 0.09058574851832824, "com_17_tau1": 0.8072695411468391, "com_17_tau2": 0.38966808905621275, "com_18_tau1": 0.9439944857559865, "com_18_tau2": 0.016884923430910637, "com_19_tau1": 0.5415513123688164, "com_19_tau2": 0.29167611672064164, "com_1_tau1": 0.8591833762312069, "com_1_tau2": 0.5044633781390975, "com_20_tau1": 0.7191117534938422, "com_20_tau2": 0.3114473745012907, "com_21_tau1": 0.2655991131934249, "com_21_tau2": 0.18400367335427326, "com_22_tau1": 0.3194563897889152, "com_22_tau2": 0.7261416494988873, "com_2_tau1": 0.907707178267878, "com_2_tau2": 0.46944103924052183, "com_3_tau1": 0.11129082581208505, "com_3_tau2": 0.26455320492114265, "com_4_tau1": 0.6815768024056006, "com_4_tau2": 0.9917406595818447, "com_5_tau1": 0.06413307996568307, "com_5_tau2": 0.4755451782274591, "com_6_tau1": 0.16227924930941684, "com_6_tau2": 0.7012211866802729, "com_7_tau1": 0.8127486651385314, "com_7_tau2": 0.6304149212885874, "com_8_tau1": 0.29351191945255783, "com_8_tau2": 0.6877478545537262, "com_9_tau1": 0.20862209953256627, "com_9_tau2": 0.3699402081011135}, "datetime": {"datetime": "2024-08-22 01:59:55", "elapsed": 0.0, "delta": 0.0}}
{"target": 0.8935903248254353, "params": {"com_0_tau1": 0.6167266383369177, "com_0_tau2": 0.8313052635910486, "com_10_tau1": 0.3541117956497588, "com_10_tau2": 0.5717312147698916, "com_11_tau1": 0.21187535821005843, "com_11_tau2": 0.9685939668255538, "com_12_tau1": 0.2930149003565712, "com_12_tau2": 0.21570224990580356, "com_13_tau1": 0.7185549868499043, "com_13_tau2": 0.501397773152054, "com_14_tau1": 0.14749973409237027, "com_14_tau2": 0.24900076268763338, "com_15_tau1": 0.6954644995550054, "com_15_tau2": 0.8946941845014155, "com_16_tau1": 0.8071916736216121, "com_16_tau2": 0.08402489614264008, "com_17_tau1": 0.8658654760811613, "com_17_tau2": 0.2620801398521583, "com_18_tau1": 0.914138997242986, "com_18_tau2": 0.22242408127135205, "com_19_tau1": 0.41475107658710064, "com_19_tau2": 0.5782515845021885, "com_1_tau1": 0.6326871266407174, "com_1_tau2": 0.2106690825710087, "com_20_tau1": 0.048635602843663084, "com_20_tau2": 0.6176642399907495, "com_21_tau1": 0.3211409744865098, "com_21_tau2": 0.027440192266787622, "com_22_tau1": 0.5395761376601186, "com_22_tau2": 0.33509694503053733, "com_2_tau1": 0.9047877760431621, "com_2_tau2": 0.4997974873114288, "com_3_tau1": 0.9670920448142561, "com_3_tau2": 0.007803239451635968, "com_4_tau1": 0.5711563319009255, "com_4_tau2": 0.35385624201154164, "com_5_tau1": 0.3243509322944945, "com_5_tau2": 0.7974697217043982, "com_6_tau1": 0.33470518811956773, "com_6_tau2": 0.3018071032656998, "com_7_tau1": 0.5996760994003392, "com_7_tau2": 0.21136012923294478, "com_8_tau1": 0.7441302844675353, "com_8_tau2": 0.5129375317629759, "com_9_tau1": 0.45548018936585877, "com_9_tau2": 0.37915669959362674}, "datetime": {"datetime": "2024-08-22 02:01:39", "elapsed": 103.700774, "delta": 103.700774}}
{"target": 0.9012998528799875, "params": {"com_0_tau1": 0.9932992256109012, "com_0_tau2": 0.05555559722675474, "com_10_tau1": 0.7086861279422054, "com_10_tau2": 0.9720322941228187, "com_11_tau1": 0.05800596734770902, "com_11_tau2": 0.30419041745913367, "com_12_tau1": 0.44291768301378165, "com_12_tau2": 0.9381036870392706, "com_13_tau1": 0.9703162193715291, "com_13_tau2": 0.8197145009981698, "com_14_tau1": 0.12277936196180816, "com_14_tau2": 0.5201617227024864, "com_15_tau1": 0.1814663493986881, "com_15_tau2": 0.5317806785712809, "com_16_tau1": 0.22761450657923143, "com_16_tau2": 0.09269232727154031, "com_17_tau1": 0.9263647485958038, "com_17_tau2": 0.6415602871109054, "com_18_tau1": 0.39365544970826793, "com_18_tau2": 0.5603063547858789, "com_19_tau1": 0.36101085691360235, "com_19_tau2": 0.6577281853080132, "com_1_tau1": 0.1467437108282854, "com_1_tau2": 0.9655825144201174, "com_20_tau1": 0.9553741506336632, "com_20_tau2": 0.3243923156471925, "com_21_tau1": 0.8017659260138839, "com_21_tau2": 0.8385478039764321, "com_22_tau1": 0.16348045401092082, "com_22_tau2": 0.21243826021639656, "com_2_tau1": 0.7774730189003779, "com_2_tau2": 0.8167593276377842, "com_3_tau1": 0.8673625794091255, "com_3_tau2": 0.37185771077115015, "com_4_tau1": 0.055077756637325836, "com_4_tau2": 0.8135762272418353, "com_5_tau1": 0.17233359869070775, "com_5_tau2": 0.06463124908935547, "com_6_tau1": 0.6391219578067817, "com_6_tau2": 0.9194402705805139, "com_7_tau1": 0.31035471097124645, "com_7_tau2": 0.1393396010067809, "com_8_tau1": 0.8907455479463665, "com_8_tau2": 0.5638970634680678, "com_9_tau1": 0.789776319785405, "com_9_tau2": 0.9632580396936297}, "datetime": {"datetime": "2024-08-22 02:03:22", "elapsed": 206.68458, "delta": 102.983806}}
{"target": 0.8933086306619983, "params": {"com_0_tau1": 0.2504057084481809, "com_0_tau2": 0.12170057397133383, "com_10_tau1": 0.23732556559301188, "com_10_tau2": 0.4384529545852236, "com_11_tau1": 0.9306539223092242, "com_11_tau2": 0.5735112916149336, "com_12_tau1": 0.4264669320690425, "com_12_tau2": 0.11957212740134937, "com_13_tau1": 0.29307970423285346, "com_13_tau2": 0.7911629108069391, "com_14_tau1": 0.6698414703020594, "com_14_tau2": 0.37033892245058675, "com_15_tau1": 0.7623455765467002, "com_15_tau2": 0.8774892624754727, "com_16_tau1": 0.07393209668829204, "com_16_tau2": 0.5832873556513958, "com_17_tau1": 0.2015270253789868, "com_17_tau2": 0.3503500436763808, "com_18_tau1": 0.581737856606724, "com_18_tau2": 0.10080398172767413, "com_19_tau1": 0.028117128002836833, "com_19_tau2": 0.7223283749239088, "com_1_tau1": 0.8955503778555106, "com_1_tau2": 0.5855926892834218, "com_20_tau1": 0.32741135793566445, "com_20_tau2": 0.8352625646207866, "com_21_tau1": 0.241280947013071, "com_21_tau2": 0.1646971282909322, "com_22_tau1": 0.9742540376624501, "com_22_tau2": 0.15741589365386743, "com_2_tau1": 0.5846934705635896, "com_2_tau2": 0.32648070357551684, "com_3_tau1": 0.7542831725068336, "com_3_tau2": 0.13452672107223196, "com_4_tau1": 0.8716192849104869, "com_4_tau2": 0.41867404247916795, "com_5_tau1": 0.6794757309957165, "com_5_tau2": 0.039669634585844715, "com_6_tau1": 0.8730258356730924, "com_6_tau2": 0.016880524792944884, "com_7_tau1": 0.44732360855326836, "com_7_tau2": 0.17689018076725804, "com_8_tau1": 0.4949272206029619, "com_8_tau2": 0.9606813814863449, "com_9_tau1": 0.897921891273942, "com_9_tau2": 0.4018680083020726}, "datetime": {"datetime": "2024-08-22 02:05:05", "elapsed": 309.613895, "delta": 102.929315}}
{"target": 0.8957012398868943, "params": {"com_0_tau1": 0.8318716713192533, "com_0_tau2": 0.7661271151833653, "com_10_tau1": 0.6812189870942861, "com_10_tau2": 0.829290659247167, "com_11_tau1": 0.5198989337361766, "com_11_tau2": 0.7609719406567703, "com_12_tau1": 0.3021774351357168, "com_12_tau2": 0.4537236550874696, "com_13_tau1": 0.4020605566311054, "com_13_tau2": 0.41144411241899503, "com_14_tau1": 0.9693407389187929, "com_14_tau2": 0.6901838445614583, "com_15_tau1": 0.9323934233248944, "com_15_tau2": 0.9727557952026143, "com_16_tau1": 0.8584074111696621, "com_16_tau2": 0.8443345199234247, "com_17_tau1": 0.4379908476527735, "com_17_tau2": 0.46269994253285296, "com_18_tau1": 0.4708384873650836, "com_18_tau2": 0.9045917285398875, "com_19_tau1": 0.14842937322886596, "com_19_tau2": 0.1961604213949837, "com_1_tau1": 0.7867963796323709, "com_1_tau2": 0.8405716914226634, "com_20_tau1": 0.50667889297897, "com_20_tau2": 0.701541471312505, "com_21_tau1": 0.5129103977754892, "com_21_tau2": 0.8653104018483038, "com_22_tau1": 0.8577235001533368, "com_22_tau2": 0.04182140181204508, "com_2_tau1": 0.42781701523656, "com_2_tau2": 0.7043024557569972, "com_3_tau1": 0.6328905606345004, "com_3_tau2": 0.45090488078385604, "com_4_tau1": 0.005542286769040006, "com_4_tau2": 0.8088916993319019, "com_5_tau1": 0.2658747340562948, "com_5_tau2": 0.20890489825707903, "com_6_tau1": 0.6594973408560523, "com_6_tau2": 0.2788004224933901, "com_7_tau1": 0.9324900125984641, "com_7_tau2": 0.022622403488345766, "com_8_tau1": 0.8013668921863146, "com_8_tau2": 0.6072215304186398, "com_9_tau1": 0.15392393579192143, "com_9_tau2": 0.9855182195451965}, "datetime": {"datetime": "2024-08-22 02:06:48", "elapsed": 412.308623, "delta": 102.694728}}
{"target": 0.8955491961266576, "params": {"com_0_tau1": 0.838791769989934, "com_0_tau2": 0.004952877369544306, "com_10_tau1": 0.3807748996222119, "com_10_tau2": 0.4660705359013947, "com_11_tau1": 0.1710133446374973, "com_11_tau2": 0.25931036195172597, "com_12_tau1": 0.29492838025856005, "com_12_tau2": 0.526249350308529, "com_13_tau1": 0.628741981976879, "com_13_tau2": 0.13824078520708893, "com_14_tau1": 0.9613803794124801, "com_14_tau2": 0.2519311469315306, "com_15_tau1": 0.6486503354529161, "com_15_tau2": 0.9945975066022584, "com_16_tau1": 0.22732086609950386, "com_16_tau2": 0.17288762210584707, "com_17_tau1": 0.7067801337432589, "com_17_tau2": 0.7505125018297488, "com_18_tau1": 0.06296137353283582, "com_18_tau2": 0.08347270075630742, "com_19_tau1": 0.990091289794012, "com_19_tau2": 0.6066428766922257, "com_1_tau1": 0.5178758821666217, "com_1_tau2": 0.6900998507755436, "com_20_tau1": 0.6143363588949621, "com_20_tau2": 0.2348248653142162, "com_21_tau1": 0.10826545549278821, "com_21_tau2": 0.7330592491109034, "com_22_tau1": 0.857863113774601, "com_22_tau2": 0.1505726789981805, "com_2_tau1": 0.41231336031325894, "com_2_tau2": 0.8286251631490634, "com_3_tau1": 0.8060335641511583, "com_3_tau2": 0.8213453952198005, "com_4_tau1": 0.8431881863304461, "com_4_tau2": 0.37769544899978913, "com_5_tau1": 0.17282510540375762, "com_5_tau2": 0.0782896196866687, "com_6_tau1": 0.37925980903414835, "com_6_tau2": 0.8473661243204722, "com_7_tau1": 0.9506898294340294, "com_7_tau2": 0.0020450962511580073, "com_8_tau1": 0.45654430813778424, "com_8_tau2": 0.026357586138437417, "com_9_tau1": 0.3740245499500502, "com_9_tau2": 0.11076093485634841}, "datetime": {"datetime": "2024-08-22 02:08:29", "elapsed": 514.120351, "delta": 101.811728}}
{"target": 0.8952387611083165, "params": {"com_0_tau1": 0.5722346042471059, "com_0_tau2": 0.4334432298701193, "com_10_tau1": 0.8965635854405632, "com_10_tau2": 0.6754489856984857, "com_11_tau1": 0.926845947722629, "com_11_tau2": 0.31052926070307496, "com_12_tau1": 0.021688175961162126, "com_12_tau2": 0.3937038364568739, "com_13_tau1": 0.9401677208986028, "com_13_tau2": 0.9298853462206238, "com_14_tau1": 0.2333291321320491, "com_14_tau2": 0.16640936022723252, "com_15_tau1": 0.18500192932098625, "com_15_tau2": 0.9759608522559763, "com_16_tau1": 0.4104205961571842, "com_16_tau2": 0.49466806340220093, "com_17_tau1": 0.7515679448241296, "com_17_tau2": 0.6390287710511336, "com_18_tau1": 0.7022817774003816, "com_18_tau2": 0.21321020911835675, "com_19_tau1": 0.5111506386673915, "com_19_tau2": 0.9154090495475844, "com_1_tau1": 0.8250269967835276, "com_1_tau2": 0.22108262680690272, "com_20_tau1": 0.9303765921007305, "com_20_tau2": 0.30696658279402333, "com_21_tau1": 0.92124945951502, "com_21_tau2": 0.7294008210723626, "com_22_tau1": 0.9607553926076746, "com_22_tau2": 0.35676741278666235, "com_2_tau1": 0.051887525956143876, "com_2_tau2": 0.5728396729697678, "com_3_tau1": 0.6185736343836503, "com_3_tau2": 0.5257800397858957, "com_4_tau1": 0.5528578425937788, "com_4_tau2": 0.30236416864174076, "com_5_tau1": 0.050980043266810604, "com_5_tau2": 0.043960912885106285, "com_6_tau1": 0.47498923961789796, "com_6_tau2": 0.42363024903292057, "com_7_tau1": 0.2939754261906252, "com_7_tau2": 0.15043578804591407, "com_8_tau1": 0.366360849686475, "com_8_tau2": 0.3577799389292956, "com_9_tau1": 0.16241310167434286, "com_9_tau2": 0.7707653423227027}, "datetime": {"datetime": "2024-08-22 02:10:13", "elapsed": 618.089207, "delta": 103.968856}}
{"target": 0.8954207664797936, "params": {"com_0_tau1": 0.8454819870367225, "com_0_tau2": 0.7317045516976124, "com_10_tau1": 0.33042557328147093, "com_10_tau2": 0.3690164058246699, "com_11_tau1": 0.5549512851286995, "com_11_tau2": 0.9073514049803053, "com_12_tau1": 0.28562075408046406, "com_12_tau2": 0.4813622846841853, "com_13_tau1": 0.7244214693634398, "com_13_tau2": 0.05791836086508528, "com_14_tau1": 0.371493120143938, "com_14_tau2": 0.328300418863422, "com_15_tau1": 0.8278048665090607, "com_15_tau2": 0.030129601703550057, "com_16_tau1": 0.5438927999434631, "com_16_tau2": 0.03777093736777548, "com_17_tau1": 0.322131836265273, "com_17_tau2": 0.7433755004618294, "com_18_tau1": 0.7832237082995565, "com_18_tau2": 0.4373446444228134, "com_19_tau1": 0.0647171260899444, "com_19_tau2": 0.4870444615412748, "com_1_tau1": 0.9628852560651258, "com_1_tau2": 0.8005552483685154, "com_20_tau1": 0.8502734296355348, "com_20_tau2": 0.33917247395003536, "com_21_tau1": 0.7665218963810172, "com_21_tau2": 0.0951587993363181, "com_22_tau1": 0.6800195642532119, "com_22_tau2": 0.02124471356584756, "com_2_tau1": 0.1416312484562089, "com_2_tau2": 0.9184659472298358, "com_3_tau1": 0.19134038178737978, "com_3_tau2": 0.18108069827353457, "com_4_tau1": 0.5746567184350679, "com_4_tau2": 0.14134178070489778, "com_5_tau1": 0.057944496048584315, "com_5_tau2": 0.7586829852695086, "com_6_tau1": 0.18012745605244807, "com_6_tau2": 0.9627094757384188, "com_7_tau1": 0.47353472266547547, "com_7_tau2": 0.6122453998057196, "com_8_tau1": 0.8213410318782279, "com_8_tau2": 0.7907768360265353, "com_9_tau1": 0.1364066599349647, "com_9_tau2": 0.6743043053138426}, "datetime": {"datetime": "2024-08-22 02:11:56", "elapsed": 720.402352, "delta": 102.313145}}
{"target": 0.9091051533959394, "params": {"com_0_tau1": 0.3875189858948501, "com_0_tau2": 0.7122854291882564, "com_10_tau1": 0.6108040796726192, "com_10_tau2": 0.6380498081996631, "com_11_tau1": 0.681501565937707, "com_11_tau2": 0.7460630483357612, "com_12_tau1": 0.025553911770040294, "com_12_tau2": 0.1106255785309509, "com_13_tau1": 0.3052278091927144, "com_13_tau2": 0.4893698595327115, "com_14_tau1": 0.19050573844557694, "com_14_tau2": 0.36760843034453516, "com_15_tau1": 0.9953222965881898, "com_15_tau2": 0.9365362528387638, "com_16_tau1": 0.45661439307470586, "com_16_tau2": 0.5359068459401777, "com_17_tau1": 0.6553924022224986, "com_17_tau2": 0.6972839419083092, "com_18_tau1": 0.9837205058882781, "com_18_tau2": 0.5115895581867596, "com_19_tau1": 0.4832215826305811, "com_19_tau2": 0.1863061521597571, "com_1_tau1": 0.06979352422460539, "com_1_tau2": 0.552090924414751, "com_20_tau1": 0.832263841722459, "com_20_tau2": 0.1336372765867907, "com_21_tau1": 0.5165555245666443, "com_21_tau2": 0.05407329137268624, "com_22_tau1": 0.7351318965600324, "com_22_tau2": 0.5033955646686644, "com_2_tau1": 0.3423098596827777, "com_2_tau2": 0.5787776990717608, "com_3_tau1": 0.41231388789326817, "com_3_tau2": 0.6100450524002826, "com_4_tau1": 0.22115917230723736, "com_4_tau2": 0.47729403602319065, "com_5_tau1": 0.978580038155572, "com_5_tau2": 0.17053303095675987, "com_6_tau1": 0.3837100917376758, "com_6_tau2": 0.473000914789103, "com_7_tau1": 0.5114701373798646, "com_7_tau2": 0.7480005579438965, "com_8_tau1": 0.7799854138194166, "com_8_tau2": 0.6734807445765854, "com_9_tau1": 0.675436341873473, "com_9_tau2": 0.5763796033153056}, "datetime": {"datetime": "2024-08-22 02:13:34", "elapsed": 819.070208, "delta": 98.667856}}
{"target": 0.896595999591136, "params": {"com_0_tau1": 0.2934888752990782, "com_0_tau2": 0.4294797918521386, "com_10_tau1": 0.06978012949058421, "com_10_tau2": 0.15973099881786845, "com_11_tau1": 0.9359368717587729, "com_11_tau2": 0.26573900694623787, "com_12_tau1": 0.30331614658758066, "com_12_tau2": 0.16030344212514525, "com_13_tau1": 0.3298845457942421, "com_13_tau2": 0.3264145778056736, "com_14_tau1": 0.4664544711882007, "com_14_tau2": 0.9130467347016346, "com_15_tau1": 0.46545121571929626, "com_15_tau2": 0.5907069147757312, "com_16_tau1": 0.2946824987080574, "com_16_tau2": 0.23214567900217498, "com_17_tau1": 0.9777301997553915, "com_17_tau2": 0.04166002464992824, "com_18_tau1": 0.4538250592210946, "com_18_tau2": 0.8242533618130745, "com_19_tau1": 0.4675579176092596, "com_19_tau2": 0.49324553460119347, "com_1_tau1": 0.09548123225633776, "com_1_tau2": 0.10721497274369174, "com_20_tau1": 0.2625377276122506, "com_20_tau2": 0.08696399436507962, "com_21_tau1": 0.3514037363985397, "com_21_tau2": 0.9973434876266818, "com_22_tau1": 0.7750787368260752, "com_22_tau2": 0.6761280496275817, "com_2_tau1": 0.6142774765217436, "com_2_tau2": 0.2820501482055616, "com_3_tau1": 0.2178104343013787, "com_3_tau2": 0.7620111329756406, "com_4_tau1": 0.10069209528750744, "com_4_tau2": 0.36693074188078945, "com_5_tau1": 0.6777606386829187, "com_5_tau2": 0.2939977022782413, "com_6_tau1": 0.9116315142958255, "com_6_tau2": 0.3770837509835021, "com_7_tau1": 0.9283286577315074, "com_7_tau2": 0.020001166146900506, "com_8_tau1": 0.17649763632982318, "com_8_tau2": 0.9592241880646303, "com_9_tau1": 0.7210350232114306, "com_9_tau2": 0.46296129638374295}, "datetime": {"datetime": "2024-08-22 02:15:18", "elapsed": 923.013432, "delta": 103.943224}}
{"target": 0.8953722663979296, "params": {"com_0_tau1": 0.2670953656187214, "com_0_tau2": 0.6261754946471442, "com_10_tau1": 0.9666256070555811, "com_10_tau2": 0.6247647643380408, "com_11_tau1": 0.05101587863297241, "com_11_tau2": 0.9847301338425745, "com_12_tau1": 0.04764350892309366, "com_12_tau2": 0.1659136292372616, "com_13_tau1": 0.17761940002362508, "com_13_tau2": 0.8333371188876757, "com_14_tau1": 0.3570158759387396, "com_14_tau2": 0.5681276221033241, "com_15_tau1": 0.45578577366580164, "com_15_tau2": 0.27031195993514545, "com_16_tau1": 0.21200390387041168, "com_16_tau2": 0.20043710945440552, "com_17_tau1": 0.8616695735176564, "com_17_tau2": 0.7225417213285344, "com_18_tau1": 0.2509957170642202, "com_18_tau2": 0.7961502502472528, "com_19_tau1": 0.15963642657692267, "com_19_tau2": 0.8673894813023727, "com_1_tau1": 0.4116679806451229, "com_1_tau2": 0.21668984184934093, "com_20_tau1": 0.014506143343638422, "com_20_tau2": 0.5453884744883697, "com_21_tau1": 0.5134437195707774, "com_21_tau2": 0.25109724200514083, "com_22_tau1": 0.7915490476421332, "com_22_tau2": 0.4496254852297715, "com_2_tau1": 0.5056794584668859, "com_2_tau2": 0.0929125277459052, "com_3_tau1": 0.11159741714537297, "com_3_tau2": 0.7826867641719771, "com_4_tau1": 0.44569057517023447, "com_4_tau2": 0.5477666524051281, "com_5_tau1": 0.12449112644400206, "com_5_tau2": 0.7278229720272265, "com_6_tau1": 0.2762585959354342, "com_6_tau2": 0.37673673631519033, "com_7_tau1": 0.13104298538587478, "com_7_tau2": 0.4913624216609417, "com_8_tau1": 0.3988443874704257, "com_8_tau2": 0.3754072803275146, "com_9_tau1": 0.34858414105176405, "com_9_tau2": 0.13573110892372353}, "datetime": {"datetime": "2024-08-22 02:17:02", "elapsed": 1026.38223, "delta": 103.368798}}
{"target": 0.8955081793618872, "params": {"com_0_tau1": 0.04011381990251639, "com_0_tau2": 0.9205722465830266, "com_10_tau1": 0.03714400190483613, "com_10_tau2": 0.6704679353399651, "com_11_tau1": 0.5182282712603115, "com_11_tau2": 0.9472088462131033, "com_12_tau1": 0.7485740375910076, "com_12_tau2": 0.4002423129841677, "com_13_tau1": 0.12356657470477872, "com_13_tau2": 0.6313377132928917, "com_14_tau1": 0.23260432702264477, "com_14_tau2": 0.2550248265183166, "com_15_tau1": 0.9332700791086002, "com_15_tau2": 0.8181984353511028, "com_16_tau1": 0.6358306865316206, "com_16_tau2": 0.2386361001774031, "com_17_tau1": 0.49980481068615734, "com_17_tau2": 0.422593467824657, "com_18_tau1": 0.5754618329191968, "com_18_tau2": 0.2395612458411428, "com_19_tau1": 0.1517046376680492, "com_19_tau2": 0.8156758400343875, "com_1_tau1": 0.9439785608312827, "com_1_tau2": 0.5234301199786233, "com_20_tau1": 0.29271247700801095, "com_20_tau2": 0.5124686116892548, "com_21_tau1": 0.2937270002064064, "com_21_tau2": 0.9902648700803159, "com_22_tau1": 0.218957667206796, "com_22_tau2": 0.4381592524201524, "com_2_tau1": 0.09888146784804752, "com_2_tau2": 0.12913035970693132, "com_3_tau1": 0.048686970526542805, "com_3_tau2": 0.15787439368446576, "com_4_tau1": 0.27158602854596914, "com_4_tau2": 0.17708363608104494, "com_5_tau1": 0.7532313841496486, "com_5_tau2": 0.7374641459464822, "com_6_tau1": 0.1496665142180662, "com_6_tau2": 0.7015319006796132, "com_7_tau1": 0.8531716930582213, "com_7_tau2": 0.010705129864134855, "com_8_tau1": 0.8187341190900462, "com_8_tau2": 0.7727034214423194, "com_9_tau1": 0.8418059719401628, "com_9_tau2": 0.22294785856551447}, "datetime": {"datetime": "2024-08-22 02:18:46", "elapsed": 1130.76431, "delta": 104.38208}}
